TS,407125507,TJ,406706974
TS,373439452,TJ,373032346
TS,284976546,TJ,284704047
TS,417848889,TJ,417447253
TS,423653661,TJ,423260113
TS,420035232,TJ,419630143
TS,373244080,TJ,372845847
TS,407725986,TJ,407341813
TS,297797709,TJ,297508801
TS,406366478,TJ,405990365
TS,393029805,TJ,392509754
TS,247277112,TJ,247008621
TS,285899616,TJ,285615691
TS,248908151,TJ,248641686
TS,408465623,TJ,408051447
TS,286485667,TJ,286213205
TS,301015736,TJ,300740098
TS,430380697,TJ,429942689
TS,250113946,TJ,249837862
TS,402298511,TJ,401870355
TS,288333788,TJ,288050531
TS,376003111,TJ,375598534
TS,420416179,TJ,419966284
TS,286917006,TJ,283487898
TS,408756243,TJ,408362257
TS,288277070,TJ,288014209
TS,274411088,TJ,274135438
TS,250014747,TJ,249737885
TS,408221742,TJ,407798446
TS,380694038,TJ,380270693
TS,281751994,TJ,281493160
TS,284102063,TJ,283849968
TS,287614847,TJ,287345007
TS,371468611,TJ,371034762
TS,410264273,TJ,409841987
TS,375460481,TJ,375049182
TS,248386336,TJ,248126732
TS,373874794,TJ,373195075
TS,429071555,TJ,428613759
TS,398767603,TJ,398367865
TS,404829649,TJ,404425049
TS,371464773,TJ,371059919
TS,405139251,TJ,404603459
TS,369643295,TJ,369226551
TS,418192732,TJ,417703578
TS,247666229,TJ,247402528
TS,392208017,TJ,391812072
TS,284041735,TJ,283773465
TS,382660278,TJ,382244947
TS,374182396,TJ,373789369
TS,371518024,TJ,371140349
TS,376800126,TJ,376413320
TS,370492917,TJ,369991371
TS,394964207,TJ,394556660
TS,409190009,TJ,408756863
TS,408813016,TJ,408396752
TS,249404095,TJ,249096627
TS,421325295,TJ,420860785
TS,408020229,TJ,407622569
TS,419633297,TJ,419222650
TS,424488029,TJ,424100158
TS,409022461,TJ,408620743
TS,409658430,TJ,409253301
TS,297911369,TJ,297631785
TS,389233795,TJ,388806179
TS,365527023,TJ,365133626
TS,286319071,TJ,286031291
TS,381259721,TJ,380870635
TS,290621157,TJ,290317428
TS,393597047,TJ,393169348
TS,392861217,TJ,392410641
TS,419928010,TJ,419537167
TS,427823595,TJ,427388077
TS,274582974,TJ,274308976
TS,406537492,TJ,406115213
TS,373176653,TJ,372782886
TS,371851105,TJ,371455612
TS,396267005,TJ,395865978
TS,374292295,TJ,373899863
TS,401307675,TJ,400872701
TS,405378222,TJ,404954079
TS,374235573,TJ,373848359
TS,296718683,TJ,296446797
TS,248121816,TJ,247848825
TS,285693747,TJ,285419499
TS,389167476,TJ,388764811
TS,428877715,TJ,428448089
TS,372217846,TJ,371822240
TS,284387065,TJ,284126563
TS,428574222,TJ,428118254
TS,307468326,TJ,307189309
TS,412642548,TJ,412236394
TS,394635391,TJ,394236552
TS,367453054,TJ,367027135
TS,249648998,TJ,249368673
TS,406386816,TJ,405973652
TS,305800448,TJ,304959814
TS,405795021,TJ,405404182
TS,271880873,TJ,271586900
TS,405663906,TJ,405269910
TS,375211728,TJ,374797055
TS,373844314,TJ,373444154
TS,374670260,TJ,373858027
TS,246443910,TJ,246176442
TS,407081010,TJ,406677720
TS,298580490,TJ,298299507
TS,298341685,TJ,298065706
TS,378887700,TJ,378481818
TS,372849632,TJ,372458101
TS,420306718,TJ,419927650
TS,421066785,TJ,420659846
TS,250223840,TJ,249934012
TS,408549430,TJ,407749243
TS,398813967,TJ,398381437
TS,403982783,TJ,403557502
TS,369759025,TJ,369257349
TS,283073428,TJ,282752235
TS,372504460,TJ,372094041
TS,372789507,TJ,372352736
TS,429620855,TJ,429123153
TS,288350655,TJ,288026911
TS,408158607,TJ,407737314
TS,411455023,TJ,410580918
TS,404810145,TJ,404383872
TS,408086261,TJ,407665432
TS,287298174,TJ,287053098
TS,286855646,TJ,286566136
TS,402659994,TJ,402160091
TS,424561446,TJ,424144045
TS,404481401,TJ,404045642
TS,285628011,TJ,285366950
TS,281962520,TJ,281695908
TS,370329264,TJ,369899292
TS,251196099,TJ,250926617
TS,370501531,TJ,370093410
TS,405869118,TJ,405473597
TS,281813734,TJ,281542678
TS,297145750,TJ,296865824
TS,390494444,TJ,390062223
TS,368536273,TJ,368117378
TS,288999181,TJ,288739870
TS,288435325,TJ,288154065
TS,370079951,TJ,369581371
TS,372506826,TJ,372088199
TS,298204047,TJ,297942439
TS,422226741,TJ,421802604
TS,272577521,TJ,272302809
TS,285849379,TJ,285581535
TS,367700902,TJ,367295641
TS,430092775,TJ,429558541
TS,379407359,TJ,379017306
TS,375069990,TJ,374270700
TS,253618634,TJ,253336384
TS,410900215,TJ,410476377
TS,410840866,TJ,410438291
TS,288208928,TJ,287928112
TS,407308820,TJ,406911676
TS,404356181,TJ,403980151
TS,420694063,TJ,420296784
TS,368636186,TJ,368248872
TS,374580646,TJ,374189756
TS,370032395,TJ,369637856
TS,422700720,TJ,422281866
TS,301022747,TJ,300741431
TS,404526488,TJ,404146296
TS,371227612,TJ,370851832
TS,394227499,TJ,393630339
TS,255815777,TJ,255539468
TS,247753974,TJ,247486409
TS,372192551,TJ,371780151
TS,408843977,TJ,408423145
TS,248911879,TJ,248649450
TS,393542374,TJ,393150039
TS,402120538,TJ,401705922
TS,429995605,TJ,429561481
TS,433640203,TJ,433242600
TS,425471654,TJ,424937390
TS,253933811,TJ,253640211
TS,288348404,TJ,288091875
TS,377183602,TJ,376390046
TS,376249087,TJ,372096073
TS,396131115,TJ,395736022
TS,306058157,TJ,305788119
TS,284557374,TJ,284286843
TS,286490305,TJ,286232404
TS,373638353,TJ,373237845
TS,367641972,TJ,366972052
TS,417322974,TJ,416881631
TS,429794792,TJ,429332860
TS,375204487,TJ,374480407
TS,418383492,TJ,417993625
TS,372390640,TJ,371999521
TS,281695299,TJ,281441353
TS,374835919,TJ,374365729
TS,406079310,TJ,405669479
TS,374684600,TJ,374280049
TS,381704725,TJ,380877913
TS,430228675,TJ,429703841
TS,406721018,TJ,406278702
TS,372097790,TJ,371314505
TS,308306878,TJ,308041429
TS,249929032,TJ,249659227
TS,370814539,TJ,370418173
TS,286314878,TJ,286037660
TS,696982614,TJ,696559227
TS,287772417,TJ,287142021
TS,273833605,TJ,273544758
TS,406195501,TJ,405662563
TS,399440780,TJ,399032830
TS,283916331,TJ,283634975
TS,406434024,TJ,405984332
TS,384925658,TJ,384526208
TS,429130031,TJ,428766484
TS,433792147,TJ,433283716
TS,375557002,TJ,375178599
TS,395556852,TJ,394984799
TS,288127350,TJ,287864045
TS,376605807,TJ,376235979
TS,286275187,TJ,285981353
TS,280408566,TJ,280160219
TS,421957823,TJ,421550301
TS,410758447,TJ,410379119
TS,385001070,TJ,384633153
TS,424900438,TJ,424460621
TS,373894073,TJ,373494253
TS,370746069,TJ,370276329
TS,384131280,TJ,383731207
TS,283812999,TJ,283567831
TS,299544143,TJ,299283283
TS,295307148,TJ,295027439
TS,309925528,TJ,309662503
TS,408764096,TJ,408304055
TS,247345971,TJ,247039586
TS,372843031,TJ,372313344
TS,394323065,TJ,393908784
TS,375326406,TJ,374530641
TS,374105566,TJ,373716919
TS,394414357,TJ,393857258
TS,252780761,TJ,252524223
TS,403779212,TJ,403394262
TS,393606044,TJ,393205732
TS,372114538,TJ,371331808
TS,251419609,TJ,251167857
TS,407516580,TJ,407098799
TS,374090935,TJ,373686053
TS,392158256,TJ,391768821
TS,375602665,TJ,375209347
TS,385342751,TJ,384972523
TS,372635972,TJ,372229715
TS,404961068,TJ,404535943
TS,248279722,TJ,248011883
TS,415803381,TJ,415410448
TS,375431765,TJ,374660465
TS,249948191,TJ,249693161
TS,285966817,TJ,285697609
TS,376161745,TJ,375407041
TS,369093486,TJ,368720858
TS,249005787,TJ,248744225
TS,408336759,TJ,407931341
TS,419639158,TJ,419253848
TS,406960311,TJ,406547303
TS,285787043,TJ,285536815
TS,378105604,TJ,377720967
TS,392717124,TJ,392336280
TS,248814515,TJ,248555115
TS,310713388,TJ,310456730
TS,301592472,TJ,301315426
TS,284313396,TJ,284062589
TS,379377391,TJ,378578302
TS,409822802,TJ,409318385
TS,397428424,TJ,396880708
TS,255666019,TJ,255397311
TS,378524081,TJ,378133585
TS,390035008,TJ,389619306
TS,405261717,TJ,404866249
TS,406774067,TJ,406393911
TS,371825106,TJ,371447551
TS,410902401,TJ,410527132
TS,288969336,TJ,288611263
TS,409196137,TJ,408761806
TS,405780610,TJ,405382665
TS,308390688,TJ,308120140
TS,270279470,TJ,270034393
TS,370243313,TJ,369856722
TS,430262754,TJ,429719519
TS,398331254,TJ,397961440
TS,405419514,TJ,405000565
TS,421400124,TJ,421022720
TS,249003049,TJ,248726194
TS,379712166,TJ,379315322
TS,406549406,TJ,406175468
TS,371298405,TJ,370840146
TS,411104900,TJ,410723722
TS,374437289,TJ,374046271
TS,431372214,TJ,430958237
TS,422345105,TJ,421829634
TS,393469853,TJ,393068949
TS,267040760,TJ,266788714
TS,406397688,TJ,406019681
TS,462699498,TJ,462257515
TS,405558757,TJ,405076060
TS,369447559,TJ,369054756
TS,436540801,TJ,436163350
TS,255166308,TJ,254916450
TS,373136638,TJ,372734270
TS,251277664,TJ,251019967
TS,433092432,TJ,432735699
TS,246546305,TJ,246277335
TS,406417046,TJ,406043051
TS,401753428,TJ,401364064
TS,391267179,TJ,390912847
TS,404414860,TJ,404038270
TS,370543395,TJ,370171870
TS,406136664,TJ,405747600
TS,408768740,TJ,408273559
TS,375642644,TJ,375263521
TS,374989151,TJ,374539519
TS,398900119,TJ,398511409
TS,387709894,TJ,387318905
TS,426347563,TJ,425964586
TS,408452541,TJ,408045418
TS,422649306,TJ,422298243
TS,424976963,TJ,424603312
TS,285332872,TJ,285059636
TS,409644036,TJ,409245005
TS,379154091,TJ,378770589
TS,302154764,TJ,301883423
TS,260407724,TJ,260140069
TS,299022275,TJ,298738906
TS,396468093,TJ,395997831
TS,406643977,TJ,406293505
TS,410997142,TJ,407291118
TS,309708453,TJ,309446034
TS,392501968,TJ,392102904
TS,289645057,TJ,289396671
TS,253843220,TJ,253592423
TS,369598867,TJ,369128761
TS,297726574,TJ,297463790
TS,402098619,TJ,401700592
TS,393652097,TJ,393282797
TS,389704727,TJ,389334442
TS,382702010,TJ,382302772
TS,411170578,TJ,410813000
TS,375603670,TJ,375205418
TS,409876810,TJ,409285035
TS,406089943,TJ,405730338
TS,366926237,TJ,366577449
TS,271991736,TJ,271727629
TS,308858225,TJ,308578670
TS,306124368,TJ,305867442
TS,401006606,TJ,400630901
TS,370051575,TJ,369688801
TS,397144649,TJ,396769518
TS,402352591,TJ,401984798
TS,396402221,TJ,396043694
TS,375321139,TJ,374944585
TS,396795002,TJ,396443924
TS,252358266,TJ,252073977
TS,374053550,TJ,373437179
TS,252947450,TJ,252653689
TS,295974932,TJ,295707800
TS,406278202,TJ,405870003
TS,414944419,TJ,414566962
TS,251528342,TJ,251272613
TS,249881795,TJ,249623683
TS,293754777,TJ,293489887
TS,371054679,TJ,370688487
TS,302480998,TJ,302233840
TS,273503675,TJ,273218683
TS,296444392,TJ,296183819
TS,375411258,TJ,375009312
TS,412321425,TJ,411743599
TS,426326569,TJ,425967468
TS,367981008,TJ,367595592
TS,395778125,TJ,395416976
TS,296295955,TJ,296050262
TS,407116797,TJ,406723811
TS,287885507,TJ,287614816
TS,411333916,TJ,410974579
TS,408191751,TJ,407824914
TS,371238544,TJ,370871958
TS,299088999,TJ,298841972
TS,376865574,TJ,376504643
TS,386817901,TJ,386450084
TS,370974481,TJ,370588235
TS,407570379,TJ,407185087
TS,393389813,TJ,393015807
TS,250606955,TJ,250332467
TS,407546819,TJ,407162275
TS,372703741,TJ,372309580
TS,421071476,TJ,420683456
TS,371879524,TJ,371472420
TS,396803758,TJ,396434781
TS,403679070,TJ,403297351
TS,282845156,TJ,282584621
TS,273881179,TJ,273611933
TS,372549163,TJ,372161157
TS,372799944,TJ,372437178
TS,297128990,TJ,296866958
TS,420080699,TJ,419723542
TS,284310964,TJ,284024655
TS,282897568,TJ,282633913
TS,406695539,TJ,406322732
TS,367874006,TJ,367441137
TS,370652810,TJ,370265633
TS,250433693,TJ,250185917
TS,373262823,TJ,372899848
TS,399046568,TJ,398643957
TS,285055020,TJ,284797450
TS,282232727,TJ,281995481
TS,369058945,TJ,368634524
TS,408551734,TJ,408177385
TS,373277713,TJ,372901324
TS,403378032,TJ,403003273
TS,374591441,TJ,374195480
TS,308345693,TJ,308089125
TS,407385234,TJ,407003899
TS,405029420,TJ,404678607
TS,386436635,TJ,385996383
TS,402025360,TJ,401614463
TS,370136936,TJ,369775811
TS,410833569,TJ,410229443
TS,373306651,TJ,372907859
TS,405136808,TJ,404734728
TS,405564140,TJ,405164479
TS,401981470,TJ,401620823
TS,366290109,TJ,365909080
TS,286521491,TJ,286270060
TS,397850904,TJ,397461275
TS,372951905,TJ,372576345
TS,375115654,TJ,374768031
TS,371156528,TJ,370802345
TS,422076299,TJ,421704288
TS,370448468,TJ,370084565
TS,405214950,TJ,404823858
TS,421560317,TJ,421183180
TS,381877766,TJ,381451845
TS,287447403,TJ,287142670
TS,393407394,TJ,392911502
TS,407949370,TJ,407546295
TS,404121915,TJ,403523264
TS,417477745,TJ,417093393
TS,282825970,TJ,282552360
TS,249403938,TJ,249144702
TS,309252115,TJ,308992771
TS,425807553,TJ,425413128
TS,405604394,TJ,405212400
TS,249061708,TJ,248798657
TS,295160371,TJ,294908634
TS,402239064,TJ,401872222
TS,281917230,TJ,281645817
TS,369817732,TJ,369394421
TS,248235106,TJ,247986040
TS,395506341,TJ,395133928
TS,380435360,TJ,380070386
TS,429522767,TJ,429119553
TS,372848975,TJ,372503730
TS,253987351,TJ,253738281
TS,408272910,TJ,407916475
TS,370528291,TJ,370150022
TS,288326636,TJ,288071941
TS,255180245,TJ,254930685
TS,297012148,TJ,296762751
TS,404206696,TJ,403490513
TS,411010411,TJ,410658033
TS,428312466,TJ,427813158
TS,408158620,TJ,407762943
TS,407345825,TJ,406950279
TS,413505575,TJ,413087659
TS,413524048,TJ,413125731
TS,378203143,TJ,377808892
TS,380964193,TJ,380555162
TS,255048255,TJ,254779109
TS,412465491,TJ,412087094
TS,381690581,TJ,381305676
TS,376565172,TJ,375828724
TS,282153002,TJ,281889861
TS,392732817,TJ,392354611
TS,376222450,TJ,375846907
TS,282980210,TJ,282724184
TS,283585304,TJ,283340426
TS,369806847,TJ,369194191
TS,372009657,TJ,371635012
TS,410264757,TJ,409878121
TS,372360984,TJ,371937959
TS,285530217,TJ,285291681
TS,297535483,TJ,297260574
TS,406065384,TJ,405570880
TS,250752084,TJ,250500187
TS,255185460,TJ,254922557
TS,422964138,TJ,422576423
TS,379818730,TJ,379103164
TS,399897382,TJ,399509943
TS,370641340,TJ,370217042
TS,292950143,TJ,292706151
TS,372333607,TJ,371940284
TS,408089965,TJ,407719230
TS,374206031,TJ,373841852
TS,392706276,TJ,392352354
TS,406613435,TJ,406220492
TS,250601233,TJ,250352618
TS,402158491,TJ,401787047
TS,377101962,TJ,376748523
TS,407092735,TJ,406724663
TS,394764828,TJ,394405198
TS,274766181,TJ,274523509
TS,406532213,TJ,406126848
TS,252906479,TJ,252632326
TS,374088790,TJ,373713732
TS,410082800,TJ,409734923
TS,368575336,TJ,368194599
TS,426660656,TJ,426299209
TS,248669073,TJ,248405907
TS,425230265,TJ,424771453
TS,371737515,TJ,371369935
TS,407997964,TJ,407638184
TS,372601755,TJ,372243365
TS,398906530,TJ,398528682
TS,419558762,TJ,419198762
TS,406728260,TJ,406326623
TS,364548727,TJ,364099895
TS,283471780,TJ,283220216
TS,370990390,TJ,370624038
TS,251897182,TJ,251640571
TS,375036824,TJ,374660476
TS,372528925,TJ,371831147
TS,408315953,TJ,407927074
TS,287186871,TJ,286935194
TS,249122273,TJ,248856016
TS,421483927,TJ,421121034
TS,250621992,TJ,250370238
TS,403542074,TJ,403137865
TS,286056883,TJ,285809978
TS,382041724,TJ,381669820
TS,378092118,TJ,377711104
TS,255136673,TJ,254858712
TS,376381364,TJ,375999307
TS,423868701,TJ,423456926
TS,255522965,TJ,255274514
TS,368458070,TJ,368059459
TS,388632164,TJ,388263683
TS,287462739,TJ,287213634
TS,375860769,TJ,375461827
TS,379272789,TJ,378867714
TS,375904800,TJ,375526243
TS,408822859,TJ,408448142
TS,371233083,TJ,370823602
TS,254287633,TJ,254033469
TS,401794427,TJ,401348538
TS,425986073,TJ,425519894
TS,402599508,TJ,402198139
TS,421906341,TJ,421531755
TS,379311951,TJ,378608654
TS,406454637,TJ,405987797
TS,426709058,TJ,426299728
TS,404733012,TJ,404357518
TS,366400005,TJ,366027296
TS,281689716,TJ,281450389
TS,403464898,TJ,403052138
TS,395400566,TJ,395042127
TS,393618871,TJ,393246396
TS,295845244,TJ,295596202
TS,405211027,TJ,404818947
TS,426837649,TJ,426461602
TS,368585756,TJ,368140948
TS,249549947,TJ,249300953
TS,405338278,TJ,404946960
TS,372834348,TJ,372460494
TS,417327256,TJ,416961679
TS,268856474,TJ,268599392
TS,394184002,TJ,393812456
TS,394145126,TJ,393760675
TS,271219918,TJ,270957090
TS,304314575,TJ,304064982
TS,427509006,TJ,427133412
TS,388014920,TJ,387650607
TS,401205836,TJ,400842433
TS,399168165,TJ,398806406
TS,385289746,TJ,384916080
TS,283494249,TJ,283217747
TS,287429532,TJ,287170639
TS,375583237,TJ,374848790
TS,256205371,TJ,255947460
TS,396260350,TJ,395862342
TS,372894458,TJ,372468119
TS,400547952,TJ,400137138
TS,372438400,TJ,372035791
TS,417749396,TJ,417351920
TS,369961390,TJ,369600860
TS,284269582,TJ,284018958
TS,248963613,TJ,248722589
TS,294027185,TJ,293772663
TS,305412960,TJ,305143060
TS,280676603,TJ,280426394
TS,405204282,TJ,404810551
TS,372393806,TJ,372023229
TS,403687735,TJ,403323283
TS,411007737,TJ,410631498
TS,294981880,TJ,294695153
TS,420988797,TJ,420570275
TS,406550878,TJ,405946809
TS,247906552,TJ,247659077
TS,371152718,TJ,370538256
TS,371139599,TJ,370758627
TS,427066821,TJ,426578573
TS,372108409,TJ,371721918
TS,249722671,TJ,249459107
TS,246215291,TJ,245963037
TS,409922892,TJ,409557440
TS,366812188,TJ,366445645
TS,402552301,TJ,402174946
TS,420623875,TJ,420273775
TS,270901002,TJ,270611389
TS,408945117,TJ,408571170
TS,247283900,TJ,247030700
TS,377124257,TJ,376737539
TS,373721514,TJ,373352035
TS,369177968,TJ,368819723
TS,286459015,TJ,286208552
TS,380317944,TJ,379948077
TS,373170267,TJ,372791946
TS,417584818,TJ,417208098
TS,309233173,TJ,308972012
TS,417354795,TJ,416969007
TS,297847685,TJ,297592459
TS,419920659,TJ,419553830
TS,406629024,TJ,406241437
TS,429204558,TJ,428693795
TS,250259168,TJ,250001467
TS,288883089,TJ,288622684
TS,370404651,TJ,370014316
TS,434512020,TJ,428667838
TS,297289981,TJ,292161419
TS,421381624,TJ,420877331
TS,248756620,TJ,248485483
TS,394179302,TJ,393820274
TS,377024852,TJ,376630641
TS,284434029,TJ,284171242
TS,372116338,TJ,371751610
TS,284547919,TJ,284291707
TS,392813952,TJ,392459957
TS,248889159,TJ,248636329
TS,406171950,TJ,405573145
TS,387597522,TJ,387234949
TS,402748866,TJ,402371115
TS,299363189,TJ,299044168
TS,392994440,TJ,392622401
TS,250577277,TJ,250321710
TS,401584882,TJ,401183788
TS,402032903,TJ,401663631
TS,372157248,TJ,371774050
TS,423683716,TJ,423286739
TS,371726528,TJ,371285250
TS,367184291,TJ,366815661
TS,376082739,TJ,375706499
TS,429557595,TJ,429181816
TS,410686492,TJ,410302959
TS,382388355,TJ,382013548
TS,410409872,TJ,410064522
TS,285953361,TJ,285676597
TS,413019216,TJ,412434847
TS,251280550,TJ,251027166
TS,370076105,TJ,369697558
TS,306367892,TJ,306114529
TS,405708159,TJ,405346893
TS,370519153,TJ,370110989
TS,370462381,TJ,370096824
TS,406009392,TJ,405645705
TS,270071550,TJ,269827727
TS,404641255,TJ,404235473
TS,250961700,TJ,250695185
TS,406374143,TJ,406002698
TS,285155228,TJ,284896450
TS,376946732,TJ,376571246
TS,297002966,TJ,296752989
TS,373599187,TJ,372859612
TS,428787143,TJ,428382736
TS,422824655,TJ,422430628
TS,377243899,TJ,376547737
TS,255222267,TJ,254956101
TS,418228828,TJ,417858319
TS,308536302,TJ,308247980
TS,425944706,TJ,425583749
TS,375060027,TJ,374695745
TS,393402124,TJ,392875801
TS,371497295,TJ,371140893
TS,424160829,TJ,423793579
TS,283940202,TJ,283689626
TS,404804141,TJ,404417729
TS,252676849,TJ,252379469
TS,417896403,TJ,417518105
TS,374286162,TJ,373927811
TS,402560700,TJ,402185848
TS,270002982,TJ,269744926
TS,405902251,TJ,405297399
TS,369806899,TJ,369422752
TS,276171627,TJ,275916801
TS,310007400,TJ,309746452
TS,371920017,TJ,371500147
TS,420277312,TJ,419907339
TS,284411489,TJ,284139883
TS,422603504,TJ,422175268
TS,257098248,TJ,256844704
TS,418383910,TJ,417996467
TS,250816352,TJ,250552474
TS,405749782,TJ,405361274
TS,404467644,TJ,404083802
TS,401389554,TJ,401023743
TS,403667032,TJ,403309076
TS,288008796,TJ,287752066
TS,297347155,TJ,297092791
TS,429724899,TJ,429346007
TS,305566411,TJ,305314133
TS,405980519,TJ,405592583
TS,405237918,TJ,404840093
TS,414062010,TJ,413645609
TS,422380483,TJ,421911629
TS,374023502,TJ,373299935
TS,252444470,TJ,252166286
TS,389810971,TJ,389395974
TS,407625002,TJ,407251980
TS,281973164,TJ,281720638
TS,303416201,TJ,303166842
TS,249975830,TJ,249716538
TS,254018757,TJ,253734489
TS,286148312,TJ,285910275
TS,419334365,TJ,418951230
TS,409193942,TJ,408819555
TS,284083805,TJ,283840689
TS,427844557,TJ,427466654
TS,396620223,TJ,396191604
TS,403904200,TJ,403473619
TS,289314726,TJ,289069813
TS,295407271,TJ,295129361
TS,276320441,TJ,276059128
TS,393102006,TJ,392662843
TS,251780311,TJ,251521533
TS,373355251,TJ,372965489
TS,383137103,TJ,382453339
TS,423229658,TJ,422862061
TS,398416121,TJ,398033552
TS,394489998,TJ,394095151
TS,274138450,TJ,273882339
TS,290461757,TJ,290133417
TS,410068395,TJ,409665329
TS,423447732,TJ,423058541
TS,417543527,TJ,417180215
TS,421319269,TJ,420924805
TS,372667513,TJ,372207996
TS,407895998,TJ,407327602
TS,414011570,TJ,413618133
TS,308102929,TJ,307844104
TS,408678516,TJ,407948810
TS,404833061,TJ,404479500
TS,307029651,TJ,306764677
TS,250512548,TJ,250263740
TS,395165286,TJ,394697402
TS,367432181,TJ,367047273
TS,302041991,TJ,301726958
TS,396567086,TJ,396187495
TS,251700875,TJ,251455612
TS,279462246,TJ,279219773
TS,282876201,TJ,282626510
TS,400094926,TJ,399682213
TS,370203916,TJ,369818492
TS,404861036,TJ,404514311
TS,409691078,TJ,409341916
TS,287167385,TJ,286903873
TS,405056166,TJ,404676610
TS,371167468,TJ,370776561
TS,285952246,TJ,285707856
TS,283958750,TJ,283708381
TS,308810470,TJ,308553666
TS,374439501,TJ,374061718
TS,368419395,TJ,367981944
TS,285493040,TJ,285217319
TS,370716523,TJ,370328834
TS,247215599,TJ,246957494
TS,280663737,TJ,280424581
TS,390979944,TJ,390626731
TS,253517017,TJ,253266685
TS,283355446,TJ,283108147
TS,399612953,TJ,399203519
TS,404512267,TJ,403931510
TS,421712764,TJ,421343705
TS,380156647,TJ,379760765
TS,273644182,TJ,273381246
TS,248443531,TJ,248165775
TS,284570488,TJ,284327959
TS,248545433,TJ,248289741
TS,284049197,TJ,283803137
TS,402371277,TJ,401984924
TS,406146114,TJ,405784365
TS,281041794,TJ,280790532
TS,381340258,TJ,380933230
TS,290237623,TJ,289992260
TS,272087466,TJ,271835063
TS,397322034,TJ,396965759
TS,408548279,TJ,408171301
TS,372684932,TJ,372288437
TS,396966288,TJ,396582517
TS,369860853,TJ,369488625
TS,402881511,TJ,402503308
TS,414364763,TJ,413979446
TS,250466865,TJ,250184141
TS,406977998,TJ,406619806
TS,372682130,TJ,372324688
TS,388347604,TJ,387992055
TS,394713965,TJ,394328437
TS,415884287,TJ,415529538
TS,369074930,TJ,368712444
TS,372256942,TJ,371626940
TS,373045207,TJ,372678102
TS,418272552,TJ,417910861
TS,369215132,TJ,368748520
TS,419192892,TJ,418806831
TS,408527619,TJ,408149740
TS,408713981,TJ,408142079
TS,406041144,TJ,405650281
TS,295874762,TJ,295607508
TS,371409954,TJ,371047050
TS,292026484,TJ,291777415
TS,394345301,TJ,393958528
TS,295729354,TJ,295469230
TS,308315319,TJ,308064505
TS,256062644,TJ,255808327
TS,285791168,TJ,285532808
TS,401281645,TJ,400901153
TS,367301675,TJ,366847450
TS,295877016,TJ,295626252
TS,375615379,TJ,375257879
TS,270797296,TJ,270514920
TS,406348696,TJ,405959743
TS,401797977,TJ,401430063
TS,405759291,TJ,405367194
TS,402342027,TJ,401975181
TS,406810418,TJ,406450669
TS,394021593,TJ,393576468
TS,297791410,TJ,297547991
TS,292906831,TJ,292653288
TS,248441812,TJ,248173371
TS,372683982,TJ,372331042
TS,251895793,TJ,251633708
TS,293002658,TJ,292712610
TS,296958084,TJ,296595521
TS,405093466,TJ,404702596
TS,371673476,TJ,371274921
TS,420376713,TJ,419987440
TS,372016139,TJ,371641595
TS,371211629,TJ,370828071
TS,403863911,TJ,403513470
TS,247786411,TJ,247535619
TS,403202025,TJ,402828546
TS,424359987,TJ,423996485
TS,384845637,TJ,384464323
TS,288123382,TJ,287806061
TS,284579071,TJ,284315667
TS,256178230,TJ,255892749
TS,408186871,TJ,407813676
TS,253017633,TJ,252768000
TS,284024544,TJ,283757059
TS,410542675,TJ,410157140
TS,401186505,TJ,400819791
TS,372188869,TJ,371799079
TS,248518356,TJ,248268026
TS,289791308,TJ,289542049
TS,253751568,TJ,253446857
TS,247826265,TJ,247566664
TS,248180425,TJ,247916643
TS,250099329,TJ,249845637
TS,270471238,TJ,270223912
TS,402976506,TJ,402600462
TS,251302707,TJ,251021852
TS,418761804,TJ,418355542
TS,379212771,TJ,378820717
TS,288985084,TJ,288720403
TS,401263034,TJ,400805904
TS,287901546,TJ,287639690
TS,376454007,TJ,376070749
TS,283780120,TJ,283524784
TS,378189329,TJ,377826079
TS,374691356,TJ,374321122
TS,406435051,TJ,406054154
TS,368355553,TJ,368004198
TS,403886596,TJ,403502599
TS,269021326,TJ,268757022
TS,250636266,TJ,250380258
TS,402319468,TJ,401960948
TS,370662098,TJ,370274779
TS,402458352,TJ,402086124
TS,369039802,TJ,368470722
TS,251371998,TJ,251086229
TS,252474860,TJ,252216583
TS,431296513,TJ,430826803
TS,407461762,TJ,407091528
TS,371881818,TJ,371514597
TS,408453926,TJ,407982839
TS,389338065,TJ,388956247
TS,283016043,TJ,282761835
TS,285729718,TJ,285467062
TS,395235447,TJ,394873720
TS,378326642,TJ,377962402
TS,268678644,TJ,268423182
TS,286460143,TJ,286194693
TS,285488095,TJ,285236291
TS,408842228,TJ,408473438
TS,274759845,TJ,274496138
TS,296297418,TJ,296025581
TS,393782249,TJ,393401911
TS,379301390,TJ,378947607
TS,370952701,TJ,370563645
TS,250469480,TJ,250220233
TS,287238468,TJ,286994317
TS,251660202,TJ,251402659
TS,371995791,TJ,371599782
TS,306134822,TJ,305865027
TS,426817382,TJ,426380436
TS,288814586,TJ,288541937
TS,391575105,TJ,391175358
TS,371580388,TJ,371202913
TS,408604940,TJ,408193052
TS,406472932,TJ,406087545
TS,393747408,TJ,393366602
TS,407123939,TJ,406753936
TS,375823152,TJ,375452037
TS,408721783,TJ,408352121
TS,421845349,TJ,421478496
TS,403249541,TJ,402786710
TS,248196071,TJ,247935221
TS,424141411,TJ,423772308
TS,394958559,TJ,394584674
TS,403662188,TJ,403240832
TS,427667207,TJ,427266899
TS,294637795,TJ,294391225
TS,371567813,TJ,371198385
TS,374600411,TJ,374251377
TS,294652495,TJ,294388570
TS,368885518,TJ,368510674
TS,423441872,TJ,423058866
TS,269751566,TJ,269493820
TS,405306457,TJ,404916625
TS,417653574,TJ,417287114
TS,405152762,TJ,404746306
TS,373014469,TJ,372640825
TS,301514628,TJ,301261035
TS,369641095,TJ,369279072
TS,249712838,TJ,249456463
TS,283494988,TJ,283244362
TS,373340307,TJ,372944910
TS,272039569,TJ,271794114
TS,251959309,TJ,251691953
TS,405415680,TJ,405022134
TS,390098880,TJ,389723924
TS,395077332,TJ,394704561
TS,404167862,TJ,403796926
TS,389059928,TJ,388698353
TS,274722115,TJ,274456897
TS,396917327,TJ,396392041
TS,405682193,TJ,405290949
TS,276141791,TJ,275886840
TS,419736355,TJ,419366626
TS,393149390,TJ,392778948
TS,283801553,TJ,283545703
TS,296519961,TJ,296258989
TS,372078170,TJ,371712011
TS,286591751,TJ,286329875
TS,372842981,TJ,372476859
TS,375282130,TJ,374581851
TS,249389838,TJ,249138532
TS,374208207,TJ,373815858
TS,406347618,TJ,405960697
TS,392471861,TJ,392088439
TS,406942472,TJ,406533797
TS,396904031,TJ,396549805
TS,419706235,TJ,419327453
TS,381753974,TJ,381354231
TS,407311122,TJ,406883063
TS,379555436,TJ,375224562
TS,417461262,TJ,417100673
TS,408487800,TJ,408113291
TS,281403994,TJ,281149597
TS,284870257,TJ,284622197
TS,295970185,TJ,295716948
TS,405099192,TJ,404633826
TS,250279022,TJ,250033896
TS,401884999,TJ,401395135
TS,427991511,TJ,427634544
TS,401698613,TJ,401332728
TS,369037245,TJ,368596498
TS,373469438,TJ,373102508
TS,372132240,TJ,371780569
TS,390338989,TJ,389831916
TS,250981117,TJ,250713174
TS,279710260,TJ,279439857
TS,373800263,TJ,373445384
TS,374533229,TJ,374180890
TS,398400953,TJ,397920040
TS,373802709,TJ,373428497
TS,283104546,TJ,282852504
TS,250306716,TJ,250055598
TS,421299497,TJ,420897760
TS,306011491,TJ,305758536
TS,420092055,TJ,419723088
TS,378733822,TJ,378289907
TS,287880330,TJ,287615410
TS,249348148,TJ,249090037
TS,379336544,TJ,378966840
TS,428373784,TJ,427946407
TS,394848161,TJ,394430807
TS,373887605,TJ,373147988
TS,407415531,TJ,407027716
TS,394128544,TJ,393747073
TS,426174475,TJ,425784021
TS,399455326,TJ,399070581
TS,375421313,TJ,375039203
TS,474755514,TJ,474383610
TS,256347949,TJ,256105523
TS,407902293,TJ,407514819
TS,291351146,TJ,291091532
TS,272814108,TJ,272535751
TS,408564489,TJ,408184941
TS,247015529,TJ,246751718
TS,304280019,TJ,304010740
TS,388402515,TJ,388022118
TS,409559742,TJ,409196494
TS,250610929,TJ,250344209
TS,415191803,TJ,414782035
TS,431473204,TJ,431106479
TS,395418350,TJ,394997598
TS,380169729,TJ,379442984
TS,421021211,TJ,420618753
TS,403437574,TJ,403075631
TS,247509604,TJ,247260508
TS,445986883,TJ,445605915
TS,373206677,TJ,372823026
TS,255330772,TJ,255063089
TS,370548689,TJ,370188432
TS,408089377,TJ,407656194
TS,379945461,TJ,379587005
TS,432460211,TJ,432061711
TS,369628509,TJ,369203962
TS,403253963,TJ,402861234
TS,250544966,TJ,250280423
TS,407598620,TJ,407005171
TS,374396083,TJ,373691882
TS,375864514,TJ,375469832
TS,412081134,TJ,411720983
TS,382604878,TJ,382220625
TS,297073508,TJ,296816378
TS,374921000,TJ,374547855
TS,381678226,TJ,381332097
TS,309438374,TJ,309153634
TS,372542759,TJ,372120171
TS,373974572,TJ,373591776
TS,373080507,TJ,372701244
TS,404403578,TJ,403881965
TS,287358042,TJ,287048719
TS,418017293,TJ,417653812
TS,406536671,TJ,406153447
TS,390358112,TJ,389959760
TS,295374355,TJ,295096559
TS,424602256,TJ,424195194
TS,251751558,TJ,251432494
TS,248557536,TJ,248304426
TS,372419095,TJ,371954175
TS,377951957,TJ,377582729
TS,271253741,TJ,270996305
TS,405959714,TJ,405593883
TS,407235490,TJ,406866652
TS,373555716,TJ,373165524
TS,418811731,TJ,418446112
TS,378441611,TJ,377728536
TS,247834295,TJ,247563303
TS,367531737,TJ,367055392
TS,293511173,TJ,293248842
TS,406737211,TJ,406378476
TS,297058885,TJ,296792449
TS,372932682,TJ,372581759
TS,286855808,TJ,286601891
TS,305531831,TJ,305286108
TS,249339341,TJ,249090470
TS,405501682,TJ,405126547
TS,406376288,TJ,406004654
TS,406723378,TJ,406331592
TS,405290795,TJ,404865893
TS,284964495,TJ,284698657
TS,283181307,TJ,282927605
TS,406560545,TJ,406165431
TS,305873045,TJ,305621790
TS,246088947,TJ,245827007
TS,406778607,TJ,406402062
TS,406791848,TJ,406418387
TS,394647971,TJ,394293046
TS,369353432,TJ,368994101
TS,374077179,TJ,373702328
TS,381257988,TJ,380881020
TS,250790808,TJ,250532428
TS,249376937,TJ,249108574
TS,396979919,TJ,396621355
TS,402744135,TJ,402369768
TS,433413690,TJ,433038757
TS,428005847,TJ,427592784
TS,374862346,TJ,374476490
TS,372175511,TJ,371802197
TS,407119302,TJ,406757432
TS,408854192,TJ,408459702
TS,397661114,TJ,397299829
TS,429735928,TJ,429353599
TS,307017392,TJ,306743984
TS,246840652,TJ,246581363
TS,404128128,TJ,403760769
TS,404882490,TJ,404497220
TS,283577677,TJ,283324329
TS,374319963,TJ,373944373
TS,248387601,TJ,248137439
TS,430023650,TJ,429621157
TS,407392956,TJ,406962630
TS,391441177,TJ,391034521
TS,287648260,TJ,287353785
TS,373318984,TJ,372945314
TS,251860429,TJ,251599585
TS,372343873,TJ,371974830
TS,250591908,TJ,250333876
TS,410981120,TJ,410603103
TS,370258539,TJ,369880213
TS,299176679,TJ,298932938
TS,409885261,TJ,409504758
TS,380167791,TJ,379793047
TS,399295778,TJ,398768345
TS,378691653,TJ,378216537
TS,385211665,TJ,384813272
TS,287205291,TJ,286955501
TS,405339414,TJ,404937425
TS,402085932,TJ,401722545
TS,247651859,TJ,247396242
TS,268842509,TJ,268595134
TS,392851736,TJ,392415640
TS,374387002,TJ,373680291
TS,280324240,TJ,280072224
TS,283244125,TJ,282994933
TS,369186075,TJ,368819082
TS,373788239,TJ,373437306
TS,420375049,TJ,419996630
TS,420076778,TJ,419701912
TS,307597166,TJ,307343145
TS,370043414,TJ,369581300
TS,407985075,TJ,407555164
TS,374735817,TJ,374328762
TS,268783106,TJ,268510157
TS,283056435,TJ,282804241
TS,422358952,TJ,421966059
TS,375906960,TJ,375522870
TS,370906316,TJ,370450218
TS,406878012,TJ,406508272
TS,253012628,TJ,252765574
TS,376966628,TJ,376593646
TS,369472695,TJ,369086805
TS,284784272,TJ,284515943
TS,400946138,TJ,400532443
TS,373441668,TJ,373051936
TS,390869015,TJ,390500115
TS,250047934,TJ,249798490
TS,404714298,TJ,404301586
TS,271744518,TJ,271492066
TS,406901684,TJ,406477687
TS,285912802,TJ,285658642
TS,286870416,TJ,286616983
TS,249281629,TJ,249023716
TS,370962549,TJ,370580561
TS,410305053,TJ,409925953
TS,420665240,TJ,420278599
TS,251739298,TJ,251409626
TS,297351221,TJ,297094224
TS,375596235,TJ,375208775
TS,408884294,TJ,408497471
TS,428923425,TJ,428556645
TS,408750555,TJ,408368944
TS,250786277,TJ,250533069
TS,404474330,TJ,404104460
TS,378583200,TJ,377868416
TS,404044215,TJ,399779139
TS,252280088,TJ,252017393
TS,430149731,TJ,429755712
TS,255065224,TJ,254823300
TS,392027951,TJ,391564846
TS,404854026,TJ,404388940
TS,374326427,TJ,373924255
TS,246106811,TJ,245818828
TS,371024651,TJ,370594821
TS,274079940,TJ,273824165
TS,404279167,TJ,403928369
TS,408988672,TJ,408579977
TS,308247048,TJ,308000853
TS,375419182,TJ,375054957
TS,246521962,TJ,246273716
TS,411602668,TJ,411247092
TS,373765523,TJ,373402357
TS,287789153,TJ,287515644
TS,404848695,TJ,404492784
TS,375808693,TJ,375448213
TS,392949654,TJ,392575798
TS,402224965,TJ,401872221
TS,426592108,TJ,426208323
TS,369979390,TJ,369618469
TS,407647813,TJ,407270690
TS,273479555,TJ,273222249
TS,404267346,TJ,403905945
TS,380330297,TJ,379964583
TS,280250590,TJ,280006513
TS,431583761,TJ,431110861
TS,251483864,TJ,251239944
TS,372322743,TJ,371928602
TS,426333854,TJ,425926321
TS,403877700,TJ,403496442
TS,297460445,TJ,297202910
TS,407523853,TJ,407168935
TS,307666198,TJ,307411479
TS,405893472,TJ,405503301
TS,407159565,TJ,406782764
TS,619541550,TJ,619155609
TS,426686751,TJ,426314880
TS,284742710,TJ,284486601
TS,408490851,TJ,408107500
TS,310446335,TJ,310185328
TS,401177345,TJ,400767228
TS,310286365,TJ,310030384
TS,415248183,TJ,414881559
TS,417070719,TJ,416603209
TS,406201191,TJ,405809840
TS,311241577,TJ,310972593
TS,381128922,TJ,380769156
TS,293382824,TJ,293130835
TS,374514231,TJ,374133199
TS,376326792,TJ,375954162
TS,286002686,TJ,285737350
TS,407187498,TJ,406825876
TS,282934801,TJ,282683105
TS,406631067,TJ,406257603
TS,293640020,TJ,293381910
TS,407467348,TJ,407110046
TS,407990144,TJ,407612048
TS,377930862,TJ,377320687
TS,419447683,TJ,419041849
TS,251229212,TJ,250961820
TS,380675104,TJ,380294571
TS,268861155,TJ,268612038
TS,300365820,TJ,300104458
TS,372802425,TJ,372444924
TS,371804382,TJ,371325402
TS,401669226,TJ,401308915
TS,281609201,TJ,281371438
TS,379318747,TJ,378960651
TS,365574496,TJ,365209275
TS,372623581,TJ,372263447
TS,403765787,TJ,403351476
TS,282340794,TJ,282084701
TS,394516305,TJ,394133707
TS,267516231,TJ,267268707
TS,402790012,TJ,402369519
TS,370136842,TJ,369728450
TS,402719634,TJ,402363884
TS,372711135,TJ,372332284
TS,388849828,TJ,388475212
TS,364910085,TJ,364543342
TS,308016177,TJ,307752658
TS,377357331,TJ,376994450
TS,283806207,TJ,283549794
TS,365742763,TJ,365390642
TS,367689559,TJ,367318118
TS,406589217,TJ,406206122
TS,370454531,TJ,370082094
TS,401004280,TJ,400640358
TS,248397995,TJ,248153632
TS,410280647,TJ,409925612
TS,284905997,TJ,284653878
TS,274368758,TJ,274084526
TS,378520514,TJ,378135849
TS,395012334,TJ,394655401
TS,403175414,TJ,402762885
TS,430431689,TJ,430008462
TS,370716875,TJ,370291346
TS,378382432,TJ,378032588
TS,250745785,TJ,250495178
TS,403142560,TJ,402710518
TS,371310618,TJ,370935896
TS,403413897,TJ,403043004
TS,365698192,TJ,365336439
TS,296340629,TJ,296078584
TS,254115218,TJ,253859591
TS,378989169,TJ,378254491
TS,401896027,TJ,401533898
TS,299999763,TJ,299752142
TS,409109752,TJ,408741490
TS,300577425,TJ,300321665
TS,404587895,TJ,404226084
TS,247000570,TJ,246750635
TS,424661816,TJ,424259282
TS,269482555,TJ,269233527
TS,249140011,TJ,248873130
TS,403257202,TJ,402850638
TS,404673349,TJ,404279974
TS,425548177,TJ,425180793
TS,391556113,TJ,391198659
TS,425561809,TJ,425204991
TS,377523477,TJ,376822524
TS,403835932,TJ,403469981
TS,285547384,TJ,285299267
TS,407055752,TJ,406614786
TS,369148343,TJ,368782824
TS,420552916,TJ,420149855
TS,256435757,TJ,256192116
TS,405686899,TJ,405230251
TS,377025968,TJ,376671113
TS,416841010,TJ,416468532
TS,405324540,TJ,404925619
TS,290612695,TJ,290370281
TS,369145429,TJ,368792371
TS,269522657,TJ,269267298
TS,398351026,TJ,397952820
TS,369868150,TJ,369483388
TS,292006845,TJ,291763912
TS,294445534,TJ,294122108
TS,372797890,TJ,372316191
TS,290807932,TJ,290518645
TS,376635886,TJ,376232760
TS,374102259,TJ,373689827
TS,407596411,TJ,407181767
TS,418236335,TJ,417835505
TS,292159778,TJ,291885139
TS,369898920,TJ,369509863
TS,367790514,TJ,367108601
TS,413448542,TJ,413033829
TS,257808547,TJ,257523953
TS,372415464,TJ,371998333
TS,420305538,TJ,419888247
TS,407441163,TJ,407016725
TS,412686053,TJ,412283346
TS,303876992,TJ,303582901
TS,428869412,TJ,428442586
TS,369672545,TJ,369267017
TS,384063290,TJ,383632822
TS,289270521,TJ,288985008
TS,431843805,TJ,431416674
TS,402189205,TJ,398244583
TS,373685101,TJ,373289872
TS,396702793,TJ,396300083
TS,287766174,TJ,287484333
TS,253311982,TJ,253035531
TS,369397711,TJ,368970326
TS,286260709,TJ,285989638
TS,384595079,TJ,384176498
TS,431773962,TJ,431240563
TS,394045012,TJ,393540150
TS,377240560,TJ,376844067
TS,376831563,TJ,376426571
TS,398040202,TJ,397542051
TS,372410470,TJ,371863045
TS,307743300,TJ,307463339
TS,299911508,TJ,299626097
TS,392883345,TJ,392480899
TS,398435024,TJ,398048558
TS,405481135,TJ,405060240
TS,299264360,TJ,298991095
TS,286108775,TJ,285824520
TS,248970052,TJ,248692991
TS,286113421,TJ,285837453
TS,246635315,TJ,246361497
TS,406584473,TJ,406173964
TS,261627530,TJ,261330446
TS,410906925,TJ,410501660
TS,421456060,TJ,421043991
TS,252593233,TJ,252311143
TS,373767910,TJ,373360502
TS,293946563,TJ,293682844
TS,287460505,TJ,287190458
TS,400658344,TJ,400070346
TS,399897340,TJ,399487758
TS,407773270,TJ,407358132
TS,410398196,TJ,409978417
TS,375510992,TJ,375072385
TS,376476965,TJ,376074393
TS,435708699,TJ,435149791
TS,375371785,TJ,374534038
TS,423480498,TJ,423055766
TS,291292950,TJ,291012918
TS,373632359,TJ,373231602
TS,376173650,TJ,375763509
TS,286074223,TJ,285801340
TS,408357471,TJ,407955560
TS,259653020,TJ,259361855
TS,407289322,TJ,406843490
TS,411259313,TJ,410846101
TS,413217355,TJ,412781341
TS,433194915,TJ,432774611
TS,286275669,TJ,285996044
TS,430523732,TJ,430094473
TS,373826213,TJ,373273350
TS,250941510,TJ,250657370
TS,374509261,TJ,373707788
TS,408815604,TJ,408402968
TS,397997096,TJ,397579592
TS,372421755,TJ,371575984
TS,428943168,TJ,428479628
TS,426788543,TJ,426382685
TS,253844028,TJ,253558192
TS,275995797,TJ,275694342
TS,370819916,TJ,370421979
TS,273530344,TJ,273253008
TS,251332769,TJ,251052067
TS,392584641,TJ,392156199
TS,252294167,TJ,252031192
TS,403281059,TJ,402846015
TS,376869188,TJ,376452428
TS,252762350,TJ,252490545
TS,419802537,TJ,419354927
TS,401212445,TJ,400763033
TS,276074166,TJ,275796254
TS,423960602,TJ,423558197
TS,379481684,TJ,378585296
TS,372036365,TJ,371607073
TS,254956013,TJ,254675845
TS,285524430,TJ,285248131
TS,289839197,TJ,289554982
TS,372844348,TJ,372422595
TS,253858996,TJ,253581712
TS,382832409,TJ,382416697
TS,256621090,TJ,256361569
TS,394919853,TJ,394500011
TS,253442362,TJ,253150018
TS,392821257,TJ,392427849
TS,253399545,TJ,253134493
TS,277163959,TJ,276888199
TS,375748701,TJ,375341654
TS,252249235,TJ,251982882
TS,286386720,TJ,286103340
TS,407377910,TJ,406955343
TS,284600247,TJ,284302653
TS,410820727,TJ,410366857
TS,407734921,TJ,407354000
TS,407751347,TJ,407315778
TS,410780920,TJ,410356512
TS,259147565,TJ,258866698
TS,405546109,TJ,405129040
TS,430873179,TJ,430356791
TS,373253965,TJ,372861138
TS,271593595,TJ,271331405
TS,284745506,TJ,284464061
TS,372235073,TJ,371832716
TS,367431248,TJ,366975004
TS,373149639,TJ,372708411
TS,249706498,TJ,249424287
TS,417750048,TJ,417330700
TS,411243408,TJ,410784256
TS,404357283,TJ,403932592
TS,286821971,TJ,286534159
TS,252748413,TJ,252480313
TS,407233309,TJ,406835709
TS,275529017,TJ,275270884
TS,427779573,TJ,427367592
TS,370327305,TJ,369910176
TS,419160713,TJ,418733090
TS,398625211,TJ,398203223
TS,373708513,TJ,373284131
TS,251177197,TJ,250910952
TS,307493522,TJ,307226208
TS,284524827,TJ,284250376
TS,370935477,TJ,370496553
TS,371742111,TJ,371338504
TS,252424107,TJ,252159380
TS,378348617,TJ,377922636
TS,409565193,TJ,409184234
TS,431848049,TJ,431409530
TS,408887234,TJ,408483345
TS,371976610,TJ,371574790
TS,272097789,TJ,271815781
TS,374983829,TJ,374131805
TS,410822315,TJ,410425120
TS,392883258,TJ,392343281
TS,404971656,TJ,404563503
TS,426601548,TJ,426185925
TS,393905126,TJ,393518811
TS,432165174,TJ,431725040
TS,412391947,TJ,411964065
TS,397948595,TJ,397511850
TS,290043956,TJ,289764198
TS,370770848,TJ,370365698
TS,375297960,TJ,374896061
TS,412519312,TJ,412074178
TS,289146686,TJ,288873709
TS,427406960,TJ,426995238
TS,408450261,TJ,408043058
TS,409981586,TJ,409558428
TS,289252275,TJ,288979151
TS,251523347,TJ,251263715
TS,370594989,TJ,370198038
TS,395521674,TJ,395119433
TS,374639179,TJ,374096158
TS,410945971,TJ,410534392
TS,407230220,TJ,406830183
TS,412172440,TJ,411659473
TS,252629236,TJ,252363806
TS,307920257,TJ,307641725
TS,394681860,TJ,394156527
TS,395251955,TJ,394837480
TS,370766978,TJ,370374558
TS,386028509,TJ,385587411
TS,369227834,TJ,368826014
TS,252100163,TJ,251820792
TS,406982706,TJ,406565146
TS,407833820,TJ,407440367
TS,409526520,TJ,409109108
TS,408311263,TJ,407894646
TS,402530691,TJ,402128256
TS,374700641,TJ,374256315
TS,255888066,TJ,255616673
TS,421356456,TJ,420961609
TS,397148579,TJ,396764831
TS,414323063,TJ,410435842
TS,381031582,TJ,380575043
TS,373604604,TJ,373191600
TS,260673413,TJ,260401362
TS,287421739,TJ,287165398
TS,371990974,TJ,371579334
TS,310276063,TJ,309999050
TS,311300127,TJ,311029123
TS,305587546,TJ,305325701
TS,397098442,TJ,396508924
TS,426991888,TJ,426525189
TS,286232484,TJ,285957280
TS,285660088,TJ,285390628
TS,396748590,TJ,396321566
TS,431791005,TJ,431353569
TS,374907585,TJ,374485032
TS,400212614,TJ,399781074
TS,424105202,TJ,423684599
TS,398023246,TJ,397627339
TS,410535601,TJ,410147653
TS,411500528,TJ,411061919
TS,374083654,TJ,373291942
TS,288111678,TJ,287830257
TS,406889375,TJ,406481924
TS,255644385,TJ,255374625
TS,375738522,TJ,375338913
TS,290631099,TJ,290355093
TS,289466849,TJ,289169510
TS,377251415,TJ,376841214
TS,409129120,TJ,408726173
TS,407005387,TJ,406583466
TS,373362368,TJ,372954031
TS,375798722,TJ,375093556
TS,401480135,TJ,401060197
TS,270186336,TJ,269881335
TS,413979655,TJ,413581554
TS,290967839,TJ,290691431
TS,397532242,TJ,397121086
TS,312432825,TJ,312154478
TS,371626933,TJ,371201967
TS,409233994,TJ,408805795
TS,370681475,TJ,370280815
TS,255817432,TJ,255529651
TS,271090729,TJ,270813414
TS,370738700,TJ,370329662
TS,393663837,TJ,393267281
TS,373834260,TJ,373332593
TS,384867749,TJ,384417782
TS,412379999,TJ,412003305
TS,381035625,TJ,380564982
TS,252479564,TJ,252206402
TS,269716191,TJ,269401730
TS,412438676,TJ,411914701
TS,421073944,TJ,420631942
TS,373300352,TJ,372618532
TS,256765274,TJ,256477988
TS,252940691,TJ,252657295
TS,426204260,TJ,425771786
TS,378486235,TJ,378077806
TS,375070900,TJ,374675751
TS,253013279,TJ,252724196
TS,376041057,TJ,375619358
TS,424764768,TJ,424316820
TS,317674687,TJ,317390244
TS,376716499,TJ,375854015
TS,258721914,TJ,258428800
TS,371479859,TJ,371080197
TS,372824039,TJ,371989981
TS,432820693,TJ,432406081
TS,290403281,TJ,290127996
TS,374970149,TJ,374064465
TS,291555181,TJ,291282060
TS,410550668,TJ,409872775
TS,397146011,TJ,396722909
TS,253663870,TJ,253388234
TS,408679518,TJ,408275171
TS,292939314,TJ,292649187
TS,398964088,TJ,398465359
TS,424480989,TJ,423981142
TS,288000411,TJ,287734426
TS,377812150,TJ,377004218
TS,437778058,TJ,437353817
TS,371349542,TJ,370944588
TS,377820081,TJ,377024712
TS,388704857,TJ,388251140
TS,276348639,TJ,275798029
TS,400291745,TJ,399724179
TS,373170754,TJ,372678826
TS,254888439,TJ,254544727
TS,397377057,TJ,396683998
TS,411926218,TJ,411490959
TS,405943916,TJ,405265488
TS,374477056,TJ,374030148
TS,251033863,TJ,250724707
TS,407864150,TJ,407396195
TS,408641296,TJ,408190472
TS,376373077,TJ,375896722
TS,428752554,TJ,428203812
TS,408650087,TJ,407928732
TS,416895509,TJ,416457069
TS,418957050,TJ,418511822
TS,258933455,TJ,258587120
TS,288098142,TJ,287813718
TS,298190376,TJ,297871489
TS,382636718,TJ,382167748
TS,275972902,TJ,275630245
TS,400402929,TJ,399934069
TS,375828678,TJ,375359312
TS,411931857,TJ,411453692
TS,377318863,TJ,376761732
TS,425474526,TJ,425026269
TS,381121567,TJ,380685181
TS,418125166,TJ,417555704
TS,296815813,TJ,296516327
TS,251182222,TJ,250866971
TS,395136089,TJ,394672739
TS,370966382,TJ,370107131
TS,426023193,TJ,425485197
TS,377300555,TJ,376854965
TS,291656533,TJ,291346073
TS,290667982,TJ,290355638
TS,388147448,TJ,387697775
TS,419492185,TJ,419047918
TS,289741473,TJ,289447414
TS,409589756,TJ,409125907
TS,372616299,TJ,372153459
TS,395072314,TJ,394423683
TS,300911401,TJ,300619508
TS,410634489,TJ,410160884
TS,288087717,TJ,287748335
TS,378907378,TJ,378405022
TS,412135570,TJ,411705342
TS,255654038,TJ,255352226
TS,409079011,TJ,408588132
TS,432203082,TJ,431751434
TS,425788071,TJ,421756522
TS,414726214,TJ,414297976
TS,404974067,TJ,404400743
TS,373859273,TJ,373387515
TS,419542913,TJ,419113401
TS,407224437,TJ,406787139
TS,253741136,TJ,253442553
TS,394718940,TJ,394280999
TS,373189197,TJ,372725022
TS,409834854,TJ,409360276
TS,406854552,TJ,406424361
TS,251029794,TJ,250735166
TS,393389247,TJ,392953355
TS,289995697,TJ,289700484
TS,288735595,TJ,288443579
TS,259826727,TJ,259526426
TS,426536794,TJ,426060971
TS,402549282,TJ,401980337
TS,288289701,TJ,287974932
TS,406564321,TJ,406149360
TS,432206457,TJ,431716779
TS,420346104,TJ,419806510
TS,418137372,TJ,417681562
TS,285160880,TJ,284851016
TS,284437374,TJ,284117791
TS,377772025,TJ,377328082
TS,379299071,TJ,378850508
TS,408851492,TJ,408387022
TS,375846130,TJ,375380815
TS,368550401,TJ,368122236
TS,416562722,TJ,416105319
TS,395321063,TJ,394865914
TS,365966737,TJ,365531303
TS,299457541,TJ,299154297
TS,285235822,TJ,284932092
TS,290514755,TJ,290155720
TS,603748776,TJ,599575292
TS,403832392,TJ,403167651
TS,298637598,TJ,298288192
TS,373583398,TJ,372605525
TS,251836096,TJ,251552062
TS,375397640,TJ,374879732
TS,296841998,TJ,296558835
TS,252290739,TJ,252044985
TS,426933688,TJ,426421659
TS,370229895,TJ,369808772
TS,376696733,TJ,376268443
TS,370580318,TJ,370049342
TS,371408284,TJ,370596171
TS,409387567,TJ,408921195
TS,406427800,TJ,405948522
TS,376065910,TJ,375636745
TS,308009659,TJ,307677030
TS,370615599,TJ,370134112
TS,374078486,TJ,373616346
TS,381484863,TJ,381041084
TS,369638438,TJ,369144018
TS,370184965,TJ,369766820
TS,403126700,TJ,402670092
TS,257165015,TJ,256853963
TS,371530653,TJ,371089401
TS,254036371,TJ,253711349
TS,405190253,TJ,404760166
TS,369653813,TJ,369182397
TS,393720176,TJ,393210121
TS,372060271,TJ,371561041
TS,406651731,TJ,406162340
TS,385998304,TJ,385503558
TS,366040167,TJ,365606935
TS,368945354,TJ,368508821
TS,407145701,TJ,406612937
TS,296286160,TJ,295977616
TS,372582055,TJ,372129545
TS,298219731,TJ,297881331
TS,386339813,TJ,385914177
TS,382150673,TJ,381698604
TS,426012282,TJ,425542666
TS,370817040,TJ,370394693
TS,376350746,TJ,375469744
TS,380924603,TJ,380469084
TS,376835525,TJ,376377121
TS,373081314,TJ,372641861
TS,372447606,TJ,371993014
TS,373751000,TJ,373319212
TS,257963628,TJ,257664312
TS,271801090,TJ,271487087
TS,285730105,TJ,285437494
TS,370226903,TJ,369802581
TS,425269196,TJ,424808323
TS,371825665,TJ,371389972
TS,429937755,TJ,429485219
TS,401409521,TJ,400957621
TS,254308538,TJ,253998359
TS,373760261,TJ,373330240
TS,375958487,TJ,375485857
TS,371330110,TJ,370890466
TS,406590065,TJ,406154315
TS,408018235,TJ,407612076
TS,398528283,TJ,398007809
TS,397117176,TJ,396646893
TS,410691554,TJ,410253323
TS,279384080,TJ,279055792
TS,369636910,TJ,369220268
TS,397053165,TJ,396592401
TS,397864342,TJ,397346101
TS,369691711,TJ,369173767
TS,395330574,TJ,394884264
TS,289902084,TJ,289600149
TS,290377886,TJ,290070138
TS,370931400,TJ,370509724
TS,255780113,TJ,255478763
TS,431992300,TJ,431519460
TS,392946453,TJ,392410231
TS,410429355,TJ,409943012
TS,410415308,TJ,409964562
TS,407567659,TJ,407037962
TS,378426029,TJ,377613633
TS,379086515,TJ,378222213
TS,304698420,TJ,304397510
TS,379008692,TJ,378573887
TS,372515310,TJ,372079835
TS,409761897,TJ,409304969
TS,315082821,TJ,314741152
TS,291744240,TJ,291453194
TS,372344804,TJ,371819484
TS,290041419,TJ,289748644
TS,760982554,TJ,760484949
TS,398253879,TJ,397422964
TS,375902193,TJ,375100056
TS,271931811,TJ,271670917
TS,273211701,TJ,272969194
TS,379599924,TJ,379180544
TS,377874286,TJ,377173088
TS,376894479,TJ,376527590
TS,426703611,TJ,426330650
TS,397724253,TJ,397355284
TS,370607444,TJ,370231392
TS,308778116,TJ,308505258
TS,428414990,TJ,428033417
TS,245977953,TJ,245731855
TS,296050949,TJ,295798673
TS,372369957,TJ,371895451
TS,399338585,TJ,398972954
TS,300101548,TJ,299855443
TS,375731441,TJ,374994807
TS,423400576,TJ,423049759
TS,311897801,TJ,311643702
TS,276409375,TJ,276150613
TS,373088896,TJ,372719724
TS,406163692,TJ,405760159
TS,248311797,TJ,248065629
TS,375326981,TJ,374947939
TS,396885450,TJ,396343517
TS,400153733,TJ,399710354
TS,279741413,TJ,279469962
TS,288357275,TJ,288098622
TS,411048678,TJ,410678013
TS,291754712,TJ,291478546
TS,279220967,TJ,278959826
TS,307395527,TJ,307144076
TS,250065433,TJ,249814565
TS,377136859,TJ,376745179
TS,410025241,TJ,409600273
TS,379409590,TJ,379041878
TS,309270131,TJ,308962927
TS,397403537,TJ,396982072
TS,288357789,TJ,288099060
TS,405762745,TJ,405395909
TS,376426585,TJ,376059987
TS,373033196,TJ,369093975
TS,374499244,TJ,374097569
TS,433266898,TJ,432879710
TS,387121538,TJ,386758839
TS,371727934,TJ,371355465
TS,419747506,TJ,419324624
TS,380789685,TJ,380354202
TS,370134828,TJ,369752909
TS,393922741,TJ,393537503
TS,410910748,TJ,410505569
TS,409125961,TJ,408756075
TS,379794696,TJ,379420481
TS,291948805,TJ,291676240
TS,420547060,TJ,420178331
TS,412922847,TJ,412533121
TS,371680876,TJ,371307620
TS,407965895,TJ,407605845
TS,254234207,TJ,253985520
TS,256218867,TJ,255960571
TS,427762169,TJ,427397568
TS,372472639,TJ,372098812
TS,373022851,TJ,372659461
TS,287501224,TJ,287229200
TS,410226719,TJ,409833319
TS,289333298,TJ,289089752
TS,408183295,TJ,407823459
TS,253721516,TJ,253467296
TS,407850565,TJ,407481494
TS,408929077,TJ,408548088
TS,250308014,TJ,250074658
TS,403985635,TJ,403611972
TS,393440046,TJ,393078211
TS,410287746,TJ,409570699
TS,283126655,TJ,282852296
TS,408880991,TJ,408504652
TS,409634804,TJ,409154242
TS,395094997,TJ,394664093
TS,375483941,TJ,375084355
TS,376799104,TJ,376427470
TS,372251978,TJ,371880300
TS,254142101,TJ,253904272
TS,412925082,TJ,412538563
TS,372655482,TJ,372297674
TS,309593152,TJ,309329341
TS,251944579,TJ,251680403
TS,379498370,TJ,379138577
TS,297925480,TJ,297674449
TS,374880597,TJ,374501128
TS,407654102,TJ,407262672
TS,428802540,TJ,428443015
TS,411904228,TJ,411499182
TS,285263843,TJ,284993941
TS,253624353,TJ,253364301
TS,367962271,TJ,367515424
TS,412575854,TJ,412214849
TS,284563061,TJ,284312979
TS,259251129,TJ,258992365
TS,256695025,TJ,256446348
TS,393780915,TJ,393400596
TS,288650294,TJ,288401716
TS,292622381,TJ,292358600
TS,436852433,TJ,436428300
TS,372516575,TJ,372139412
TS,312588501,TJ,312339928
TS,288456621,TJ,288206514
TS,377423050,TJ,376690676
TS,375476683,TJ,375105705
TS,374943992,TJ,374578850
TS,407695905,TJ,407325162
TS,288627305,TJ,288385659
TS,375590301,TJ,374851569
TS,377074769,TJ,376600544
TS,403847470,TJ,403460700
TS,288736726,TJ,288479814
TS,370904903,TJ,370527744
TS,405527422,TJ,405142704
TS,368346417,TJ,367985838
TS,408023173,TJ,407650408
TS,406441483,TJ,406078374
TS,379211083,TJ,378851929
TS,382615925,TJ,382232359
TS,409687234,TJ,409318494
TS,408051564,TJ,407668057
TS,250939794,TJ,250648921
TS,378110104,TJ,377741245
TS,372720865,TJ,372359257
TS,409454621,TJ,409088597
TS,429855266,TJ,429476542
TS,289177702,TJ,288931675
TS,398672972,TJ,398294260
TS,409949864,TJ,409591236
TS,307568318,TJ,307298517
TS,430841891,TJ,430470180
TS,286624367,TJ,286381878
TS,407165385,TJ,406772179
TS,429696918,TJ,429300733
TS,409249062,TJ,408855585
TS,417211901,TJ,416819690
TS,430874610,TJ,430384837
TS,369089459,TJ,368684004
TS,373544398,TJ,373148956
TS,368863154,TJ,368503137
TS,395376973,TJ,394672402
TS,408824008,TJ,408403159
TS,396923982,TJ,396562970
TS,373107942,TJ,372706157
TS,367996591,TJ,367582645
TS,250932454,TJ,250688695
TS,312091615,TJ,311817295
TS,372722324,TJ,372305997
TS,286911023,TJ,286630280
TS,396408242,TJ,396033079
TS,370199444,TJ,369822554
TS,288375242,TJ,288139422
TS,253095625,TJ,252821159
TS,394126179,TJ,393760080
TS,373074476,TJ,372694969
TS,378743947,TJ,378315491
TS,293430000,TJ,293172547
TS,374942503,TJ,374536707
TS,396163239,TJ,395794306
TS,380191203,TJ,379821084
TS,254418601,TJ,254158355
TS,410607834,TJ,410243161
TS,253816400,TJ,253565014
TS,375587831,TJ,375185007
TS,379635869,TJ,379279751
TS,378608416,TJ,378218730
TS,271562402,TJ,271302077
TS,418007101,TJ,417633771
TS,398542651,TJ,398091303
TS,298752923,TJ,298491410
TS,254171907,TJ,253899531
TS,430037312,TJ,429624513
TS,373025040,TJ,372366477
TS,376195770,TJ,375818438
TS,402410630,TJ,402035856
TS,393557805,TJ,393188674
TS,263519195,TJ,259231866
TS,382107044,TJ,381650248
TS,413028441,TJ,412410784
TS,382457781,TJ,381687611
TS,422258199,TJ,421880930
TS,292720023,TJ,292463229
TS,310541122,TJ,310280852
TS,252619588,TJ,252363410
TS,372026246,TJ,371666486
TS,394437084,TJ,394072220
TS,408885897,TJ,408515827
TS,408457565,TJ,408084414
TS,370470618,TJ,370082167
TS,379936108,TJ,379519877
TS,303154941,TJ,302892310
TS,404657908,TJ,404265267
TS,408113309,TJ,407760198
TS,410375378,TJ,410017500
TS,407220208,TJ,406863291
TS,412028781,TJ,411677371
TS,379228308,TJ,378885121
TS,370539618,TJ,370192142
TS,383326581,TJ,382956953
TS,290937518,TJ,290689717
TS,378933949,TJ,378236645
TS,431532747,TJ,431123970
TS,418896370,TJ,418529804
TS,406792771,TJ,406400572
TS,298831785,TJ,298589428
TS,315355847,TJ,315103513
TS,291244476,TJ,290974696
TS,379750812,TJ,379384976
TS,393324941,TJ,392950581
TS,409511686,TJ,409139880
TS,371854489,TJ,371475784
TS,373310611,TJ,372959251
TS,256557661,TJ,256298462
TS,377766579,TJ,377375132
TS,396974644,TJ,396603207
TS,306688501,TJ,306428758
TS,258639875,TJ,258385659
TS,406272903,TJ,405899619
TS,379527709,TJ,379166544
TS,408748815,TJ,408369607
TS,251250799,TJ,250974398
TS,430120373,TJ,429740055
TS,272854228,TJ,272609626
TS,247453719,TJ,247203356
TS,407096090,TJ,406738665
TS,419340967,TJ,418981348
TS,397508741,TJ,397127544
TS,291477587,TJ,290516357
TS,408467269,TJ,408055862
TS,430271365,TJ,429874565
TS,377224763,TJ,376514505
TS,292918224,TJ,292624257
TS,373103928,TJ,372714879
TS,380026562,TJ,379272869
TS,254457025,TJ,254217456
TS,406471894,TJ,406097786
TS,399608891,TJ,399161433
TS,373732978,TJ,373007699
TS,255360383,TJ,255099306
TS,419417976,TJ,419050739
TS,373512086,TJ,372907419
TS,300430347,TJ,300154321
TS,287274846,TJ,287035244
TS,268284513,TJ,268035080
TS,418841304,TJ,418483075
TS,279218323,TJ,278976617
TS,385420204,TJ,385030134
TS,374608285,TJ,374206671
TS,256437132,TJ,256186015
TS,252048970,TJ,251789672
TS,392923911,TJ,392553365
TS,372758941,TJ,372385787
TS,396553677,TJ,396157751
TS,376301646,TJ,375900030
TS,372877183,TJ,372144807
TS,381663579,TJ,381279679
TS,395482424,TJ,395103941
TS,311728907,TJ,311465812
TS,404906598,TJ,404536382
TS,299581460,TJ,299327874
TS,411752314,TJ,411375573
TS,405338662,TJ,404970294
TS,375827918,TJ,375148668
TS,290757321,TJ,290503004
TS,430506399,TJ,430113994
TS,372944559,TJ,372565650
TS,409223704,TJ,408851462
TS,287571948,TJ,287326831
TS,251340630,TJ,251083367
TS,370672675,TJ,370226605
TS,411861107,TJ,411494475
TS,410896198,TJ,410483277
TS,406926566,TJ,406566941
TS,275467913,TJ,275209634
TS,287778785,TJ,287507530
TS,380683833,TJ,380284037
TS,380571118,TJ,380211944
TS,376068014,TJ,375698643
TS,288551560,TJ,288310099
TS,390025845,TJ,389653347
TS,375702167,TJ,375318856
TS,374233720,TJ,373848231
TS,427548714,TJ,427133811
TS,408903731,TJ,408503927
TS,395109657,TJ,394730513
TS,416418765,TJ,415981169
TS,408340940,TJ,407958149
TS,372530158,TJ,372155929
TS,289060487,TJ,288813273
TS,249621017,TJ,249374159
TS,402321694,TJ,401967544
TS,285127627,TJ,284873292
TS,372922571,TJ,372321250
TS,409070588,TJ,408690789
TS,287669101,TJ,287402333
TS,373780255,TJ,373068645
TS,301309526,TJ,301061155
TS,407946288,TJ,407595090
TS,375894204,TJ,375519994
TS,274971456,TJ,274723924
TS,271821663,TJ,271591530
TS,386802798,TJ,386407534
TS,418201901,TJ,417851646
TS,413020009,TJ,412621247
TS,370761230,TJ,370395713
TS,299236579,TJ,298974428
TS,409743976,TJ,409360508
TS,423272910,TJ,422891444
TS,304636056,TJ,304384470
TS,373379646,TJ,373019450
TS,410539199,TJ,410181060
TS,290890847,TJ,290624096
TS,371098926,TJ,370701418
TS,371644939,TJ,371278840
TS,399270603,TJ,398915623
TS,374020506,TJ,373298019
TS,275985206,TJ,275727628
TS,421077080,TJ,420667050
TS,366023810,TJ,365638059
TS,374927126,TJ,374519476
TS,252697826,TJ,252417258
TS,421267350,TJ,420810635
TS,250108131,TJ,249866516
TS,408696133,TJ,408263509
TS,313254662,TJ,313003227
TS,252275322,TJ,252027766
TS,405151197,TJ,404778795
TS,377509941,TJ,377145058
TS,371977868,TJ,371590002
TS,420908022,TJ,420535984
TS,406507044,TJ,406131926
TS,254359993,TJ,254094097
TS,407425538,TJ,407060296
TS,248367377,TJ,248127021
TS,409016657,TJ,408656573
TS,377605395,TJ,377245478
TS,398057087,TJ,397584859
TS,288943160,TJ,288695162
TS,424556482,TJ,424195116
TS,250230223,TJ,249969049
TS,300506921,TJ,300261400
TS,269539572,TJ,269293306
TS,374004036,TJ,373555856
TS,371403554,TJ,371009537
TS,399634243,TJ,399237869
TS,374694132,TJ,374327606
TS,310766291,TJ,310528558
TS,397820486,TJ,397372809
TS,375439291,TJ,375088650
TS,413324190,TJ,412956644
TS,426065894,TJ,425634731
TS,370331946,TJ,369965687
TS,249184562,TJ,248939509
TS,288066352,TJ,287806758
TS,374324335,TJ,373915041
TS,300685725,TJ,300400643
TS,376891670,TJ,376534212
TS,253826567,TJ,253581554
TS,378011487,TJ,377650653
TS,301747558,TJ,301490954
TS,373626002,TJ,373220851
TS,405056156,TJ,404646138
TS,296816750,TJ,296575854
TS,403637503,TJ,403276897
TS,373690535,TJ,373008418
TS,430977093,TJ,430613061
TS,410693298,TJ,410219298
TS,253225064,TJ,252979646
TS,410514993,TJ,410127207
TS,298299193,TJ,298045816
TS,369039973,TJ,368625329
TS,250821354,TJ,250584241
TS,372854912,TJ,372458007
TS,422854980,TJ,422481859
TS,379377785,TJ,378992930
TS,300205194,TJ,299942093
TS,297550918,TJ,297307707
TS,419961800,TJ,419598837
TS,255212933,TJ,254968361
TS,370387555,TJ,369979091
TS,287853668,TJ,287600334
TS,419404401,TJ,419035419
TS,396949011,TJ,396598603
TS,420355763,TJ,419958765
TS,405349215,TJ,404938035
TS,412685549,TJ,412326331
TS,408754069,TJ,408367446
TS,377914129,TJ,377517781
TS,257089085,TJ,256829750
TS,253291654,TJ,253039521
TS,410090784,TJ,409682608
TS,407212301,TJ,406858084
TS,274229925,TJ,273983667
TS,298786053,TJ,298534094
TS,370563134,TJ,370186702
TS,301759401,TJ,301501712
TS,428873543,TJ,428510656
TS,371628241,TJ,371259674
TS,388771221,TJ,388407470
TS,405474648,TJ,405117712
TS,392305176,TJ,391941104
TS,309405706,TJ,309151159
TS,253346841,TJ,253092671
TS,396125529,TJ,395744467
TS,290422061,TJ,290152151
TS,380253726,TJ,379866653
TS,375948477,TJ,375539981
TS,251353692,TJ,251099583
TS,419087881,TJ,418715891
TS,419407000,TJ,419026929
TS,288000173,TJ,287758778
TS,372543317,TJ,372171265
TS,286796272,TJ,286538119
TS,287447766,TJ,287202419
TS,417045421,TJ,416691283
TS,300358182,TJ,300088125
TS,287250469,TJ,287012559
TS,286156294,TJ,285908149
TS,366900872,TJ,366534004
TS,382305061,TJ,381942663
TS,407302302,TJ,406933752
TS,287456087,TJ,287216421
TS,375385204,TJ,374724365
TS,401428714,TJ,401059340
TS,370909752,TJ,370521610
TS,250761988,TJ,250475983
TS,409244193,TJ,408883221
TS,392008441,TJ,391611610
TS,373014937,TJ,372314413
TS,431582623,TJ,431179861
TS,286696558,TJ,286419018
TS,370415523,TJ,370022347
TS,286758101,TJ,286488080
TS,411564665,TJ,411197859
TS,372236950,TJ,371870474
TS,251037652,TJ,250775120
TS,426373728,TJ,425993447
TS,255275525,TJ,255035081
TS,373612680,TJ,373244074
TS,375457283,TJ,374766734
TS,430634813,TJ,430258005
TS,253039022,TJ,252789481
TS,424681355,TJ,424288793
TS,432611885,TJ,432121724
TS,410232639,TJ,409826761
TS,405052291,TJ,404695082
TS,249794324,TJ,249539354
TS,405873016,TJ,405514612
TS,301651692,TJ,301391364
TS,375346599,TJ,374890365
TS,286121173,TJ,285878525
TS,253222807,TJ,252963656
TS,249241450,TJ,248996955
TS,369147477,TJ,368705191
TS,297768953,TJ,297501436
TS,409043025,TJ,408679856
TS,375037773,TJ,374658545
TS,409232732,TJ,408805297
TS,373350410,TJ,372672392
TS,413584908,TJ,412873875
TS,253658132,TJ,253410497
TS,290902913,TJ,290662055
TS,384128059,TJ,383775515
TS,375559442,TJ,375199499
TS,427143852,TJ,426678178
TS,406736094,TJ,406366604
TS,296727977,TJ,296469346
TS,374989153,TJ,374623417
TS,373003902,TJ,372647855
TS,408351377,TJ,407988602
TS,373912448,TJ,373525195
TS,378111126,TJ,377486320
TS,388019796,TJ,387661606
TS,403685232,TJ,403308548
TS,372018273,TJ,371645612
TS,411853120,TJ,411490903
TS,370402585,TJ,370053720
TS,410931594,TJ,410531299
TS,377957500,TJ,377568750
TS,295779718,TJ,295526434
TS,396271544,TJ,395849731
TS,285016465,TJ,284765241
TS,412416522,TJ,412045678
TS,396542520,TJ,396167246
TS,408090522,TJ,407732785
TS,407254383,TJ,406697245
TS,380098364,TJ,379728307
TS,253162761,TJ,252939926
TS,371657778,TJ,371286879
TS,410058841,TJ,409669492
TS,253193019,TJ,252937512
TS,310541389,TJ,310291434
TS,410377658,TJ,410017368
TS,388714650,TJ,388314353
TS,389114678,TJ,388768748
TS,377742167,TJ,377342333
TS,392572454,TJ,392217082
TS,371361306,TJ,371008166
TS,402148621,TJ,401767802
TS,258415723,TJ,258163473
TS,385917911,TJ,385538176
TS,371089357,TJ,370735747
TS,377357149,TJ,377005543
TS,297914506,TJ,297661669
TS,407402470,TJ,407038580
TS,433643109,TJ,433241479
TS,286249113,TJ,285997880
TS,421854265,TJ,421407943
TS,372638674,TJ,371939226
TS,313187212,TJ,312941009
TS,257584142,TJ,257335177
TS,285514132,TJ,285269185
TS,414659579,TJ,414303785
TS,397083645,TJ,396692082
TS,378408959,TJ,378035122
TS,413548828,TJ,413163823
TS,412876283,TJ,412406865
TS,305536523,TJ,305287123
TS,295738304,TJ,295496659
TS,408200586,TJ,407840816
TS,255839882,TJ,255584620
TS,409156483,TJ,408785074
TS,420309587,TJ,419947525
TS,258478961,TJ,258224179
TS,396703648,TJ,394297910
TS,424375603,TJ,423994919
TS,293907112,TJ,293659704
TS,406370093,TJ,406004687
TS,418443373,TJ,418048512
TS,408414566,TJ,408027045
TS,413473204,TJ,413111627
TS,290393503,TJ,290140669
TS,408763828,TJ,408416084
TS,378958924,TJ,378544654
TS,381598719,TJ,381209419
TS,409591815,TJ,409207453
TS,288288154,TJ,288038721
TS,371700458,TJ,371338540
TS,374125283,TJ,373729521
TS,274344003,TJ,274089705
TS,412627460,TJ,412249337
TS,375627268,TJ,375267278
TS,377463944,TJ,377054468
TS,285246310,TJ,285011127
TS,406821568,TJ,406465199
TS,375164528,TJ,374772791
TS,250312844,TJ,250046989
TS,298817345,TJ,298561829
TS,291599165,TJ,291345796
TS,392605369,TJ,392245973
TS,407709252,TJ,407356721
TS,410641948,TJ,410283286
TS,250093364,TJ,249856914
TS,287199273,TJ,286959752
TS,396016977,TJ,395673402
TS,394219901,TJ,393841536
TS,299213176,TJ,298973641
TS,405906505,TJ,405543879
TS,428912322,TJ,428543202
TS,427500809,TJ,427143212
TS,287285836,TJ,287049759
TS,388565951,TJ,388198670
TS,378919311,TJ,378554802
TS,377369678,TJ,377010680
TS,411265221,TJ,410883768
TS,373410448,TJ,373050699
TS,409678415,TJ,409323161
TS,290499299,TJ,290256184
TS,404515117,TJ,404163432
TS,375910053,TJ,375198312
TS,291507950,TJ,291248625
TS,431830127,TJ,431408373
TS,253605454,TJ,253353816
TS,287640052,TJ,287391891
TS,376002453,TJ,375619419
TS,258543270,TJ,258271318
TS,374253223,TJ,373890577
TS,431631541,TJ,431284485
TS,412811563,TJ,412433091
TS,376732135,TJ,376333196
TS,374144382,TJ,373787074
TS,416268999,TJ,415906350
TS,373082462,TJ,372631338
TS,367687852,TJ,367325075
TS,398334571,TJ,397962597
TS,394613175,TJ,394227771
TS,289683517,TJ,289420392
TS,421397029,TJ,421006887
TS,438811078,TJ,438307939
TS,373648364,TJ,373293875
TS,378502411,TJ,378110719
TS,436839640,TJ,436383879
TS,375305770,TJ,374948334
TS,253801653,TJ,253508738
TS,412875240,TJ,412176723
TS,383501942,TJ,382798219
TS,276083861,TJ,275821769
TS,390760442,TJ,390402024
TS,269716062,TJ,269460406
TS,286804176,TJ,286555223
TS,410079720,TJ,409706391
TS,251145849,TJ,250893606
TS,396170004,TJ,395780027
TS,371539317,TJ,371112159
TS,412298753,TJ,411850626
TS,434679733,TJ,434297407
TS,400824349,TJ,400462322
TS,315544960,TJ,315271499
TS,252981316,TJ,252725936
TS,416561866,TJ,416194704
TS,421791595,TJ,421430257
TS,408559429,TJ,408201515
TS,394248911,TJ,393883192
TS,408107529,TJ,407751906
TS,431557047,TJ,431089240
TS,250726560,TJ,250461549
TS,372382102,TJ,371982213
TS,267820541,TJ,267560313
TS,285310823,TJ,285070616
TS,394633022,TJ,394271736
TS,422181433,TJ,421828436
TS,426281411,TJ,425915083
TS,415417761,TJ,415063402
TS,301323160,TJ,301074367
TS,286240002,TJ,285996924
TS,284505560,TJ,284258784
TS,411844418,TJ,411480099
TS,284696787,TJ,284439689
TS,300168193,TJ,299919108
TS,372152046,TJ,371790640
TS,423935295,TJ,423559768
TS,421515548,TJ,421152669
TS,414001419,TJ,413659871
TS,414135678,TJ,413776731
TS,380151441,TJ,379768361
TS,377469101,TJ,377092120
TS,368664418,TJ,368296704
TS,411514835,TJ,411160135
TS,393358468,TJ,392995737
TS,307835030,TJ,307588344
TS,394742755,TJ,394376912
TS,289251595,TJ,288997188
TS,271766029,TJ,271505990
TS,288631642,TJ,288369248
TS,370990356,TJ,370642294
TS,255938618,TJ,255691767
TS,409452199,TJ,409083750
TS,292384422,TJ,292137159
TS,249870245,TJ,249617565
TS,311280175,TJ,311027845
TS,407497728,TJ,407117739
TS,408109147,TJ,407757525
TS,432584508,TJ,432195092
TS,369825220,TJ,369465396
TS,295564582,TJ,295325362
TS,371923203,TJ,371547756
TS,293366039,TJ,293114627
TS,285264900,TJ,285009998
TS,254304024,TJ,254048606
TS,273313526,TJ,273060092
TS,409943459,TJ,409577320
TS,388956697,TJ,388538785
TS,407821050,TJ,407454671
TS,396042978,TJ,395534703
TS,369851328,TJ,369492173
TS,409634157,TJ,409276320
TS,408879124,TJ,408496116
TS,256821804,TJ,256579897
TS,408359769,TJ,407986480
TS,291154674,TJ,290900081
TS,408127432,TJ,407758922
TS,405584934,TJ,405202938
TS,372286582,TJ,371911794
TS,286268097,TJ,286009592
TS,249280282,TJ,249021778
TS,379021085,TJ,378671741
TS,284190096,TJ,283939012
TS,406269879,TJ,405904582
TS,375039680,TJ,374666319
TS,427696450,TJ,427283965
TS,255676127,TJ,255426421
TS,406648124,TJ,406089112
TS,395372527,TJ,395022556
TS,374135501,TJ,373783728
TS,253626201,TJ,253378942
TS,370907838,TJ,370485921
TS,370229356,TJ,369858287
TS,369978103,TJ,369631295
TS,409230880,TJ,408641828
TS,372384329,TJ,372035604
TS,406161639,TJ,405809792
TS,375201761,TJ,374847070
TS,409841079,TJ,409247377
TS,431231303,TJ,430828954
TS,407984234,TJ,407640454
TS,415735092,TJ,415383273
TS,408707517,TJ,408350518
TS,371059985,TJ,370695775
TS,431003174,TJ,430585760
TS,377610717,TJ,377078041
TS,369927908,TJ,369556813
TS,410182173,TJ,409825671
TS,410491303,TJ,410048524
TS,427521907,TJ,427170542
TS,428412471,TJ,428038402
TS,296057120,TJ,295813035
TS,285359894,TJ,285097605
TS,408177532,TJ,407785020
TS,432734943,TJ,432370232
TS,406392145,TJ,406003352
TS,283931846,TJ,283688649
TS,430967044,TJ,430592731
TS,431413655,TJ,430944083
TS,429807851,TJ,429435384
TS,396632049,TJ,396119143
TS,288792685,TJ,288543354
TS,382594538,TJ,382205930
TS,410765447,TJ,410406040
TS,407117908,TJ,406775346
TS,369518588,TJ,369050970
TS,369704645,TJ,369309135
TS,374708958,TJ,374037865
TS,413118203,TJ,412429104
TS,300175228,TJ,299921140
TS,251857357,TJ,251615410
TS,257230187,TJ,256974776
TS,375580938,TJ,374910093
TS,430386096,TJ,430008703
TS,286888969,TJ,286639487
TS,371937966,TJ,371570273
TS,373662184,TJ,373284083
TS,410210392,TJ,409816397
TS,374748664,TJ,374390111
TS,374607498,TJ,373922475
TS,402655099,TJ,402100082
TS,379525372,TJ,378830690
TS,410436236,TJ,410089109
TS,289639384,TJ,289394007
TS,255295044,TJ,255037872
TS,419236417,TJ,418886849
TS,432004326,TJ,431616312
TS,409323998,TJ,408763435
TS,425853078,TJ,425451727
TS,275014110,TJ,274760793
TS,308588023,TJ,308345852
TS,406580073,TJ,406201694
TS,275365261,TJ,275106837
TS,286436673,TJ,286195943
TS,420277079,TJ,419826096
TS,421619219,TJ,421249697
TS,376602825,TJ,376237746
TS,397994536,TJ,397630908
TS,409054005,TJ,408679468
TS,412375528,TJ,411976017
TS,429936186,TJ,429559367
TS,252011149,TJ,251768656
TS,257128413,TJ,256879921
TS,301556722,TJ,301317219
TS,408601475,TJ,408246611
TS,290415972,TJ,290172005
TS,407833342,TJ,407461528
TS,277203239,TJ,276954786
TS,407834197,TJ,407457030
TS,256875931,TJ,256623223
TS,252642058,TJ,252397088
TS,396450530,TJ,396070167
TS,411711343,TJ,411339842
TS,372084655,TJ,371735455
TS,373425337,TJ,372947743
TS,290342439,TJ,290082930
TS,377906037,TJ,377188739
TS,376989071,TJ,376623109
TS,407661558,TJ,407310748
TS,397035057,TJ,396522587
TS,279659749,TJ,279407488
TS,314318868,TJ,314056994
TS,398452474,TJ,398064254
TS,287688721,TJ,287446684
TS,377330538,TJ,376960218
TS,420978995,TJ,420620784
TS,417024180,TJ,416640756
TS,256259453,TJ,255999794
TS,398829366,TJ,398446556
TS,429426631,TJ,429044804
TS,303287276,TJ,303018066
TS,395547458,TJ,395184466
TS,251703016,TJ,251434032
TS,437518833,TJ,437138225
TS,375303731,TJ,374920360
TS,288979705,TJ,288738845
TS,409070637,TJ,408720045
TS,289150634,TJ,288894916
TS,431703461,TJ,431312952
TS,422761380,TJ,422356598
TS,387398315,TJ,387045962
TS,379267756,TJ,378590595
TS,415214534,TJ,414805411
TS,395343958,TJ,394990339
TS,262746929,TJ,262468681
TS,375695722,TJ,375307651
TS,422315405,TJ,421957015
TS,435268377,TJ,434890457
TS,287350898,TJ,287104434
TS,375515029,TJ,374831988
TS,413262065,TJ,412658212
TS,313748272,TJ,313493231
TS,415247584,TJ,414855016
TS,417068533,TJ,416690322
TS,274287430,TJ,274036622
TS,409798432,TJ,409413781
TS,408788103,TJ,408423613
TS,374375155,TJ,374007036
TS,253276358,TJ,252993544
TS,303556340,TJ,303313194
TS,411541789,TJ,411165898
TS,399899139,TJ,399467221
TS,315693976,TJ,315388542
TS,406570249,TJ,406218094
TS,430148446,TJ,429760682
TS,376483896,TJ,375760988
TS,400065592,TJ,399700086
TS,393628358,TJ,393247416
TS,410801858,TJ,410429431
TS,384304705,TJ,383899393
TS,291933320,TJ,291674571
TS,371179409,TJ,370796315
TS,396065141,TJ,395701387
TS,369282165,TJ,368871438
TS,374254544,TJ,373888718
TS,271050424,TJ,270795629
TS,415315042,TJ,414927516
TS,377482025,TJ,377070046
TS,413167124,TJ,412718926
TS,406417303,TJ,406056377
TS,396802749,TJ,396444479
TS,374955457,TJ,374476929
TS,438373817,TJ,437970710
TS,416083830,TJ,415682588
TS,294319075,TJ,294017509
TS,413307000,TJ,412960399
TS,433329721,TJ,432897543
TS,375237846,TJ,374869126
TS,380253435,TJ,379859948
TS,415391136,TJ,415004406
TS,276290045,TJ,276033294
TS,370527626,TJ,370159281
TS,383672916,TJ,383294403
TS,415059035,TJ,414631642
TS,438039860,TJ,437681742
TS,412273919,TJ,411918262
TS,252773868,TJ,252493669
TS,396913051,TJ,396470128
TS,410147561,TJ,409790548
TS,285576257,TJ,285316318
TS,373597531,TJ,373224394
TS,374858268,TJ,374198343
TS,376758100,TJ,376373526
TS,374654414,TJ,374306688
TS,378227705,TJ,377490947
