TS,621015524,TJ,332456781
TS,392408150,TJ,384368947
TS,288306040,TJ,287771949
TS,374453445,TJ,373374403
TS,285989412,TJ,285332408
TS,424749848,TJ,420958961
TS,414075374,TJ,412800798
TS,372534003,TJ,370354376
TS,251934489,TJ,251005248
TS,411580805,TJ,409825632
TS,392991310,TJ,376363154
TS,377061248,TJ,375924068
TS,399131973,TJ,394949597
TS,423085605,TJ,421139542
TS,372333623,TJ,370920532
TS,371635996,TJ,370208348
TS,433270445,TJ,429667830
TS,303647499,TJ,299202964
TS,287472978,TJ,286857863
TS,396614579,TJ,394645708
TS,443774011,TJ,442798684
TS,281934444,TJ,281336282
TS,379862280,TJ,378597651
TS,247870526,TJ,247288788
TS,283945556,TJ,283022497
TS,395811275,TJ,394951102
TS,368798849,TJ,367952735
TS,427653942,TJ,423565840
TS,392973170,TJ,387203295
TS,317999837,TJ,313784780
TS,372128852,TJ,371283024
TS,406117168,TJ,404930999
TS,370035121,TJ,369184157
TS,370816769,TJ,370002286
TS,394361434,TJ,393212618
TS,394103882,TJ,392301981
TS,297366290,TJ,296409448
TS,327318690,TJ,326814773
TS,376752249,TJ,372527476
TS,286765177,TJ,285327806
TS,298592164,TJ,298100042
TS,410431136,TJ,409591217
TS,397950448,TJ,397051880
TS,419469577,TJ,414836053
TS,253919068,TJ,253426596
TS,287108184,TJ,286593296
TS,252708661,TJ,252226070
TS,253590099,TJ,253099920
TS,424540223,TJ,423743244
TS,409192066,TJ,408399263
TS,260164617,TJ,259664732
TS,402319067,TJ,397125233
TS,294253671,TJ,293740990
TS,287329266,TJ,286867820
TS,375647458,TJ,374899690
TS,408468544,TJ,407661375
TS,409888493,TJ,409041880
TS,397755084,TJ,396926865
TS,431206299,TJ,430036506
TS,376976205,TJ,375119530
TS,372263414,TJ,371500427
TS,293530860,TJ,292897759
TS,421475488,TJ,420650006
TS,382051806,TJ,380468765
TS,288256525,TJ,286662886
TS,373489653,TJ,372785333
TS,369804774,TJ,369025535
TS,394653388,TJ,392694088
TS,264461825,TJ,264013076
TS,406270160,TJ,405513296
TS,433049410,TJ,432341785
TS,416937844,TJ,415222595
TS,425392184,TJ,424121375
TS,377396605,TJ,376112230
TS,436016680,TJ,435031794
TS,290325965,TJ,289528103
TS,408539921,TJ,407758147
TS,382731423,TJ,381224274
TS,253403291,TJ,251436444
TS,429750522,TJ,428962240
TS,383180014,TJ,381615456
TS,396674497,TJ,395888010
TS,274257557,TJ,273795539
TS,257170160,TJ,256722502
TS,429072994,TJ,428373465
TS,251472768,TJ,251021282
TS,270145626,TJ,269713778
TS,368123730,TJ,367456847
TS,391718283,TJ,390990454
TS,249371577,TJ,248881282
TS,392604939,TJ,391941058
TS,424034939,TJ,422945562
TS,251778355,TJ,250128717
TS,372491686,TJ,371850154
TS,425724627,TJ,425089237
TS,272232394,TJ,271713541
TS,380270948,TJ,379504135
TS,251750001,TJ,251311711
TS,369255713,TJ,368598510
TS,379719457,TJ,377778369
TS,287770285,TJ,287068078
TS,288176880,TJ,287745619
TS,249974336,TJ,249547144
TS,384585303,TJ,383823133
TS,251785339,TJ,251362446
TS,384848735,TJ,384190033
TS,253171115,TJ,251917178
TS,394838368,TJ,394190387
TS,251569209,TJ,251190540
TS,393979431,TJ,392716203
TS,371922668,TJ,371175336
TS,273163572,TJ,272447655
TS,284112389,TJ,283735805
TS,253238401,TJ,252862671
TS,285421557,TJ,285018158
TS,408512594,TJ,402773762
TS,411283141,TJ,410588139
TS,406741106,TJ,405963082
TS,410699218,TJ,410007407
TS,405804436,TJ,405074931
TS,407278395,TJ,406605362
TS,257442314,TJ,256985485
TS,376998839,TJ,376272586
TS,436511338,TJ,434760517
TS,309522727,TJ,304034095
TS,274971478,TJ,274580647
TS,400492478,TJ,394334895
TS,471242717,TJ,467109366
TS,251987137,TJ,250621282
TS,374813404,TJ,374176916
TS,406814797,TJ,406155004
TS,425145879,TJ,424510178
TS,284661668,TJ,284108202
TS,403438788,TJ,402798428
TS,413206752,TJ,412470309
TS,247969197,TJ,247611778
TS,271296340,TJ,270942786
TS,426176025,TJ,425595410
TS,417382952,TJ,416747058
TS,391250445,TJ,390576160
TS,376401689,TJ,375768388
TS,444071405,TJ,442115948
TS,304477334,TJ,304126081
TS,248492352,TJ,248134265
TS,370346459,TJ,369778462
TS,283037273,TJ,282670686
TS,250935963,TJ,250524249
TS,268130071,TJ,267775877
TS,405132167,TJ,404523020
TS,379536861,TJ,378935870
TS,410814690,TJ,410250095
TS,431013673,TJ,430249940
TS,552388433,TJ,546389980
TS,384415984,TJ,383720263
TS,409944708,TJ,409364876
TS,381378337,TJ,379977788
TS,425777657,TJ,420308379
TS,394910403,TJ,393083329
TS,393567915,TJ,393031313
TS,433092623,TJ,432454781
TS,429975027,TJ,429454716
TS,430852873,TJ,430256090
TS,285216410,TJ,284770344
TS,396890521,TJ,396252674
TS,372574556,TJ,371290883
TS,372509882,TJ,371920799
TS,285553945,TJ,285235081
TS,408931008,TJ,408285732
TS,409417968,TJ,408893241
TS,429897417,TJ,429334468
TS,285707034,TJ,285356463
TS,407090038,TJ,406565865
TS,371594751,TJ,371034636
TS,251249935,TJ,250791608
TS,373122706,TJ,372555901
TS,394281258,TJ,393426061
TS,404088301,TJ,403415508
TS,409792260,TJ,404488546
TS,250387261,TJ,250069905
TS,402658210,TJ,401937705
TS,388354912,TJ,387616531
TS,303658153,TJ,303251946
TS,366222246,TJ,365638063
TS,392479388,TJ,391942692
TS,370766595,TJ,369119428
TS,383260493,TJ,382678218
TS,424141428,TJ,423629700
TS,249373300,TJ,249052331
TS,406457971,TJ,405282460
TS,404417048,TJ,403814382
TS,393268511,TJ,392727652
TS,400965651,TJ,400435581
TS,253476225,TJ,253140885
TS,370671305,TJ,370131324
TS,394875907,TJ,394329773
TS,422038118,TJ,421504690
TS,375037819,TJ,374493224
TS,407881501,TJ,407378301
TS,258050988,TJ,257746282
TS,370339367,TJ,368126185
TS,373218185,TJ,372604809
TS,286469539,TJ,286041370
TS,308780761,TJ,308448622
TS,304508806,TJ,304123247
TS,395638763,TJ,393201126
TS,311354315,TJ,307435199
TS,283437018,TJ,283090255
TS,421031206,TJ,420421821
TS,393657925,TJ,391644151
TS,281192156,TJ,280198934
TS,428569419,TJ,427969593
TS,389526650,TJ,388973412
TS,368544558,TJ,368023675
TS,394264892,TJ,393691926
TS,418358162,TJ,417853788
TS,405437928,TJ,404908803
TS,410895514,TJ,410393627
TS,288615523,TJ,288309826
TS,378443932,TJ,377355592
TS,251881755,TJ,251525641
TS,406919788,TJ,406403978
TS,378854830,TJ,378360713
TS,370319473,TJ,369783530
TS,375036656,TJ,374493161
TS,286552247,TJ,286209183
TS,421475067,TJ,420924629
TS,405762292,TJ,405262227
TS,375412654,TJ,374478880
TS,381697876,TJ,377000059
TS,280993007,TJ,280594540
TS,394831312,TJ,392611319
TS,284967042,TJ,284664304
TS,409482629,TJ,408952629
TS,307738400,TJ,307420362
TS,397912221,TJ,397438735
TS,406690845,TJ,406162470
TS,369846318,TJ,369356974
TS,252439382,TJ,252092319
TS,375738324,TJ,375240623
TS,372340679,TJ,371854893
TS,269313109,TJ,268970534
TS,367041117,TJ,366537258
TS,384818170,TJ,384331139
TS,405237525,TJ,404755105
TS,381242737,TJ,380672206
TS,255026049,TJ,254373804
TS,373711743,TJ,373219659
TS,408111728,TJ,407505682
TS,271165472,TJ,270848410
TS,372270219,TJ,371458638
TS,402111604,TJ,401492477
TS,254197839,TJ,253872886
TS,255466762,TJ,254507004
TS,428180610,TJ,427651407
TS,375839080,TJ,374608890
TS,381857629,TJ,380983362
TS,376733244,TJ,375586874
TS,253492365,TJ,253191868
TS,304190824,TJ,303910805
TS,418686179,TJ,418207706
TS,251632596,TJ,251328734
TS,375515707,TJ,374553999
TS,372094261,TJ,371509241
TS,379434637,TJ,378482669
TS,285604749,TJ,285191205
TS,428131225,TJ,427627436
TS,285010334,TJ,284691985
TS,376722510,TJ,375714257
TS,405372888,TJ,399915143
TS,409543690,TJ,408727289
TS,406207625,TJ,405628725
TS,252023875,TJ,251725668
TS,393171279,TJ,392598858
TS,281764319,TJ,281470862
TS,284334270,TJ,283976801
TS,412858138,TJ,412277528
TS,426653468,TJ,426103473
TS,373920230,TJ,369467204
TS,374610196,TJ,373640322
TS,378138025,TJ,376650117
TS,269718509,TJ,269381541
TS,373851198,TJ,373356052
TS,375066053,TJ,374438584
TS,396301301,TJ,395835392
TS,398446614,TJ,397780219
TS,255063829,TJ,254680782
TS,408844105,TJ,408089538
TS,408383629,TJ,407843678
TS,252254974,TJ,251954278
TS,375022577,TJ,374588964
TS,409618244,TJ,409023465
TS,435706290,TJ,434980659
TS,429460935,TJ,428808538
TS,376370292,TJ,375801499
TS,409198361,TJ,408731410
TS,411467589,TJ,410695793
TS,256409229,TJ,256012236
TS,393711173,TJ,393212705
TS,300534592,TJ,300164103
TS,286640992,TJ,286228122
TS,383247216,TJ,382764075
TS,271685525,TJ,271390315
TS,397135475,TJ,396670120
TS,371733184,TJ,371190460
TS,420340547,TJ,419705973
TS,376818019,TJ,376141304
TS,417163891,TJ,416691610
TS,373371657,TJ,372923642
TS,419606244,TJ,419045328
TS,297187699,TJ,296879989
TS,253325351,TJ,253018134
TS,373514598,TJ,373029307
TS,375035027,TJ,372993595
TS,417716267,TJ,416986210
TS,376695964,TJ,376105567
TS,286436957,TJ,286152154
TS,284925826,TJ,284521400
TS,376346207,TJ,375816659
TS,417205456,TJ,416751124
TS,282947107,TJ,282649039
TS,401600137,TJ,401072172
TS,368684707,TJ,368246322
TS,392068745,TJ,391434607
TS,285131884,TJ,284819939
TS,405071680,TJ,404627964
TS,281594976,TJ,281312898
TS,373679399,TJ,373232833
TS,407019276,TJ,406573484
TS,248133795,TJ,247831926
TS,405834552,TJ,405366396
TS,430283145,TJ,429855498
TS,421007181,TJ,420555514
TS,406461697,TJ,406000341
TS,405536099,TJ,405021371
TS,369046229,TJ,368642639
TS,421898964,TJ,421310483
TS,405020902,TJ,404607063
TS,250667791,TJ,250319311
TS,394400537,TJ,393947812
TS,372884616,TJ,372468599
TS,404897729,TJ,404402411
TS,409020414,TJ,408577853
TS,254075986,TJ,253708977
TS,394264084,TJ,393851342
TS,283603657,TJ,283177420
TS,290168466,TJ,289893152
TS,259052720,TJ,258718311
TS,425701429,TJ,425250834
TS,392986224,TJ,392559219
TS,284098165,TJ,283772380
TS,407894224,TJ,407427766
TS,426463885,TJ,425880468
TS,420540436,TJ,419991697
TS,424233817,TJ,423682431
TS,287221022,TJ,286943073
TS,284183794,TJ,283885216
TS,379966874,TJ,379551313
TS,371738561,TJ,371312587
TS,401010436,TJ,400593911
TS,368034528,TJ,367554221
TS,366885506,TJ,366487298
TS,418741366,TJ,418231278
TS,392230044,TJ,391812064
TS,364446758,TJ,364038468
TS,294188751,TJ,293911668
TS,284265718,TJ,283987682
TS,286781915,TJ,286503361
TS,297330807,TJ,297068444
TS,409655866,TJ,409210057
TS,298275089,TJ,297995244
TS,379007336,TJ,378069587
TS,248817174,TJ,248410565
TS,374796494,TJ,374377300
TS,295525949,TJ,295236625
TS,247515490,TJ,247258447
TS,427939716,TJ,427295603
TS,369647422,TJ,369253606
TS,372588841,TJ,372177416
TS,367933519,TJ,367452298
TS,377273750,TJ,376393450
TS,404892602,TJ,404379103
TS,406733188,TJ,406281792
TS,376438475,TJ,376029001
TS,305881018,TJ,305511253
TS,374565286,TJ,371655257
TS,370047364,TJ,369603269
TS,379263097,TJ,378861764
TS,366534584,TJ,366057505
TS,369479226,TJ,369082148
TS,401230568,TJ,400806086
TS,253312399,TJ,253062152
TS,372090299,TJ,371702649
TS,252899193,TJ,252636986
TS,406651244,TJ,406240223
TS,370888429,TJ,370430716
TS,394565831,TJ,394037654
TS,372155983,TJ,371711529
TS,407592964,TJ,407135177
TS,385943618,TJ,385504012
TS,367148254,TJ,366756506
TS,371390539,TJ,370991695
TS,413112798,TJ,412672863
TS,295898730,TJ,295638350
TS,370786452,TJ,370366184
TS,301685137,TJ,301409405
TS,387692725,TJ,387238294
TS,397340962,TJ,396916303
TS,433636220,TJ,433206054
TS,375404318,TJ,374975462
TS,404360258,TJ,403454041
TS,377101659,TJ,376689107
TS,374518951,TJ,374082325
TS,410042791,TJ,409596143
TS,379988432,TJ,379582757
TS,260947626,TJ,260661432
TS,377159458,TJ,376736297
TS,285761607,TJ,285489088
TS,267514192,TJ,267246468
TS,371373327,TJ,370971934
TS,371139836,TJ,370742117
TS,372647489,TJ,372249973
TS,426361025,TJ,425908825
TS,404569426,TJ,401263261
TS,252002039,TJ,251703347
TS,374446150,TJ,374049004
TS,367858860,TJ,367446610
TS,366553986,TJ,366141128
TS,405574856,TJ,405163912
TS,408768800,TJ,408365120
TS,399466349,TJ,398963967
TS,395377269,TJ,394932579
TS,407931120,TJ,407546185
TS,274415914,TJ,274143944
TS,374955279,TJ,374555583
TS,395200892,TJ,394795464
TS,394998753,TJ,391614091
TS,372222006,TJ,371690131
TS,396261059,TJ,395851068
TS,285186782,TJ,284913831
TS,286529057,TJ,286256551
TS,371112749,TJ,370705300
TS,255504911,TJ,255233494
TS,427447482,TJ,426994109
TS,393209101,TJ,392706586
TS,408936294,TJ,408497282
TS,407714989,TJ,407281230
TS,405737395,TJ,405182458
TS,251103968,TJ,250761746
TS,377840664,TJ,376998763
TS,300249540,TJ,298388757
TS,379790897,TJ,379399145
TS,372344318,TJ,371937808
TS,404377599,TJ,403962397
TS,307569995,TJ,307313373
TS,285390605,TJ,285142963
TS,368908876,TJ,368451187
TS,284260989,TJ,283969479
TS,251087225,TJ,250850929
TS,392541371,TJ,392140442
TS,369680925,TJ,368883268
TS,268851671,TJ,268557708
TS,267844638,TJ,267582292
TS,417055068,TJ,416207181
TS,370803617,TJ,369879497
TS,378131712,TJ,373707653
TS,416885056,TJ,416501961
TS,392224799,TJ,391829598
TS,367703961,TJ,367319763
TS,303321909,TJ,303056998
TS,423333293,TJ,422889980
TS,249893850,TJ,249608615
TS,297185568,TJ,296909886
TS,370708766,TJ,370208592
TS,394119734,TJ,393719131
TS,297591516,TJ,297330412
TS,382738620,TJ,381911914
TS,420674888,TJ,420158131
TS,303467939,TJ,303204738
TS,270698219,TJ,270419844
TS,372131113,TJ,371747694
TS,400348359,TJ,399926321
TS,247330361,TJ,247066075
TS,370049186,TJ,369629588
TS,393639077,TJ,393005636
TS,391461069,TJ,390939810
TS,271125182,TJ,270868585
TS,283195794,TJ,282909115
TS,403641297,TJ,403253520
TS,282211340,TJ,281950626
TS,269387598,TJ,269106581
TS,305510939,TJ,305244681
TS,247321371,TJ,247066061
TS,371361800,TJ,370986410
TS,402853658,TJ,402480713
TS,368049347,TJ,367653763
TS,301278255,TJ,301012599
TS,393057936,TJ,392647845
TS,282873545,TJ,282609029
TS,405395282,TJ,404959154
TS,555561126,TJ,555174132
TS,370729315,TJ,370220409
TS,404195527,TJ,403673851
TS,428291957,TJ,427915588
TS,384539208,TJ,384147351
TS,366796132,TJ,366356318
TS,420110780,TJ,419707880
TS,370788723,TJ,370376104
TS,372495842,TJ,372105498
TS,390159047,TJ,389793059
TS,404069016,TJ,403663854
TS,405530212,TJ,405130197
TS,249013448,TJ,248621086
TS,283474090,TJ,283209373
TS,419076271,TJ,418687242
TS,404892811,TJ,404500215
TS,370780160,TJ,370390260
TS,406524389,TJ,406139834
TS,248831318,TJ,248573517
TS,407315166,TJ,406883702
TS,441382565,TJ,438251909
TS,368090145,TJ,367693320
TS,366834371,TJ,366445054
TS,280202804,TJ,279932629
TS,401092921,TJ,400679174
TS,285144973,TJ,284877728
TS,403193714,TJ,402753815
TS,247473031,TJ,247201657
TS,403963857,TJ,403569935
TS,404023103,TJ,403618834
TS,250294791,TJ,250057402
TS,405217864,TJ,404823886
TS,393274078,TJ,392885428
TS,408959696,TJ,408102991
TS,272822413,TJ,272499114
TS,403285684,TJ,402847764
TS,374706698,TJ,374314391
TS,389701093,TJ,389270327
TS,374669957,TJ,374225770
TS,374256283,TJ,373850694
TS,369436654,TJ,369023485
TS,249633562,TJ,249388169
TS,404683707,TJ,404235396
TS,370923938,TJ,370517819
TS,314189710,TJ,313786469
TS,248576080,TJ,248318912
TS,374984018,TJ,374576632
TS,297206885,TJ,296930235
TS,372868654,TJ,372485806
TS,410038490,TJ,409614886
TS,426764316,TJ,426294025
TS,403713615,TJ,403314406
TS,281846107,TJ,281564065
TS,253185738,TJ,252929631
TS,373386233,TJ,372911214
TS,410277993,TJ,409907923
TS,283303833,TJ,283067025
TS,256870609,TJ,256621640
TS,257382393,TJ,257136155
TS,396759588,TJ,396360176
TS,287866412,TJ,287611221
TS,282784233,TJ,282540342
TS,427328053,TJ,426908575
TS,367508373,TJ,367111547
TS,303784504,TJ,303513026
TS,284551912,TJ,284288842
TS,378292015,TJ,377499609
TS,374938276,TJ,374511677
TS,371108457,TJ,370728721
TS,410158062,TJ,409738972
TS,287873359,TJ,287628382
TS,379211060,TJ,377255065
TS,375527029,TJ,374873683
TS,407654582,TJ,407269425
TS,287231591,TJ,286979875
TS,370934482,TJ,370548768
TS,408050960,TJ,407596282
TS,371206879,TJ,370800690
TS,405706460,TJ,405320494
TS,409432226,TJ,409058991
TS,378156296,TJ,377771064
TS,379503108,TJ,379120213
TS,407425748,TJ,407036379
TS,413100615,TJ,412673075
TS,252791712,TJ,252508721
TS,374893771,TJ,374504769
TS,373815044,TJ,373406368
TS,406822977,TJ,406417766
TS,430160367,TJ,429801601
TS,285150224,TJ,284898097
TS,368683227,TJ,368301780
TS,407092371,TJ,406712327
TS,307327944,TJ,307077762
TS,431715641,TJ,431313527
TS,285324640,TJ,285070763
TS,406213211,TJ,405817292
TS,430429872,TJ,430006416
TS,407066847,TJ,406701512
TS,425353886,TJ,424939842
TS,431230075,TJ,430683476
TS,371359588,TJ,370992834
TS,372736080,TJ,372276091
TS,380268396,TJ,379523258
TS,375125643,TJ,374696682
TS,396523292,TJ,396129673
TS,406586711,TJ,406165886
TS,372725164,TJ,372281025
TS,372767365,TJ,372364980
TS,313603870,TJ,313317613
TS,250588120,TJ,250316964
TS,283667125,TJ,283428922
TS,370647756,TJ,370229603
TS,395013584,TJ,394605134
TS,287605579,TJ,287342136
TS,373365855,TJ,372920075
TS,394772172,TJ,394404733
TS,254966290,TJ,254715761
TS,372164946,TJ,371810069
TS,379873295,TJ,379490062
TS,286072718,TJ,285826582
TS,374552238,TJ,374162544
TS,396569337,TJ,396173683
TS,250884313,TJ,250643065
TS,379896473,TJ,379502234
TS,408858555,TJ,408497053
TS,371187011,TJ,370834395
TS,254021670,TJ,253733946
TS,373659793,TJ,373303254
TS,370683434,TJ,370262570
TS,283554818,TJ,283310017
TS,419106664,TJ,418756781
TS,390670976,TJ,390287083
TS,298221278,TJ,297963377
TS,255634220,TJ,255210656
TS,429327961,TJ,428821483
TS,376862034,TJ,376013330
TS,376271125,TJ,375739463
TS,405132745,TJ,404753864
TS,393750288,TJ,393343183
TS,247371572,TJ,247073831
TS,367213844,TJ,366768048
TS,405548982,TJ,404846196
TS,378720106,TJ,377865672
TS,283441699,TJ,283176568
TS,418604172,TJ,418172841
TS,250522643,TJ,250268095
TS,304014070,TJ,303755431
TS,371668146,TJ,371248307
TS,390610517,TJ,390204742
TS,402296024,TJ,401909698
TS,369002592,TJ,368597877
TS,365803432,TJ,365414270
TS,373244959,TJ,372869346
TS,299519146,TJ,299228603
TS,396090962,TJ,395646392
TS,405601781,TJ,405220231
TS,403762216,TJ,403347674
TS,406375302,TJ,405929776
TS,402857525,TJ,402494607
TS,368135638,TJ,367742119
TS,371832909,TJ,371466956
TS,386059228,TJ,385653718
TS,374220147,TJ,373409835
TS,283845681,TJ,283451533
TS,411431384,TJ,411021139
TS,372450368,TJ,371982605
TS,404001818,TJ,403582405
TS,299172504,TJ,298897107
TS,309098803,TJ,308825332
TS,370539277,TJ,370119802
TS,289060793,TJ,288770850
TS,405427705,TJ,405030778
TS,251100057,TJ,250649525
TS,372657797,TJ,372285416
TS,366580876,TJ,366204997
TS,375348480,TJ,372873822
TS,253536616,TJ,253239680
TS,408572764,TJ,408148910
TS,306134242,TJ,305828695
TS,257098672,TJ,256834142
TS,405030134,TJ,404674830
TS,369076406,TJ,368675440
TS,404253922,TJ,403819864
TS,251600781,TJ,251306075
TS,431309751,TJ,430865391
TS,271820746,TJ,271498646
TS,248207975,TJ,247919737
TS,405276202,TJ,404882756
TS,419571648,TJ,419180711
TS,390293907,TJ,389895467
TS,282642493,TJ,282384771
TS,403793475,TJ,403429552
TS,430273040,TJ,429875786
TS,379002728,TJ,378236416
TS,283630377,TJ,283281941
TS,371873841,TJ,371495297
TS,376982346,TJ,376158261
TS,248916858,TJ,248572046
TS,401724035,TJ,401312904
TS,393609682,TJ,393125490
TS,377492449,TJ,376606242
TS,253614481,TJ,253318586
TS,421370131,TJ,420967378
TS,373875537,TJ,373217052
TS,302823052,TJ,302488283
TS,287928599,TJ,287655709
TS,269833959,TJ,269584147
TS,421873835,TJ,421475854
TS,404254757,TJ,403846445
TS,403137043,TJ,402760929
TS,367862764,TJ,367434082
TS,429867524,TJ,429523118
TS,394201624,TJ,393807312
TS,249506809,TJ,249240711
TS,395700807,TJ,395323501
TS,370348716,TJ,369947621
TS,372583107,TJ,371792750
TS,374349290,TJ,373839056
TS,249029196,TJ,248772380
TS,305427270,TJ,305162838
TS,384248302,TJ,383814091
TS,296470840,TJ,296225421
TS,403505620,TJ,403106073
TS,403862424,TJ,403484902
TS,405210779,TJ,404824741
TS,285428727,TJ,285186206
TS,377892821,TJ,377119930
TS,373285035,TJ,372880061
TS,428453390,TJ,427992295
TS,284090955,TJ,283846646
TS,407333317,TJ,406934423
TS,370145740,TJ,369657485
TS,245814654,TJ,245553592
TS,402394955,TJ,402009084
TS,405098558,TJ,404713246
TS,273357052,TJ,273110699
TS,403526273,TJ,403133958
TS,378475290,TJ,378099209
TS,282075045,TJ,281780019
TS,367769513,TJ,367366951
TS,371131848,TJ,370745358
TS,388407942,TJ,388024373
TS,282148216,TJ,281903472
TS,372053365,TJ,371653024
TS,370502384,TJ,370122409
TS,403690356,TJ,403287485
TS,425504998,TJ,425049526
TS,393597343,TJ,393215810
TS,407823323,TJ,407171807
TS,374050241,TJ,370692607
TS,285117124,TJ,284879110
TS,419063188,TJ,418621722
TS,408782185,TJ,407987294
TS,288271226,TJ,287996491
TS,248869263,TJ,248589681
TS,405760324,TJ,405387640
TS,372944726,TJ,372250550
TS,374227682,TJ,373450427
TS,285208129,TJ,284931334
TS,299792930,TJ,299496574
TS,375243172,TJ,374835074
TS,405872752,TJ,405476442
TS,286278248,TJ,286018046
TS,272687164,TJ,272411355
TS,418379261,TJ,417973391
TS,382757224,TJ,382309733
TS,367983480,TJ,367599067
TS,400834757,TJ,400441619
TS,408301716,TJ,407872939
TS,296494589,TJ,296217025
TS,296642276,TJ,296390719
TS,420118908,TJ,419689031
TS,409061623,TJ,408658688
TS,371590312,TJ,371184055
TS,370817505,TJ,370428358
TS,284320438,TJ,284024693
TS,394588700,TJ,394162684
TS,364403143,TJ,364015278
TS,269680354,TJ,269431543
TS,372630732,TJ,371780460
TS,369410225,TJ,368127891
TS,414855597,TJ,414419434
TS,250280492,TJ,250021405
TS,373397766,TJ,372974809
TS,250527729,TJ,250270988
TS,418469009,TJ,417982038
TS,307100158,TJ,306827034
TS,404944572,TJ,404500771
TS,252848351,TJ,252606589
TS,249853750,TJ,249577215
TS,371057957,TJ,370680233
TS,370575765,TJ,370196378
TS,404030231,TJ,403664340
TS,421299129,TJ,420898871
TS,400853621,TJ,400486523
TS,247371233,TJ,247116153
TS,404780554,TJ,404396359
TS,248509463,TJ,248239628
TS,284306165,TJ,284066664
TS,393564973,TJ,393070956
TS,372402575,TJ,372009829
TS,252070916,TJ,251731074
TS,421987547,TJ,421588676
TS,265769230,TJ,265511671
TS,296742089,TJ,296474629
TS,366888344,TJ,366527580
TS,397860204,TJ,392256265
TS,369271631,TJ,368880694
TS,394539051,TJ,394128954
TS,392339655,TJ,391816911
TS,305592639,TJ,305317280
TS,406283484,TJ,405891190
TS,370519927,TJ,370119750
TS,373019727,TJ,372627827
TS,415889158,TJ,415424095
TS,287229420,TJ,286979572
TS,248770309,TJ,248438239
TS,294164222,TJ,293908845
TS,368953722,TJ,368558790
TS,377101549,TJ,376730406
TS,249374710,TJ,249048115
TS,375653244,TJ,375234277
TS,297066083,TJ,296783306
TS,372105642,TJ,371710776
TS,401296171,TJ,400894875
TS,298591974,TJ,298328335
TS,402077486,TJ,401624607
TS,373446973,TJ,372633544
TS,428342567,TJ,427887927
TS,406432376,TJ,405928977
TS,247053418,TJ,246701584
TS,264508933,TJ,264273213
TS,292593700,TJ,292334014
TS,370394277,TJ,369932849
TS,248224882,TJ,247976254
TS,367159710,TJ,366744031
TS,414948244,TJ,414499620
TS,371881396,TJ,371490565
TS,295012167,TJ,294756052
TS,295869216,TJ,295617541
TS,419526834,TJ,419139008
TS,247621557,TJ,247375324
TS,369552605,TJ,369120267
TS,295751706,TJ,295509671
TS,421011414,TJ,420550496
TS,393271355,TJ,392891275
TS,405434706,TJ,405032054
TS,405977493,TJ,405558859
TS,404670835,TJ,404256529
TS,399632372,TJ,399209711
TS,372587421,TJ,372147438
TS,248339583,TJ,248065388
TS,252302934,TJ,252030091
TS,408180471,TJ,407723028
TS,429442365,TJ,429058035
TS,273486097,TJ,273243637
TS,300340725,TJ,300054827
TS,373394942,TJ,372982355
TS,299605093,TJ,299355878
TS,431569698,TJ,431172161
TS,374051793,TJ,373648196
TS,391142714,TJ,390718824
TS,403281789,TJ,402907998
TS,387785693,TJ,387395367
TS,306689416,TJ,306387420
TS,249723644,TJ,249459327
TS,388681386,TJ,388309926
TS,283235953,TJ,282905245
TS,368582935,TJ,368161093
TS,367969474,TJ,367598942
TS,246598056,TJ,246334025
TS,417469198,TJ,417082312
TS,416980469,TJ,416584189
TS,282200583,TJ,281942568
TS,368923099,TJ,368529400
TS,282181243,TJ,281921826
TS,284878089,TJ,284602908
TS,282419815,TJ,282158285
TS,419471429,TJ,418977213
TS,282578051,TJ,282314521
TS,287495009,TJ,287243102
TS,368362338,TJ,367960072
TS,404997591,TJ,404596924
TS,375657756,TJ,375195639
TS,282499031,TJ,282226523
TS,371215958,TJ,370453613
TS,394644410,TJ,394266402
TS,368466821,TJ,368079659
TS,247358603,TJ,247115493
TS,406217792,TJ,405848009
TS,391681913,TJ,391300381
TS,377902905,TJ,377121881
TS,287532148,TJ,287259664
TS,427536116,TJ,427080388
TS,282541652,TJ,282275140
TS,367429597,TJ,367039326
TS,405563578,TJ,405181710
TS,373846966,TJ,373442681
TS,423230331,TJ,422837147
TS,244579540,TJ,244310779
TS,369998979,TJ,369635750
TS,282328391,TJ,282065289
TS,375500843,TJ,374681189
TS,251922472,TJ,251646454
TS,428236854,TJ,427837517
TS,431979273,TJ,431474747
TS,425297590,TJ,424855000
TS,405179540,TJ,404800470
TS,402807228,TJ,402411025
TS,404147920,TJ,403768672
TS,248298512,TJ,248041564
TS,368923554,TJ,368554583
TS,298303611,TJ,298016899
TS,248348820,TJ,248100777
TS,286113892,TJ,285615664
TS,367856159,TJ,367427747
TS,247851720,TJ,247580039
TS,295029827,TJ,294695006
TS,403769136,TJ,403381024
TS,369577378,TJ,369179429
TS,376853842,TJ,373102850
TS,444473390,TJ,443956658
TS,252289094,TJ,252007560
TS,410286792,TJ,409432055
TS,380254889,TJ,379773378
TS,371514004,TJ,371113853
TS,427847698,TJ,427333485
TS,368070742,TJ,367692657
TS,297869365,TJ,297591444
TS,404509207,TJ,404077312
TS,367875669,TJ,367492576
TS,370239625,TJ,369788162
TS,367690627,TJ,365937586
TS,399374927,TJ,398852410
TS,374250333,TJ,373838738
TS,371036710,TJ,370294896
TS,379132943,TJ,375618153
TS,402100955,TJ,401668675
TS,365974130,TJ,365618103
TS,403046548,TJ,402633859
TS,367474700,TJ,367058932
TS,405895450,TJ,405404202
TS,391079033,TJ,390670652
TS,295151710,TJ,294879289
TS,404116505,TJ,403689389
TS,283941547,TJ,283656427
TS,400767375,TJ,400408715
TS,391294119,TJ,390922448
TS,368443224,TJ,368077783
TS,402069067,TJ,401447087
TS,369726836,TJ,369346124
TS,248785509,TJ,248528154
TS,249245971,TJ,248985979
TS,402270660,TJ,401863798
TS,406963293,TJ,406586013
TS,304331403,TJ,304067623
TS,383707915,TJ,383351476
TS,378717693,TJ,378315369
TS,389222337,TJ,388862186
TS,370856835,TJ,370486550
TS,400125405,TJ,399722224
TS,371528332,TJ,371121100
TS,371216848,TJ,370834452
TS,385659039,TJ,385261813
TS,255460565,TJ,255208393
TS,294502183,TJ,294249251
TS,369957531,TJ,369562100
TS,428033875,TJ,427605896
TS,404110332,TJ,403710621
TS,374763364,TJ,374011681
TS,424185463,TJ,423688278
TS,280401031,TJ,280127607
TS,280123918,TJ,279839086
TS,249397981,TJ,249133638
TS,303399693,TJ,303134578
TS,393769299,TJ,393415973
TS,403146874,TJ,402764560
TS,413195442,TJ,412834024
TS,377140145,TJ,376767770
TS,300926901,TJ,300683239
TS,400614186,TJ,400119780
TS,401626889,TJ,401247510
TS,281347318,TJ,281077269
TS,249387920,TJ,249122208
TS,247412208,TJ,247149736
TS,250109434,TJ,249849879
TS,415092239,TJ,414690452
TS,418841655,TJ,418463619
TS,389680185,TJ,389303900
TS,401986615,TJ,401613308
TS,283224832,TJ,282967797
TS,399300724,TJ,398881943
TS,371102971,TJ,370736667
TS,283385570,TJ,283146511
TS,403956298,TJ,403570596
TS,374282951,TJ,373925016
TS,403749723,TJ,403375560
TS,403038823,TJ,402691282
TS,369065177,TJ,368625709
TS,368952117,TJ,368551548
TS,282438024,TJ,282162253
TS,368877707,TJ,368497188
TS,267792807,TJ,267535000
TS,405555193,TJ,405179330
TS,371393181,TJ,371009751
TS,367318927,TJ,366887717
TS,285942998,TJ,285679379
TS,406055628,TJ,405690172
TS,249206308,TJ,248944936
TS,371650541,TJ,371212815
TS,287325172,TJ,287088442
TS,295350285,TJ,295077237
TS,401818820,TJ,401444342
TS,391268926,TJ,390879219
TS,247328819,TJ,247084201
TS,403470320,TJ,403082118
TS,282196870,TJ,281949624
TS,387525936,TJ,387167277
TS,392352724,TJ,391959958
TS,296139395,TJ,295898164
TS,406651898,TJ,406291376
TS,427904348,TJ,427523212
TS,425428418,TJ,425053363
TS,385470960,TJ,385116252
TS,285107142,TJ,284853962
TS,373247971,TJ,372886386
TS,372945537,TJ,372536000
TS,406714721,TJ,406357686
TS,406178789,TJ,405807117
TS,367893774,TJ,367501211
TS,404082605,TJ,403711617
TS,288327685,TJ,288047812
TS,287516400,TJ,287271669
TS,374312726,TJ,373546450
TS,373277685,TJ,372885159
TS,425964131,TJ,425530371
TS,366666769,TJ,366277040
TS,283496119,TJ,283234238
TS,370126674,TJ,369735914
TS,249803388,TJ,249545788
TS,418586532,TJ,418170840
TS,379716123,TJ,379347495
TS,370042059,TJ,369669659
TS,370804309,TJ,370421695
TS,377918994,TJ,377108801
TS,373115004,TJ,372689847
TS,370212115,TJ,369701039
TS,393167250,TJ,392769609
TS,390181426,TJ,389792138
TS,282786873,TJ,282526524
TS,431309145,TJ,430797340
TS,420845866,TJ,420421883
TS,372216673,TJ,371829658
TS,371714216,TJ,371348495
TS,369728576,TJ,369349912
TS,421763201,TJ,421255773
TS,406910831,TJ,406063340
TS,257052228,TJ,253081679
TS,264260477,TJ,264009566
TS,372934951,TJ,372125658
TS,266613244,TJ,266356786
TS,398279427,TJ,397795935
TS,285477080,TJ,285186326
TS,402766917,TJ,402368679
TS,247688808,TJ,247440587
TS,391633041,TJ,391252978
TS,402667530,TJ,402171514
TS,367239748,TJ,366773249
TS,390173445,TJ,389782552
TS,426108854,TJ,425690023
TS,250269411,TJ,250020369
TS,306139387,TJ,305859178
TS,420737075,TJ,420357355
TS,411593322,TJ,411214718
TS,421331737,TJ,420914711
TS,403453328,TJ,403077585
TS,390472162,TJ,390076630
TS,248232339,TJ,247962099
TS,428314513,TJ,427801232
TS,266360368,TJ,266084978
TS,371084402,TJ,370674210
TS,287813020,TJ,287547025
TS,397101124,TJ,393525830
TS,419414080,TJ,418967414
TS,418417797,TJ,418041417
TS,297799791,TJ,297535129
TS,407594320,TJ,407224331
TS,283794233,TJ,283534220
TS,285504317,TJ,285242900
TS,284706882,TJ,284467315
TS,409556543,TJ,409167993
TS,298921292,TJ,298652655
TS,371909793,TJ,371525983
TS,421870113,TJ,421476299
TS,421365651,TJ,420965887
TS,407834210,TJ,407474062
TS,405718078,TJ,405343699
TS,372197639,TJ,371823957
TS,374191502,TJ,373789651
TS,408352974,TJ,407935756
TS,372305726,TJ,371905243
TS,307114907,TJ,306830499
TS,394444864,TJ,394045807
TS,285589428,TJ,285319295
TS,392568865,TJ,392173342
TS,407773278,TJ,407395587
TS,268839291,TJ,268556088
TS,249717665,TJ,249475311
TS,371886138,TJ,371473005
TS,287600461,TJ,287370959
TS,406759058,TJ,406380985
TS,306938142,TJ,306699446
TS,253365537,TJ,253099069
TS,405192691,TJ,404786434
TS,253135407,TJ,252882903
TS,430199211,TJ,429841888
TS,371526551,TJ,371149068
TS,297842704,TJ,297600917
TS,373873726,TJ,373495591
TS,287158108,TJ,286898286
TS,282635270,TJ,282375065
TS,250488878,TJ,250227458
TS,272804793,TJ,272552604
TS,406846817,TJ,406454120
TS,382390122,TJ,381967113
TS,407304258,TJ,406921533
TS,392253348,TJ,391680093
TS,371253635,TJ,370892473
TS,405130743,TJ,404748422
TS,404567304,TJ,404196511
TS,252906101,TJ,252661162
TS,406842797,TJ,406463456
TS,285121261,TJ,284878476
TS,409564029,TJ,409150117
TS,403651311,TJ,403253922
TS,372411114,TJ,372051482
TS,282172276,TJ,281905278
TS,251341446,TJ,251078887
TS,379276456,TJ,378902106
TS,280713090,TJ,280465892
TS,409936131,TJ,409505549
TS,376087130,TJ,375709491
TS,426515137,TJ,426061340
TS,257575315,TJ,257326053
TS,307754534,TJ,307503352
TS,392864258,TJ,392467350
TS,370628765,TJ,370254870
TS,256262572,TJ,255978197
TS,369509597,TJ,369015017
TS,371813966,TJ,371441472
TS,372341996,TJ,371959437
TS,409283531,TJ,408618951
TS,371484884,TJ,371112297
TS,406048107,TJ,405645957
TS,369430527,TJ,369064907
TS,406542603,TJ,405802825
TS,425875324,TJ,423628660
TS,404412962,TJ,404039760
TS,418663626,TJ,418271801
TS,401242152,TJ,400845852
TS,369431835,TJ,369049787
TS,425314975,TJ,424898248
TS,370277733,TJ,369871538
TS,369056566,TJ,368674465
TS,402044690,TJ,401655768
TS,428703333,TJ,428347361
TS,400894212,TJ,400394228
TS,295516339,TJ,295274494
TS,424829506,TJ,424459831
TS,282596825,TJ,282320379
TS,427692689,TJ,427297104
TS,401735289,TJ,401330102
TS,281941869,TJ,281659541
TS,403533047,TJ,403147771
TS,427511008,TJ,427002488
TS,429670502,TJ,429283431
TS,394070619,TJ,393476702
TS,430609911,TJ,430190615
TS,374628798,TJ,374226146
TS,283277255,TJ,283009979
TS,403096409,TJ,402689599
TS,404454586,TJ,404030987
TS,365937908,TJ,365547725
TS,427637308,TJ,427213605
TS,405986045,TJ,405185072
TS,375425009,TJ,374618649
TS,250190988,TJ,249915296
TS,368656475,TJ,368273803
TS,372839369,TJ,372068476
TS,250740405,TJ,250462503
TS,282416325,TJ,282140705
TS,422846753,TJ,422399663
TS,371033916,TJ,370639738
TS,374104247,TJ,373683050
TS,370820941,TJ,370385433
TS,248606414,TJ,248270591
TS,390244397,TJ,389657009
TS,370331197,TJ,369577591
TS,402307295,TJ,401945083
TS,375097502,TJ,374323433
TS,251323226,TJ,251018520
TS,281422113,TJ,281143064
TS,426180931,TJ,425750850
TS,419440272,TJ,419027226
TS,419277718,TJ,418905652
TS,403335445,TJ,402676313
TS,307186041,TJ,306935742
TS,271245261,TJ,270981018
TS,272550222,TJ,272283931
TS,404871240,TJ,404491535
TS,419092570,TJ,418637065
TS,284167153,TJ,283909896
TS,370146183,TJ,369767734
TS,417143034,TJ,416754288
TS,401129305,TJ,400721424
TS,392370672,TJ,391975227
TS,424605454,TJ,424229502
TS,404230987,TJ,403811176
TS,248479069,TJ,248232569
TS,246986113,TJ,246732561
TS,400455021,TJ,400092880
TS,425772911,TJ,425390371
TS,403292187,TJ,402880211
TS,284019787,TJ,283759347
TS,400913357,TJ,400444816
TS,275576883,TJ,275324658
TS,252457531,TJ,252203919
TS,254528828,TJ,254262037
TS,393941248,TJ,393563594
TS,371990005,TJ,371600561
TS,402532239,TJ,402123901
TS,285566190,TJ,285313468
TS,372427650,TJ,371925673
TS,370129167,TJ,369751190
TS,371962658,TJ,371150824
TS,404583191,TJ,404152380
TS,270773604,TJ,270523597
TS,393813295,TJ,393209664
TS,305069720,TJ,304800211
TS,394284931,TJ,393915752
TS,408271377,TJ,404819196
TS,419654427,TJ,419286418
TS,371369813,TJ,370975665
TS,251512472,TJ,251267112
TS,402995030,TJ,402591102
TS,426018344,TJ,425623325
TS,391132999,TJ,390738819
TS,392986936,TJ,392612612
TS,295742375,TJ,295469470
TS,429445723,TJ,429068301
TS,251459536,TJ,251185659
TS,281520073,TJ,281273344
TS,372237797,TJ,371856092
TS,285498751,TJ,285261333
TS,405725027,TJ,405357220
TS,422426045,TJ,422021773
TS,429426631,TJ,428991094
TS,377722723,TJ,376904859
TS,380011882,TJ,379605940
TS,392257063,TJ,391889034
TS,404131624,TJ,403719675
TS,368526972,TJ,368122693
TS,251856549,TJ,251587268
TS,427956625,TJ,427570014
TS,418887304,TJ,418489008
TS,283034752,TJ,282784836
TS,283150754,TJ,282893659
TS,372202384,TJ,371735824
TS,404460210,TJ,404066331
TS,370913493,TJ,370532166
TS,306764884,TJ,306528631
TS,404924741,TJ,404543365
TS,248997449,TJ,248735588
TS,368549549,TJ,368171502
TS,247577634,TJ,247323145
TS,404681387,TJ,404285454
TS,403345788,TJ,402969061
TS,298812097,TJ,298555245
TS,305233879,TJ,304973817
TS,390537113,TJ,390053601
TS,425696750,TJ,425314035
TS,401338280,TJ,400960965
TS,393801205,TJ,393432078
TS,373668580,TJ,372845530
TS,407095993,TJ,406724104
TS,388030946,TJ,387623710
TS,285165699,TJ,284905475
TS,402655855,TJ,402267877
TS,392115366,TJ,391753724
TS,366673322,TJ,366269057
TS,408022109,TJ,407644307
TS,374541871,TJ,374093730
TS,408632903,TJ,408249833
TS,267701349,TJ,267434143
TS,405556954,TJ,405198528
TS,364612625,TJ,364164132
TS,397119129,TJ,396747202
TS,405960846,TJ,405589991
TS,427527093,TJ,427151847
TS,373077149,TJ,372566431
TS,407026403,TJ,406673043
TS,283301686,TJ,283037274
TS,404118773,TJ,403719066
TS,377264062,TJ,376896985
TS,370037200,TJ,369647616
TS,416842302,TJ,416425143
TS,270104580,TJ,269829929
TS,399870756,TJ,399472052
TS,371418808,TJ,371031964
TS,369535586,TJ,369172546
TS,425451756,TJ,425048214
TS,404663349,TJ,404228563
TS,386259472,TJ,385795578
TS,245806840,TJ,245390158
TS,404210814,TJ,403832486
TS,278455236,TJ,278189058
TS,401379313,TJ,401010379
TS,374093028,TJ,373270019
TS,371284090,TJ,370894206
TS,370757132,TJ,370370676
TS,365464587,TJ,365062560
TS,374112840,TJ,373306502
TS,738177513,TJ,439278324
TS,423685778,TJ,421810870
TS,288734353,TJ,288068126
TS,373952855,TJ,372331754
TS,412356956,TJ,408692289
TS,378932118,TJ,377154745
TS,423893148,TJ,422774106
TS,426055484,TJ,421598081
TS,289903931,TJ,288973888
TS,251173104,TJ,250485245
TS,404893498,TJ,400374801
TS,422316322,TJ,417993594
TS,302576783,TJ,301567229
TS,306515603,TJ,303619818
TS,408739085,TJ,407802872
TS,413350174,TJ,411642354
TS,252987670,TJ,251654800
TS,290614779,TJ,289788110
TS,412494911,TJ,410991881
TS,252715029,TJ,251564523
TS,437469617,TJ,435605819
TS,412481562,TJ,410802295
TS,289402206,TJ,288766990
TS,418960370,TJ,417628819
TS,374394775,TJ,370599830
TS,410479827,TJ,409586188
TS,253367053,TJ,251920349
TS,279030734,TJ,278188029
TS,293099340,TJ,290127458
TS,289466902,TJ,288966384
TS,288239932,TJ,287753888
TS,290420000,TJ,287233023
TS,387211983,TJ,386258522
TS,249204680,TJ,248384097
TS,377635577,TJ,376789524
TS,407629734,TJ,406723721
TS,373185311,TJ,372243783
TS,397886739,TJ,395121290
TS,429923034,TJ,428674147
TS,374804146,TJ,370881467
TS,400859791,TJ,399989727
TS,408426192,TJ,407263450
TS,373623216,TJ,370655881
TS,416642908,TJ,413365049
TS,286837952,TJ,286338458
TS,393186603,TJ,392120453
TS,248775411,TJ,247476200
TS,420598683,TJ,419539163
TS,382614337,TJ,381488422
TS,376156273,TJ,375350400
TS,375490988,TJ,374685878
TS,389444756,TJ,388576584
TS,413918150,TJ,410864116
TS,409754519,TJ,408462221
TS,396303257,TJ,395440458
TS,374830085,TJ,373786931
TS,427470682,TJ,426307346
TS,425328547,TJ,424499807
TS,414230061,TJ,413417658
TS,428054026,TJ,427214980
TS,257881930,TJ,257248902
TS,377227126,TJ,375816398
TS,397130691,TJ,396249475
TS,302064319,TJ,300443557
TS,415569071,TJ,412959568
TS,414642816,TJ,413831603
TS,415283666,TJ,414528939
TS,403030159,TJ,402137065
TS,291767260,TJ,291310881
TS,379273416,TJ,378616082
TS,291861501,TJ,291316516
TS,380112644,TJ,378848681
TS,410072977,TJ,408826765
TS,276697637,TJ,276019774
TS,430928815,TJ,430152577
TS,407604094,TJ,406881566
TS,411715120,TJ,410959341
TS,413539576,TJ,412872101
TS,377638243,TJ,376766042
TS,398502900,TJ,397848065
TS,372831620,TJ,372050197
TS,390757781,TJ,390027227
TS,289422344,TJ,288892049
TS,253466378,TJ,253026397
TS,298281497,TJ,297833283
TS,373650140,TJ,372956020
TS,312220964,TJ,311780926
TS,430187664,TJ,429399855
TS,290200135,TJ,289691604
TS,386249321,TJ,383126174
TS,438397779,TJ,436116193
TS,410967174,TJ,410270938
TS,260610522,TJ,260083342
TS,378457246,TJ,377784245
TS,405588692,TJ,404831590
TS,414997931,TJ,414223661
TS,378692464,TJ,378019155
TS,409776944,TJ,408956343
TS,276346339,TJ,275928401
TS,409672117,TJ,409039079
TS,310560034,TJ,310033706
TS,304326249,TJ,303865761
TS,300059449,TJ,299597543
TS,407681761,TJ,407027542
TS,258281048,TJ,257726978
TS,379893639,TJ,377295722
TS,382128557,TJ,380417087
TS,413969202,TJ,411538341
TS,256131445,TJ,255601699
TS,421826869,TJ,421154846
TS,424152970,TJ,423424538
TS,376080943,TJ,375345121
TS,383186685,TJ,382363176
TS,383718855,TJ,383013683
TS,372364165,TJ,371385674
TS,288031374,TJ,287559781
TS,380628867,TJ,379589036
TS,411587176,TJ,410907900
TS,399648383,TJ,398908310
TS,413395735,TJ,412711130
TS,413867013,TJ,413071687
TS,414794598,TJ,413172597
TS,411667029,TJ,410492930
TS,290022449,TJ,289606583
TS,415796050,TJ,409796385
TS,288783099,TJ,288211367
TS,326500596,TJ,319998504
TS,458975420,TJ,454912764
TS,424131764,TJ,422536702
TS,450104825,TJ,449160517
TS,288412271,TJ,288030867
TS,287221026,TJ,286845380
TS,295132574,TJ,294782743
TS,283470743,TJ,283120885
TS,407019945,TJ,406414765
TS,376247801,TJ,375594221
TS,247151661,TJ,246775720
TS,375015180,TJ,374391336
TS,374698923,TJ,374074486
TS,374320584,TJ,373441936
TS,286972915,TJ,286478755
TS,289125212,TJ,288764325
TS,375811206,TJ,375185988
TS,443822070,TJ,443012170
TS,377531088,TJ,376925938
TS,433096249,TJ,432163529
TS,375504601,TJ,374720827
TS,289943823,TJ,287593971
TS,374302233,TJ,373656425
TS,429884787,TJ,429241613
TS,300802379,TJ,300418171
TS,408198499,TJ,406961972
TS,292323973,TJ,290953208
TS,406001245,TJ,405418354
TS,411282282,TJ,410653425
TS,249657250,TJ,249230818
TS,396347770,TJ,394924293
TS,425770055,TJ,420648793
TS,370801558,TJ,370246976
TS,377811904,TJ,377233504
TS,368855150,TJ,367607483
TS,418028898,TJ,417482696
TS,404782639,TJ,404213130
TS,252556361,TJ,252211400
TS,253673252,TJ,253299493
TS,397386205,TJ,396366467
TS,676924637,TJ,672733913
TS,406777888,TJ,406129571
TS,298703519,TJ,298335839
TS,431315149,TJ,430760176
TS,407013996,TJ,406443502
TS,391837251,TJ,391200282
TS,253966231,TJ,252918056
TS,404443546,TJ,403914049
TS,372185347,TJ,371657116
TS,377780604,TJ,376630780
TS,376962823,TJ,375753797
TS,300101482,TJ,294420841
TS,253529461,TJ,253184616
TS,418575518,TJ,418007018
TS,432566516,TJ,431982690
TS,390504739,TJ,389446401
TS,391804508,TJ,388973308
TS,287230836,TJ,286876129
TS,286008106,TJ,285628017
TS,307945755,TJ,307586470
TS,397374931,TJ,396813104
TS,287959552,TJ,287169828
TS,375722620,TJ,373620262
TS,425623185,TJ,420540822
TS,376991924,TJ,375934526
TS,432682885,TJ,432018527
TS,420227946,TJ,419584264
TS,411318526,TJ,410063797
TS,429695775,TJ,428989041
TS,373598350,TJ,372389851
TS,383660690,TJ,377727579
TS,410423988,TJ,409879353
TS,370462186,TJ,369829660
TS,418434293,TJ,417878995
TS,286191279,TJ,285834640
TS,374079003,TJ,373538679
TS,252024097,TJ,251593227
TS,309969326,TJ,309597067
TS,376327211,TJ,375295378
TS,409835721,TJ,409312980
TS,282728508,TJ,282400331
TS,396995545,TJ,396485886
TS,408292281,TJ,407712873
TS,272212958,TJ,271796786
TS,286666095,TJ,286270026
TS,286061924,TJ,285729130
TS,396007003,TJ,395227089
TS,373739925,TJ,373120051
TS,431470434,TJ,430722287
TS,426187531,TJ,425595662
TS,388024837,TJ,387503555
TS,286909692,TJ,286599126
TS,410518225,TJ,409859891
TS,417524007,TJ,416919969
TS,285362731,TJ,285035153
TS,288988474,TJ,288644475
TS,388343392,TJ,387802822
TS,298510961,TJ,297608171
TS,287005672,TJ,286654933
TS,378039360,TJ,377509367
TS,380511597,TJ,379934201
TS,387837277,TJ,384393231
TS,429909940,TJ,427766347
TS,391340485,TJ,390865878
TS,371358056,TJ,370548293
TS,250652374,TJ,250313369
TS,406948749,TJ,406400148
TS,309586851,TJ,309258035
TS,296195396,TJ,295827242
TS,393952109,TJ,393480922
TS,410829064,TJ,410227359
TS,259129215,TJ,258782058
TS,398292660,TJ,397518016
TS,375765068,TJ,371750553
TS,375709887,TJ,374657858
TS,372528992,TJ,371963702
TS,388074438,TJ,387472786
TS,376273275,TJ,375435153
TS,410674416,TJ,410174844
TS,255394678,TJ,255018025
TS,374141956,TJ,373015616
TS,381566908,TJ,379831267
TS,412817512,TJ,412166082
TS,252642467,TJ,252335435
TS,420687264,TJ,420167447
TS,375226172,TJ,374733923
TS,392985330,TJ,391902796
TS,407536558,TJ,407073097
TS,252612228,TJ,251596493
TS,371537523,TJ,370999427
TS,377250419,TJ,375628850
TS,288388906,TJ,288042209
TS,250269564,TJ,249915630
TS,249966563,TJ,249675042
TS,394378718,TJ,393900276
TS,382418036,TJ,381733428
TS,289662573,TJ,289290135
TS,407140941,TJ,406662144
TS,419275749,TJ,418805124
TS,398455915,TJ,397774537
TS,412035928,TJ,411438975
TS,378888103,TJ,373953210
TS,289516918,TJ,289238807
TS,299665771,TJ,299326459
TS,311678552,TJ,311349189
TS,371973336,TJ,371505113
TS,406818004,TJ,406316630
TS,406474228,TJ,405920945
TS,390064008,TJ,388360641
TS,373936868,TJ,373450187
TS,254540687,TJ,254186895
TS,272358284,TJ,272048438
TS,310284505,TJ,309960082
TS,405861230,TJ,405352507
TS,410851185,TJ,408723735
TS,293064903,TJ,292701405
TS,413621843,TJ,413126493
TS,252270377,TJ,251961659
TS,417545298,TJ,417057166
TS,405463821,TJ,404993059
TS,408327318,TJ,407860714
TS,429786416,TJ,429147366
TS,404355316,TJ,403693695
TS,431373424,TJ,430876641
TS,371419788,TJ,370926351
TS,412169097,TJ,411677054
TS,370083467,TJ,369525408
TS,409850228,TJ,409377944
TS,383969298,TJ,383479693
TS,370225424,TJ,368609201
TS,406280023,TJ,405781960
TS,407484556,TJ,406947935
TS,411662936,TJ,411062125
TS,271290290,TJ,270897666
TS,428344474,TJ,427742824
TS,445904638,TJ,439330265
TS,410866837,TJ,410340829
TS,252094520,TJ,251760062
TS,426738719,TJ,426256568
TS,250447669,TJ,250128091
TS,373790289,TJ,373285197
TS,259239096,TJ,258824527
TS,431954222,TJ,431462701
TS,412419162,TJ,411885849
TS,409820323,TJ,409295007
TS,397307877,TJ,396635502
TS,407588692,TJ,407112329
TS,396241305,TJ,395788663
TS,411426213,TJ,410952079
TS,422175630,TJ,421737695
TS,411054833,TJ,410494256
TS,428538739,TJ,428001875
TS,385477644,TJ,384950664
TS,396249401,TJ,395765650
TS,368386162,TJ,367869290
TS,372735703,TJ,372285132
TS,297691729,TJ,297427616
TS,256786102,TJ,256505852
TS,300039683,TJ,299778599
TS,381571091,TJ,381150486
TS,416396149,TJ,415874673
TS,289484052,TJ,289199964
TS,421773053,TJ,421305490
TS,254242882,TJ,253969737
TS,290046133,TJ,289623097
TS,386886419,TJ,386467525
TS,306164407,TJ,305903796
TS,405677923,TJ,405266399
TS,404227756,TJ,403811434
TS,394325629,TJ,393792963
TS,405430692,TJ,405031508
TS,384874892,TJ,384400379
TS,388464749,TJ,388033115
TS,391845703,TJ,391434184
TS,405970033,TJ,405409654
TS,299154745,TJ,298861908
TS,371661519,TJ,371115246
TS,307125934,TJ,306862504
TS,309901878,TJ,309501413
TS,274902786,TJ,274634756
TS,369058813,TJ,368629689
TS,403675135,TJ,403257249
TS,408432562,TJ,407732961
TS,374367172,TJ,373927117
TS,396437136,TJ,396018782
TS,371691985,TJ,371247823
TS,396647679,TJ,396234582
TS,406103882,TJ,405696789
TS,397580203,TJ,397148805
TS,372290218,TJ,371849984
TS,405952727,TJ,405521248
TS,250727660,TJ,250441590
TS,421183440,TJ,420732482
TS,410153874,TJ,409689621
TS,298304490,TJ,298025352
TS,251114557,TJ,250841621
TS,374460592,TJ,373712123
TS,264851836,TJ,260686575
TS,371319292,TJ,370845895
TS,301264821,TJ,300963162
TS,277028770,TJ,276730157
TS,302156485,TJ,301853898
TS,377475158,TJ,377016191
TS,299964410,TJ,299668384
TS,251813898,TJ,251515276
TS,287894667,TJ,287592289
TS,412409980,TJ,411960623
TS,300135368,TJ,299798798
TS,394305644,TJ,393890540
TS,373130356,TJ,372567035
TS,426363543,TJ,425859763
TS,409467681,TJ,408729143
TS,372620278,TJ,372210096
TS,388837727,TJ,388308999
TS,378203762,TJ,377802681
TS,297946929,TJ,297653216
TS,370800094,TJ,370305216
TS,409923893,TJ,409440904
TS,410333604,TJ,409899567
TS,369109444,TJ,368600433
TS,421069904,TJ,419394416
TS,374651519,TJ,374180744
TS,412770846,TJ,412321199
TS,253171650,TJ,252781751
TS,396943789,TJ,396532065
TS,411536381,TJ,411077742
TS,300550268,TJ,300239645
TS,372738221,TJ,372223582
TS,375608493,TJ,375138820
TS,271514782,TJ,271157571
TS,285253787,TJ,284946879
TS,406285579,TJ,405869463
TS,396765584,TJ,396247522
TS,249786133,TJ,249539995
TS,369908539,TJ,369509619
TS,367429894,TJ,366936311
TS,412825025,TJ,412263231
TS,287013218,TJ,286635791
TS,286627431,TJ,286342553
TS,421547670,TJ,421140739
TS,413137412,TJ,412504526
TS,374481899,TJ,373953714
TS,288233019,TJ,287988347
TS,288148842,TJ,287889304
TS,382700379,TJ,382259066
TS,377231256,TJ,376828560
TS,410605841,TJ,410214325
TS,411079641,TJ,410648972
TS,311094266,TJ,310806148
TS,374948675,TJ,374499767
TS,375644840,TJ,375213769
TS,375446234,TJ,375037007
TS,410257019,TJ,409862943
TS,413316024,TJ,412916071
TS,374890115,TJ,374496568
TS,411217416,TJ,410511122
TS,420597882,TJ,420169088
TS,409639901,TJ,409176860
TS,384621385,TJ,384154570
TS,371852240,TJ,371455009
TS,376604357,TJ,376076421
TS,372306592,TJ,371892594
TS,393727652,TJ,393314452
TS,288814409,TJ,288532484
TS,369198680,TJ,368783130
TS,404357101,TJ,403940994
TS,397747138,TJ,397249613
TS,287764018,TJ,287475157
TS,378342637,TJ,377934689
TS,420376190,TJ,419894306
TS,413104834,TJ,412667262
TS,375318760,TJ,374902039
TS,421985716,TJ,421547710
TS,431059984,TJ,430651073
TS,311689334,TJ,311396165
TS,253771622,TJ,253500343
TS,288185182,TJ,287914792
TS,425204989,TJ,424756452
TS,411367589,TJ,410638838
TS,412797278,TJ,412361348
TS,255331159,TJ,255059962
TS,373555394,TJ,373050634
TS,286263911,TJ,285970137
TS,407937581,TJ,407524394
TS,298078403,TJ,297789636
TS,405726952,TJ,404855082
TS,407598217,TJ,407165868
TS,372405808,TJ,372001841
TS,412845304,TJ,412430696
TS,378744928,TJ,378323166
TS,375730779,TJ,375307039
TS,430150210,TJ,429652171
TS,388911199,TJ,388456407
TS,394525666,TJ,394092955
TS,409464678,TJ,409046581
TS,407212608,TJ,406775920
TS,426526693,TJ,425994025
TS,405148062,TJ,404750442
TS,381350752,TJ,380932851
TS,300413400,TJ,300130191
TS,255635641,TJ,255357320
TS,289209018,TJ,288844907
TS,376981621,TJ,376577347
TS,410930679,TJ,407177277
TS,252597368,TJ,252246777
TS,376456259,TJ,375983715
TS,371611462,TJ,371136876
TS,409503790,TJ,408996731
TS,409152138,TJ,408748182
TS,379381022,TJ,378681795
TS,476079672,TJ,475785468
TS,291675706,TJ,291405904
TS,375441382,TJ,374995329
TS,397294923,TJ,396855693
TS,290056842,TJ,289774594
TS,378824060,TJ,378012264
TS,252762870,TJ,252432677
TS,409841501,TJ,409318574
TS,301462320,TJ,301163553
TS,288558966,TJ,288284644
TS,374723732,TJ,374259038
TS,411126072,TJ,410633210
TS,375010390,TJ,374576467
TS,373122610,TJ,372697339
TS,288532602,TJ,288253289
TS,371246775,TJ,370750495
TS,394248254,TJ,393814122
TS,371421277,TJ,370604723
TS,419669815,TJ,419262320
TS,256730090,TJ,256457026
TS,378589145,TJ,378196776
TS,374483567,TJ,374062290
TS,249988575,TJ,249721886
TS,406427318,TJ,406009427
TS,391827668,TJ,391415441
TS,372236027,TJ,371820120
TS,406339554,TJ,405913372
TS,410598933,TJ,410179422
TS,374346153,TJ,373925714
TS,251132025,TJ,250863788
TS,411216742,TJ,410756969
TS,275303162,TJ,275030489
TS,398434344,TJ,398022863
TS,414490492,TJ,414077398
TS,372445860,TJ,372047294
TS,408400753,TJ,407988297
TS,372379478,TJ,371960513
TS,432177532,TJ,431642630
TS,390438526,TJ,386477187
TS,442164185,TJ,436882404
TS,370068844,TJ,369650657
TS,253274636,TJ,252978406
TS,374459180,TJ,374059700
TS,288333502,TJ,288017044
TS,370968712,TJ,370468266
TS,259030483,TJ,258728214
TS,421404562,TJ,420954781
TS,397500943,TJ,397054404
TS,250658229,TJ,250392848
TS,418580348,TJ,418178687
TS,250092845,TJ,249804176
TS,288721612,TJ,288393825
TS,416579036,TJ,414026216
TS,377029281,TJ,376169175
TS,371456150,TJ,370902897
TS,420659533,TJ,420238717
TS,408678963,TJ,408117847
TS,255480512,TJ,255204797
TS,382205940,TJ,381795559
TS,378472004,TJ,378014720
TS,290982414,TJ,290693629
TS,409091416,TJ,408624289
TS,369593089,TJ,369193124
TS,374260004,TJ,373851671
TS,373965530,TJ,373568075
TS,286549970,TJ,286223853
TS,385636997,TJ,385247253
TS,367363184,TJ,366958703
TS,256011598,TJ,255669540
TS,419822234,TJ,419417956
TS,408173055,TJ,407744280
TS,433012289,TJ,432406514
TS,411299387,TJ,410775964
TS,256271995,TJ,255878693
TS,371227981,TJ,370825551
TS,410891535,TJ,410478358
TS,412573050,TJ,412168756
TS,283436278,TJ,283167928
TS,375364164,TJ,374932168
TS,408455643,TJ,408030252
TS,432569742,TJ,432020836
TS,431584494,TJ,431086689
TS,377569682,TJ,376749025
TS,409278236,TJ,408897511
TS,251187693,TJ,250895703
TS,371707783,TJ,371232038
TS,428648753,TJ,428215128
TS,409122268,TJ,408587976
TS,297442951,TJ,297155303
TS,397945681,TJ,397507065
TS,395696685,TJ,395213140
TS,309831018,TJ,309573118
TS,274460810,TJ,274212105
TS,398937226,TJ,398517419
TS,399247869,TJ,398739469
TS,271912427,TJ,271585088
TS,421269619,TJ,420843766
TS,375419518,TJ,374921326
TS,288388691,TJ,288137866
TS,287870736,TJ,287596382
TS,387193284,TJ,386762604
TS,393597448,TJ,393191369
TS,404860248,TJ,404357516
TS,397410448,TJ,397009893
TS,434877212,TJ,434443223
TS,411776146,TJ,411351559
TS,375699105,TJ,375241411
TS,407771096,TJ,407244389
TS,369279517,TJ,368808987
TS,393615147,TJ,393104289
TS,255531727,TJ,255265726
TS,375496149,TJ,374699680
TS,411909888,TJ,411489735
TS,288845291,TJ,288555286
TS,314304671,TJ,314011611
TS,303953439,TJ,303644988
TS,253781960,TJ,253504911
TS,287192581,TJ,286918797
TS,374105113,TJ,373704839
TS,410927921,TJ,410299074
TS,431509171,TJ,430962378
TS,301536077,TJ,301268548
TS,412453776,TJ,412018580
TS,410157669,TJ,409724564
TS,377777997,TJ,377349143
TS,252374552,TJ,252105464
TS,376055430,TJ,375596271
TS,433891341,TJ,433192926
TS,378451926,TJ,376837255
TS,373507857,TJ,372783884
TS,257045114,TJ,256745835
TS,272824437,TJ,272530353
TS,425653712,TJ,425135667
TS,411430022,TJ,410985411
TS,374786476,TJ,374374788
TS,408994117,TJ,408582772
TS,250039063,TJ,249771215
TS,384413232,TJ,383975252
TS,288407868,TJ,288141418
TS,373517489,TJ,373138194
TS,380023599,TJ,379614703
TS,380450090,TJ,380035792
TS,250244646,TJ,249989435
TS,413440349,TJ,413057224
TS,419316906,TJ,418874857
TS,300213256,TJ,299844238
TS,419966853,TJ,419551264
TS,308342017,TJ,308063920
TS,423150587,TJ,422747986
TS,372866109,TJ,372464544
TS,287790474,TJ,287533038
TS,424724417,TJ,424214943
TS,369706727,TJ,369260441
TS,280826218,TJ,280491216
TS,252367810,TJ,252061418
TS,430044004,TJ,429467624
TS,408840423,TJ,408405204
TS,288698983,TJ,288424800
TS,373380531,TJ,372973418
TS,285625630,TJ,285348131
TS,372792286,TJ,372356153
TS,397030835,TJ,396608110
TS,253460301,TJ,253122477
TS,420265049,TJ,419766275
TS,394604585,TJ,394215565
TS,298887293,TJ,298538625
TS,405162330,TJ,404766470
TS,385552669,TJ,385178296
TS,411727117,TJ,407854845
TS,252467379,TJ,252164004
TS,391542243,TJ,391147087
TS,370971327,TJ,370567497
TS,369682927,TJ,369155152
TS,418840119,TJ,418303894
TS,406658876,TJ,406257712
TS,406268154,TJ,405755301
TS,403229879,TJ,402809331
TS,248749852,TJ,248476815
TS,404824529,TJ,404193790
TS,286049408,TJ,285673281
TS,373024629,TJ,371670428
TS,407915088,TJ,407524253
TS,396423802,TJ,395974399
TS,404802651,TJ,404391859
TS,427424023,TJ,426994399
TS,369844973,TJ,369432530
TS,372411960,TJ,371982654
TS,308747554,TJ,308457450
TS,418592896,TJ,418179459
TS,428967238,TJ,428511478
TS,252408685,TJ,252127571
TS,287583253,TJ,287309441
TS,410907848,TJ,410509610
TS,388109158,TJ,387652732
TS,408206807,TJ,407820567
TS,273746983,TJ,273405290
TS,408130420,TJ,407715067
TS,389047470,TJ,388263673
TS,421172982,TJ,420740057
TS,430707932,TJ,430216105
TS,374287456,TJ,373469557
TS,298284375,TJ,297933775
TS,372651516,TJ,372225837
TS,374644348,TJ,374225944
TS,395283122,TJ,394655311
TS,379162622,TJ,378741368
TS,428742337,TJ,428201572
TS,307708154,TJ,307411174
TS,420799427,TJ,420370944
TS,254552382,TJ,254259562
TS,409862553,TJ,409437927
TS,373719716,TJ,373318250
TS,421119797,TJ,420581957
TS,251507862,TJ,251216124
TS,409502257,TJ,409045143
TS,289409363,TJ,289106326
TS,432885604,TJ,432443065
TS,421826407,TJ,421425460
TS,372635893,TJ,372159597
TS,311293244,TJ,310966040
TS,275840746,TJ,275535058
TS,375392417,TJ,374951463
TS,410476846,TJ,409814672
TS,275552145,TJ,275276045
TS,410419862,TJ,409997483
TS,250746178,TJ,250463936
TS,420169872,TJ,419747110
TS,258649990,TJ,258262687
TS,419721402,TJ,419306336
TS,286030088,TJ,285776696
TS,257409816,TJ,257141242
TS,380402538,TJ,379878530
TS,286226974,TJ,285956489
TS,275500403,TJ,275227356
TS,405644437,TJ,405243149
TS,420379011,TJ,419883307
TS,419281323,TJ,418748998
TS,403203968,TJ,402803543
TS,406166385,TJ,405748870
TS,307706188,TJ,307439845
TS,297589788,TJ,297325602
TS,307011005,TJ,306764150
TS,286649955,TJ,286378203
TS,407987003,TJ,407501269
TS,371804530,TJ,371014277
TS,395543032,TJ,395135063
TS,375139626,TJ,374708727
TS,288076376,TJ,287826388
TS,413013758,TJ,412629577
TS,432902105,TJ,432461108
TS,288866756,TJ,288566622
TS,257379490,TJ,257090615
TS,252048990,TJ,251774615
TS,299360771,TJ,299092006
TS,289520923,TJ,289233160
TS,413738375,TJ,413316165
TS,399646305,TJ,399150370
TS,433661453,TJ,433263509
TS,419757462,TJ,419334928
TS,380796104,TJ,379985156
TS,376089717,TJ,375658424
TS,254611312,TJ,254339858
TS,397335187,TJ,396824318
TS,273728223,TJ,273462076
TS,420136833,TJ,419741628
TS,412272363,TJ,411781600
TS,284223389,TJ,283957352
TS,275430617,TJ,275151857
TS,395260716,TJ,394861874
TS,394017158,TJ,393609825
TS,412717561,TJ,412278237
TS,371739426,TJ,371216634
TS,409130542,TJ,408741855
TS,420463720,TJ,420013829
TS,416895257,TJ,416482470
TS,396256108,TJ,395776306
TS,250271376,TJ,249888775
TS,309580938,TJ,309298803
TS,409189966,TJ,408759729
TS,407180653,TJ,406793042
TS,309665319,TJ,309387274
TS,277606257,TJ,277357477
TS,291106547,TJ,290859199
TS,253893944,TJ,253599344
TS,399015178,TJ,398573161
TS,307550880,TJ,307195418
TS,369991935,TJ,369591845
TS,407940254,TJ,407492840
TS,289154957,TJ,288881764
TS,407257002,TJ,406864162
TS,411499006,TJ,410124782
TS,372803656,TJ,372244021
TS,403828569,TJ,403366198
TS,370920715,TJ,370476528
TS,378444061,TJ,378036391
TS,308359561,TJ,308082363
TS,289077794,TJ,288797624
TS,287029327,TJ,286759388
TS,370110959,TJ,369714047
TS,252449875,TJ,252183073
TS,396056606,TJ,395669601
TS,287477244,TJ,287212114
TS,252319181,TJ,252043995
TS,377071439,TJ,376644900
TS,289632647,TJ,289349552
TS,384333414,TJ,383948450
TS,429943891,TJ,429489364
TS,410689830,TJ,410001601
TS,410033611,TJ,409589810
TS,285371747,TJ,285100400
TS,412193548,TJ,411788332
TS,291051824,TJ,290752383
TS,408222832,TJ,407813877
TS,289869600,TJ,289600152
TS,253567439,TJ,253276021
TS,272958865,TJ,272675125
TS,277864905,TJ,277605378
TS,291309700,TJ,291015711
TS,390346380,TJ,389877268
TS,287399446,TJ,287135789
TS,406971704,TJ,406571535
TS,479825581,TJ,479435268
TS,372086484,TJ,371681315
TS,394553954,TJ,394138470
TS,375015253,TJ,374608359
TS,406570977,TJ,406143652
TS,398324286,TJ,397922538
TS,395784732,TJ,395364834
TS,420056962,TJ,419656029
TS,373855926,TJ,373443835
TS,407335965,TJ,406928470
TS,253883931,TJ,253590680
TS,417418080,TJ,416953934
TS,375021235,TJ,374507503
TS,420094055,TJ,419604536
TS,371091459,TJ,370659778
TS,373653094,TJ,372944526
TS,372704708,TJ,372218556
TS,417899949,TJ,417434197
TS,299793618,TJ,299537531
TS,373130696,TJ,372729596
TS,298901916,TJ,298620117
TS,408703368,TJ,408184184
TS,410803971,TJ,410163914
TS,412177814,TJ,411777543
TS,418339851,TJ,417905984
TS,373892127,TJ,373419927
TS,404271596,TJ,403839957
TS,286707602,TJ,286385311
TS,257881262,TJ,257592309
TS,316144620,TJ,312627144
TS,300780678,TJ,300507325
TS,402072507,TJ,401658800
TS,411039552,TJ,410604413
TS,410212681,TJ,409779368
TS,407408378,TJ,406973440
TS,407847350,TJ,407406612
TS,407034733,TJ,406525419
TS,378945007,TJ,378523298
TS,299591916,TJ,299309294
TS,253793619,TJ,253514549
TS,374248307,TJ,373827405
TS,251745095,TJ,251338217
TS,298922529,TJ,298653895
TS,297104425,TJ,296825779
TS,415645422,TJ,415067096
TS,405314158,TJ,404900452
TS,372447927,TJ,372046815
TS,377636656,TJ,377192661
TS,418511038,TJ,418084650
TS,379059394,TJ,378591934
TS,422126775,TJ,421666306
TS,302575116,TJ,302293267
TS,298116397,TJ,297835007
TS,286600155,TJ,286295218
TS,290056314,TJ,289796452
TS,395733809,TJ,395263875
TS,411369450,TJ,409668525
TS,409943156,TJ,409510363
TS,251401089,TJ,251102670
TS,406210033,TJ,405805264
TS,379449496,TJ,379051279
TS,410558050,TJ,410084173
TS,411736845,TJ,411313740
TS,288854104,TJ,288557518
TS,259403227,TJ,259113772
TS,409321301,TJ,408879737
TS,256698321,TJ,256405619
TS,277918255,TJ,277639030
TS,252763464,TJ,252494979
TS,251342473,TJ,251070890
TS,249692188,TJ,249397893
TS,250213913,TJ,249847234
TS,286566066,TJ,286303018
TS,249897455,TJ,249617726
TS,408735139,TJ,408244754
TS,286322568,TJ,285921379
TS,385504445,TJ,385110361
TS,417642824,TJ,417068173
TS,252312392,TJ,252036675
TS,413823992,TJ,413366753
TS,408729091,TJ,408341646
TS,373683025,TJ,373229237
TS,377616345,TJ,377159973
TS,286259779,TJ,285887726
TS,373022927,TJ,372602872
TS,295899236,TJ,295627535
TS,370909850,TJ,370525066
TS,408497446,TJ,408070650
TS,249562084,TJ,249278147
TS,273631245,TJ,273362259
TS,404858894,TJ,404451555
TS,370971811,TJ,370569044
TS,407188961,TJ,406779933
TS,426870756,TJ,426482065
TS,247227465,TJ,246956802
TS,251066419,TJ,250788756
TS,371680728,TJ,371175335
TS,404296903,TJ,403887256
TS,392037576,TJ,391626960
TS,252528634,TJ,252244812
TS,284454710,TJ,284154260
TS,386720021,TJ,386303648
TS,409431334,TJ,408904412
TS,371724678,TJ,371226354
TS,278886477,TJ,278603616
TS,411235222,TJ,410844836
TS,288382251,TJ,288104930
TS,290225358,TJ,289843783
TS,276025445,TJ,275763944
TS,377698286,TJ,377271331
TS,286765496,TJ,286503206
TS,248481745,TJ,248206775
TS,368587504,TJ,368162925
TS,378293486,TJ,377857194
TS,391252780,TJ,390824108
TS,292392335,TJ,292118712
TS,286398100,TJ,286132140
TS,428060873,TJ,427619496
TS,306957238,TJ,306688271
TS,370693934,TJ,370285627
TS,252858570,TJ,252574287
TS,408638434,TJ,408223701
TS,393992790,TJ,393575004
TS,406366332,TJ,405963515
TS,408618978,TJ,408192188
TS,369716487,TJ,369296629
TS,393161192,TJ,392757065
TS,419127205,TJ,418739244
TS,254444868,TJ,254132691
TS,411152375,TJ,410643633
TS,417603445,TJ,417174478
TS,406148880,TJ,405734176
TS,286139337,TJ,285841886
TS,377950193,TJ,377536570
TS,373847049,TJ,373431289
TS,296903632,TJ,296625119
TS,430824412,TJ,430361630
TS,405177125,TJ,404731523
TS,392954185,TJ,392541626
TS,420675741,TJ,420271347
TS,409677133,TJ,409245407
TS,270070634,TJ,269781369
TS,416903793,TJ,416491081
TS,370347400,TJ,369947205
TS,295154685,TJ,294878199
TS,283655672,TJ,283395518
TS,250364281,TJ,250084806
TS,372996632,TJ,372558648
TS,305637980,TJ,305372956
TS,369860115,TJ,369465698
TS,404757177,TJ,404313081
TS,392443881,TJ,392058683
TS,393184565,TJ,392776340
TS,406647580,TJ,406204238
TS,249302497,TJ,249033525
TS,273056357,TJ,272796301
TS,370516693,TJ,370107375
TS,275564080,TJ,275287723
TS,405849489,TJ,405432916
TS,394906965,TJ,394297228
TS,274794132,TJ,274500208
TS,391404382,TJ,390999549
TS,408211898,TJ,407807149
TS,287428682,TJ,287174720
TS,369768736,TJ,369353686
TS,298273832,TJ,297983525
TS,288722105,TJ,288423622
TS,393033753,TJ,392632955
TS,416491887,TJ,416095301
TS,407058755,TJ,406664997
TS,374187353,TJ,373764252
TS,257279853,TJ,257016837
TS,371992566,TJ,371188817
TS,374517195,TJ,374099778
TS,407693906,TJ,407256885
TS,384098224,TJ,383648973
TS,418280311,TJ,417848455
TS,393975469,TJ,393589178
TS,406800838,TJ,406404654
TS,398795143,TJ,398261383
TS,300652412,TJ,300353547
TS,305040602,TJ,304768586
TS,289860812,TJ,289582690
TS,410106271,TJ,409688720
TS,407240074,TJ,406853225
TS,373671242,TJ,372886907
TS,371513288,TJ,371058781
TS,405220200,TJ,404816858
TS,428414849,TJ,428017773
TS,404970139,TJ,404545325
TS,405418478,TJ,404989343
TS,408719410,TJ,408103623
TS,369875030,TJ,369488733
TS,369483856,TJ,369093058
TS,285390423,TJ,285126530
TS,252887442,TJ,252602851
TS,397768629,TJ,397164933
TS,419437936,TJ,419020112
TS,380571204,TJ,380167756
TS,418610834,TJ,418182962
TS,250013777,TJ,249735746
TS,285663516,TJ,285392577
TS,371473898,TJ,371062463
TS,394504049,TJ,394006315
TS,371874037,TJ,371496960
TS,250594208,TJ,250314278
TS,286939479,TJ,286643826
TS,370174394,TJ,369756743
TS,419903934,TJ,419485881
TS,307453257,TJ,307162333
TS,416827603,TJ,416409879
TS,397503282,TJ,397120374
TS,406396240,TJ,405977898
TS,370080384,TJ,369253285
TS,398011642,TJ,397577357
TS,418215638,TJ,417807340
TS,274893662,TJ,274631041
TS,287573866,TJ,287311087
TS,406380195,TJ,405957180
TS,251174105,TJ,250907717
TS,420196703,TJ,419796045
TS,373885402,TJ,373447918
TS,408281867,TJ,407883538
TS,410137145,TJ,409725103
TS,251436400,TJ,251155524
TS,410294575,TJ,409874556
TS,388496158,TJ,388059535
TS,306905657,TJ,306640776
TS,248518759,TJ,248237560
TS,407864787,TJ,407439308
TS,253196099,TJ,252932706
TS,406315266,TJ,405923112
TS,422309428,TJ,421861008
TS,382302825,TJ,378114354
TS,400745322,TJ,400266558
TS,395885409,TJ,395477064
TS,429152501,TJ,428764793
TS,377280183,TJ,376882542
TS,409464669,TJ,409018531
TS,369299373,TJ,368889405
TS,252240144,TJ,251959698
TS,251040514,TJ,250767011
TS,405870402,TJ,405483502
TS,374324988,TJ,373883509
TS,418119631,TJ,417697455
TS,407907749,TJ,407262146
TS,251015449,TJ,250739264
TS,407031595,TJ,406643785
TS,367929438,TJ,367482432
TS,307719963,TJ,307437895
TS,376918733,TJ,376485616
TS,385281564,TJ,379575128
TS,250179999,TJ,249886636
TS,381130922,TJ,380679686
TS,411786916,TJ,411359938
TS,417384552,TJ,416950921
TS,289446448,TJ,289126534
TS,394866239,TJ,394315922
TS,374027077,TJ,373575506
TS,370105265,TJ,369642995
TS,370741787,TJ,370316013
TS,366497022,TJ,366004243
TS,249740536,TJ,249366801
TS,247996386,TJ,247740719
TS,417248723,TJ,416590457
TS,297657494,TJ,297308723
TS,408294701,TJ,407773361
TS,405467594,TJ,404971028
TS,420849812,TJ,420446689
TS,374745857,TJ,374338087
TS,407057296,TJ,406585852
TS,410730032,TJ,410306030
TS,277315095,TJ,277032487
TS,372198380,TJ,371765812
TS,301218479,TJ,300915249
TS,410431755,TJ,409959407
TS,398556289,TJ,398229817
TS,411173897,TJ,410655177
TS,249044015,TJ,248772187
TS,380324301,TJ,379422414
TS,410698705,TJ,410222725
TS,407532397,TJ,406976716
TS,408272226,TJ,407848329
TS,251649027,TJ,251368680
TS,307218848,TJ,306928375
TS,289783298,TJ,289514214
TS,384132167,TJ,379807657
TS,408676583,TJ,408286883
TS,252760698,TJ,252491148
TS,309994448,TJ,309693828
TS,405962235,TJ,405523780
TS,284363023,TJ,284086033
TS,290252654,TJ,289962132
TS,408394196,TJ,407949537
TS,252316158,TJ,252068730
TS,377609140,TJ,377217248
TS,373298509,TJ,372913680
TS,372228710,TJ,371759546
TS,395215808,TJ,394748088
TS,410965844,TJ,410540578
TS,380241559,TJ,379833661
TS,427383805,TJ,426867885
TS,428899946,TJ,428435865
TS,413640187,TJ,413153147
TS,400013248,TJ,399599403
TS,254173497,TJ,253905936
TS,300116798,TJ,299828970
TS,311579465,TJ,311277552
TS,429569112,TJ,429097991
TS,399192340,TJ,398761124
TS,292543529,TJ,292261827
TS,412262316,TJ,411807489
TS,372749799,TJ,372318970
TS,409674354,TJ,409278117
TS,419825372,TJ,419423648
TS,413293925,TJ,412860723
TS,375176950,TJ,374624705
TS,292248896,TJ,291966536
TS,413373150,TJ,412899561
TS,412684605,TJ,412284031
TS,377641468,TJ,377250169
TS,412509657,TJ,412128011
TS,251872308,TJ,251613660
TS,374594400,TJ,374177981
TS,250094734,TJ,249815731
TS,376344713,TJ,375854511
TS,289461829,TJ,289198567
TS,378549773,TJ,378148221
TS,286986892,TJ,286730882
TS,375601294,TJ,375136221
TS,371668626,TJ,371089549
TS,396490529,TJ,395780418
TS,373808875,TJ,373284648
TS,409483197,TJ,409040811
TS,298521748,TJ,298251781
TS,288169993,TJ,287913039
TS,373123979,TJ,372258048
TS,397102629,TJ,396563053
TS,274090827,TJ,273707621
TS,252171557,TJ,251900187
TS,410571206,TJ,410183852
TS,406938993,TJ,406530810
TS,373777957,TJ,373269994
TS,407105187,TJ,406478055
TS,419093207,TJ,418604079
TS,416903841,TJ,416421133
TS,372031028,TJ,371610199
TS,372936432,TJ,372534496
TS,289196947,TJ,288913973
TS,372555177,TJ,372077670
TS,375849552,TJ,375454741
TS,421348630,TJ,420919320
TS,286914519,TJ,286539054
TS,269193404,TJ,268899781
TS,375613951,TJ,375187701
TS,412647465,TJ,412226807
TS,377219620,TJ,376833447
TS,412549731,TJ,412161605
TS,290480609,TJ,290139827
TS,378213884,TJ,377780199
TS,379449781,TJ,379052013
TS,260385438,TJ,260121897
TS,413628253,TJ,413243090
TS,293345064,TJ,293091046
TS,288686482,TJ,288406500
TS,413024614,TJ,412596124
TS,275231416,TJ,274876575
TS,409614090,TJ,409205018
TS,255244510,TJ,254974583
TS,395302303,TJ,394917261
TS,301197113,TJ,300952687
TS,255975893,TJ,255706340
TS,420895681,TJ,420467164
TS,410828510,TJ,410376289
TS,374587244,TJ,374176142
TS,253111007,TJ,252832444
TS,412294612,TJ,411894873
TS,255157994,TJ,254911949
TS,412577672,TJ,412174824
TS,436861975,TJ,436438410
TS,409771945,TJ,409371588
TS,375791412,TJ,375393436
TS,396268443,TJ,395788959
TS,254773699,TJ,254483639
TS,371578893,TJ,371038331
TS,253536980,TJ,253255912
TS,410221537,TJ,409553916
TS,378802781,TJ,377987263
TS,406594841,TJ,406219908
TS,276420034,TJ,276144579
TS,372631818,TJ,372195701
TS,252350774,TJ,252092342
TS,300417309,TJ,300168201
TS,410328270,TJ,409823811
TS,378709662,TJ,378344747
TS,408785182,TJ,408400993
TS,411903188,TJ,411507580
TS,378152280,TJ,377764443
TS,310630859,TJ,310315050
TS,411294239,TJ,410852733
TS,432941235,TJ,432515289
TS,408137803,TJ,407751471
TS,398090264,TJ,397697453
TS,380924655,TJ,380523616
TS,412564454,TJ,412146365
TS,288828645,TJ,288541737
TS,285017819,TJ,284751673
TS,377984055,TJ,377540308
TS,409530109,TJ,409121571
TS,272265743,TJ,271998073
TS,409037316,TJ,408638283
TS,372867897,TJ,372445147
TS,295439915,TJ,295187337
TS,405845918,TJ,405429675
TS,430769843,TJ,430318176
TS,375529951,TJ,375132580
TS,253813160,TJ,253533827
TS,432034814,TJ,431496358
TS,298741641,TJ,298489742
TS,405925394,TJ,405531011
TS,407897380,TJ,407504721
TS,409910657,TJ,409496356
TS,309058147,TJ,308789827
TS,409908131,TJ,409488799
TS,424166782,TJ,423748571
TS,313081718,TJ,312701504
TS,408237865,TJ,407736940
TS,304757361,TJ,304475507
TS,408110785,TJ,407709970
TS,291322322,TJ,291077737
TS,373126116,TJ,372711106
TS,371214393,TJ,370808794
TS,298423684,TJ,298165686
TS,385146010,TJ,384757826
TS,311578120,TJ,311306906
TS,407521250,TJ,407095003
TS,418099023,TJ,417668229
TS,286583978,TJ,286340281
TS,407284053,TJ,406916206
TS,252613407,TJ,252347977
TS,406757362,TJ,406339110
TS,289289928,TJ,288953326
TS,407357477,TJ,406925430
TS,286650708,TJ,286296470
TS,297688702,TJ,297433232
TS,275360471,TJ,275095135
TS,383192312,TJ,382793584
TS,255285716,TJ,255016127
TS,423932528,TJ,423472526
TS,374658060,TJ,373959008
TS,373919819,TJ,373534964
TS,380700329,TJ,380274195
TS,287383893,TJ,287106830
TS,407969739,TJ,407560584
TS,374142000,TJ,373615671
TS,372339141,TJ,371904188
TS,406038330,TJ,405565035
TS,268614764,TJ,268356327
TS,391833421,TJ,391453677
TS,288171868,TJ,287899388
TS,407703753,TJ,407259894
TS,372917439,TJ,370488675
TS,311472483,TJ,311211002
TS,375099046,TJ,374660292
TS,395585766,TJ,395160976
TS,374878376,TJ,374442003
TS,408891825,TJ,408492065
TS,374802150,TJ,374386700
TS,408222247,TJ,407789839
TS,375129227,TJ,374720224
TS,421259459,TJ,420591521
TS,376562667,TJ,375780673
TS,288124678,TJ,287843239
TS,405145857,TJ,404744254
TS,407432333,TJ,406973638
TS,377453266,TJ,377013513
TS,271475967,TJ,271162194
TS,410983333,TJ,410588548
TS,369823413,TJ,369372493
TS,429918524,TJ,429380965
TS,406852141,TJ,406389328
TS,393609417,TJ,393116996
TS,382565566,TJ,382052234
TS,278637845,TJ,278337963
TS,370818473,TJ,370432006
TS,381332305,TJ,380896818
TS,370998468,TJ,370490596
TS,405723089,TJ,405289939
TS,252038611,TJ,251751681
TS,379757341,TJ,379363112
TS,409659261,TJ,409272671
TS,298004317,TJ,297680279
TS,373160408,TJ,372578681
TS,373212034,TJ,372422840
TS,255028440,TJ,254765039
TS,294562638,TJ,294313671
TS,249820155,TJ,249562810
TS,274934980,TJ,274581912
TS,430492487,TJ,430023850
TS,250919752,TJ,250546015
TS,404888804,TJ,404502215
TS,298313182,TJ,298032747
TS,428282179,TJ,427866934
TS,394432361,TJ,394057687
TS,426334076,TJ,425842367
TS,407512505,TJ,407127495
TS,406079522,TJ,405649724
TS,429248052,TJ,428801978
TS,371196929,TJ,370804822
TS,405740708,TJ,405349907
TS,287935386,TJ,287669608
TS,410300206,TJ,409865186
TS,376746728,TJ,375968305
TS,288284905,TJ,288043971
TS,407017645,TJ,406626745
TS,420100969,TJ,419707731
TS,383382950,TJ,382991506
TS,409928109,TJ,409427610
TS,259329780,TJ,259064811
TS,299806897,TJ,299535831
TS,371392924,TJ,370982340
TS,395677377,TJ,395269141
TS,271974574,TJ,271705375
TS,368780704,TJ,368393073
