TS,296325514,TJ,293106857
TS,372211343,TJ,367161891
TS,371134744,TJ,368611069
TS,426053816,TJ,423531769
TS,281464430,TJ,278887201
TS,369389843,TJ,363846552
TS,286815182,TJ,284468152
TS,432721191,TJ,416786603
TS,372605758,TJ,366659007
TS,374847178,TJ,367654236
TS,245533016,TJ,243018148
TS,407436586,TJ,401216006
TS,382563939,TJ,379273067
TS,294016540,TJ,290881253
TS,400338554,TJ,398027896
TS,395192319,TJ,392543840
TS,422414776,TJ,416217762
TS,285070411,TJ,280617218
TS,404198663,TJ,401666016
TS,372086395,TJ,366873639
TS,425822912,TJ,423410684
TS,388927019,TJ,386027358
TS,282370533,TJ,276903146
TS,404634405,TJ,401548849
TS,366267482,TJ,363229202
TS,287889870,TJ,284525824
TS,370352794,TJ,367917942
TS,255621691,TJ,250282887
TS,290951925,TJ,285699593
TS,371529191,TJ,369104968
TS,399377772,TJ,396742713
TS,437881634,TJ,435157500
TS,384848995,TJ,381199035
TS,305062451,TJ,302721420
TS,370586890,TJ,367956861
TS,402358965,TJ,398010069
TS,367865215,TJ,365545916
TS,405613498,TJ,403259232
TS,393291953,TJ,390843271
TS,404734229,TJ,398163804
TS,295042945,TJ,292881399
TS,286907087,TJ,282801971
TS,248554882,TJ,246468616
TS,289199656,TJ,281595281
TS,301636224,TJ,296328628
TS,254540131,TJ,251855680
TS,402690905,TJ,400315890
TS,246881247,TJ,244155905
TS,247767542,TJ,244370637
TS,411755163,TJ,409388235
TS,402917557,TJ,399580331
TS,279040978,TJ,276827022
TS,280691522,TJ,278591846
TS,364304535,TJ,361998973
TS,399886248,TJ,394823492
TS,396794554,TJ,394431147
TS,403494507,TJ,394891705
TS,403753152,TJ,399132025
TS,367141574,TJ,363239335
TS,406891824,TJ,404430610
TS,411871942,TJ,409533385
TS,368162931,TJ,364499463
TS,449660597,TJ,443025742
TS,369753781,TJ,366329187
TS,375373486,TJ,370262491
TS,283412624,TJ,281367435
TS,251393214,TJ,249274017
TS,406380805,TJ,399346814
TS,289981607,TJ,285044617
TS,405915590,TJ,403716620
TS,413013053,TJ,410421916
TS,416051586,TJ,413014883
TS,428545153,TJ,426293875
TS,282801638,TJ,280709333
TS,430072218,TJ,427692605
TS,420567625,TJ,412461035
TS,249236701,TJ,247211639
TS,448973596,TJ,371004625
TS,424928755,TJ,419012103
TS,398677697,TJ,395600321
TS,406454755,TJ,404145955
TS,257595173,TJ,251292144
TS,428810325,TJ,424935962
TS,427369071,TJ,423053517
TS,268175979,TJ,264196481
TS,370696498,TJ,364325101
TS,548098688,TJ,545914955
TS,297337269,TJ,295211945
TS,386610981,TJ,383905766
TS,248360158,TJ,245706544
TS,250501111,TJ,248475022
TS,405647271,TJ,403466674
TS,394208980,TJ,391990125
TS,277187285,TJ,274493564
TS,403882523,TJ,401548583
TS,415850349,TJ,413716860
TS,376419234,TJ,371115826
TS,377539136,TJ,370714907
TS,420500116,TJ,418289730
TS,283559481,TJ,278710401
TS,279532669,TJ,277535491
TS,406506451,TJ,402777000
TS,373666092,TJ,371516213
TS,249247851,TJ,247207998
TS,372776533,TJ,370522959
TS,243564637,TJ,241615066
TS,396905092,TJ,392051371
TS,247857839,TJ,245235977
TS,271133573,TJ,269216114
TS,247694726,TJ,245654588
TS,394762346,TJ,388817794
TS,277324965,TJ,275305261
TS,248111252,TJ,246093351
TS,368810404,TJ,366688794
TS,285263586,TJ,283246481
TS,403438584,TJ,401288252
TS,402933965,TJ,400847828
TS,403084044,TJ,400869251
TS,400971023,TJ,398890948
TS,411216619,TJ,409009655
TS,404871008,TJ,402643785
TS,403938155,TJ,398645988
TS,373275103,TJ,371081477
TS,424550686,TJ,422087017
TS,290513885,TJ,278958404
TS,263505507,TJ,261576800
TS,367259623,TJ,362272642
TS,365334938,TJ,363213565
TS,247036046,TJ,245039436
TS,364881663,TJ,362805330
TS,281825919,TJ,279826687
TS,397914428,TJ,395749274
TS,402709651,TJ,400522636
TS,246693997,TJ,244716720
TS,243653975,TJ,241647495
TS,409035902,TJ,406830291
TS,371485962,TJ,369314852
TS,293206744,TJ,291222874
TS,371714325,TJ,369557791
TS,378848379,TJ,371899270
TS,393190154,TJ,391062943
TS,437977229,TJ,432644543
TS,372140913,TJ,369362720
TS,300277509,TJ,295111124
TS,301079763,TJ,299154267
TS,250973080,TJ,245364309
TS,431774797,TJ,425594844
TS,373748458,TJ,371610625
TS,248191263,TJ,246221086
TS,366842785,TJ,364722053
TS,401195953,TJ,399005136
TS,367650587,TJ,365290889
TS,399306501,TJ,397184297
TS,384920021,TJ,370966571
TS,409762811,TJ,407552554
TS,395648033,TJ,389545074
TS,402660006,TJ,400508369
TS,371164196,TJ,368389955
TS,423407704,TJ,411087165
TS,427492348,TJ,424797447
TS,391276043,TJ,389124635
TS,423933556,TJ,421780535
TS,413840801,TJ,408076648
TS,371882303,TJ,369214928
TS,280533089,TJ,278416778
TS,297558822,TJ,295534220
TS,407670370,TJ,405553699
TS,428193328,TJ,426095534
TS,249763363,TJ,247772754
TS,406337099,TJ,404172564
TS,372509802,TJ,370513672
TS,250406656,TJ,248444268
TS,279649394,TJ,277743929
TS,403096106,TJ,400961904
TS,395690685,TJ,393685490
TS,404832853,TJ,402708425
TS,372926701,TJ,367988600
TS,387921539,TJ,385888899
TS,300790889,TJ,298943385
TS,247789930,TJ,245791098
TS,404188228,TJ,401947801
TS,380144941,TJ,377980124
TS,407583685,TJ,401755427
TS,391413793,TJ,389327018
TS,390546645,TJ,387478596
TS,401634778,TJ,399516891
TS,404378064,TJ,399547284
TS,246839922,TJ,244848254
TS,367953234,TJ,365876036
TS,368437356,TJ,364307160
TS,391347168,TJ,389178023
TS,413951276,TJ,411727879
TS,404543819,TJ,399547801
TS,402589259,TJ,400416524
TS,388490709,TJ,386333997
TS,418377690,TJ,416284997
TS,253180305,TJ,251231699
TS,285597789,TJ,283743003
TS,254692210,TJ,252768376
TS,371203572,TJ,369145403
TS,372235201,TJ,370055872
TS,300419210,TJ,298544244
TS,306037448,TJ,304106906
TS,369241678,TJ,367150381
TS,416762447,TJ,414653351
TS,387878866,TJ,385626692
TS,306798345,TJ,304873701
TS,422663604,TJ,420189409
TS,395489421,TJ,392796712
TS,285139949,TJ,279229498
TS,280852813,TJ,277648048
TS,390951267,TJ,386050098
TS,413508671,TJ,411387106
TS,385159793,TJ,383143603
TS,365709274,TJ,363662234
TS,282230357,TJ,279529790
TS,374527454,TJ,371330424
TS,398364172,TJ,396214937
TS,404523506,TJ,399577643
TS,370482864,TJ,367126746
TS,253771134,TJ,246962866
TS,399039246,TJ,397019035
TS,404969508,TJ,399541072
TS,369918299,TJ,367767283
TS,290150427,TJ,286915552
TS,287676975,TJ,281795208
TS,381789250,TJ,368853113
TS,367578524,TJ,365306930
TS,395880527,TJ,393795346
TS,280897350,TJ,278259896
TS,404071100,TJ,401991238
TS,263393397,TJ,261486480
TS,308088337,TJ,306097316
TS,366863797,TJ,364049135
TS,305554703,TJ,303631746
TS,399258775,TJ,391468387
TS,248976945,TJ,247120842
TS,366704125,TJ,364657136
TS,403101018,TJ,401046183
TS,389722954,TJ,387676051
TS,370957152,TJ,366088987
TS,264022501,TJ,262108510
TS,401456927,TJ,399501925
TS,375134463,TJ,373029959
TS,368206739,TJ,366050021
TS,263174637,TJ,261306036
TS,242378283,TJ,240450069
TS,370436997,TJ,367998437
TS,371827227,TJ,369396091
TS,409942436,TJ,407834954
TS,407427791,TJ,402495880
TS,424541285,TJ,422493504
TS,247381667,TJ,245508649
TS,406665712,TJ,404706930
TS,372385519,TJ,368310258
TS,372845164,TJ,370797618
TS,387982387,TJ,382900127
TS,464673394,TJ,454707938
TS,413246727,TJ,411228940
TS,369708443,TJ,367658779
TS,278384829,TJ,276460941
TS,371799594,TJ,369311199
TS,293034833,TJ,286774344
TS,426991566,TJ,424987370
TS,249019592,TJ,247128345
TS,365942932,TJ,363680067
TS,417820034,TJ,411945177
TS,285001363,TJ,282970828
TS,377811533,TJ,375224509
TS,406799481,TJ,404756943
TS,409241346,TJ,401604075
TS,250203027,TJ,248334490
TS,279710796,TJ,277803759
TS,411286278,TJ,409163292
TS,394824938,TJ,392686728
TS,281687262,TJ,279728410
TS,367805689,TJ,365742629
TS,429677176,TJ,427621266
TS,372779068,TJ,370285621
TS,266066757,TJ,264232704
TS,370580486,TJ,368548349
TS,372520226,TJ,370104568
TS,394806866,TJ,392657823
TS,247331391,TJ,245453950
TS,369961793,TJ,367952065
TS,387417802,TJ,385376785
TS,374341416,TJ,368201641
TS,410412506,TJ,408131486
TS,401798780,TJ,399687090
TS,406749319,TJ,399165539
TS,372303576,TJ,364994491
TS,245906322,TJ,243596683
TS,424258585,TJ,421895902
TS,422338158,TJ,420206172
TS,367780909,TJ,365782643
TS,252037318,TJ,248263408
TS,413950706,TJ,411974608
TS,429447735,TJ,419937667
TS,371992498,TJ,370010739
TS,290592818,TJ,288726896
TS,279988580,TJ,278137946
TS,385373371,TJ,383384846
TS,284430591,TJ,273114483
TS,250924861,TJ,249133514
TS,405836138,TJ,401088175
TS,365078165,TJ,363125962
TS,367030084,TJ,365108810
TS,411825604,TJ,409868735
TS,293948370,TJ,291430347
TS,413630990,TJ,411637650
TS,390237881,TJ,388273269
TS,247096974,TJ,245289732
TS,417673438,TJ,413900235
TS,374100650,TJ,371743729
TS,285206837,TJ,283447115
TS,368369200,TJ,363592064
TS,375221789,TJ,373311204
TS,281144630,TJ,279352684
TS,416465278,TJ,414484357
TS,418729834,TJ,416816226
TS,280977426,TJ,278088016
TS,391203805,TJ,389127506
TS,370298120,TJ,368333685
TS,405343376,TJ,403493867
TS,282016965,TJ,280180976
TS,368959191,TJ,367106032
TS,283450724,TJ,281594991
TS,247436725,TJ,245649982
TS,407708197,TJ,404213789
TS,421759260,TJ,419903888
TS,400889568,TJ,398929291
TS,399834131,TJ,397986665
TS,413948301,TJ,412024155
TS,282677842,TJ,280882261
TS,245547363,TJ,240551499
TS,403159599,TJ,401373824
TS,244503531,TJ,241389306
TS,439956651,TJ,434969452
TS,376393326,TJ,367836177
TS,386157162,TJ,384283147
TS,369539906,TJ,364889113
TS,246870592,TJ,245094608
TS,404211397,TJ,402332876
TS,283387847,TJ,281550811
TS,391770610,TJ,389807993
TS,281681001,TJ,279907382
TS,255647518,TJ,253870907
TS,422256686,TJ,420386349
TS,396879960,TJ,394925774
TS,281613548,TJ,279823024
TS,409635260,TJ,407674215
TS,429346383,TJ,427381306
TS,419654890,TJ,417647633
TS,424789457,TJ,419429581
TS,287025008,TJ,285292190
TS,284890622,TJ,280016557
TS,393131478,TJ,391234560
TS,368970124,TJ,367021411
TS,409206654,TJ,404365227
TS,410202610,TJ,402210289
TS,378971055,TJ,371506423
TS,418900089,TJ,417046537
TS,389982063,TJ,388033867
TS,290644798,TJ,288896835
TS,243575769,TJ,241875577
TS,280083755,TJ,278317419
TS,282312705,TJ,280558788
TS,272871499,TJ,271156179
TS,399761567,TJ,397850981
TS,292469425,TJ,290659479
TS,374531965,TJ,372112525
TS,251145417,TJ,249475552
TS,366795242,TJ,365016611
TS,290715923,TJ,288942204
TS,244120873,TJ,242354584
TS,426249208,TJ,424390981
TS,403051811,TJ,401157887
TS,368252491,TJ,366308919
TS,370848371,TJ,368857951
TS,374074787,TJ,371725191
TS,405532034,TJ,403666025
TS,410885116,TJ,405375567
TS,368963974,TJ,366379748
TS,301533139,TJ,299710597
TS,371004210,TJ,369099348
TS,365789034,TJ,363915681
TS,376192097,TJ,374224257
TS,367594839,TJ,365593292
TS,370456780,TJ,368536380
TS,405193673,TJ,403269226
TS,249871536,TJ,248055673
TS,369161780,TJ,367264589
TS,246864743,TJ,245099972
TS,401499458,TJ,399650274
TS,369199188,TJ,367253455
TS,393191729,TJ,391150492
TS,379614028,TJ,373004808
TS,409194886,TJ,407300888
TS,383358904,TJ,381416863
TS,281453532,TJ,279665874
TS,366089925,TJ,364163225
TS,403316431,TJ,401380491
TS,291558460,TJ,289745509
TS,371178604,TJ,369175779
TS,294295299,TJ,292438999
TS,381373719,TJ,379541920
TS,376170245,TJ,374255970
TS,427971891,TJ,426060379
TS,370443507,TJ,368491313
TS,374991392,TJ,372581496
TS,373806098,TJ,371886299
TS,373008603,TJ,370189573
TS,369062574,TJ,367189417
TS,372309771,TJ,370378319
TS,368799652,TJ,366868121
TS,254297524,TJ,252504649
TS,398227346,TJ,396379640
TS,281627104,TJ,279885562
TS,369703516,TJ,367890062
TS,418645094,TJ,416672853
TS,367290221,TJ,365315881
TS,419239711,TJ,417397448
TS,393886340,TJ,392040965
TS,251858325,TJ,247762982
TS,366255328,TJ,364323226
TS,365752838,TJ,363839332
TS,373223267,TJ,369949180
TS,400260618,TJ,398356974
TS,405737346,TJ,403913991
TS,389440001,TJ,387435429
TS,390281526,TJ,388395392
TS,404988743,TJ,403139553
TS,270395452,TJ,268582833
TS,373388895,TJ,364461493
TS,386587891,TJ,384719676
TS,389844364,TJ,387889055
TS,371723294,TJ,366925286
TS,393496077,TJ,391621350
TS,284447979,TJ,282655568
TS,296107031,TJ,289514740
TS,371833522,TJ,369928665
TS,250940795,TJ,249069410
TS,426014110,TJ,424190178
TS,395429415,TJ,389604722
TS,407436839,TJ,405487369
TS,406414541,TJ,404536457
TS,403326379,TJ,401366291
TS,379865971,TJ,377516117
TS,374494907,TJ,372124947
TS,290179517,TJ,288421288
TS,371430647,TJ,369501536
TS,365985066,TJ,364127065
TS,398690967,TJ,396734931
TS,301685137,TJ,299876936
TS,281595082,TJ,279895526
TS,372537082,TJ,370630295
TS,281636602,TJ,279860997
TS,404008512,TJ,402120343
TS,395106405,TJ,393210426
TS,375656473,TJ,373288620
TS,264769080,TJ,262938761
TS,265212468,TJ,263471324
TS,373992207,TJ,372090299
TS,377380016,TJ,374981888
TS,369737451,TJ,367792124
TS,438806701,TJ,427223417
TS,395238636,TJ,392018808
TS,402411377,TJ,400523860
TS,401608930,TJ,399733635
TS,367331109,TJ,365463202
TS,248495060,TJ,243951293
TS,374589751,TJ,372729090
TS,390942601,TJ,389047539
TS,242300771,TJ,240556926
TS,294548503,TJ,292853493
TS,374592898,TJ,372377904
TS,415584697,TJ,413755717
TS,302148028,TJ,300429735
TS,268979189,TJ,267282189
TS,371018871,TJ,369182330
TS,373893890,TJ,371744680
TS,253680889,TJ,248778444
TS,368300380,TJ,366479648
TS,398445433,TJ,396315443
TS,393839066,TJ,390715202
TS,270228217,TJ,268273443
TS,284509461,TJ,282725752
TS,406890728,TJ,405051617
TS,283691078,TJ,281955918
TS,270866240,TJ,269151148
TS,304503948,TJ,302698982
TS,264728330,TJ,256189851
TS,370796414,TJ,368962258
TS,401122411,TJ,399312584
TS,361516954,TJ,359650580
TS,302007538,TJ,300244066
TS,411742890,TJ,405818966
TS,277118396,TJ,275429644
TS,407109835,TJ,398948873
TS,368343777,TJ,366573420
TS,368226767,TJ,366287590
TS,369802333,TJ,367972832
TS,422423927,TJ,420689660
TS,382207717,TJ,380377952
TS,366642453,TJ,364770577
TS,410190949,TJ,408390350
TS,367245037,TJ,365408992
TS,367186071,TJ,365298487
TS,397133418,TJ,391207819
TS,405906166,TJ,401809752
TS,407808557,TJ,405741695
TS,372880532,TJ,370944410
TS,281057850,TJ,279377366
TS,411074784,TJ,409284155
TS,403883903,TJ,402006578
TS,365765453,TJ,363868279
TS,408362836,TJ,403716083
TS,248570464,TJ,246859063
TS,251961038,TJ,250217857
TS,432062159,TJ,430250975
TS,371899302,TJ,367236239
TS,366692767,TJ,364837043
TS,281470027,TJ,279807684
TS,400726423,TJ,398881136
TS,283716280,TJ,279190970
TS,369207653,TJ,366960502
TS,245381686,TJ,243628717
TS,407070514,TJ,405263112
TS,403716368,TJ,401890299
TS,245778892,TJ,244142903
TS,420269453,TJ,418492519
TS,388985396,TJ,387118820
TS,374294398,TJ,372548751
TS,405827752,TJ,403582426
TS,245183633,TJ,243411895
TS,377784162,TJ,376037993
TS,416340832,TJ,414468866
TS,250936864,TJ,249133063
TS,366731046,TJ,364844710
TS,395806025,TJ,390338338
TS,284221242,TJ,279718545
TS,367392050,TJ,365537099
TS,400499534,TJ,398634469
TS,245048756,TJ,243301803
TS,303040349,TJ,301306474
TS,289752734,TJ,288073626
TS,371009535,TJ,369228136
TS,365966763,TJ,364128286
TS,422177742,TJ,420298770
TS,401762112,TJ,399849879
TS,284614705,TJ,282920829
TS,406211880,TJ,404340960
TS,251186824,TJ,249471570
TS,366421795,TJ,364542046
TS,402449873,TJ,400626233
TS,279751151,TJ,278061567
TS,255825553,TJ,254105080
TS,401180013,TJ,399378292
TS,387364933,TJ,385549601
TS,284874269,TJ,283236231
TS,281195464,TJ,279459581
TS,424125924,TJ,422184143
TS,300846538,TJ,299112020
TS,366049938,TJ,364239206
TS,282145997,TJ,280433070
TS,373314027,TJ,371049893
TS,370262479,TJ,368412784
TS,371031241,TJ,365270683
TS,263764642,TJ,261981610
TS,281771750,TJ,280084085
TS,384729040,TJ,376227195
TS,374893534,TJ,370298251
TS,432036752,TJ,430157133
TS,283619324,TJ,281863073
TS,372283030,TJ,370443155
TS,408490256,TJ,406581623
TS,371251327,TJ,369430911
TS,403132098,TJ,401238242
TS,402380110,TJ,400510567
TS,371864682,TJ,370027116
TS,372247630,TJ,370434127
TS,399792991,TJ,398014084
TS,452170319,TJ,445370307
TS,245178852,TJ,243612774
TS,368402040,TJ,366519602
TS,366382560,TJ,364558674
TS,399168590,TJ,397320618
TS,423775701,TJ,421975067
TS,285552657,TJ,283826671
TS,371293376,TJ,369430125
TS,399153860,TJ,397408627
TS,301472291,TJ,299789312
TS,427137508,TJ,424464941
TS,309410260,TJ,303052587
TS,404710810,TJ,402868603
TS,423535369,TJ,421433088
TS,401473683,TJ,399713659
TS,423116517,TJ,421216472
TS,423267911,TJ,421449084
TS,373984237,TJ,372232108
TS,370461296,TJ,368566007
TS,378884572,TJ,376639170
TS,373738894,TJ,371876429
TS,396202648,TJ,394430443
TS,409384095,TJ,404662753
TS,366535558,TJ,364728627
TS,371251920,TJ,366674362
TS,309442419,TJ,307740826
TS,250729460,TJ,248964717
TS,369465234,TJ,367616980
TS,399046260,TJ,397285403
TS,422170261,TJ,420357992
TS,284123790,TJ,282548066
TS,368535279,TJ,366759764
TS,397313646,TJ,395627185
TS,254898040,TJ,253217615
TS,373124273,TJ,371301992
TS,365527983,TJ,363715274
TS,369490315,TJ,367622383
TS,283989993,TJ,282250153
TS,375582814,TJ,373763563
TS,391478445,TJ,389669071
TS,403292539,TJ,401384229
TS,249921733,TJ,248249840
TS,371428712,TJ,369546933
TS,246708099,TJ,245064928
TS,374665015,TJ,372896836
TS,373068371,TJ,371271985
TS,284045324,TJ,282306222
TS,268018275,TJ,266338341
TS,370706493,TJ,368959824
TS,289758347,TJ,288067021
TS,249594304,TJ,247818636
TS,425022653,TJ,423285664
TS,371703482,TJ,369442439
TS,370008536,TJ,368261974
TS,402941520,TJ,401197158
TS,390669128,TJ,388856123
TS,248209860,TJ,243706635
TS,375938094,TJ,374097467
TS,402689439,TJ,400580964
TS,373749932,TJ,371564205
TS,423395661,TJ,415894534
TS,281018211,TJ,279409521
TS,302327471,TJ,300687373
TS,246044698,TJ,244306427
TS,367272821,TJ,365505000
TS,395405172,TJ,393644902
TS,400262317,TJ,398436461
TS,401372769,TJ,399602361
TS,412520362,TJ,410704932
TS,367057116,TJ,365251608
TS,288639222,TJ,286897058
TS,360549407,TJ,358858586
TS,402574950,TJ,400773287
TS,410011890,TJ,408193757
TS,407655075,TJ,405766285
TS,399963135,TJ,398122360
TS,365646111,TJ,363774908
TS,366223479,TJ,364460739
TS,367790327,TJ,366036097
TS,282496818,TJ,280820951
TS,378018756,TJ,375811483
TS,432159995,TJ,430418677
TS,412953343,TJ,411084970
TS,401803307,TJ,400056745
TS,295179308,TJ,290315215
TS,305320756,TJ,301134338
TS,284407263,TJ,282790872
TS,247422522,TJ,245821903
TS,383590321,TJ,381831341
TS,400880124,TJ,399107624
TS,362709924,TJ,360992718
TS,363727929,TJ,362055080
TS,248785486,TJ,247064306
TS,368755775,TJ,366976455
TS,390176312,TJ,388463410
TS,305060054,TJ,303385232
TS,255747762,TJ,254138226
TS,404784409,TJ,403035077
TS,378870510,TJ,374369108
TS,402460282,TJ,400609220
TS,246184321,TJ,244571309
TS,425649600,TJ,423898251
TS,265499106,TJ,263857210
TS,248910093,TJ,247187571
TS,403812914,TJ,402016415
TS,417802572,TJ,416028404
TS,391621502,TJ,389832029
TS,277439120,TJ,275726484
TS,402079734,TJ,400363156
TS,424208321,TJ,422418786
TS,372850116,TJ,369646888
TS,280492242,TJ,278790870
TS,372327527,TJ,367920596
TS,378609909,TJ,376544764
TS,246648926,TJ,244973654
TS,402734455,TJ,400938190
TS,398831362,TJ,396910118
TS,381249057,TJ,379007093
TS,251489984,TJ,249808170
TS,419504262,TJ,417688770
TS,379254852,TJ,374444893
TS,289072405,TJ,287436781
TS,297733774,TJ,295999969
TS,265639838,TJ,264038533
TS,421366911,TJ,419462208
TS,269234243,TJ,267561017
TS,378933251,TJ,377194552
TS,369273718,TJ,367273349
TS,423639054,TJ,421761889
TS,299045116,TJ,297406513
TS,396980941,TJ,395177489
TS,369082383,TJ,367286628
TS,404542349,TJ,392758995
TS,422356603,TJ,420520869
TS,248638693,TJ,246856752
TS,303942594,TJ,302369904
TS,296351499,TJ,291799902
TS,413785866,TJ,411998093
TS,382671100,TJ,380768925
TS,429434531,TJ,421364711
TS,247045899,TJ,245228595
TS,401451429,TJ,399420523
TS,367872323,TJ,366060489
TS,415258822,TJ,413467296
TS,278880614,TJ,277213770
TS,379742710,TJ,377608628
TS,403010260,TJ,401173360
TS,247954838,TJ,246228140
TS,286938685,TJ,285187805
TS,406008470,TJ,404243072
TS,272113825,TJ,270549605
TS,406332337,TJ,404529583
TS,283469302,TJ,280839502
TS,376794158,TJ,375096256
TS,283390126,TJ,281728035
TS,268744713,TJ,267198087
TS,280547736,TJ,278933616
TS,368371837,TJ,366586530
TS,367573536,TJ,365839699
TS,365182051,TJ,363432533
TS,367900336,TJ,366134334
TS,384881075,TJ,383152949
TS,383877523,TJ,382179099
TS,396831429,TJ,393816991
TS,421205500,TJ,419383691
TS,368519926,TJ,366761658
TS,399119700,TJ,397351249
TS,405469304,TJ,403662526
TS,399666714,TJ,398022261
TS,247439905,TJ,245819249
TS,280900754,TJ,279254038
TS,402947452,TJ,401282869
TS,371342375,TJ,369323249
TS,281459655,TJ,279843077
TS,372312326,TJ,370163649
TS,300944204,TJ,295456437
TS,375650828,TJ,370317913
TS,409961948,TJ,408201329
TS,293828973,TJ,292119419
TS,379944935,TJ,378138608
TS,266615110,TJ,264947938
TS,281951354,TJ,280311835
TS,367513114,TJ,365787373
TS,398637938,TJ,396871718
TS,416441918,TJ,414682276
TS,412346292,TJ,410662253
TS,400096977,TJ,398270671
TS,278688542,TJ,275727470
TS,366447051,TJ,364748978
TS,311798400,TJ,304425107
TS,367028823,TJ,365350089
TS,283674772,TJ,282004900
TS,401239732,TJ,396756754
TS,249528683,TJ,247868094
TS,393788415,TJ,391996273
TS,367583296,TJ,365822583
TS,368659542,TJ,364126431
TS,417992885,TJ,416237986
TS,281007414,TJ,279354670
TS,416145435,TJ,414429623
TS,248756535,TJ,244323854
TS,368755887,TJ,367005828
TS,302599174,TJ,300967444
TS,400942876,TJ,399112224
TS,249976553,TJ,245539391
TS,370082403,TJ,368300596
TS,398760986,TJ,396979589
TS,244844206,TJ,243193132
TS,471303497,TJ,398936321
TS,437633681,TJ,431524580
TS,367417498,TJ,363665784
TS,403167169,TJ,399964862
TS,250932213,TJ,249226382
TS,402645699,TJ,400896664
TS,247285075,TJ,245649573
TS,280992561,TJ,279351674
TS,392396564,TJ,390527118
TS,367776695,TJ,365054549
TS,463082761,TJ,453585136
TS,404455725,TJ,401504857
TS,417224349,TJ,415417595
TS,369745316,TJ,367978723
TS,402385487,TJ,400599654
TS,264283540,TJ,262641551
TS,391777520,TJ,389962194
TS,387081899,TJ,385328392
TS,366942701,TJ,362400302
TS,388380975,TJ,385262930
TS,370198436,TJ,368522192
TS,368656755,TJ,366887684
TS,405645709,TJ,401081847
TS,364198089,TJ,362528271
TS,292742593,TJ,291082997
TS,370143159,TJ,368159128
TS,281857739,TJ,280075472
TS,247539215,TJ,245931093
TS,380877992,TJ,375082933
TS,247322706,TJ,245680672
TS,375787635,TJ,371371284
TS,401136852,TJ,399272332
TS,368572209,TJ,366882493
TS,295529272,TJ,293854323
TS,376920238,TJ,374713612
TS,399544486,TJ,397759512
TS,296492954,TJ,294815534
TS,248467109,TJ,246894565
TS,406117792,TJ,401562487
TS,427922285,TJ,426214160
TS,370974947,TJ,369227630
TS,295107622,TJ,293406008
TS,405018581,TJ,403233380
TS,418538247,TJ,413387489
TS,369450809,TJ,367719624
TS,247899638,TJ,246136649
TS,297135234,TJ,295479730
TS,297831691,TJ,296203342
TS,370940706,TJ,369146585
TS,372846700,TJ,371017145
TS,250368306,TJ,248647289
TS,416894628,TJ,415157349
TS,389889629,TJ,388189434
TS,418352617,TJ,416587684
TS,282599643,TJ,280943207
TS,417353052,TJ,411034518
TS,397431935,TJ,395627970
TS,419750045,TJ,417981867
TS,248719113,TJ,247014721
TS,397020646,TJ,390518697
TS,403305801,TJ,398550393
TS,402536474,TJ,400429988
TS,404953156,TJ,403198343
TS,253428778,TJ,251787367
TS,368360067,TJ,366684040
TS,296208274,TJ,294624473
TS,277438992,TJ,273065067
TS,371575122,TJ,369926522
TS,428770346,TJ,426987524
TS,296875973,TJ,295250294
TS,390268353,TJ,388615167
TS,402795988,TJ,401074332
TS,392206542,TJ,385911046
TS,284937032,TJ,283297645
TS,388835861,TJ,387043284
TS,245862433,TJ,244136983
TS,302244723,TJ,299862872
TS,418552336,TJ,416898660
TS,244315544,TJ,242657984
TS,372935611,TJ,371176730
TS,376519639,TJ,367554233
TS,287275568,TJ,285622923
TS,415451151,TJ,413764533
TS,279782867,TJ,278195622
TS,281109023,TJ,279492907
TS,286779712,TJ,282357818
TS,596410356,TJ,589338470
TS,531932899,TJ,528494256
TS,375486424,TJ,373718052
TS,367818554,TJ,366108558
TS,277761224,TJ,276138437
TS,278928585,TJ,277345399
TS,371327201,TJ,369226765
TS,278975644,TJ,277329783
TS,402079329,TJ,400419898
TS,248367830,TJ,246615348
TS,369405077,TJ,367660595
TS,393499026,TJ,391855200
TS,379319412,TJ,377248466
TS,389041574,TJ,387259790
TS,408790456,TJ,407038801
TS,369927197,TJ,368209236
TS,285222461,TJ,283659154
TS,247508287,TJ,245891790
TS,370562203,TJ,368902839
TS,407622029,TJ,405924377
TS,285316830,TJ,283671455
TS,245015512,TJ,243487155
TS,422107038,TJ,420392387
TS,243688403,TJ,239059875
TS,508936722,TJ,503106695
TS,372608673,TJ,370307054
TS,373934051,TJ,369401508
TS,432526817,TJ,430699970
TS,428540806,TJ,426752128
TS,249472606,TJ,247861946
TS,251308806,TJ,246973276
TS,400438169,TJ,398773814
TS,401149444,TJ,399475380
TS,364396802,TJ,362678547
TS,299469365,TJ,297832434
TS,400563658,TJ,398796871
TS,244891601,TJ,243372625
TS,280448112,TJ,278879253
TS,251303333,TJ,249740360
TS,394686219,TJ,390172595
TS,403105051,TJ,401408107
TS,370633322,TJ,368939726
TS,367876533,TJ,366140619
TS,255767843,TJ,254278228
TS,408323526,TJ,406178911
TS,373581280,TJ,369479830
TS,410710913,TJ,406083115
TS,426295736,TJ,424514698
TS,369180581,TJ,367478559
TS,377059127,TJ,375321737
TS,280023899,TJ,278456322
TS,368113424,TJ,366489985
TS,368655672,TJ,366980702
TS,293190282,TJ,290386865
TS,402413528,TJ,400731550
TS,373425384,TJ,371831956
TS,367347781,TJ,365459778
TS,366540099,TJ,364835045
TS,404007113,TJ,400257357
TS,371653227,TJ,370072600
TS,404439116,TJ,402699193
TS,365853864,TJ,364176268
TS,413149986,TJ,405290992
TS,393886953,TJ,392234847
TS,299483911,TJ,296854984
TS,368301223,TJ,366584933
TS,402418818,TJ,400622670
TS,404560309,TJ,402874513
TS,391778122,TJ,387267336
TS,403823101,TJ,402130995
TS,283528298,TJ,281907169
TS,368928751,TJ,367326670
TS,247506180,TJ,243600963
TS,370474248,TJ,368764088
TS,406299831,TJ,404411378
TS,405029265,TJ,403354795
TS,306780739,TJ,305163348
TS,249472265,TJ,246458134
TS,405368540,TJ,403644997
TS,387142882,TJ,385485558
TS,368266987,TJ,366542139
TS,386216366,TJ,384525032
TS,281780043,TJ,274156322
TS,384183294,TJ,382580081
TS,251908463,TJ,250291330
TS,399692135,TJ,397947665
TS,367588608,TJ,365894213
TS,291473078,TJ,289834253
TS,367906574,TJ,364693325
TS,366959798,TJ,365323146
TS,282828720,TJ,281216528
TS,428537921,TJ,426743079
TS,401913047,TJ,400176848
TS,245588824,TJ,243976825
TS,306438939,TJ,304864226
TS,374221035,TJ,372140056
TS,415365130,TJ,413539405
TS,384335371,TJ,377084461
TS,393379254,TJ,391645416
TS,402979907,TJ,401224770
TS,279341021,TJ,277739298
TS,306494642,TJ,302467847
TS,399600643,TJ,397883235
TS,402517823,TJ,400817227
TS,247565149,TJ,245980441
TS,399378749,TJ,397697237
TS,290028286,TJ,288464437
TS,249279551,TJ,247755102
TS,415255497,TJ,412791992
TS,402540006,TJ,399559351
TS,283323624,TJ,281801545
TS,417552566,TJ,413047721
TS,389530307,TJ,387802952
TS,399645814,TJ,398017555
TS,417921791,TJ,416247299
TS,407265345,TJ,405563289
TS,369052540,TJ,367338008
TS,281466961,TJ,278459009
TS,401514316,TJ,399756614
TS,278849952,TJ,277315247
TS,369984475,TJ,368373943
TS,374386838,TJ,372662197
TS,370029620,TJ,365528670
TS,390351199,TJ,383921097
TS,280758686,TJ,279251398
TS,366563221,TJ,364939029
TS,403940948,TJ,402246965
TS,277222632,TJ,271304674
TS,397748109,TJ,396113623
TS,279811344,TJ,278258400
TS,368697075,TJ,364220260
TS,294965813,TJ,293400707
TS,251545486,TJ,247141916
TS,369639332,TJ,368004963
TS,400357958,TJ,398721534
TS,391798962,TJ,390047338
TS,286726329,TJ,285190269
TS,282044528,TJ,280523760
TS,243053560,TJ,241581677
TS,407784921,TJ,406122533
TS,388406671,TJ,386662946
TS,387827542,TJ,386183810
TS,410083714,TJ,405648513
TS,300916701,TJ,290886313
TS,423161172,TJ,421609183
TS,425331331,TJ,423639306
TS,370166535,TJ,368463492
TS,383190167,TJ,381540202
TS,285682717,TJ,284085290
TS,371066968,TJ,369399356
TS,410456857,TJ,403516952
TS,408469815,TJ,406827691
TS,403180401,TJ,401561388
TS,296232815,TJ,287803538
TS,401854802,TJ,400171531
TS,437749959,TJ,431869834
TS,281793771,TJ,280272015
TS,375513740,TJ,372026231
TS,367903570,TJ,366193652
TS,278862119,TJ,277319835
TS,246688206,TJ,242446572
TS,372410364,TJ,370797243
TS,252329523,TJ,244294418
TS,405579788,TJ,404025145
TS,427418827,TJ,425689635
TS,416820011,TJ,411789828
TS,375027290,TJ,369111111
TS,375529858,TJ,368787896
TS,397362428,TJ,390375407
TS,369121512,TJ,367483086
TS,368730917,TJ,366935046
TS,414878797,TJ,413218814
TS,285294333,TJ,280874369
TS,391144283,TJ,389528496
TS,371676699,TJ,370053705
TS,366309574,TJ,364683445
TS,422789981,TJ,421033266
TS,245992833,TJ,244541854
TS,364983927,TJ,363292485
TS,381775951,TJ,375009963
TS,269024704,TJ,262149709
TS,369505420,TJ,367502017
TS,403503351,TJ,401396819
TS,280886150,TJ,276553214
TS,291665804,TJ,290134955
TS,384671088,TJ,383023396
TS,385721479,TJ,384102062
TS,246806434,TJ,245294657
TS,403850756,TJ,402147757
TS,405014895,TJ,403479775
TS,370444476,TJ,368694716
TS,369656835,TJ,368068938
TS,426302238,TJ,424621534
TS,248516258,TJ,246747679
TS,309561641,TJ,307997174
TS,409327037,TJ,407716936
TS,417138633,TJ,415457120
TS,484610419,TJ,477549151
TS,427981794,TJ,426052691
TS,400330566,TJ,398653283
TS,294319611,TJ,292753091
TS,368729005,TJ,367147735
TS,245570020,TJ,244021785
TS,405346181,TJ,403733007
TS,281247210,TJ,279708215
TS,262532209,TJ,261020576
TS,415480605,TJ,413915779
TS,416047284,TJ,414375624
TS,280374606,TJ,278912175
TS,291250997,TJ,289754888
TS,283082962,TJ,281623103
TS,407097598,TJ,405501759
TS,278558173,TJ,276984222
TS,293264090,TJ,291742882
TS,281880330,TJ,277626303
TS,414705217,TJ,413089393
TS,366989775,TJ,365310929
TS,405361343,TJ,397170606
TS,416704794,TJ,415134239
TS,374395523,TJ,372703682
TS,250097550,TJ,248496228
TS,361679876,TJ,360062622
TS,367557661,TJ,365934877
TS,391722235,TJ,387362033
TS,402663538,TJ,398270834
TS,389838660,TJ,388261169
TS,310212391,TJ,305959319
TS,264558028,TJ,263143570
TS,282962114,TJ,281400145
TS,366630719,TJ,365106110
TS,281370261,TJ,279780651
TS,402647460,TJ,400990058
TS,246344333,TJ,242205464
TS,243931705,TJ,242420708
TS,279212279,TJ,277706431
TS,303485711,TJ,301991942
TS,404173391,TJ,399601897
TS,402741079,TJ,401122633
TS,426979565,TJ,425359483
TS,370677237,TJ,369083941
TS,296902277,TJ,295368649
TS,366488658,TJ,364922630
TS,370267880,TJ,368578161
TS,285259289,TJ,283732856
TS,255010243,TJ,250704205
TS,266724390,TJ,265217194
TS,412036898,TJ,410408886
TS,382661899,TJ,381019401
TS,404649872,TJ,402965509
TS,394136130,TJ,392291486
TS,370143849,TJ,368459406
TS,411088248,TJ,409455171
TS,404345074,TJ,402548275
TS,246551459,TJ,245019689
TS,401377238,TJ,399704837
TS,401550230,TJ,399935365
TS,401401865,TJ,399883349
TS,403677546,TJ,402038846
TS,284925930,TJ,280709119
TS,366681894,TJ,365052131
TS,374044763,TJ,372408163
TS,245705457,TJ,243052693
TS,282858870,TJ,281359652
TS,406947712,TJ,402517657
TS,369018122,TJ,367383450
TS,421278105,TJ,419753449
TS,404126463,TJ,402277815
TS,254005086,TJ,252504625
TS,392160963,TJ,390608363
TS,251418757,TJ,248884808
TS,366644196,TJ,365052477
TS,364786962,TJ,363163612
TS,365934625,TJ,364241816
TS,405412513,TJ,403604388
TS,371178391,TJ,369494534
TS,401168585,TJ,399486848
TS,370159687,TJ,368562141
TS,365796050,TJ,364150833
TS,403048344,TJ,401132464
TS,371308917,TJ,369519914
TS,418223788,TJ,416538368
TS,400698768,TJ,399110428
TS,367404368,TJ,365784376
TS,408604915,TJ,406105670
TS,372796039,TJ,368326191
TS,422781272,TJ,421025941
TS,405416835,TJ,402117760
TS,365344294,TJ,363783767
TS,424298076,TJ,422606629
TS,402807537,TJ,401031630
TS,283424797,TJ,281962334
TS,294443732,TJ,292918967
TS,427883679,TJ,426235826
TS,423055139,TJ,421476225
TS,407607564,TJ,399345050
TS,286230600,TJ,278174218
TS,401016230,TJ,395695300
TS,423406476,TJ,421797764
TS,423289035,TJ,421486490
TS,427621476,TJ,426012746
TS,371690691,TJ,370078405
TS,240836250,TJ,239295342
TS,391642596,TJ,389856982
TS,368521454,TJ,366783804
TS,401313436,TJ,399693658
TS,402345953,TJ,400766152
TS,402967426,TJ,401009458
TS,379714772,TJ,373305986
TS,366604591,TJ,364924796
TS,246240303,TJ,244596840
TS,247329051,TJ,245847596
TS,290311938,TJ,288770963
TS,279116177,TJ,277660538
TS,425817274,TJ,424158111
TS,371908979,TJ,369847874
TS,372783836,TJ,371183027
TS,401921731,TJ,400262332
TS,368387225,TJ,366447879
TS,372097584,TJ,370432248
TS,404789092,TJ,403140278
TS,401268029,TJ,399621206
TS,404798604,TJ,403082236
TS,396004055,TJ,394156919
TS,416721962,TJ,415073388
TS,257188355,TJ,255602312
TS,281890830,TJ,280354811
TS,410718434,TJ,408920303
TS,374358265,TJ,369946686
TS,304303558,TJ,299892817
TS,265365983,TJ,263845204
TS,421727425,TJ,420170259
TS,291380442,TJ,289852998
TS,270825494,TJ,269287820
TS,284249929,TJ,282755544
TS,369987463,TJ,368416529
TS,414300323,TJ,412682462
TS,410333569,TJ,408604745
TS,407072565,TJ,405438113
TS,403272931,TJ,401631967
TS,393843076,TJ,392235731
TS,249861413,TJ,248434758
TS,250621010,TJ,246214407
TS,428256899,TJ,423194180
TS,403173088,TJ,401549116
TS,293119972,TJ,291510113
TS,404381402,TJ,402754121
TS,283151513,TJ,281633615
TS,410489160,TJ,408825004
TS,267237879,TJ,265731915
TS,247981632,TJ,246484012
TS,247002059,TJ,245512575
TS,399757850,TJ,398065927
TS,368495085,TJ,366951523
TS,399598110,TJ,397919928
TS,280419054,TJ,278978414
TS,369382371,TJ,367645020
TS,371772887,TJ,370104829
TS,373736463,TJ,371364511
TS,397439300,TJ,390425102
TS,405238281,TJ,403643825
TS,301624679,TJ,300104873
TS,264233445,TJ,262667543
TS,277768624,TJ,276324034
TS,395348105,TJ,393683214
TS,414672201,TJ,412964873
TS,364452749,TJ,361813330
TS,245697012,TJ,244222715
TS,402575544,TJ,400978405
TS,420986579,TJ,419200463
TS,387199799,TJ,385520078
TS,394870061,TJ,393285908
TS,294243409,TJ,292696932
TS,405383710,TJ,401015893
TS,247538732,TJ,245871564
TS,278940723,TJ,277488771
TS,368361056,TJ,366693557
TS,365750068,TJ,364121320
TS,279958171,TJ,278432370
TS,428774322,TJ,427104008
TS,380928753,TJ,379283172
TS,414120179,TJ,412439529
TS,404843016,TJ,403256335
TS,377415274,TJ,375324100
TS,251155494,TJ,249562198
TS,392576291,TJ,390929522
TS,419319941,TJ,417708530
TS,370269113,TJ,368489831
TS,285563808,TJ,283125443
TS,428144297,TJ,426399465
TS,405346072,TJ,403448499
TS,371801170,TJ,370126518
TS,407407261,TJ,405655273
TS,378602739,TJ,366534625
TS,265182449,TJ,263700688
TS,401336477,TJ,399671784
TS,407806225,TJ,406050339
TS,395809069,TJ,394081151
TS,243781697,TJ,242255879
TS,365838247,TJ,364216805
TS,401643825,TJ,399920600
TS,295546861,TJ,294035186
TS,305356891,TJ,303829560
TS,395184609,TJ,393386730
TS,428676776,TJ,427088678
TS,400620285,TJ,398989546
TS,387727566,TJ,386025040
TS,377997463,TJ,375841708
TS,403463606,TJ,401835373
TS,385384361,TJ,383732667
TS,285398266,TJ,283871044
TS,377148804,TJ,375577350
TS,396614754,TJ,394967462
TS,366182805,TJ,364524161
TS,366926945,TJ,365367570
TS,367895226,TJ,366169822
TS,403618517,TJ,399201444
TS,262889967,TJ,261295349
TS,402259534,TJ,400625747
TS,373259982,TJ,368793817
TS,396086034,TJ,394455050
TS,400841226,TJ,399202020
TS,403553777,TJ,402014042
TS,425252773,TJ,423545169
TS,368513706,TJ,366743210
TS,423909384,TJ,416215240
TS,401662221,TJ,400061509
TS,397530830,TJ,395842507
TS,406976894,TJ,405369039
TS,372809483,TJ,371111555
TS,367157980,TJ,364438968
TS,369331465,TJ,367659965
TS,364152314,TJ,362553045
TS,273115596,TJ,266112550
TS,402873490,TJ,401371829
TS,420740631,TJ,419073578
TS,406191221,TJ,404484071
TS,405174879,TJ,403517660
TS,392365083,TJ,390618904
TS,248392951,TJ,246755491
TS,365949511,TJ,364358557
TS,289112890,TJ,287590321
TS,365945970,TJ,364402496
TS,369297505,TJ,367645258
TS,381823818,TJ,379730981
TS,371090616,TJ,368995754
TS,411475994,TJ,408889072
TS,291067638,TJ,288029259
TS,382554438,TJ,374899078
TS,416134951,TJ,413687773
TS,425593735,TJ,421487800
TS,387238354,TJ,384741063
TS,424820763,TJ,420524506
TS,251030953,TJ,248801435
TS,404447596,TJ,401065024
TS,413500721,TJ,410382877
TS,305092875,TJ,298539790
TS,412491571,TJ,410140935
TS,289405111,TJ,287208306
TS,409234186,TJ,406817722
TS,270603554,TJ,268381088
TS,289301851,TJ,285302762
TS,410974741,TJ,406878959
TS,253395311,TJ,250062875
TS,439707249,TJ,437188190
TS,304241896,TJ,302120468
TS,372824451,TJ,369775366
TS,428430915,TJ,422724056
TS,433765755,TJ,431173632
TS,289975676,TJ,287916249
TS,244938071,TJ,242676594
TS,274806516,TJ,272661453
TS,298394427,TJ,287201797
TS,415054360,TJ,411310886
TS,310082270,TJ,305433463
TS,287676016,TJ,285468808
TS,385519951,TJ,382963486
TS,411764838,TJ,409445998
TS,376471223,TJ,370258978
TS,406241178,TJ,403867814
TS,375008835,TJ,371462699
TS,295762446,TJ,291418582
TS,403575120,TJ,395377187
TS,426874423,TJ,423237165
TS,379231568,TJ,373094325
TS,247635764,TJ,244344863
TS,374125625,TJ,371837346
TS,408182205,TJ,405206531
TS,376934049,TJ,374631656
TS,414971582,TJ,411377610
TS,288034617,TJ,284835890
TS,397504776,TJ,395224452
TS,250328868,TJ,248244106
TS,423547569,TJ,420987187
TS,379736517,TJ,374038525
TS,386634394,TJ,381095493
TS,377090658,TJ,372716565
TS,375001070,TJ,370218999
TS,387450835,TJ,385024232
TS,418348749,TJ,415945263
TS,255786825,TJ,252128978
TS,406196860,TJ,403939561
TS,408518088,TJ,403175067
TS,392177355,TJ,389060507
TS,412455233,TJ,406694901
TS,421231217,TJ,415711904
TS,418072474,TJ,415809234
TS,422713968,TJ,419204884
TS,409495464,TJ,406505176
TS,384704966,TJ,382385248
TS,284166268,TJ,280735168
TS,379668090,TJ,371472157
TS,385239639,TJ,383077686
TS,299898823,TJ,297879311
TS,431547873,TJ,426353433
TS,417806492,TJ,415603589
TS,392862266,TJ,390632581
TS,399368264,TJ,390964144
TS,286133069,TJ,282969455
TS,440148384,TJ,437655209
TS,374378603,TJ,368940049
TS,378980136,TJ,373230973
TS,405612770,TJ,403504200
TS,275006108,TJ,273008034
TS,373200695,TJ,360978540
TS,374489233,TJ,372313794
TS,438510280,TJ,436116195
TS,404645953,TJ,402501488
TS,370772242,TJ,367379681
TS,379674854,TJ,372977689
TS,426277721,TJ,423968213
TS,441934541,TJ,439593453
TS,327831414,TJ,320304110
TS,249965897,TJ,248042332
TS,392393188,TJ,390156343
TS,385399346,TJ,382184510
TS,311369521,TJ,306613836
TS,425655242,TJ,423494404
TS,288056602,TJ,286098718
TS,404873273,TJ,402673205
TS,308420567,TJ,306408088
TS,412253387,TJ,408778847
TS,253620158,TJ,251544690
TS,369057224,TJ,366839494
TS,408715803,TJ,402352812
TS,375529496,TJ,371384033
TS,370828775,TJ,368717298
TS,254665516,TJ,252070551
TS,276302901,TJ,273872239
TS,379942485,TJ,377738715
TS,297054574,TJ,295033506
TS,300801982,TJ,298713345
TS,412001951,TJ,409765521
TS,251156541,TJ,247370308
TS,422079384,TJ,405962954
TS,249892745,TJ,247805333
TS,423325891,TJ,419283516
TS,425250187,TJ,423071961
TS,371680106,TJ,369493014
TS,372326488,TJ,369856965
TS,371218131,TJ,369111280
TS,291011733,TJ,289057590
TS,371627777,TJ,369274724
TS,404891883,TJ,402306951
TS,398199733,TJ,395741179
TS,411418112,TJ,408761717
TS,407485781,TJ,405304782
TS,412443068,TJ,408990010
TS,263961571,TJ,259476077
TS,287139254,TJ,285214064
TS,410611155,TJ,408458806
TS,283059209,TJ,281169973
TS,406998911,TJ,404860551
TS,425404365,TJ,422536296
TS,436259892,TJ,433797119
TS,284114406,TJ,282219853
TS,287740001,TJ,285767017
TS,379204529,TJ,376944641
TS,455217040,TJ,448871856
TS,289529528,TJ,287486581
TS,379707906,TJ,377503656
TS,411508528,TJ,409350871
TS,274872753,TJ,272915441
TS,393381737,TJ,391206907
TS,292584160,TJ,285273811
TS,441617246,TJ,434295296
TS,374463285,TJ,368635835
TS,290290631,TJ,287598395
TS,291554850,TJ,289501954
TS,314690047,TJ,308091958
TS,374118975,TJ,372114171
TS,279032074,TJ,277003115
TS,273231945,TJ,271336661
TS,429594190,TJ,427493910
TS,429152977,TJ,426260814
TS,378307736,TJ,376200441
TS,435349205,TJ,426910533
TS,736567422,TJ,734451290
TS,287266591,TJ,281949411
TS,267038737,TJ,265092537
TS,410062908,TJ,407911110
TS,248971771,TJ,247025619
TS,369103037,TJ,366743876
TS,423303090,TJ,417849513
TS,407868659,TJ,405745171
TS,410444669,TJ,408339519
TS,399522633,TJ,397435863
TS,426222157,TJ,424083742
TS,376833235,TJ,374742234
TS,380081710,TJ,377973764
TS,253172171,TJ,251189593
TS,394590538,TJ,392291114
TS,377773615,TJ,373136884
TS,404072032,TJ,401927107
TS,253758155,TJ,251926191
TS,414643009,TJ,412528183
TS,375033490,TJ,372878828
TS,291612810,TJ,287778848
TS,433117061,TJ,431029584
TS,430549500,TJ,428432413
TS,411419867,TJ,409211232
TS,397622734,TJ,393140140
TS,393975927,TJ,384986298
TS,299035021,TJ,292983751
TS,255089442,TJ,253216094
TS,424514451,TJ,419668819
TS,321494871,TJ,315353074
TS,315704221,TJ,313298329
TS,396522114,TJ,392467322
TS,384338029,TJ,373101462
TS,420069133,TJ,417205509
TS,383175244,TJ,373551720
TS,377728232,TJ,372982439
TS,284776377,TJ,281878336
TS,373369271,TJ,371426043
TS,405325400,TJ,402340326
TS,380831141,TJ,378111369
TS,432256341,TJ,430160409
TS,380817075,TJ,378676330
TS,407543870,TJ,405410286
TS,379108381,TJ,376986966
TS,291597711,TJ,289679286
TS,383444348,TJ,380864882
TS,418188548,TJ,413389914
TS,437448036,TJ,435183667
TS,378849450,TJ,376263431
TS,421801185,TJ,419292044
TS,288790092,TJ,286286297
TS,376223049,TJ,370742808
TS,253159533,TJ,249809642
TS,313568687,TJ,311727428
TS,402108098,TJ,400023553
TS,416641533,TJ,414529546
TS,271669683,TJ,268871433
TS,296081971,TJ,294258127
TS,432357480,TJ,428208637
TS,396084961,TJ,390147654
TS,407673848,TJ,405520558
TS,289987188,TJ,286934454
TS,291816727,TJ,289995100
TS,398279052,TJ,395992261
TS,376636137,TJ,374577013
TS,435316246,TJ,433087883
TS,419652477,TJ,417635435
TS,286131281,TJ,279665690
TS,286681135,TJ,284808952
TS,374124095,TJ,372121247
TS,373612350,TJ,371670806
TS,430056884,TJ,426166958
TS,380704920,TJ,378660723
TS,408189518,TJ,406119611
TS,301080590,TJ,299036786
TS,300744280,TJ,298810844
TS,286631937,TJ,283715925
TS,378552350,TJ,375871028
TS,371959310,TJ,369815560
TS,392312414,TJ,390419284
TS,372286954,TJ,369977605
TS,259693804,TJ,257832330
TS,405479775,TJ,403483308
TS,395695819,TJ,392170562
TS,407117349,TJ,405158828
TS,259765244,TJ,255052806
TS,399700290,TJ,394890221
TS,372464523,TJ,370435570
TS,377815109,TJ,375256075
TS,378172362,TJ,376087976
TS,414058812,TJ,408185290
TS,249429859,TJ,247412984
TS,376153230,TJ,373487005
TS,391924078,TJ,389812332
TS,404661589,TJ,402643536
TS,369089337,TJ,367056890
TS,385844038,TJ,383866149
TS,372240498,TJ,367708305
TS,396856003,TJ,391847578
TS,340960536,TJ,333678780
TS,254952676,TJ,253037931
TS,385962825,TJ,376571802
TS,253842314,TJ,250451463
TS,255155432,TJ,250487816
TS,250746170,TJ,248850336
TS,249304860,TJ,247414901
TS,374635496,TJ,372119508
TS,253852501,TJ,250818341
TS,307578391,TJ,305681699
TS,432732661,TJ,425638098
TS,407126948,TJ,405192344
TS,304633464,TJ,302758034
TS,420522378,TJ,414788620
TS,379544344,TJ,376937163
TS,375436417,TJ,373320384
TS,412972106,TJ,409824002
TS,374293958,TJ,371786659
TS,287241532,TJ,282582889
TS,303566568,TJ,301654535
TS,391961483,TJ,389267298
TS,379541191,TJ,377480328
TS,255580441,TJ,253569522
TS,399367493,TJ,394432817
TS,410891191,TJ,407881831
TS,377101120,TJ,373815423
TS,406128003,TJ,404157128
TS,411370194,TJ,409419312
TS,271733485,TJ,267547820
TS,313417152,TJ,309175609
TS,406847127,TJ,404740801
TS,407839118,TJ,405758598
TS,304119969,TJ,295399208
TS,406147740,TJ,404221273
TS,406760399,TJ,404735402
TS,435777296,TJ,430865685
TS,378534018,TJ,376442324
TS,405461390,TJ,403385080
TS,408835702,TJ,406845108
TS,377976496,TJ,376006319
TS,278001814,TJ,269438711
TS,421527885,TJ,419585555
TS,393727883,TJ,388881217
TS,427074184,TJ,425029299
TS,451375297,TJ,443633266
TS,376465818,TJ,374601515
TS,409517164,TJ,404698357
TS,370263840,TJ,365518963
TS,407588073,TJ,404157710
TS,404816337,TJ,400484874
TS,418846079,TJ,411624794
TS,271737357,TJ,269880713
TS,431708981,TJ,429836357
TS,370251920,TJ,368276758
TS,370583967,TJ,367178346
TS,254576615,TJ,249478532
TS,429738280,TJ,427894262
TS,410819900,TJ,408879736
TS,394794514,TJ,392878239
TS,405448844,TJ,403500680
TS,408359261,TJ,406364319
TS,248539844,TJ,246735921
TS,370853849,TJ,369002887
TS,370975492,TJ,369065615
TS,403891316,TJ,401922947
TS,405551397,TJ,403721380
TS,372471474,TJ,370539128
TS,421361212,TJ,419550608
TS,412282297,TJ,410331430
TS,406903641,TJ,405029082
TS,429841414,TJ,427951724
TS,386672215,TJ,384684244
TS,397254597,TJ,395330543
TS,297941326,TJ,296199836
TS,254778985,TJ,253101534
TS,300792397,TJ,299066544
TS,371272297,TJ,369421899
TS,405286882,TJ,401027267
TS,366609792,TJ,282074401
TS,389417311,TJ,387407963
TS,347846521,TJ,340752965
TS,420805088,TJ,413669828
TS,403322970,TJ,401453845
TS,398805839,TJ,396790130
TS,395163244,TJ,393312095
TS,393692938,TJ,391810308
TS,296552182,TJ,294684851
TS,405295805,TJ,403326540
TS,424551558,TJ,421592849
TS,378894673,TJ,375885023
TS,374821638,TJ,373017709
TS,407880248,TJ,405967833
TS,409503143,TJ,407336597
TS,373324940,TJ,371388440
TS,406925380,TJ,404960830
TS,386911426,TJ,384950628
TS,415676690,TJ,407644343
TS,411610763,TJ,409850851
TS,397088849,TJ,395016640
TS,378528028,TJ,373684908
TS,404209505,TJ,402363112
TS,308083864,TJ,306313602
TS,307881531,TJ,303262788
TS,277595945,TJ,275840436
TS,299386809,TJ,297645086
TS,254438822,TJ,252714868
TS,374511758,TJ,370152158
TS,252132124,TJ,250151843
TS,379615174,TJ,375022553
TS,374474147,TJ,372581938
TS,396094695,TJ,394191047
TS,299622042,TJ,297999174
TS,370139904,TJ,368435107
TS,298940919,TJ,297197216
TS,371151588,TJ,369282261
TS,252510929,TJ,250778699
TS,419174798,TJ,417334316
TS,411029408,TJ,409151829
TS,399824484,TJ,398073982
TS,374991480,TJ,373005427
TS,426726557,TJ,424929927
TS,408957044,TJ,405752595
TS,372907922,TJ,370976557
TS,295775565,TJ,293977461
TS,300375247,TJ,295808591
TS,300662632,TJ,298055830
TS,372566889,TJ,363879554
TS,401626079,TJ,399745249
TS,411172661,TJ,407627182
TS,285623182,TJ,283898167
TS,368824183,TJ,367019674
TS,300673862,TJ,296452163
TS,404616149,TJ,402881668
TS,284539166,TJ,276299630
TS,398179606,TJ,393594951
TS,406338288,TJ,404409130
TS,371616911,TJ,368667650
TS,392213195,TJ,390404821
TS,378202857,TJ,376391295
TS,268012787,TJ,266405531
TS,283500484,TJ,281796122
TS,403707579,TJ,401853573
TS,399460897,TJ,393645071
TS,386756282,TJ,381091713
TS,423429893,TJ,421614640
TS,380954704,TJ,377463322
TS,411824536,TJ,409700049
TS,287810428,TJ,286016617
TS,382266366,TJ,380391701
TS,425960901,TJ,424066492
TS,300171514,TJ,297740895
TS,378290109,TJ,376427002
TS,375489728,TJ,373490795
TS,287795274,TJ,286141564
TS,290224295,TJ,288476285
TS,401526255,TJ,399628941
TS,374668200,TJ,366650438
TS,249809033,TJ,248147779
TS,375087314,TJ,369990663
TS,367258928,TJ,365289418
TS,406581164,TJ,404689765
TS,305761989,TJ,304040592
TS,372073382,TJ,370196449
TS,406188444,TJ,404323752
TS,376444476,TJ,371613348
TS,412145098,TJ,410259970
TS,369146446,TJ,367208198
TS,403838915,TJ,401944729
TS,371148961,TJ,369277821
TS,412013358,TJ,408113705
TS,368562448,TJ,366697441
TS,408936004,TJ,407062389
TS,388624030,TJ,386742770
TS,270010910,TJ,268234658
TS,369644758,TJ,367845751
TS,398541787,TJ,393799601
TS,288411387,TJ,286634118
TS,370638114,TJ,368834236
TS,406845297,TJ,404955605
TS,417584463,TJ,415623056
TS,380658786,TJ,378789608
TS,436595936,TJ,433373111
TS,411846990,TJ,407007271
TS,376425775,TJ,372670425
TS,422912042,TJ,421037199
TS,371780072,TJ,369890453
TS,380244950,TJ,371540108
TS,253937093,TJ,252215754
TS,294710434,TJ,289587295
TS,419155401,TJ,417301268
TS,411004921,TJ,408794152
TS,424479053,TJ,412417346
TS,399331303,TJ,397451474
TS,288693401,TJ,286932058
TS,288975579,TJ,287259113
TS,409290885,TJ,407430662
TS,299685512,TJ,297956926
TS,249365732,TJ,247659143
TS,409989123,TJ,408139910
TS,432468133,TJ,430576298
TS,312136884,TJ,310409077
TS,251670892,TJ,250078564
TS,377355355,TJ,375457591
TS,429756219,TJ,427796918
TS,383385891,TJ,381527309
TS,395947292,TJ,394037826
TS,246814617,TJ,245065933
TS,376708008,TJ,374784176
TS,425556750,TJ,416257294
TS,411230955,TJ,405747769
TS,298470053,TJ,296706194
TS,257021677,TJ,255333374
TS,286506300,TJ,284744344
TS,374377860,TJ,372551890
TS,370650771,TJ,368799137
TS,429047338,TJ,424485729
TS,308655848,TJ,306950547
TS,411702937,TJ,409910056
TS,367126332,TJ,365259438
TS,407869984,TJ,406023011
TS,431422470,TJ,429443089
TS,288860303,TJ,287074008
TS,378494533,TJ,376200368
TS,377076666,TJ,375187368
TS,300094715,TJ,295163204
TS,408356225,TJ,406589199
TS,370534290,TJ,368612490
TS,406016988,TJ,404227553
TS,371454898,TJ,369706238
TS,402754097,TJ,400801228
TS,285423732,TJ,283599146
TS,282477998,TJ,280770115
TS,431389418,TJ,424564004
TS,404774469,TJ,394572930
TS,422333890,TJ,419420029
TS,256798353,TJ,255087595
TS,250761931,TJ,249051008
TS,405726864,TJ,403736726
TS,295675313,TJ,293977273
TS,284152480,TJ,282417072
TS,371748439,TJ,369956724
TS,377399395,TJ,375696830
TS,409346237,TJ,404592075
TS,370592890,TJ,368693117
TS,290328373,TJ,288603334
TS,373506564,TJ,371552296
TS,399687689,TJ,397829583
TS,389627632,TJ,381164534
TS,396652806,TJ,393490924
TS,414712291,TJ,411482407
TS,383658578,TJ,378915615
TS,407363513,TJ,405472426
TS,252684801,TJ,250971307
TS,420418091,TJ,414322188
TS,390825147,TJ,388978162
TS,432654513,TJ,427710121
TS,374926421,TJ,371967430
TS,408742063,TJ,406924451
TS,373141346,TJ,371256839
TS,249328584,TJ,247644266
TS,409164009,TJ,407346918
TS,274557973,TJ,272888323
TS,422531744,TJ,420800358
TS,398781016,TJ,396876861
TS,377390437,TJ,375564077
TS,413927370,TJ,412109808
TS,369413387,TJ,367539912
TS,427157181,TJ,425215950
TS,247956013,TJ,246224157
TS,405128532,TJ,403431208
TS,371262870,TJ,369400420
TS,253950386,TJ,252148954
TS,376832656,TJ,375050256
TS,286167588,TJ,284387082
TS,375173265,TJ,370395073
TS,407318564,TJ,405450055
TS,412889345,TJ,411156881
TS,405853344,TJ,403973029
TS,248265447,TJ,243811078
TS,247863710,TJ,246186897
TS,287342304,TJ,285670749
TS,411675725,TJ,409851783
TS,394925560,TJ,393187760
TS,405591153,TJ,403636394
TS,408062604,TJ,406206874
TS,272241427,TJ,270520188
TS,287519277,TJ,285818767
TS,250521272,TJ,248829246
TS,371801189,TJ,370000265
TS,378692288,TJ,376954723
TS,374158603,TJ,372271674
TS,373825846,TJ,371966789
TS,412384100,TJ,410547763
TS,372636405,TJ,370852928
TS,377574816,TJ,375740824
TS,376819256,TJ,375030809
TS,375848823,TJ,372616130
TS,381838514,TJ,378994993
TS,417528931,TJ,415729571
TS,409283438,TJ,407455522
TS,430023480,TJ,425179167
TS,406646837,TJ,404871960
TS,251259767,TJ,249486785
TS,261567781,TJ,257054491
TS,291845558,TJ,290263610
TS,373852925,TJ,372025801
TS,410701864,TJ,408933121
TS,431585258,TJ,429724317
TS,418291140,TJ,409967725
TS,250585360,TJ,248959916
TS,373995490,TJ,372225667
TS,427652863,TJ,425805545
TS,408735839,TJ,406873836
TS,305149389,TJ,303448400
TS,423647062,TJ,414157875
TS,399112715,TJ,397296164
TS,273123827,TJ,271314725
TS,398834450,TJ,397000379
TS,409190206,TJ,403083258
TS,404082058,TJ,402219896
TS,424186309,TJ,416156606
TS,375734290,TJ,372627550
TS,405518143,TJ,403664945
TS,282813826,TJ,281054491
TS,387608855,TJ,385824787
TS,440168814,TJ,433128281
TS,411570387,TJ,409812195
TS,394893407,TJ,393057963
TS,429960017,TJ,428143811
TS,314605400,TJ,312776161
TS,371070204,TJ,369352076
TS,413318279,TJ,411455122
TS,376253797,TJ,374400542
TS,390803684,TJ,388941955
TS,248740884,TJ,247014535
TS,373799163,TJ,371503409
TS,309964743,TJ,297562046
TS,278401472,TJ,276639219
TS,308907944,TJ,306995079
TS,299457894,TJ,297601251
TS,252733022,TJ,251061715
TS,286338016,TJ,284636210
TS,371084966,TJ,369328004
TS,404968611,TJ,403157169
TS,424920950,TJ,423238666
TS,296702098,TJ,295063256
TS,404876835,TJ,403058644
TS,405127525,TJ,403331042
TS,371920180,TJ,370154293
TS,404506942,TJ,402748259
TS,374190027,TJ,369778307
TS,423776720,TJ,421894709
TS,372627676,TJ,370888942
TS,372492297,TJ,369282668
TS,251535687,TJ,247107447
TS,407608578,TJ,405586451
TS,272344455,TJ,268011041
TS,285335282,TJ,283825547
TS,407984819,TJ,406142216
TS,372309143,TJ,367534318
TS,408622814,TJ,406887250
TS,249706249,TJ,246551455
TS,249948408,TJ,248314053
TS,285813779,TJ,284249253
TS,371764525,TJ,370007093
TS,372103062,TJ,370332375
TS,369807406,TJ,367990653
TS,246477209,TJ,244809908
TS,409413085,TJ,407700986
TS,297781059,TJ,296186794
TS,421446767,TJ,419649606
TS,307387236,TJ,305665845
TS,420866870,TJ,419055473
TS,372209460,TJ,370451181
TS,380637207,TJ,378835486
TS,422848946,TJ,421150826
TS,253867493,TJ,252142904
TS,433218373,TJ,431356205
TS,409425674,TJ,403699505
TS,421487844,TJ,419688111
TS,384448093,TJ,382778776
TS,399227759,TJ,397563998
TS,253558702,TJ,251864641
TS,419208764,TJ,417373062
TS,302869300,TJ,301246527
TS,423433502,TJ,421677619
TS,391751099,TJ,390007311
TS,391950367,TJ,390214587
TS,408535843,TJ,406426208
TS,256058856,TJ,254481511
TS,400899431,TJ,399109627
TS,287862763,TJ,286086041
TS,373617679,TJ,371905677
TS,296462474,TJ,287882177
TS,374412727,TJ,372679291
TS,413212367,TJ,411413856
TS,411452928,TJ,409626820
TS,250764590,TJ,249066836
TS,391759059,TJ,389980918
TS,295153474,TJ,293422733
TS,407859995,TJ,406142102
TS,379605777,TJ,377938144
TS,405636805,TJ,403842283
TS,428893419,TJ,427103143
TS,395618977,TJ,393860108
TS,376929240,TJ,375179780
TS,378777100,TJ,374125709
TS,366185233,TJ,364417070
TS,407335915,TJ,404566851
TS,312252084,TJ,310593186
TS,371709834,TJ,369908137
TS,250134491,TJ,248503949
TS,412439502,TJ,410468093
TS,283563657,TJ,281902443
TS,411169043,TJ,409452815
TS,411362186,TJ,409709264
TS,376432892,TJ,374800421
TS,408087864,TJ,405271676
TS,275451916,TJ,273747489
TS,401044536,TJ,399347946
TS,379878460,TJ,378129639
TS,370778801,TJ,368951680
TS,379201539,TJ,377034062
TS,420352050,TJ,418462665
TS,436602430,TJ,433650944
TS,379359673,TJ,377075211
TS,300934016,TJ,299314427
TS,373685182,TJ,371956940
TS,288690908,TJ,287012986
TS,377566970,TJ,375927540
TS,392335413,TJ,390342791
TS,377592600,TJ,373064149
TS,431956065,TJ,428887379
TS,314985731,TJ,313254289
TS,423145053,TJ,421394357
TS,250467004,TJ,248803252
TS,410582527,TJ,408916256
TS,375679048,TJ,373908782
TS,416831229,TJ,414943879
TS,252808929,TJ,251080239
TS,409392822,TJ,407643441
TS,296511528,TJ,293404327
TS,431681148,TJ,429925907
TS,424897191,TJ,422479125
TS,376955439,TJ,375115414
TS,308131611,TJ,306426139
TS,274799542,TJ,270281721
TS,374127546,TJ,372339988
TS,413411462,TJ,411358532
TS,274622331,TJ,271800377
TS,250940421,TJ,249403578
TS,424229006,TJ,422464634
TS,261939443,TJ,260300264
TS,424257898,TJ,422482883
TS,284473939,TJ,282806375
TS,406065985,TJ,404370214
TS,409225381,TJ,406203919
TS,411898930,TJ,410064928
TS,407277410,TJ,405427245
TS,307421375,TJ,305777715
TS,252479176,TJ,250814272
TS,253737759,TJ,252161265
TS,283493573,TJ,281960935
TS,411426564,TJ,406922286
TS,428250795,TJ,421024024
TS,379384183,TJ,376165806
TS,374639475,TJ,372287019
TS,397225492,TJ,395343928
TS,375391746,TJ,373594149
TS,416278071,TJ,407636227
TS,375650271,TJ,373485689
TS,257074458,TJ,255431940
TS,420996945,TJ,419088825
TS,312328982,TJ,310750921
TS,297956965,TJ,296273659
TS,291997575,TJ,287540069
TS,409122366,TJ,407429428
TS,437024393,TJ,435317821
TS,290064480,TJ,288428016
TS,407323222,TJ,405647950
TS,376069551,TJ,374313435
TS,395928675,TJ,394271282
TS,429897335,TJ,428165664
TS,255964610,TJ,254341654
TS,394953703,TJ,393156319
TS,407419042,TJ,405623451
TS,297626294,TJ,296060080
TS,398985600,TJ,394503465
TS,396322387,TJ,394606511
TS,420414505,TJ,418659094
TS,378640139,TJ,376478653
TS,370616728,TJ,368839032
TS,414595793,TJ,412966511
TS,418333997,TJ,416623522
TS,403893367,TJ,402174851
TS,283858810,TJ,279441972
TS,276380402,TJ,274752899
TS,309885784,TJ,308332722
TS,416688948,TJ,414999683
TS,420626229,TJ,414667575
TS,374876005,TJ,370346985
TS,421927406,TJ,420034940
TS,394653475,TJ,392828658
TS,248761536,TJ,247146588
TS,309075532,TJ,307505792
TS,404613270,TJ,402951359
TS,408929753,TJ,406696908
TS,277539296,TJ,275955678
TS,250818835,TJ,249206924
TS,397465560,TJ,395765947
TS,308428305,TJ,306933400
TS,373606087,TJ,371845454
TS,409450330,TJ,407802263
TS,412896721,TJ,409612562
TS,373064526,TJ,371237585
TS,403189249,TJ,401423545
TS,283546175,TJ,281868171
TS,289913854,TJ,288376216
TS,371659168,TJ,369951254
TS,409675845,TJ,407987382
TS,340213235,TJ,338571752
TS,288274543,TJ,286691834
TS,373400623,TJ,371531411
TS,373499219,TJ,371753851
TS,307234976,TJ,305596530
TS,284835864,TJ,283210498
TS,252347556,TJ,250757325
TS,390851807,TJ,387813261
TS,275096841,TJ,273435317
TS,374654931,TJ,372440665
TS,370646047,TJ,368892871
TS,379715235,TJ,377957953
TS,446600972,TJ,444765751
TS,408693004,TJ,406801653
TS,398678297,TJ,396880193
TS,285158706,TJ,280735073
TS,288413859,TJ,286822885
TS,251988518,TJ,250378334
TS,283827366,TJ,282228161
TS,252870564,TJ,248365955
TS,269721324,TJ,268088060
TS,288320718,TJ,286836144
TS,392769205,TJ,384559986
TS,283301566,TJ,281687741
TS,404918782,TJ,403186717
TS,409465906,TJ,406426934
TS,393000531,TJ,391060482
TS,372205321,TJ,370425210
TS,408690141,TJ,406972820
TS,399994156,TJ,398188891
TS,276497686,TJ,274814911
TS,373508752,TJ,371756167
TS,255503491,TJ,253883292
TS,299383061,TJ,297781350
TS,251776119,TJ,250168166
TS,376507879,TJ,374623134
TS,464938923,TJ,458987760
TS,309356025,TJ,307762732
TS,389108052,TJ,387362972
TS,377435607,TJ,375643925
TS,421983996,TJ,420281605
TS,431287935,TJ,428216446
TS,378760303,TJ,372503354
TS,373100075,TJ,371230067
TS,410293257,TJ,408311767
TS,413673533,TJ,411957646
TS,419393395,TJ,417580351
TS,373455279,TJ,371596440
TS,396579961,TJ,394860174
TS,299708837,TJ,298118048
TS,375053387,TJ,373333433
TS,314332446,TJ,308237507
TS,410150934,TJ,408498587
TS,406400034,TJ,404618090
TS,284364061,TJ,280075175
TS,255916874,TJ,254294823
TS,312202979,TJ,310602849
TS,297731647,TJ,296081353
TS,402472860,TJ,400848430
TS,268544788,TJ,266947318
TS,379317579,TJ,377612443
TS,302474626,TJ,300833991
TS,373519810,TJ,371711947
TS,396836785,TJ,395133729
TS,408982599,TJ,407295665
TS,415898104,TJ,412686046
TS,405368918,TJ,403650275
TS,404869917,TJ,403179165
TS,275166559,TJ,265043917
TS,376703894,TJ,374981399
TS,248500876,TJ,246872991
TS,301115143,TJ,296662514
TS,323489850,TJ,318141112
TS,424810328,TJ,423080719
TS,375266064,TJ,370415707
TS,404067495,TJ,402380936
TS,299961059,TJ,298368242
TS,299558584,TJ,298005851
TS,404088884,TJ,402503665
TS,249209114,TJ,247601942
TS,406895170,TJ,405315241
TS,375960489,TJ,374298344
TS,375143869,TJ,373446834
TS,259443597,TJ,257962294
TS,291529049,TJ,289908625
TS,293259364,TJ,291627823
TS,393226873,TJ,388727291
TS,435110685,TJ,433414272
TS,409722860,TJ,408046022
TS,417058279,TJ,415370027
TS,290443795,TJ,288796259
TS,254436768,TJ,253009466
TS,411007792,TJ,409334135
TS,252008939,TJ,250544967
TS,253487245,TJ,251982902
TS,286823815,TJ,285258661
TS,254887906,TJ,253306800
TS,377399739,TJ,375730286
TS,410332774,TJ,408679378
TS,575946918,TJ,567261282
TS,384853091,TJ,380339936
TS,250901088,TJ,249286766
TS,420636210,TJ,418977850
TS,252472046,TJ,250863326
TS,286683289,TJ,285231107
TS,382356675,TJ,380764467
TS,378737462,TJ,370970766
TS,404624541,TJ,402964913
TS,376687912,TJ,374928337
TS,382431720,TJ,380743023
TS,284531147,TJ,282929163
TS,370752005,TJ,369073950
TS,275343307,TJ,273936175
TS,409913482,TJ,408310262
TS,372970024,TJ,371263220
TS,411938146,TJ,410274867
TS,410883326,TJ,409334926
TS,380200254,TJ,378445038
TS,410815811,TJ,409122820
TS,258109027,TJ,253815470
TS,413223087,TJ,411713046
TS,434595101,TJ,432921347
TS,437072010,TJ,435448004
TS,308006508,TJ,301923844
TS,378188405,TJ,376426012
TS,295015088,TJ,293438878
TS,292700021,TJ,291170157
TS,390569210,TJ,388902491
TS,404459545,TJ,402654048
TS,376938474,TJ,375237687
TS,286259004,TJ,284836829
TS,290866299,TJ,289352200
TS,274502882,TJ,272977494
TS,384876196,TJ,383278850
TS,390419298,TJ,388627252
TS,379720897,TJ,375488145
TS,398275447,TJ,396589242
TS,299923963,TJ,298362542
TS,273971073,TJ,272420481
TS,404048361,TJ,402425692
TS,372008756,TJ,370442458
TS,248840866,TJ,247326880
TS,287733977,TJ,286186374
TS,246848136,TJ,245379805
TS,369695509,TJ,368125873
TS,288533940,TJ,286990104
TS,449797364,TJ,442073074
TS,295375065,TJ,291177426
TS,308413348,TJ,306888474
TS,403267070,TJ,401707522
TS,404206021,TJ,402557442
TS,370978341,TJ,369326251
TS,414635335,TJ,412977303
TS,374078360,TJ,372444686
TS,407830765,TJ,406140722
TS,398797397,TJ,397094445
TS,423681407,TJ,422103047
TS,257010500,TJ,255468033
TS,413597249,TJ,411809649
TS,417105110,TJ,412450077
TS,304060737,TJ,301482138
TS,437620537,TJ,435949659
TS,408832644,TJ,407056042
TS,396285167,TJ,394643510
TS,418621967,TJ,417053105
TS,371662113,TJ,369967972
TS,294605552,TJ,293108706
TS,374884928,TJ,373245769
TS,375944428,TJ,373101556
TS,406494281,TJ,404963911
TS,415857837,TJ,414201173
TS,411425816,TJ,407037502
TS,271498989,TJ,267142571
TS,252277884,TJ,250820874
TS,374239864,TJ,372599078
TS,305209777,TJ,303541260
TS,375722127,TJ,374108764
TS,253845916,TJ,252392375
TS,277312263,TJ,275762834
TS,371646130,TJ,369974862
TS,285371305,TJ,283824469
TS,405365007,TJ,403800736
TS,400518978,TJ,398795124
TS,395622190,TJ,393975457
TS,407840097,TJ,406211768
TS,415557787,TJ,413845666
TS,402700803,TJ,400848747
TS,389326404,TJ,387611478
TS,400104625,TJ,398504800
TS,289054518,TJ,287471364
TS,397852809,TJ,396261990
TS,415864827,TJ,414144237
TS,286082314,TJ,274428006
TS,373545595,TJ,371974024
TS,288860355,TJ,287257518
TS,370016507,TJ,368365215
TS,299874855,TJ,298339463
TS,412544959,TJ,410998335
TS,369950282,TJ,368267288
TS,253898722,TJ,249518586
TS,381110893,TJ,379025126
TS,389716249,TJ,388104236
TS,418872434,TJ,417164932
TS,399101501,TJ,394802899
TS,404011324,TJ,402335025
TS,392617030,TJ,390964010
TS,283873174,TJ,282458622
TS,401411024,TJ,399722846
TS,424271956,TJ,422643805
TS,382509813,TJ,378862174
TS,409177639,TJ,404638071
TS,407007024,TJ,405383677
TS,253177100,TJ,248788719
TS,406778750,TJ,404995194
TS,293401013,TJ,291824573
TS,289951394,TJ,285600824
TS,373357480,TJ,371776616
TS,383255882,TJ,381647812
TS,369592786,TJ,367816056
TS,405663011,TJ,404019938
TS,433350279,TJ,431647019
TS,404965577,TJ,403308404
TS,371138877,TJ,369514052
TS,285445872,TJ,283979050
TS,256804247,TJ,255245475
TS,398966130,TJ,397099687
TS,431049855,TJ,423757924
TS,258550857,TJ,250947445
TS,407452185,TJ,405841925
TS,367658844,TJ,366004013
TS,391739513,TJ,389851438
TS,252589199,TJ,248315286
TS,287313959,TJ,285825988
TS,371109386,TJ,369464779
TS,422728499,TJ,418179905
TS,315981661,TJ,308666561
TS,406581020,TJ,405029114
TS,375778983,TJ,373692948
TS,399657376,TJ,397971762
TS,423182931,TJ,418763367
TS,377840309,TJ,375008842
TS,425917429,TJ,424408442
TS,374677461,TJ,370237731
TS,406726912,TJ,405106116
TS,425008454,TJ,423330339
TS,397586393,TJ,395929292
TS,250887007,TJ,249465251
TS,411942108,TJ,410290280
TS,277813702,TJ,276280832
TS,289732138,TJ,287376402
TS,406081137,TJ,404490343
TS,252846064,TJ,251307398
TS,424586175,TJ,414348585
TS,249882147,TJ,248368879
TS,407870829,TJ,406172454
TS,384062637,TJ,382472046
TS,310369798,TJ,308872659
TS,409461034,TJ,407858659
TS,418572406,TJ,416878667
TS,378050620,TJ,375989296
TS,397264789,TJ,395509590
TS,393007763,TJ,391378563
TS,368135356,TJ,366598794
TS,248862753,TJ,244473066
TS,373456512,TJ,371789227
TS,403044359,TJ,401375120
TS,248003086,TJ,246460882
TS,380814200,TJ,379288145
TS,381067249,TJ,373381634
TS,417492476,TJ,415876246
TS,373778616,TJ,369247286
TS,403671536,TJ,401963669
TS,407726498,TJ,406121011
TS,370083804,TJ,368416938
TS,374454079,TJ,372380202
TS,402303438,TJ,400402515
TS,249225434,TJ,247632890
TS,308389536,TJ,306966701
TS,376655234,TJ,372325473
TS,378796404,TJ,377061465
TS,253594608,TJ,252076493
TS,387298093,TJ,385626536
TS,295121400,TJ,293602411
TS,403392757,TJ,401605036
TS,378485781,TJ,376696492
TS,432723081,TJ,430849896
TS,373236925,TJ,371585862
TS,416540853,TJ,412105952
TS,274215311,TJ,271296204
TS,399646718,TJ,398052853
TS,405909220,TJ,404259530
TS,416113003,TJ,414509830
TS,409665706,TJ,408018968
TS,273401090,TJ,271887483
TS,367834492,TJ,366183183
TS,368496862,TJ,366677486
TS,247743267,TJ,246120963
TS,252950386,TJ,251469698
TS,251706878,TJ,250243598
TS,382937941,TJ,377867752
TS,420672012,TJ,418938883
TS,391336855,TJ,389682691
TS,401437932,TJ,399751451
TS,372331319,TJ,370760713
TS,301539174,TJ,299958119
TS,410920213,TJ,409369576
TS,396010303,TJ,394264244
TS,373084096,TJ,371290493
TS,408091695,TJ,406549406
TS,392303283,TJ,390640526
TS,248827799,TJ,247283657
TS,305605362,TJ,301270036
TS,286116444,TJ,284679033
TS,404005922,TJ,402342014
TS,282002982,TJ,280447623
TS,404257285,TJ,402738113
TS,405673759,TJ,403921697
TS,408545993,TJ,406837644
TS,372728606,TJ,371132071
TS,393389107,TJ,388842385
TS,407619909,TJ,406002691
TS,413239713,TJ,410226379
TS,252280488,TJ,250718679
TS,304909122,TJ,303480822
TS,409096353,TJ,407514101
TS,399852374,TJ,398189620
TS,252150609,TJ,247731244
TS,407634313,TJ,406052506
TS,382279717,TJ,379535639
TS,379054112,TJ,376213686
TS,409523934,TJ,407970838
TS,404045989,TJ,402410185
TS,375406627,TJ,373780176
TS,378170402,TJ,376524539
TS,427643753,TJ,426028832
TS,425743332,TJ,424094846
TS,288288727,TJ,285749330
TS,414765596,TJ,413231744
TS,409650002,TJ,407813822
TS,249174274,TJ,247596019
TS,310170226,TJ,308631316
TS,433513704,TJ,431845638
TS,394993065,TJ,393319373
TS,287323497,TJ,285770409
TS,291553972,TJ,290085240
TS,380898654,TJ,379272247
TS,413557734,TJ,411870533
TS,427162999,TJ,425491532
TS,260688810,TJ,251956759
TS,379921541,TJ,373423506
TS,415491980,TJ,413827192
TS,301640766,TJ,300085799
TS,378085157,TJ,376457420
TS,416123781,TJ,414519521
TS,254399149,TJ,252878770
TS,373568686,TJ,371914385
TS,254030028,TJ,252484619
TS,409932911,TJ,408388770
TS,283909434,TJ,282354887
TS,284410982,TJ,282877048
TS,372035180,TJ,370463104
TS,373348697,TJ,371638352
TS,399634212,TJ,397767138
TS,376850915,TJ,375212353
TS,375465417,TJ,373935091
TS,290061935,TJ,288447602
TS,283387105,TJ,277946499
TS,374514587,TJ,372471999
TS,396920195,TJ,393261606
TS,273140477,TJ,271583476
TS,252623348,TJ,251045791
TS,411629627,TJ,410039883
TS,377733629,TJ,373132110
TS,305264983,TJ,303779989
TS,421250629,TJ,419621134
TS,415800607,TJ,414174080
TS,376619731,TJ,373791812
TS,375578653,TJ,373948811
TS,373666150,TJ,372015162
TS,423492287,TJ,421828735
TS,289326581,TJ,287652576
TS,267557823,TJ,266072375
TS,369196889,TJ,367687522
TS,403053927,TJ,401481184
TS,284024027,TJ,282494834
TS,426765277,TJ,425183590
TS,373687768,TJ,372029597
TS,253759925,TJ,252274626
TS,403928458,TJ,402380464
TS,409522259,TJ,407911174
TS,271754138,TJ,270258671
TS,403279938,TJ,401599206
TS,254605191,TJ,253049777
TS,393584959,TJ,391949777
TS,372294738,TJ,370636649
TS,416808138,TJ,415254457
TS,406588183,TJ,404919051
TS,374312158,TJ,372606768
TS,251553606,TJ,250020996
TS,283897639,TJ,282352530
TS,290285535,TJ,288784161
TS,435290725,TJ,433752222
TS,405192536,TJ,403519560
TS,372449126,TJ,370754611
TS,296069414,TJ,294476062
TS,252511681,TJ,251015146
TS,405038715,TJ,403241796
TS,376389086,TJ,374256760
TS,411895227,TJ,408846774
TS,285540539,TJ,284027097
TS,403702695,TJ,402149975
TS,404529025,TJ,402629010
TS,394053367,TJ,392303005
TS,254416586,TJ,252804176
TS,428468283,TJ,426798036
TS,251418439,TJ,250008027
TS,405760784,TJ,404183916
TS,272179943,TJ,269477994
TS,368626523,TJ,367027182
TS,249599229,TJ,248157514
TS,372254303,TJ,370536300
TS,404918267,TJ,403377481
TS,243447678,TJ,241912039
TS,370664094,TJ,369049730
TS,306086323,TJ,304574192
TS,371138355,TJ,369600752
TS,394391930,TJ,392843753
TS,382417084,TJ,380784388
TS,379623651,TJ,376609443
TS,291848262,TJ,286977422
TS,372999712,TJ,371332442
TS,274717106,TJ,273118744
TS,410098457,TJ,408492105
TS,433711054,TJ,431995559
TS,428421378,TJ,426748442
TS,402966281,TJ,401327742
TS,252093190,TJ,250670954
TS,432798724,TJ,431035145
TS,403302541,TJ,401694141
TS,380584183,TJ,378913307
TS,416008881,TJ,413108518
TS,411128793,TJ,409631035
TS,290774242,TJ,289252445
TS,407620633,TJ,406034120
TS,427930411,TJ,426253958
TS,375769855,TJ,374147777
TS,285577705,TJ,284088446
TS,435493193,TJ,431062431
TS,415625536,TJ,413938717
TS,419100020,TJ,417529935
TS,407345298,TJ,405585573
TS,308398722,TJ,306889300
TS,423678868,TJ,422201625
TS,307829983,TJ,306291772
TS,407928337,TJ,406285883
TS,308592147,TJ,307108829
TS,415236811,TJ,413016613
TS,373349790,TJ,371774005
TS,298542369,TJ,296968664
TS,380957416,TJ,379373919
TS,313346192,TJ,309036948
TS,389885438,TJ,388262625
TS,417409107,TJ,415730797
TS,251275553,TJ,249737343
TS,407393019,TJ,405677334
TS,281905244,TJ,280388981
TS,400576852,TJ,398976115
TS,288136526,TJ,286638498
TS,370277710,TJ,368635833
TS,381536834,TJ,380004426
TS,249172509,TJ,244867789
TS,420347389,TJ,418690275
TS,368589225,TJ,366660964
TS,406601933,TJ,403194986
TS,407674422,TJ,405988368
TS,285172048,TJ,283691975
TS,430372881,TJ,426009796
TS,370686187,TJ,368900750
TS,370357620,TJ,368713570
TS,296776831,TJ,295202326
TS,277139553,TJ,275561520
TS,395059358,TJ,393471619
TS,285226288,TJ,283691156
TS,410432619,TJ,406783016
TS,372315734,TJ,370464927
TS,407619853,TJ,405977606
TS,377996025,TJ,376313275
TS,395578518,TJ,393920859
TS,372027138,TJ,370436384
TS,410202094,TJ,408527318
TS,373214532,TJ,371638586
TS,403695273,TJ,401977222
TS,267117686,TJ,262737812
TS,373560446,TJ,369244546
TS,307703478,TJ,303122836
TS,284491241,TJ,282918226
TS,376369080,TJ,374288868
TS,311931601,TJ,308890274
TS,368113214,TJ,366463103
TS,285739262,TJ,284310399
TS,408652338,TJ,407042118
TS,251709301,TJ,250193672
TS,405828383,TJ,404187731
TS,374451519,TJ,372769423
TS,407886062,TJ,406219987
TS,371890147,TJ,370285825
TS,427870294,TJ,426171497
TS,408056890,TJ,406348661
TS,401776593,TJ,392222600
TS,381932633,TJ,380270344
TS,275642102,TJ,274030550
TS,371691921,TJ,370116017
TS,405432639,TJ,403805549
TS,374017635,TJ,372365813
TS,404151853,TJ,402467550
TS,249579229,TJ,248070294
TS,376680912,TJ,375044601
TS,401249994,TJ,399713922
TS,296864675,TJ,295298291
TS,406329178,TJ,404634111
TS,374755352,TJ,372653113
TS,254231557,TJ,251527429
TS,292739186,TJ,291236313
TS,250047847,TJ,248644414
TS,272399393,TJ,270953205
TS,431311951,TJ,429686140
TS,250210954,TJ,248703423
TS,404305122,TJ,402735760
TS,298741389,TJ,295948672
TS,431948441,TJ,430415179
TS,394344774,TJ,392649493
TS,429490466,TJ,427829271
TS,287350556,TJ,285810051
TS,406634589,TJ,405041022
TS,371963638,TJ,370319458
TS,403181179,TJ,401578610
TS,288066535,TJ,285424917
TS,408330865,TJ,406830136
TS,373426428,TJ,371468758
TS,422329597,TJ,417887124
TS,379187043,TJ,377641082
TS,404272351,TJ,402547620
TS,255539795,TJ,254034009
TS,425598664,TJ,424030588
TS,401589892,TJ,400023591
TS,273954493,TJ,272368123
TS,372745127,TJ,371141930
TS,289478244,TJ,287978652
TS,407752937,TJ,406085491
TS,296744942,TJ,295299361
TS,371475004,TJ,369810486
