TS,341071127,TJ,306083290
TS,260220512,TJ,258177934
TS,255694139,TJ,252810389
TS,563341229,TJ,525803386
TS,278529485,TJ,275688181
TS,275500606,TJ,272679206
TS,253637949,TJ,251176924
TS,272413735,TJ,265385919
TS,188789145,TJ,187620067
TS,484534477,TJ,480802308
TS,232644082,TJ,222157192
TS,153740141,TJ,152901456
TS,177985254,TJ,175948127
TS,182120100,TJ,179514810
TS,182495553,TJ,181555918
TS,198227607,TJ,193858523
TS,182382568,TJ,181264417
TS,173822615,TJ,170991978
TS,345241271,TJ,343865026
TS,183653433,TJ,182374761
TS,278732960,TJ,276665931
TS,255504980,TJ,250749283
TS,190376705,TJ,187340801
TS,247523114,TJ,245598181
TS,289191175,TJ,287447075
TS,497533459,TJ,494538801
TS,231538086,TJ,230383470
TS,242484679,TJ,240070386
TS,180045303,TJ,178920711
TS,174123015,TJ,172304888
TS,157136334,TJ,152694568
TS,168280664,TJ,164447562
TS,168972242,TJ,168182157
TS,154797338,TJ,153237468
TS,165878902,TJ,158739791
TS,181419215,TJ,180503475
TS,179359727,TJ,178531191
TS,171254619,TJ,166249945
TS,194871913,TJ,193620005
TS,286628008,TJ,285084141
TS,387845678,TJ,386611774
TS,201627977,TJ,199547453
TS,191487067,TJ,187894817
TS,337911161,TJ,333364208
TS,206495260,TJ,205405947
TS,258436132,TJ,256381503
TS,285958515,TJ,282570639
TS,171904624,TJ,170208000
TS,156654605,TJ,155066615
TS,324454705,TJ,322345563
TS,189007803,TJ,187712343
TS,266235871,TJ,263473635
TS,180051494,TJ,178817354
TS,270790195,TJ,268301168
TS,182465703,TJ,181721390
TS,179789275,TJ,175852627
TS,226455133,TJ,225420928
TS,292603095,TJ,290621360
TS,173728525,TJ,171818981
TS,162776216,TJ,161274411
TS,180104773,TJ,177894654
TS,164176339,TJ,163037934
TS,159099065,TJ,156593791
TS,177650843,TJ,175477657
TS,244564427,TJ,241801747
TS,179941754,TJ,175449932
TS,300476521,TJ,299297933
TS,279246857,TJ,277924942
TS,173084373,TJ,172181040
TS,287296013,TJ,281992567
TS,178160850,TJ,177135235
TS,151530629,TJ,149945549
TS,257121567,TJ,255347195
TS,171039455,TJ,169856060
TS,191629320,TJ,189119528
TS,161051468,TJ,160301183
TS,163018287,TJ,162172487
TS,283065208,TJ,281351511
TS,268340743,TJ,263242287
TS,276887859,TJ,275625051
TS,278505505,TJ,272417411
TS,167392336,TJ,165635765
TS,185343938,TJ,182582180
TS,285709784,TJ,283315576
TS,161680557,TJ,159240069
TS,172204232,TJ,171100296
TS,161671508,TJ,160268658
TS,181252085,TJ,180569476
TS,186791952,TJ,186078145
TS,267805319,TJ,266744216
TS,281533534,TJ,278238575
TS,259555641,TJ,257809381
TS,180840280,TJ,175427512
TS,170122187,TJ,169165958
TS,291558810,TJ,290171659
TS,160175276,TJ,159215494
TS,160030588,TJ,157921810
TS,187697320,TJ,186896263
TS,284395935,TJ,283081970
TS,176783983,TJ,175798280
TS,193984790,TJ,192381353
TS,156903890,TJ,155140215
TS,172628322,TJ,171494129
TS,177364501,TJ,176649002
TS,165366786,TJ,164209967
TS,152129193,TJ,151516462
TS,155997071,TJ,155242105
TS,165037444,TJ,164254733
TS,147547488,TJ,146779746
TS,227566778,TJ,226544973
TS,262895655,TJ,261732772
TS,331913189,TJ,326336383
TS,172749539,TJ,171349396
TS,265983717,TJ,264747609
TS,204321005,TJ,203364177
TS,177547714,TJ,176899958
TS,157392587,TJ,156747328
TS,168671521,TJ,167981726
TS,445245800,TJ,444024524
TS,303230265,TJ,301545765
TS,264068830,TJ,260208545
TS,173156935,TJ,171993549
TS,188119054,TJ,187403959
TS,159273649,TJ,156984753
TS,186054424,TJ,185432669
TS,288947306,TJ,287741322
TS,341324452,TJ,340211763
TS,169758979,TJ,168678056
TS,175978405,TJ,174703580
TS,176250142,TJ,175333143
TS,169633659,TJ,165931268
TS,262246721,TJ,260948703
TS,334401674,TJ,329547005
TS,257941443,TJ,255592347
TS,272641520,TJ,270741983
TS,176501058,TJ,174925488
TS,200810981,TJ,200181435
TS,159891680,TJ,158923038
TS,281743945,TJ,280795441
TS,162441287,TJ,161752620
TS,156438239,TJ,155516306
TS,163952171,TJ,163229206
TS,258050222,TJ,256829555
TS,253883532,TJ,251879150
TS,171058364,TJ,169621183
TS,159116060,TJ,158350085
TS,259484874,TJ,258069258
TS,204745372,TJ,203844166
TS,185102505,TJ,184422617
TS,181437758,TJ,180117486
TS,178247375,TJ,177526072
TS,187761416,TJ,187084722
TS,186763851,TJ,186088190
TS,193225245,TJ,192563180
TS,159881364,TJ,155492512
TS,267900969,TJ,265724460
TS,161645167,TJ,160937421
TS,192161790,TJ,191411977
TS,183142980,TJ,182503790
TS,163822749,TJ,163165377
TS,198089253,TJ,197346305
TS,284938444,TJ,280660963
TS,189163804,TJ,188527562
TS,149180028,TJ,148519836
TS,292129595,TJ,289746264
TS,264806752,TJ,262385487
TS,148681848,TJ,147889210
TS,285536962,TJ,283524662
TS,185421372,TJ,184771085
TS,320517779,TJ,319520598
TS,276197258,TJ,274007344
TS,273240180,TJ,269274486
TS,267850189,TJ,266628046
TS,269445132,TJ,268469698
TS,173462701,TJ,172213129
TS,250854898,TJ,249898678
TS,163481279,TJ,162501285
TS,178965055,TJ,178314683
TS,176225547,TJ,175580707
TS,174089899,TJ,170543252
TS,157089176,TJ,156415096
TS,293505609,TJ,291763681
TS,167642370,TJ,167000118
TS,230674839,TJ,227708007
TS,160833433,TJ,160083561
TS,247306323,TJ,246305006
TS,176383490,TJ,175469308
TS,188706029,TJ,184713463
TS,165773986,TJ,164448021
TS,192670901,TJ,192012495
TS,277633395,TJ,273542263
TS,183003384,TJ,182267817
TS,165034478,TJ,162739643
TS,282460481,TJ,278077958
TS,251817850,TJ,248813199
TS,153236663,TJ,152554435
TS,169337606,TJ,168669145
TS,253470710,TJ,252348089
TS,157331029,TJ,155996268
TS,270472217,TJ,269524202
TS,173203516,TJ,172444839
TS,179894703,TJ,179181926
TS,166242536,TJ,164746283
TS,155409522,TJ,154411176
TS,181001769,TJ,179466365
TS,180361658,TJ,179755393
TS,300239454,TJ,289583397
TS,250062807,TJ,248965182
TS,291468752,TJ,289565805
TS,193258733,TJ,189319495
TS,244703791,TJ,242420518
TS,165065584,TJ,163001529
TS,151076913,TJ,150240738
TS,174970354,TJ,174328570
TS,169724467,TJ,169066532
TS,192437163,TJ,191875249
TS,155732513,TJ,155152120
TS,150750896,TJ,149179273
TS,167219845,TJ,164305516
TS,158520630,TJ,157874749
TS,270670031,TJ,269786648
TS,170753521,TJ,169401114
TS,155935561,TJ,152065039
TS,175331708,TJ,174695040
TS,197162567,TJ,191782855
TS,183321886,TJ,182191243
TS,157366177,TJ,156781576
TS,172050127,TJ,171397640
TS,190265964,TJ,189492454
TS,153368669,TJ,152767003
TS,175950674,TJ,174864393
TS,168596746,TJ,167916735
TS,164898015,TJ,164303707
TS,288206756,TJ,286034373
TS,297247667,TJ,296520723
TS,191465286,TJ,188385432
TS,148550573,TJ,147910132
TS,273287670,TJ,271721155
TS,180905437,TJ,180280452
TS,171672455,TJ,171062259
TS,253562059,TJ,252673138
TS,273291261,TJ,272138157
TS,272048374,TJ,270489712
TS,278443536,TJ,277618349
TS,160527694,TJ,159911214
TS,167674699,TJ,167042241
TS,173689835,TJ,172932538
TS,308782683,TJ,307940075
TS,270520244,TJ,268497617
TS,170483672,TJ,168606415
TS,172570823,TJ,171869673
TS,176228699,TJ,173830909
TS,184104440,TJ,183418032
TS,160100748,TJ,158720920
TS,284673330,TJ,283737066
TS,283432112,TJ,281807611
TS,269172178,TJ,267366726
TS,171144490,TJ,168081310
TS,252027618,TJ,249825990
TS,289831832,TJ,285700822
TS,155143499,TJ,152543560
TS,170184332,TJ,168816290
TS,172876642,TJ,172088770
TS,178324416,TJ,177014562
TS,166934342,TJ,166349059
TS,159976301,TJ,159404310
TS,295690211,TJ,294723394
TS,249845338,TJ,248740626
TS,165377577,TJ,164566879
TS,149484833,TJ,148922976
TS,265743775,TJ,264699575
TS,162886072,TJ,162304106
TS,165137013,TJ,164504793
TS,255525372,TJ,254698769
TS,158907288,TJ,157938519
TS,189941193,TJ,189349838
TS,180469710,TJ,179758231
TS,260169121,TJ,259304536
TS,146069593,TJ,145259339
TS,248219298,TJ,247181822
TS,254322431,TJ,253260064
TS,265317701,TJ,264246239
TS,156749696,TJ,153572902
TS,222681451,TJ,217626115
TS,268778813,TJ,266078817
TS,167212065,TJ,166601215
TS,155943418,TJ,155092556
TS,199123256,TJ,194687569
TS,262548670,TJ,261526310
TS,158948143,TJ,158334050
TS,172937204,TJ,172211985
TS,157964568,TJ,157130859
TS,169303938,TJ,167141675
TS,249806599,TJ,248858932
TS,266580491,TJ,265670665
TS,168480832,TJ,167970888
TS,176114255,TJ,175542079
TS,263155839,TJ,262430559
TS,158988480,TJ,157758825
TS,171898904,TJ,171301034
TS,253844527,TJ,253018632
TS,255908903,TJ,254560713
TS,294542350,TJ,293398377
TS,176169622,TJ,175395508
TS,179282662,TJ,178709717
TS,272967885,TJ,271993779
TS,153465205,TJ,152861236
TS,182976657,TJ,178090466
TS,167715551,TJ,167120956
TS,172333355,TJ,171719801
TS,153828407,TJ,153201966
TS,162834387,TJ,162216078
TS,180835429,TJ,180241512
TS,258595441,TJ,257599980
TS,180964975,TJ,179199743
TS,274960625,TJ,274162730
TS,178137480,TJ,173874557
TS,257104577,TJ,254653944
TS,143840985,TJ,143102002
TS,160329814,TJ,159667852
TS,251993698,TJ,250010984
TS,286683636,TJ,285852918
TS,170317531,TJ,169720588
TS,268207188,TJ,267346776
TS,170650456,TJ,170101774
TS,171204391,TJ,170668656
TS,170215750,TJ,168493084
TS,289873725,TJ,288331325
TS,170193681,TJ,169580883
TS,148697868,TJ,148115528
TS,173173892,TJ,172588207
TS,268829202,TJ,267997628
TS,158813856,TJ,158276317
TS,249521212,TJ,248701991
TS,156131393,TJ,155583723
TS,173943851,TJ,173423659
TS,167979873,TJ,167419670
TS,255265034,TJ,254435627
TS,268815469,TJ,267492086
TS,147756984,TJ,144152477
TS,167826609,TJ,166944246
TS,146927935,TJ,145930046
TS,171089172,TJ,170483459
TS,259962429,TJ,258874691
TS,260903100,TJ,260003324
TS,221736151,TJ,220489877
TS,207351643,TJ,202729361
TS,249530072,TJ,248628113
TS,275914674,TJ,272904172
TS,265904708,TJ,265113386
TS,172021971,TJ,170780934
TS,151758266,TJ,151161522
TS,154906892,TJ,152851568
TS,264715515,TJ,263626955
TS,174412610,TJ,173669360
TS,152158128,TJ,151592138
TS,184358174,TJ,183600588
TS,171119261,TJ,170609327
TS,276914120,TJ,276155187
TS,175392272,TJ,174855190
TS,159492044,TJ,158754637
TS,263061767,TJ,261736119
TS,272597848,TJ,267766452
TS,270495143,TJ,269705947
TS,169035067,TJ,168491096
TS,172561824,TJ,171779697
TS,248354925,TJ,247519534
TS,174426921,TJ,173887393
TS,173283383,TJ,172760350
TS,185028267,TJ,183884581
TS,266537887,TJ,265665859
TS,167311198,TJ,166753445
TS,179870572,TJ,179358149
TS,155177316,TJ,154690316
TS,273344339,TJ,272356524
TS,247497243,TJ,246716023
TS,247650687,TJ,246835761
TS,272779506,TJ,271806092
TS,203797113,TJ,203071795
TS,180173916,TJ,178711152
TS,175576860,TJ,175017513
TS,182820179,TJ,179488554
TS,405958876,TJ,402183687
TS,324185445,TJ,323609773
TS,558166228,TJ,555193907
TS,518257806,TJ,513946934
TS,332830308,TJ,331437764
TS,336760434,TJ,335234899
TS,299400940,TJ,296584165
TS,482916811,TJ,479732373
TS,293721076,TJ,291766162
TS,289629341,TJ,289120775
TS,270687065,TJ,269944617
TS,142971659,TJ,142435708
TS,271173409,TJ,268595161
TS,172372271,TJ,170073125
TS,351126730,TJ,349859743
TS,271622066,TJ,270897664
TS,242488663,TJ,241573061
TS,266873416,TJ,265800287
TS,258486476,TJ,257644692
TS,170048605,TJ,169539597
TS,249016182,TJ,248289668
TS,155334590,TJ,154757942
TS,145308202,TJ,144782556
TS,165439301,TJ,164935419
TS,171407246,TJ,170870093
TS,149361561,TJ,148773048
TS,252720571,TJ,248640652
TS,182089551,TJ,174724655
TS,218930822,TJ,214837140
TS,177033020,TJ,176527253
TS,176511900,TJ,175891695
TS,265562928,TJ,264906775
TS,167309850,TJ,166759635
TS,279493193,TJ,278751083
TS,174523789,TJ,174020516
TS,180647816,TJ,180150512
TS,271218772,TJ,270646237
TS,174321632,TJ,173864095
TS,171715477,TJ,171257606
TS,161989508,TJ,161532165
TS,266431856,TJ,265752206
TS,172698840,TJ,172195238
TS,279856287,TJ,279076786
TS,260695882,TJ,260026961
TS,177853383,TJ,177416667
TS,149652053,TJ,149129611
TS,162447999,TJ,161927202
TS,181358271,TJ,180880480
TS,274279140,TJ,273642901
TS,173193232,TJ,172722066
TS,169482908,TJ,169014503
TS,185374372,TJ,181679048
TS,269404412,TJ,268740575
TS,170205951,TJ,169757361
TS,153106902,TJ,152645164
TS,175907591,TJ,175422054
TS,173122029,TJ,172574942
TS,173600354,TJ,169903592
TS,176972348,TJ,176483505
TS,170973730,TJ,170472935
TS,262785965,TJ,261649199
TS,158958322,TJ,158298326
TS,171845296,TJ,171363673
TS,153139357,TJ,152608105
TS,252058218,TJ,251359128
TS,171264938,TJ,170757815
TS,153856672,TJ,153328851
TS,171386638,TJ,170877996
TS,152928494,TJ,152451404
TS,253193244,TJ,252516563
TS,250981480,TJ,250311935
TS,182600450,TJ,179456918
TS,274231663,TJ,273475145
TS,193739278,TJ,193278566
TS,249651735,TJ,248949235
TS,165924992,TJ,164307595
TS,175843536,TJ,175296357
TS,151107862,TJ,150576060
TS,169583830,TJ,169043522
TS,175181983,TJ,174712536
TS,161549652,TJ,161062122
TS,171710037,TJ,171176888
TS,266445610,TJ,262438573
TS,172942688,TJ,172368973
TS,159625376,TJ,158210869
TS,278837858,TJ,275856379
TS,146763719,TJ,146266318
TS,171865229,TJ,171435561
TS,258228369,TJ,252992632
TS,266292801,TJ,265447465
TS,255495078,TJ,254810908
TS,173949365,TJ,173507073
TS,249334745,TJ,248203256
TS,241601427,TJ,240101874
TS,149298158,TJ,148744807
TS,290225883,TJ,289536987
TS,157136295,TJ,156665028
TS,168643154,TJ,168141070
TS,148384678,TJ,147896682
TS,266766584,TJ,266008150
TS,246643070,TJ,243610947
TS,251273420,TJ,250502779
TS,157748102,TJ,157250795
TS,170896894,TJ,170381587
TS,169504547,TJ,169033681
TS,164131034,TJ,163664455
TS,252277507,TJ,251593835
TS,279577917,TJ,278907766
TS,158278661,TJ,157825588
TS,178505154,TJ,177447172
TS,146173495,TJ,145612897
TS,151099059,TJ,150548248
TS,155480767,TJ,154951373
TS,161485391,TJ,160938286
TS,162886268,TJ,162421263
TS,180660993,TJ,180172650
TS,278413181,TJ,277756498
TS,152486299,TJ,152028253
TS,167850853,TJ,167373151
TS,159542865,TJ,159071424
TS,172022256,TJ,171516673
TS,260080955,TJ,255416442
TS,167716593,TJ,167104961
TS,232358111,TJ,226428575
TS,435868176,TJ,435164874
TS,262801481,TJ,262149295
TS,157429190,TJ,156758036
TS,159564383,TJ,156752352
TS,262696296,TJ,256993161
TS,147974283,TJ,146648337
TS,162435696,TJ,161966047
TS,194079936,TJ,193584558
TS,155183692,TJ,154707283
TS,256994766,TJ,256358070
TS,244799243,TJ,244164319
TS,268205602,TJ,260986163
TS,174034647,TJ,173500424
TS,180688093,TJ,180220323
TS,172638367,TJ,172169466
TS,176699004,TJ,176245187
TS,153468267,TJ,152997848
TS,160541798,TJ,160082069
TS,158693699,TJ,158249323
TS,157647272,TJ,157164672
TS,167680391,TJ,167221554
TS,253776069,TJ,252653088
TS,273146799,TJ,272286790
TS,179194020,TJ,178737785
TS,154252216,TJ,153792456
TS,272597234,TJ,271520908
TS,162572457,TJ,161998094
TS,245876553,TJ,245192595
TS,344384718,TJ,343357343
TS,178580247,TJ,177058069
TS,179492485,TJ,179065054
TS,274067396,TJ,273076282
TS,189926582,TJ,189068679
TS,167212259,TJ,166712303
TS,183514974,TJ,182989225
TS,154730671,TJ,154204957
TS,156130692,TJ,155559986
TS,268028449,TJ,267377870
TS,162553470,TJ,162114011
TS,272302571,TJ,271635402
TS,272426070,TJ,271595255
TS,270157676,TJ,268224559
TS,165415994,TJ,164993831
TS,275861882,TJ,275210542
TS,171693446,TJ,171287961
TS,165573394,TJ,164829327
TS,252175339,TJ,251494679
TS,173610154,TJ,173166551
TS,176320236,TJ,175935879
TS,279280471,TJ,278645928
TS,164178279,TJ,163688414
TS,258575031,TJ,254496538
TS,260207645,TJ,259454414
TS,166668636,TJ,166196152
TS,172893660,TJ,172448787
TS,182159365,TJ,181792855
TS,246141642,TJ,245509536
TS,300129568,TJ,299372027
TS,251778420,TJ,249263676
TS,267288718,TJ,266528044
TS,245703923,TJ,245079743
TS,153391866,TJ,152954518
TS,273965415,TJ,273273261
TS,334648239,TJ,334002095
TS,361455211,TJ,356431184
TS,165965465,TJ,165506692
TS,159422745,TJ,158952991
TS,164227698,TJ,163750902
TS,274524114,TJ,273863509
TS,174921215,TJ,174495093
TS,266054852,TJ,265445252
TS,263823072,TJ,263188310
TS,257537575,TJ,256815238
TS,171997469,TJ,170517216
TS,247320340,TJ,246543200
TS,270844927,TJ,270073640
TS,172904956,TJ,172486041
TS,150635146,TJ,150217282
TS,258822439,TJ,258169095
TS,312251620,TJ,311587118
TS,156202302,TJ,155761823
TS,269231076,TJ,268490893
TS,191858802,TJ,191429239
TS,271932335,TJ,271271664
TS,152591303,TJ,152147961
TS,247861814,TJ,247196943
TS,180669963,TJ,180246814
TS,301647216,TJ,300991833
TS,170926926,TJ,170471640
TS,153385316,TJ,152910725
TS,166975695,TJ,166466432
TS,187325470,TJ,186214507
TS,262212755,TJ,258578684
TS,179236295,TJ,178785537
TS,266522435,TJ,265873518
TS,166187441,TJ,165748315
TS,155463266,TJ,154841534
TS,160883857,TJ,160402483
TS,173423181,TJ,172954451
TS,181221903,TJ,180796078
TS,173196129,TJ,172808920
TS,166810490,TJ,166422762
TS,165444054,TJ,165053054
TS,171168754,TJ,170754419
TS,246624926,TJ,246010229
TS,257558734,TJ,256999963
TS,152127640,TJ,151723321
TS,160821860,TJ,159982564
TS,279800823,TJ,279113372
TS,269235411,TJ,268564145
TS,265838099,TJ,265165963
TS,149626499,TJ,149167075
TS,150630124,TJ,150191676
TS,175412989,TJ,174966205
TS,275350399,TJ,274698274
TS,246981029,TJ,246282299
TS,257701350,TJ,257033141
TS,271650042,TJ,270516004
TS,156918510,TJ,156445774
TS,254634628,TJ,254079852
TS,177341858,TJ,176949115
TS,269748403,TJ,269126401
TS,253036631,TJ,252445501
TS,247181889,TJ,246467278
TS,278981845,TJ,278315891
TS,271790643,TJ,271110847
TS,267176382,TJ,266530131
TS,252716323,TJ,251531256
TS,247811097,TJ,246990549
TS,169253319,TJ,168769122
TS,296005912,TJ,295307592
TS,255760122,TJ,255081935
TS,262727691,TJ,261139044
TS,168222879,TJ,167680937
TS,246471172,TJ,245746974
TS,178184726,TJ,177802532
TS,253178761,TJ,252604368
TS,174050668,TJ,173625047
TS,272481422,TJ,271894846
TS,267034612,TJ,266433888
TS,166719668,TJ,166258364
TS,276588384,TJ,275973825
TS,251765476,TJ,251146830
TS,267420195,TJ,266839635
TS,172069517,TJ,171619479
TS,172640974,TJ,172267343
TS,171829318,TJ,171435022
TS,259445455,TJ,258791325
TS,178600278,TJ,178150687
TS,153121327,TJ,152643394
TS,176203131,TJ,175749366
TS,180156956,TJ,179782242
TS,152859956,TJ,152460134
TS,253536570,TJ,252873709
TS,211290164,TJ,210857713
TS,172983401,TJ,172567893
TS,181349335,TJ,180930631
TS,196140584,TJ,195729014
TS,175014974,TJ,174618490
TS,274570146,TJ,274004140
TS,270241473,TJ,269660748
TS,273764593,TJ,273147566
TS,259817147,TJ,259111889
TS,245423821,TJ,244785947
TS,172199685,TJ,171788032
TS,159452296,TJ,159026455
TS,250441221,TJ,249833416
TS,176905459,TJ,176473308
TS,168338229,TJ,167924662
TS,164802060,TJ,164048566
TS,269901741,TJ,269221442
TS,248260665,TJ,247647422
TS,259969242,TJ,259389050
TS,164141242,TJ,163742644
TS,266833648,TJ,266274620
TS,207874876,TJ,206151403
TS,176260942,TJ,175856699
TS,174400760,TJ,174013137
TS,155121514,TJ,154727631
TS,149890968,TJ,149438699
TS,178626373,TJ,175138534
TS,178056643,TJ,177661289
TS,258146299,TJ,257556236
TS,264872153,TJ,264299336
TS,164091186,TJ,163707018
TS,163980603,TJ,157792951
TS,243789970,TJ,243219798
TS,171405940,TJ,171012182
TS,160325461,TJ,159930863
TS,172846062,TJ,172441074
TS,272323884,TJ,271685777
TS,257358959,TJ,256838104
TS,203535900,TJ,202942716
TS,334182322,TJ,330820687
TS,263198525,TJ,262789877
TS,195942550,TJ,195540947
TS,272208338,TJ,271647089
TS,177048253,TJ,176657754
TS,174660913,TJ,174284632
TS,163332366,TJ,162951641
TS,164809533,TJ,164445563
TS,176614115,TJ,176213668
TS,271712013,TJ,271175972
TS,269242835,TJ,268604582
TS,160532557,TJ,160109723
TS,273706953,TJ,273102207
TS,149576759,TJ,149165280
TS,151055851,TJ,150656767
TS,152859544,TJ,152321429
TS,157690001,TJ,157261740
TS,275398468,TJ,274811721
TS,169153568,TJ,168762464
TS,147624665,TJ,147223006
TS,169121268,TJ,168742409
TS,252598508,TJ,252004261
TS,179200512,TJ,178780761
TS,258539368,TJ,257917517
TS,154932251,TJ,154485153
TS,272458687,TJ,271862112
TS,248991470,TJ,248278697
TS,175513083,TJ,175151753
TS,148375311,TJ,147555246
TS,250509929,TJ,249860971
TS,151942344,TJ,151494073
TS,260514779,TJ,259700821
TS,180169964,TJ,179756854
TS,172486469,TJ,172099867
TS,174525818,TJ,174133738
TS,174329229,TJ,173898777
TS,179359624,TJ,178984004
TS,175924885,TJ,174043566
TS,247961384,TJ,247379113
TS,172470055,TJ,172017551
TS,169509729,TJ,169099882
TS,282003483,TJ,281337121
TS,253780097,TJ,252778726
TS,148617502,TJ,148044557
TS,164525533,TJ,164077293
TS,174936793,TJ,174255421
TS,280353284,TJ,279716989
TS,165995695,TJ,165568896
TS,172648038,TJ,172236702
TS,178380107,TJ,177989046
TS,166015143,TJ,165663078
TS,149542016,TJ,149133399
TS,262734460,TJ,262198881
TS,179360596,TJ,179008278
TS,174500975,TJ,171257686
TS,275794429,TJ,271150718
TS,172587594,TJ,172197537
TS,149892622,TJ,149497369
TS,174344388,TJ,173950044
TS,306474142,TJ,305889486
TS,174110317,TJ,173720620
TS,176316201,TJ,172815200
TS,276325831,TJ,275709860
TS,155269667,TJ,154871958
TS,251696430,TJ,250725030
TS,186274420,TJ,185879086
TS,250077374,TJ,245971791
TS,285265323,TJ,284672077
TS,168757688,TJ,168363630
TS,148986418,TJ,148586060
TS,248201726,TJ,247632151
TS,186591175,TJ,186169907
TS,159927513,TJ,159561185
TS,167201355,TJ,164389349
TS,258509769,TJ,256392178
TS,274466182,TJ,270908068
TS,151417145,TJ,150995733
TS,256635999,TJ,252558829
TS,193352356,TJ,192936701
TS,294994640,TJ,294406617
TS,173070427,TJ,172686822
TS,255787692,TJ,255201848
TS,163313197,TJ,162899168
TS,247454654,TJ,246771378
TS,155185101,TJ,154785813
TS,165248584,TJ,164684219
TS,152093837,TJ,151708867
TS,251910388,TJ,251320988
TS,156031355,TJ,155593530
TS,171683582,TJ,171212021
TS,276865214,TJ,276265477
TS,252674822,TJ,252080465
TS,255076022,TJ,254405033
TS,167313084,TJ,166741775
TS,252851592,TJ,252205085
TS,171367930,TJ,170903559
TS,170542010,TJ,170125355
TS,273314753,TJ,272435856
TS,275687415,TJ,275124814
TS,172122959,TJ,171692320
TS,256390873,TJ,255723374
TS,187134767,TJ,186709403
TS,276922073,TJ,276372145
TS,247830629,TJ,247249052
TS,251056549,TJ,250343299
TS,249013196,TJ,248348695
TS,171521114,TJ,171032335
TS,282257774,TJ,277688021
TS,266539964,TJ,265918799
TS,171865758,TJ,171459980
TS,149906990,TJ,146800945
TS,172690777,TJ,172217435
TS,153682292,TJ,153262468
TS,164642144,TJ,164217350
TS,148389717,TJ,147986779
TS,172082164,TJ,171618973
TS,242489392,TJ,241839466
TS,249270478,TJ,248652375
TS,175519671,TJ,175138289
TS,153499123,TJ,153100019
TS,170273361,TJ,169862873
TS,276576068,TJ,275999393
TS,259479720,TJ,258890618
TS,250565213,TJ,249946928
TS,168956344,TJ,168527517
TS,251129971,TJ,250556859
TS,156451818,TJ,150856975
TS,332107159,TJ,331514502
TS,172496304,TJ,172083578
TS,162583163,TJ,162132139
TS,251564958,TJ,250925211
TS,254770324,TJ,253751282
TS,162199330,TJ,161762849
TS,169093239,TJ,168653415
TS,161139216,TJ,160739915
TS,217298556,TJ,216883781
TS,248546994,TJ,247868962
TS,150329471,TJ,149893307
TS,148526889,TJ,148092241
TS,150562076,TJ,150170571
TS,173162988,TJ,172720458
TS,270055195,TJ,269475011
TS,153755185,TJ,153353864
TS,257284422,TJ,256623490
TS,175290976,TJ,174910650
TS,266214891,TJ,265688327
TS,154931280,TJ,154482157
TS,268935855,TJ,268374485
TS,263081699,TJ,262497607
TS,151241270,TJ,150861378
TS,174219691,TJ,173824708
TS,323782909,TJ,323062964
TS,252172827,TJ,251464910
TS,173333921,TJ,172971117
TS,176148414,TJ,175720096
TS,150250301,TJ,149830378
TS,251665693,TJ,251010277
TS,153017097,TJ,152587629
TS,243973387,TJ,243547999
TS,154789429,TJ,154351531
TS,172170954,TJ,171755217
TS,152821625,TJ,152433774
TS,267153548,TJ,266592325
TS,251494899,TJ,250875791
TS,258441122,TJ,257831944
TS,149824232,TJ,149425597
TS,174756729,TJ,174336981
TS,173910748,TJ,173534207
TS,174123746,TJ,173725016
TS,249137858,TJ,248564832
TS,154593268,TJ,154166172
TS,245631598,TJ,245155315
TS,312712674,TJ,312246303
TS,171721798,TJ,171250345
TS,164165086,TJ,163747272
TS,176563239,TJ,176177274
TS,248643211,TJ,248023607
TS,159331301,TJ,158902393
TS,263673665,TJ,263075638
TS,175659388,TJ,175267245
TS,163497178,TJ,163077358
TS,175182195,TJ,174798375
TS,152146014,TJ,151739061
TS,270430867,TJ,269678461
TS,171412763,TJ,170984951
TS,169122613,TJ,168686903
TS,177619299,TJ,177228728
TS,264874211,TJ,264279436
TS,271018189,TJ,270413473
TS,167681668,TJ,167266349
TS,258309897,TJ,257687734
TS,154009000,TJ,153597109
TS,271057703,TJ,270481818
TS,185229021,TJ,182030669
TS,148095950,TJ,147648981
TS,173523119,TJ,173118591
TS,288654935,TJ,287703335
TS,148552340,TJ,148137522
TS,264060147,TJ,263342305
TS,276875270,TJ,272780308
TS,169223951,TJ,168838468
TS,290094561,TJ,289534394
TS,251322257,TJ,250748901
TS,244961244,TJ,244291528
TS,154887333,TJ,152699314
TS,169015177,TJ,168596152
TS,248700696,TJ,248299385
TS,266224222,TJ,265681122
TS,252407833,TJ,251443856
TS,246054199,TJ,245286030
TS,267824205,TJ,267161970
TS,172086372,TJ,171685301
TS,247263925,TJ,246685465
TS,185059710,TJ,183908796
TS,200687730,TJ,200238381
TS,267313713,TJ,266730604
TS,150613772,TJ,150188062
TS,146884589,TJ,146454625
TS,165747175,TJ,165312593
TS,173071526,TJ,172691922
TS,254959598,TJ,254395378
TS,149301522,TJ,148897854
TS,172970938,TJ,172567771
TS,151208774,TJ,150772494
TS,176189083,TJ,175795189
TS,164283091,TJ,163911937
TS,152555646,TJ,152151039
TS,170680495,TJ,170259317
TS,176120633,TJ,175743590
TS,250209015,TJ,249213779
TS,176234251,TJ,175721859
TS,268403552,TJ,267796361
TS,156406745,TJ,155970848
TS,169495094,TJ,169078951
TS,261968877,TJ,257268479
TS,271693720,TJ,270689065
TS,150012921,TJ,149445916
TS,266235364,TJ,263900903
TS,178308542,TJ,177699425
TS,176190997,TJ,175805919
TS,245142866,TJ,244525830
TS,164595692,TJ,164190875
TS,259179708,TJ,258560202
TS,269991681,TJ,269398989
TS,179232538,TJ,178828701
TS,150434749,TJ,150026860
TS,152705957,TJ,152271393
TS,153504423,TJ,153103261
TS,273068391,TJ,272476737
TS,181160276,TJ,180749409
TS,153841872,TJ,153381660
TS,168471781,TJ,168000420
TS,272579812,TJ,271955249
TS,251030553,TJ,250385528
TS,152987293,TJ,152554190
TS,148817540,TJ,148382979
TS,182348542,TJ,181923783
TS,266715883,TJ,266163790
TS,173590616,TJ,173182037
TS,170342178,TJ,169934990
TS,256267020,TJ,255291268
TS,252428978,TJ,251409738
TS,145579069,TJ,145169576
TS,246027177,TJ,245247130
TS,273577934,TJ,272990028
TS,180120550,TJ,179713281
TS,153663348,TJ,153293377
TS,171428033,TJ,171054531
TS,169107779,TJ,168727549
TS,263484297,TJ,262877841
TS,252343021,TJ,251791636
TS,257095391,TJ,256458036
TS,173286920,TJ,172900277
TS,246201003,TJ,245652225
TS,152572743,TJ,152189039
TS,153898743,TJ,153489471
TS,174133369,TJ,173725097
TS,272612465,TJ,271943456
TS,173486007,TJ,173089577
TS,174561634,TJ,174177955
TS,160348567,TJ,159949792
TS,180677882,TJ,177731966
TS,256308958,TJ,253740816
TS,177597590,TJ,177035530
TS,171093166,TJ,170679842
TS,161607114,TJ,161216324
TS,157694618,TJ,157311206
TS,166735703,TJ,166329039
TS,174033456,TJ,173652331
TS,172768584,TJ,172383695
TS,243079813,TJ,242497561
TS,168895390,TJ,168462013
TS,270121823,TJ,269491529
TS,147298550,TJ,146925958
TS,258201086,TJ,257651353
TS,155785567,TJ,155370084
TS,179243612,TJ,178877333
TS,179454459,TJ,179063141
TS,251773249,TJ,251259057
TS,153012342,TJ,152617287
TS,249358809,TJ,248695890
TS,154410554,TJ,153995492
TS,153758536,TJ,153359200
TS,273859252,TJ,273304128
TS,175024121,TJ,174669829
TS,158260705,TJ,157627867
TS,170757631,TJ,170327908
TS,158136507,TJ,157691565
TS,176360940,TJ,175957222
TS,186385032,TJ,186008341
TS,150953954,TJ,150582960
TS,152194395,TJ,151789284
TS,269414486,TJ,268835280
TS,245529838,TJ,244948085
TS,263833022,TJ,263224423
TS,170713633,TJ,170293295
TS,161293189,TJ,160877306
TS,248653833,TJ,248099156
TS,268876654,TJ,268327388
TS,244754499,TJ,244199598
TS,171653784,TJ,168359011
TS,165297921,TJ,164892362
TS,159498178,TJ,159070425
TS,155052054,TJ,154631005
TS,255213279,TJ,254471787
TS,158455115,TJ,158074358
TS,271471220,TJ,270850801
TS,170883013,TJ,170452082
TS,150414677,TJ,149986803
TS,167986048,TJ,167568255
TS,185223066,TJ,184786412
TS,170381714,TJ,169511084
TS,177476460,TJ,175781775
TS,252296977,TJ,251687537
TS,253089909,TJ,252465058
TS,170725922,TJ,170297577
TS,169146067,TJ,168713892
TS,147972495,TJ,147524929
TS,174464454,TJ,173997419
TS,308252735,TJ,307586148
TS,190134205,TJ,189090724
TS,170172830,TJ,169784200
TS,150627152,TJ,150248570
TS,159849148,TJ,159405820
TS,273606426,TJ,272950911
TS,245983106,TJ,245348683
TS,146964089,TJ,146549585
TS,177376081,TJ,172942347
TS,328000506,TJ,327355341
TS,178097405,TJ,177664763
TS,148529991,TJ,148086905
TS,153152748,TJ,152725796
TS,279556152,TJ,275951735
TS,150589488,TJ,150133597
TS,182547451,TJ,182147600
TS,259670076,TJ,258722469
TS,267695352,TJ,265749257
TS,166738444,TJ,166075597
TS,152049815,TJ,148658718
TS,178035469,TJ,177647136
TS,177470547,TJ,177058917
TS,145737498,TJ,145329964
TS,264879643,TJ,264214648
TS,166406173,TJ,165882465
TS,146073098,TJ,145633935
TS,258568053,TJ,257950463
TS,261299305,TJ,260563014
TS,147206969,TJ,146683144
TS,163959341,TJ,163368677
TS,212811663,TJ,212076214
TS,150662050,TJ,150249383
TS,260190349,TJ,259374235
TS,258720590,TJ,258048153
TS,159353738,TJ,158925994
TS,150280059,TJ,149870300
TS,251080597,TJ,250489578
TS,266853921,TJ,266223324
TS,164086922,TJ,163697143
TS,265402038,TJ,264792834
TS,152363322,TJ,151942520
TS,237861477,TJ,237279734
TS,246959984,TJ,246445972
TS,158925069,TJ,158562046
TS,154413618,TJ,153965438
TS,256836141,TJ,251040168
TS,236323545,TJ,231881291
TS,174987156,TJ,174491750
TS,235857385,TJ,235386267
TS,300504330,TJ,296080572
TS,159311491,TJ,158894119
TS,262740900,TJ,262183162
TS,168006085,TJ,166790542
TS,145280809,TJ,144853056
TS,240412849,TJ,239755877
TS,152609271,TJ,152218071
TS,164624906,TJ,164184888
TS,148346675,TJ,147889330
TS,146205864,TJ,145760060
TS,148732054,TJ,148306430
TS,168013829,TJ,167559964
TS,274191704,TJ,273537772
TS,274496718,TJ,273773279
TS,148479860,TJ,148057188
TS,165369041,TJ,164959304
TS,170025892,TJ,169585663
TS,169471235,TJ,169024672
TS,267410690,TJ,266736602
TS,252840523,TJ,251855378
TS,164326541,TJ,163771790
TS,239485388,TJ,239065391
TS,159963221,TJ,159421953
TS,174908167,TJ,174563411
TS,172182807,TJ,171797753
TS,169083818,TJ,168618273
TS,170006266,TJ,169604647
TS,523642715,TJ,517597980
TS,476777565,TJ,474779051
TS,331596811,TJ,326929615
TS,324762674,TJ,320047125
TS,317461599,TJ,317061787
TS,347596414,TJ,345590195
TS,150925541,TJ,150518994
TS,171247237,TJ,170857693
TS,163890954,TJ,163446557
TS,250292224,TJ,249666654
TS,269045543,TJ,268445890
TS,156367812,TJ,149918671
TS,166006405,TJ,165563733
TS,269811137,TJ,269171186
TS,170953937,TJ,170540349
TS,170005387,TJ,169548357
TS,264149551,TJ,263525130
TS,153333300,TJ,152950941
TS,168232712,TJ,167793720
TS,243022649,TJ,242398436
TS,170938066,TJ,170402427
TS,298929455,TJ,298292158
TS,244524040,TJ,243469303
TS,146179512,TJ,145638173
TS,239333977,TJ,238684330
TS,237659609,TJ,236926607
TS,173779314,TJ,173348194
TS,163760729,TJ,163335541
TS,174263888,TJ,173892137
TS,189662526,TJ,189174290
TS,176953455,TJ,176550849
TS,178483813,TJ,178101889
TS,166778253,TJ,166409867
TS,160793680,TJ,160405559
TS,240928850,TJ,240290815
TS,261374390,TJ,260733823
TS,266739637,TJ,263688000
TS,273129154,TJ,272626934
TS,171579955,TJ,171165551
TS,262303590,TJ,261705267
TS,248206642,TJ,247606741
TS,272839234,TJ,272195776
TS,175744404,TJ,175342100
TS,153993760,TJ,153608051
TS,167673371,TJ,166778077
TS,172556814,TJ,172164323
TS,160854952,TJ,160442386
TS,172650637,TJ,172241461
TS,168164088,TJ,167793116
TS,240323764,TJ,239778475
TS,263422345,TJ,262841833
TS,153006394,TJ,152575848
TS,263826809,TJ,263240368
TS,242420068,TJ,241439515
TS,246307529,TJ,245593036
TS,171582443,TJ,171182469
TS,254291380,TJ,253688291
TS,252204772,TJ,251667197
TS,147886529,TJ,147473178
TS,168413669,TJ,168021399
TS,271138677,TJ,270576407
TS,263114651,TJ,262515863
TS,164985895,TJ,164588822
TS,241882467,TJ,241055539
TS,147749209,TJ,147249923
TS,165753497,TJ,165355626
TS,163161642,TJ,162780192
TS,164973764,TJ,164465538
TS,147123236,TJ,146612076
TS,256759987,TJ,256246531
TS,181343460,TJ,180976839
TS,175888773,TJ,175521048
TS,173341717,TJ,172935657
TS,262168007,TJ,261536585
TS,174295595,TJ,173906404
TS,269875896,TJ,269316553
TS,271095140,TJ,270588428
TS,172244050,TJ,171880656
TS,169467480,TJ,169104163
TS,182473804,TJ,182131035
TS,171797598,TJ,171444261
TS,172559229,TJ,172164011
TS,172770510,TJ,172413863
TS,179195877,TJ,178825308
TS,267726448,TJ,267190476
TS,268635293,TJ,268054167
TS,151816835,TJ,151429062
TS,156715369,TJ,152436672
TS,152092096,TJ,151668744
TS,250484741,TJ,249866803
TS,268134016,TJ,267446702
TS,247146887,TJ,246504970
TS,271417542,TJ,270736186
TS,264663885,TJ,264023912
TS,243058421,TJ,242462762
TS,255380687,TJ,254811626
TS,265357943,TJ,264741338
TS,270083370,TJ,269506003
TS,153065801,TJ,152690706
TS,251630486,TJ,250688037
TS,249895438,TJ,249079699
TS,245313204,TJ,244725819
TS,179219553,TJ,178655436
TS,175981163,TJ,175609981
TS,153450169,TJ,153088713
TS,149690011,TJ,149276543
TS,252661266,TJ,252021561
TS,158735939,TJ,158317303
TS,248455369,TJ,247832684
TS,155062006,TJ,154636948
TS,163251647,TJ,162836904
TS,165786371,TJ,165371489
TS,172529162,TJ,172124655
TS,173037271,TJ,172622383
TS,269061623,TJ,268506801
TS,245793197,TJ,245218330
TS,154111598,TJ,153642210
TS,257127392,TJ,256499714
TS,248800085,TJ,248191847
TS,152164720,TJ,151764449
TS,149829085,TJ,149414292
TS,166626733,TJ,166160336
TS,173176834,TJ,172779244
TS,173136339,TJ,172759174
TS,183784470,TJ,183386570
TS,158260566,TJ,157885570
TS,155167193,TJ,154750668
TS,154208967,TJ,153811697
TS,156507604,TJ,156069283
TS,181310593,TJ,180927348
TS,165566615,TJ,165225138
TS,148641133,TJ,148215172
TS,252113275,TJ,251393395
TS,262235340,TJ,261596172
TS,248837537,TJ,248258403
TS,174434545,TJ,174040469
TS,149578764,TJ,149198740
TS,175798654,TJ,171956974
TS,182566768,TJ,182170417
TS,175822335,TJ,175398367
TS,151363679,TJ,150949052
TS,183581644,TJ,183208363
TS,161843772,TJ,161435080
TS,155907133,TJ,155489337
TS,258571408,TJ,257983637
TS,285118281,TJ,280811540
TS,245937295,TJ,245146368
TS,260698847,TJ,260112922
TS,167328919,TJ,166921621
TS,169170614,TJ,168743535
TS,174483726,TJ,174067652
TS,260898344,TJ,260341092
TS,158694437,TJ,158289312
TS,169325514,TJ,168900392
TS,170710702,TJ,170304196
TS,169439885,TJ,169061847
TS,273692756,TJ,272739532
TS,151274088,TJ,150829179
TS,290953305,TJ,290369989
TS,273346793,TJ,272727997
TS,146973650,TJ,146549374
TS,149359933,TJ,148946721
TS,249863275,TJ,249242805
TS,263432681,TJ,262870047
TS,174180877,TJ,173763609
TS,268913854,TJ,268353163
TS,159166118,TJ,158748839
TS,152901454,TJ,150412018
TS,273280904,TJ,272572787
TS,259241249,TJ,258247777
TS,151624579,TJ,151130737
TS,267107804,TJ,266369603
TS,161183243,TJ,160793853
TS,255045929,TJ,254440902
TS,176828377,TJ,176397335
TS,176237408,TJ,175454547
TS,171891584,TJ,171473096
TS,261668315,TJ,261077989
TS,166564456,TJ,166126476
TS,157727356,TJ,157310057
TS,168320024,TJ,167932756
TS,239585213,TJ,239027428
TS,160126084,TJ,159594582
TS,147043991,TJ,146592035
TS,155760996,TJ,155382774
TS,297250915,TJ,293353705
TS,271222126,TJ,270646970
TS,170920348,TJ,170536870
TS,269972017,TJ,269422781
TS,178450877,TJ,178059977
TS,254426639,TJ,253760196
TS,173610324,TJ,173215604
TS,250066164,TJ,249439734
TS,144006891,TJ,143601452
TS,174402600,TJ,173970383
TS,254492048,TJ,253949530
TS,269156838,TJ,268616375
TS,270933890,TJ,270364008
TS,171558863,TJ,171189219
TS,144794934,TJ,144384237
TS,261502052,TJ,260896881
TS,153516430,TJ,153136384
TS,190775004,TJ,190436373
TS,240500767,TJ,240002840
TS,169714496,TJ,169333095
TS,178654722,TJ,178308272
TS,247935870,TJ,247425491
TS,172771835,TJ,172387593
TS,169396411,TJ,169012824
TS,270141580,TJ,269214226
TS,153058967,TJ,152667403
TS,169413186,TJ,169048644
TS,164748391,TJ,164398907
TS,164585810,TJ,162623752
TS,283345990,TJ,282691285
TS,152413204,TJ,152019688
TS,147113010,TJ,146726541
TS,280708998,TJ,278444875
TS,244092347,TJ,243453448
TS,170734183,TJ,170312830
TS,179613247,TJ,179245795
TS,316807612,TJ,316232713
TS,177612619,TJ,177245124
TS,143061018,TJ,142692031
TS,280664688,TJ,273961020
TS,177633711,TJ,177282786
TS,158435677,TJ,158078180
TS,175821835,TJ,175420415
TS,288036709,TJ,287485555
TS,173391321,TJ,172998695
TS,245010257,TJ,244479937
TS,178507078,TJ,178109310
TS,173903423,TJ,173518629
TS,280088773,TJ,279568694
TS,159710900,TJ,159310682
TS,145744199,TJ,145330420
TS,273262162,TJ,272692538
TS,154227707,TJ,153728113
TS,254511828,TJ,253565472
TS,152863869,TJ,152436103
TS,169952673,TJ,169533897
TS,147719195,TJ,147288080
TS,158767152,TJ,158341497
TS,146384846,TJ,145995274
TS,269129653,TJ,268131840
TS,209113529,TJ,204798663
TS,169576167,TJ,169174243
TS,316421151,TJ,315878514
TS,272414322,TJ,271788002
TS,173751144,TJ,173374114
TS,173139097,TJ,172756238
TS,254538143,TJ,253987561
TS,182278633,TJ,178985949
TS,172345572,TJ,171958205
TS,152940429,TJ,152572876
TS,246839701,TJ,246261767
TS,166008008,TJ,165617667
TS,256692182,TJ,256037327
TS,275227910,TJ,274627805
TS,169022032,TJ,168626093
TS,145540837,TJ,145142218
TS,261598268,TJ,261060603
TS,269146535,TJ,268577823
TS,177321956,TJ,176899904
TS,173071816,TJ,172702851
TS,168694535,TJ,168309447
TS,271595817,TJ,270948526
TS,150932719,TJ,150510480
TS,188615142,TJ,188216157
TS,155722617,TJ,155282358
TS,270009525,TJ,269490586
TS,176366792,TJ,175972190
TS,172240474,TJ,171858552
TS,154845822,TJ,154470255
TS,246516102,TJ,245968295
TS,154097060,TJ,153683757
TS,269291581,TJ,268579110
TS,172822927,TJ,172426649
TS,159022437,TJ,158613986
TS,259214086,TJ,258265193
TS,271434406,TJ,270875829
TS,172129975,TJ,171753338
TS,261604656,TJ,260890509
TS,252028223,TJ,251362404
TS,273402074,TJ,272843438
TS,178262872,TJ,177879393
TS,151105622,TJ,150732717
TS,166840112,TJ,166376357
TS,258747342,TJ,255542514
TS,247395561,TJ,246676769
TS,153105276,TJ,152676972
TS,173719358,TJ,173298740
TS,199509266,TJ,196683203
TS,160390637,TJ,157549865
TS,173543838,TJ,173191608
TS,252623311,TJ,251645698
TS,263333610,TJ,262827483
TS,160292113,TJ,159908966
TS,268658777,TJ,268147812
TS,175046950,TJ,173907947
TS,154607934,TJ,154216465
TS,339887197,TJ,335931792
TS,237704588,TJ,233426723
TS,173693735,TJ,173298537
TS,249975849,TJ,249385425
TS,174883282,TJ,174518885
TS,155028801,TJ,154658393
TS,179785193,TJ,179397639
TS,161365977,TJ,160973341
TS,178753213,TJ,178333673
TS,179545984,TJ,179183079
TS,270029270,TJ,269486218
TS,257324290,TJ,256762639
TS,175901466,TJ,175503743
TS,151138719,TJ,150752938
TS,173297046,TJ,172920907
TS,153711983,TJ,153304595
TS,272413406,TJ,271809280
TS,250910643,TJ,250349075
TS,174800415,TJ,174397981
TS,258065633,TJ,257492354
TS,170184924,TJ,169843540
TS,146528940,TJ,146161314
TS,178866827,TJ,178487570
TS,264429176,TJ,263841454
TS,168938437,TJ,168571022
TS,146388399,TJ,145969601
TS,250499746,TJ,249890138
TS,251816472,TJ,250827097
TS,260163137,TJ,259085783
TS,143115821,TJ,142582549
TS,267209436,TJ,266636324
TS,178660974,TJ,178297265
TS,170389663,TJ,170047228
TS,170806870,TJ,170439636
TS,267523698,TJ,266988075
TS,174412234,TJ,174036285
TS,270752630,TJ,270223657
TS,271507265,TJ,270924139
TS,168769779,TJ,168377255
TS,168859176,TJ,168464100
TS,254015674,TJ,253098316
TS,153710282,TJ,153214443
TS,268133882,TJ,267606177
TS,168287719,TJ,167954198
TS,171889543,TJ,171543101
TS,180762340,TJ,180404319
TS,173900204,TJ,173574354
TS,175423568,TJ,175083375
TS,250870264,TJ,250331572
TS,269262687,TJ,268696226
TS,169794435,TJ,169452138
TS,265331188,TJ,264793667
TS,190753123,TJ,190365615
TS,170847973,TJ,170481624
TS,174795624,TJ,174414881
TS,247917509,TJ,247312867
TS,269792282,TJ,269187537
TS,162547515,TJ,162148976
TS,156653370,TJ,156304652
TS,247473321,TJ,246801715
TS,203636131,TJ,203183269
TS,155700113,TJ,155273205
TS,162095129,TJ,161722835
TS,260564974,TJ,260013094
TS,272158544,TJ,271640570
TS,261675217,TJ,261155398
TS,167601071,TJ,167238083
TS,160232634,TJ,159856467
TS,247319973,TJ,246654443
TS,174769651,TJ,174369357
TS,150079342,TJ,149694793
TS,252804845,TJ,251838799
TS,274843250,TJ,274180587
TS,167551437,TJ,167141750
TS,244133865,TJ,243532772
TS,215664010,TJ,215235950
TS,247041302,TJ,246434548
TS,164730177,TJ,164309754
TS,167605131,TJ,167235109
TS,253553901,TJ,252949953
TS,270100636,TJ,269496838
TS,171766605,TJ,171369547
TS,159687673,TJ,159275231
TS,171397121,TJ,170985516
TS,180102543,TJ,179740627
TS,176324608,TJ,175964219
TS,150173745,TJ,149799905
TS,178679216,TJ,178273171
TS,171361856,TJ,170802778
TS,174927582,TJ,174508424
TS,257242693,TJ,256631348
TS,266215439,TJ,265554992
TS,173622193,TJ,173226219
TS,148171548,TJ,147752732
TS,256483811,TJ,255767862
TS,176261317,TJ,175907825
TS,166078438,TJ,165724865
TS,169233444,TJ,168882643
TS,265233857,TJ,264606392
TS,264319375,TJ,263588950
TS,169033154,TJ,168693721
TS,176106509,TJ,175740872
TS,251794909,TJ,250898957
TS,243435317,TJ,242861875
TS,168683346,TJ,168158314
TS,255696229,TJ,255127807
TS,172427537,TJ,172003892
TS,167505628,TJ,167065027
TS,167297490,TJ,166876082
TS,167502004,TJ,167132178
TS,245483458,TJ,244941053
TS,163611867,TJ,163205723
TS,168385572,TJ,167994527
TS,160219125,TJ,159763610
TS,173099086,TJ,172686925
TS,256229168,TJ,255725869
TS,267519552,TJ,266931992
TS,167236309,TJ,166827067
TS,160473567,TJ,160092529
TS,270917129,TJ,270334754
TS,175778256,TJ,175370288
TS,172189097,TJ,171827125
TS,149660961,TJ,149304929
TS,186859171,TJ,186479380
TS,271941727,TJ,271433981
TS,264190439,TJ,263641900
TS,179122811,TJ,178609223
TS,149663035,TJ,149329428
TS,171420319,TJ,171073304
TS,172835948,TJ,172512525
TS,173109189,TJ,172788419
TS,173178707,TJ,172814488
TS,245711401,TJ,245120615
TS,175312318,TJ,174884501
TS,267337201,TJ,261475727
TS,170892557,TJ,170495667
TS,148259505,TJ,147901383
TS,250304683,TJ,249681870
TS,172892448,TJ,165622032
TS,147763470,TJ,147287431
TS,167383669,TJ,166917880
TS,243595321,TJ,242553948
TS,164010414,TJ,160474127
TS,158058783,TJ,157642623
TS,145430662,TJ,144996171
TS,178374672,TJ,170374462
TS,262533484,TJ,261817735
TS,145097258,TJ,144557599
TS,153561947,TJ,153169803
TS,161758153,TJ,161372210
TS,176535070,TJ,176134807
TS,150133934,TJ,149757729
TS,267086473,TJ,266518083
TS,144703502,TJ,144277005
TS,260137357,TJ,258747927
TS,167021983,TJ,166564584
TS,174501557,TJ,174119433
TS,160355252,TJ,159978879
TS,163355604,TJ,162954234
TS,160042346,TJ,159655124
TS,157070332,TJ,156653868
TS,147751537,TJ,147337580
TS,172536921,TJ,172108666
TS,261523509,TJ,260819058
TS,166339609,TJ,165935680
TS,169696676,TJ,169312392
TS,155845608,TJ,155467618
TS,179971163,TJ,179612093
TS,159947274,TJ,159585689
TS,174478370,TJ,174111556
TS,276336127,TJ,275717698
TS,278347418,TJ,277782944
TS,148634484,TJ,148232178
TS,168812646,TJ,168409454
TS,175717241,TJ,175363483
TS,165978309,TJ,165515220
TS,173344736,TJ,172963569
TS,176100635,TJ,175730095
TS,260801570,TJ,260318790
TS,171998809,TJ,171606521
TS,172171259,TJ,170821527
TS,147830938,TJ,147489950
TS,178416384,TJ,178026678
TS,266351287,TJ,265825035
TS,172207075,TJ,171847183
TS,161343683,TJ,160962032
TS,172813541,TJ,172458143
TS,152845839,TJ,152509179
TS,258661087,TJ,258062646
TS,181732325,TJ,179662348
TS,149994134,TJ,149624213
TS,153625496,TJ,152549659
TS,170348250,TJ,169967720
TS,175530449,TJ,175201214
TS,173507744,TJ,173156437
TS,172245824,TJ,171873570
TS,146704611,TJ,146333653
TS,155668075,TJ,152488804
TS,165128021,TJ,164737647
TS,261153037,TJ,260326085
TS,153729618,TJ,153302376
TS,470548199,TJ,467960040
TS,326546430,TJ,326158696
TS,386543778,TJ,385883706
TS,246454771,TJ,245750468
TS,150705745,TJ,150303150
TS,246792116,TJ,246242906
TS,262059810,TJ,261425643
TS,175823235,TJ,175454099
TS,171378795,TJ,171008574
TS,165966770,TJ,165512085
TS,154760127,TJ,154311645
TS,253510453,TJ,252856571
TS,155817658,TJ,155426546
TS,174137994,TJ,173655412
TS,170448462,TJ,170036982
TS,153711571,TJ,153085585
TS,173862131,TJ,173471606
TS,274734683,TJ,274059029
TS,167654990,TJ,167196108
TS,166385585,TJ,165936884
TS,174775567,TJ,174312853
TS,177165752,TJ,176788358
TS,149645861,TJ,149282856
TS,154428131,TJ,154034958
TS,155337617,TJ,154942383
TS,170158531,TJ,169768464
TS,158525628,TJ,158105890
TS,181047658,TJ,179421291
TS,173984815,TJ,173556799
TS,154671180,TJ,154289817
TS,267920294,TJ,267317155
TS,171519852,TJ,171071861
TS,174142398,TJ,173725854
TS,165229969,TJ,160945241
TS,268652440,TJ,268120187
TS,154762793,TJ,154357564
TS,171874105,TJ,171515224
TS,181459832,TJ,181082873
TS,168349901,TJ,167929991
TS,265807110,TJ,265219544
TS,181579373,TJ,178286479
TS,265546886,TJ,264930478
TS,247498445,TJ,246859226
TS,168364749,TJ,167933821
TS,261658307,TJ,261010476
TS,246016378,TJ,244989992
TS,174385958,TJ,173870547
TS,177188777,TJ,176815154
TS,165412124,TJ,165052349
TS,269943455,TJ,269470013
TS,148388828,TJ,147978547
TS,150470150,TJ,150039553
TS,149694614,TJ,149299446
TS,187086620,TJ,183414507
TS,156122665,TJ,152936461
TS,265900521,TJ,265288231
TS,249167758,TJ,248555670
TS,265523731,TJ,264967419
TS,172744904,TJ,172372868
TS,170864391,TJ,170490844
TS,167942949,TJ,167539559
TS,266439586,TJ,265855093
TS,157392887,TJ,157032896
TS,170961393,TJ,170561799
TS,170072641,TJ,169664494
TS,169324816,TJ,168931964
TS,151979517,TJ,151633244
TS,150618345,TJ,150232602
TS,150427934,TJ,150040297
TS,173546208,TJ,173160474
TS,177518205,TJ,177147845
TS,179477606,TJ,178925082
TS,156550220,TJ,156205087
TS,245632262,TJ,245039458
TS,168521531,TJ,168131319
TS,171350540,TJ,170933489
TS,166829595,TJ,166405095
TS,157842978,TJ,157410305
TS,170584823,TJ,170175443
TS,261272453,TJ,260754774
TS,286704805,TJ,286125374
TS,286259171,TJ,285746848
TS,175496560,TJ,174228968
TS,274682436,TJ,274188345
TS,153570508,TJ,153180525
TS,151160859,TJ,147712849
TS,176780871,TJ,176355213
TS,268881999,TJ,268355924
TS,244470009,TJ,243899633
TS,151804791,TJ,151371189
TS,153042612,TJ,152615657
TS,202036979,TJ,201673756
TS,260319444,TJ,259734459
TS,265468299,TJ,264849971
TS,274248451,TJ,273717126
TS,266901677,TJ,266309402
TS,174613739,TJ,174232187
TS,154426805,TJ,154065721
TS,173946439,TJ,173596767
TS,174627405,TJ,174284092
TS,151389069,TJ,151021940
TS,156276302,TJ,155902391
TS,254678917,TJ,254244773
TS,330331836,TJ,329972252
TS,335115186,TJ,331587648
TS,522837615,TJ,520974364
TS,265311212,TJ,264746769
TS,172568979,TJ,172131524
TS,168828620,TJ,168452234
TS,164530763,TJ,164103732
TS,175002466,TJ,174581510
TS,250926591,TJ,250331912
TS,156905302,TJ,156501981
TS,273438113,TJ,272891399
TS,150839419,TJ,150411287
TS,160834476,TJ,160441149
TS,178721399,TJ,176810025
TS,152673470,TJ,152230871
TS,300662767,TJ,296440065
TS,338744487,TJ,338356927
TS,314803713,TJ,310669934
TS,319842715,TJ,318969125
TS,291423766,TJ,290992032
TS,294328129,TJ,293375752
TS,295003717,TJ,292756070
TS,295366292,TJ,294250660
TS,477858508,TJ,477248545
TS,296310876,TJ,291224097
TS,333095537,TJ,332679644
TS,326496456,TJ,326099957
TS,298185749,TJ,293909689
TS,324336668,TJ,322616454
TS,268543815,TJ,266159461
TS,169186067,TJ,168676011
TS,268381673,TJ,267764774
TS,164906948,TJ,164489988
TS,164740045,TJ,164277142
TS,173418906,TJ,172954156
TS,249259243,TJ,248621878
TS,146906533,TJ,146449481
TS,170836950,TJ,170301204
TS,176168682,TJ,175764672
TS,176672175,TJ,176233246
TS,189280601,TJ,188855140
TS,168923620,TJ,168528605
TS,175570077,TJ,175024903
TS,172174212,TJ,171732350
TS,293305398,TJ,292883754
TS,177096883,TJ,173808093
TS,179917700,TJ,179481619
TS,244987963,TJ,240493085
TS,169767685,TJ,169340844
TS,147013835,TJ,146627226
TS,166805683,TJ,166392987
TS,255273234,TJ,254765719
TS,187697626,TJ,187283456
TS,359560027,TJ,354775721
TS,239146464,TJ,238548267
TS,152158120,TJ,151795283
TS,161808591,TJ,161069775
TS,318543458,TJ,312354088
TS,477662318,TJ,476708276
TS,330286194,TJ,329875446
TS,286409489,TJ,285988482
TS,487126257,TJ,482794196
TS,480278381,TJ,475924906
TS,315923532,TJ,312514332
TS,513908485,TJ,510621526
TS,512329786,TJ,511762704
TS,292965003,TJ,289720704
TS,291960260,TJ,291543749
TS,158243377,TJ,157859267
TS,167188527,TJ,166743404
TS,170622148,TJ,170178544
TS,152347777,TJ,151336213
TS,189187758,TJ,188755289
TS,172318994,TJ,171931300
TS,144848217,TJ,144269810
TS,174892973,TJ,174497284
TS,174973456,TJ,174610371
TS,153378390,TJ,153062841
TS,188668280,TJ,188347197
TS,146180021,TJ,145839130
TS,269655163,TJ,269090639
TS,171450793,TJ,171099490
TS,247612031,TJ,246722516
TS,157192847,TJ,156842389
TS,149344933,TJ,148977140
TS,162383441,TJ,162001692
TS,154953417,TJ,154567072
TS,171211529,TJ,170821040
TS,181141420,TJ,180805351
TS,271443920,TJ,270937190
TS,167385644,TJ,167021795
TS,149312870,TJ,148931677
TS,172341379,TJ,171992190
TS,276806337,TJ,276280082
TS,160951226,TJ,160589874
TS,254258237,TJ,253696648
TS,171380198,TJ,171007266
TS,174365155,TJ,174019720
TS,268984133,TJ,268410058
TS,165137990,TJ,164760949
TS,277711871,TJ,277128475
TS,172863224,TJ,172526407
TS,146471545,TJ,146132663
TS,152825827,TJ,152408631
TS,174285654,TJ,173873148
TS,167093043,TJ,166759628
TS,278452712,TJ,278091252
TS,484155363,TJ,480902006
TS,293499193,TJ,290899374
TS,490607287,TJ,485587562
TS,346246671,TJ,344473510
TS,175167495,TJ,174872793
TS,145548704,TJ,145168198
TS,150645015,TJ,150242054
TS,153243429,TJ,152858657
TS,176919838,TJ,176509240
TS,172062945,TJ,171675403
TS,252517196,TJ,251953989
TS,160679135,TJ,160291235
TS,267162191,TJ,266590423
TS,168082430,TJ,167693215
TS,175137687,TJ,174738998
TS,274858322,TJ,274232524
TS,162958894,TJ,162604773
TS,268824336,TJ,268115095
TS,265395724,TJ,264852799
TS,248220364,TJ,247257272
TS,263139096,TJ,262443862
TS,266696709,TJ,266092551
TS,249664582,TJ,249119052
TS,174140730,TJ,173792086
TS,242612323,TJ,242028947
TS,267643482,TJ,267099482
TS,249574939,TJ,249010710
TS,149918124,TJ,149532795
TS,169845587,TJ,169485466
TS,272140591,TJ,271606018
TS,164180373,TJ,163806808
TS,148384551,TJ,148012717
TS,179281428,TJ,178865481
TS,169110615,TJ,168711123
TS,148032753,TJ,147646924
TS,268868954,TJ,268398987
TS,270911162,TJ,270302966
TS,339379993,TJ,338753484
TS,242503314,TJ,241872647
TS,170527375,TJ,169994480
TS,147147846,TJ,146800964
TS,173728533,TJ,173361896
TS,170772214,TJ,170412791
TS,277378966,TJ,276803713
TS,243775154,TJ,242840571
TS,160309546,TJ,159949104
TS,148158109,TJ,147756743
TS,151960597,TJ,151568335
TS,177124876,TJ,176728454
TS,268578379,TJ,267980392
TS,156384234,TJ,156016843
TS,244688385,TJ,244152763
TS,153011508,TJ,152624136
TS,147456110,TJ,147074678
TS,204602048,TJ,198703430
TS,269415044,TJ,268846643
TS,165792857,TJ,165393286
TS,244147578,TJ,243578195
TS,163808080,TJ,163390045
TS,170588643,TJ,170193932
TS,166844288,TJ,166466365
TS,262287020,TJ,261685600
TS,263293335,TJ,262714374
TS,263766561,TJ,263158083
TS,168997361,TJ,168585298
TS,171371545,TJ,170974800
TS,272567630,TJ,272041593
TS,157070165,TJ,156711765
TS,158612162,TJ,158259103
TS,151592633,TJ,151168671
TS,170757179,TJ,170381650
TS,182174623,TJ,181802376
TS,152602828,TJ,152205769
TS,168742669,TJ,168372672
TS,153642579,TJ,153290664
TS,153194977,TJ,152863434
TS,274595431,TJ,273973803
TS,173421943,TJ,173044620
TS,159475116,TJ,159136076
TS,151085647,TJ,150673518
TS,163901128,TJ,163507563
TS,176514851,TJ,176147350
TS,268952514,TJ,268430354
TS,154196482,TJ,153801698
TS,150867294,TJ,150455436
TS,153576948,TJ,153213159
TS,168684400,TJ,168208151
TS,262640673,TJ,262074337
TS,169479201,TJ,169118578
TS,167948409,TJ,167529512
TS,269474111,TJ,268922280
TS,175005479,TJ,174643217
TS,175553147,TJ,175212317
TS,248615406,TJ,248137294
TS,162434903,TJ,162070566
TS,161877362,TJ,161482997
TS,264770566,TJ,264240642
TS,151733971,TJ,151318616
TS,295331094,TJ,294714524
TS,153830201,TJ,153446759
TS,170912171,TJ,170535335
TS,164243098,TJ,163880517
TS,178521536,TJ,178204266
TS,153664337,TJ,152901497
TS,264489163,TJ,263935630
TS,267178877,TJ,266658208
TS,246842702,TJ,245875418
TS,519219565,TJ,516890997
TS,207740471,TJ,207304423
TS,177031317,TJ,176606579
TS,165678025,TJ,165321169
TS,237677267,TJ,237080367
TS,144442419,TJ,144039045
TS,173449198,TJ,172646117
TS,155694798,TJ,155298706
TS,183917448,TJ,183492154
TS,176741662,TJ,176353421
TS,244795593,TJ,244095901
TS,259289561,TJ,258644009
TS,254203710,TJ,253173658
TS,257793827,TJ,257156589
TS,169992244,TJ,169686651
TS,151541707,TJ,151209224
TS,174110971,TJ,173584394
TS,165640045,TJ,165264141
TS,250479959,TJ,249867420
TS,176822975,TJ,176456567
TS,166988110,TJ,166626979
TS,266545697,TJ,265567432
TS,264039983,TJ,263479604
TS,272432663,TJ,271907556
TS,170974663,TJ,170609111
TS,261520312,TJ,260621945
TS,174514165,TJ,174180007
TS,155983815,TJ,152766921
TS,167540493,TJ,167133116
TS,177996148,TJ,177625911
TS,175132145,TJ,174813826
TS,180637291,TJ,180316200
TS,180178934,TJ,179870613
TS,268063712,TJ,267491614
TS,174893122,TJ,169601410
TS,148864936,TJ,148517756
TS,273066538,TJ,272481727
TS,263747149,TJ,263089217
TS,172092018,TJ,171712758
TS,148147594,TJ,147771867
TS,259539484,TJ,258944076
TS,265681078,TJ,265164451
TS,172382481,TJ,171991067
TS,286327175,TJ,285817895
TS,156870013,TJ,156515864
TS,262766777,TJ,262225017
TS,176613888,TJ,176270509
TS,160046255,TJ,156380017
TS,296009057,TJ,294381430
TS,158003431,TJ,157610449
TS,171188059,TJ,170805716
TS,247295192,TJ,246661019
TS,172737471,TJ,172353040
TS,170977102,TJ,170184191
TS,168955417,TJ,168546534
TS,170815285,TJ,170425617
TS,148669142,TJ,148239614
TS,260513943,TJ,259917541
TS,267871433,TJ,267180272
TS,244059701,TJ,243414943
TS,265437009,TJ,264857266
TS,154636848,TJ,154323793
TS,178180600,TJ,177858501
TS,265662174,TJ,263447929
TS,245399082,TJ,244918212
TS,148510922,TJ,148149146
TS,165272342,TJ,164953217
TS,168811822,TJ,168481577
TS,149011748,TJ,148669330
TS,174307460,TJ,173934435
TS,155716205,TJ,155378527
TS,180116607,TJ,179799929
TS,152295266,TJ,151933438
TS,174090093,TJ,173742720
TS,150766180,TJ,150450610
TS,150830149,TJ,150498764
TS,172146892,TJ,171712058
TS,156909913,TJ,156568342
TS,175560022,TJ,175173738
TS,145351890,TJ,144978398
TS,246312165,TJ,245740330
TS,176560852,TJ,176171384
TS,151599052,TJ,151169181
TS,178217476,TJ,177846531
TS,176927557,TJ,176489839
TS,271521233,TJ,271013298
TS,181054824,TJ,180735900
TS,256013429,TJ,255453290
TS,243346052,TJ,242411124
TS,147991787,TJ,147517238
TS,242677011,TJ,242114188
TS,257313197,TJ,256839905
TS,167855399,TJ,167494680
TS,164831733,TJ,164481968
TS,174640083,TJ,174269019
TS,265006402,TJ,264506095
TS,179885044,TJ,179571184
TS,185642059,TJ,185354958
TS,146581508,TJ,146303798
TS,173193961,TJ,172882227
TS,177274065,TJ,176968108
TS,247222843,TJ,246778585
TS,152388073,TJ,151999056
TS,261675728,TJ,261200198
TS,174187411,TJ,173872571
TS,165198650,TJ,164819150
TS,178398909,TJ,177986166
TS,168556655,TJ,168177000
TS,167764931,TJ,164184648
TS,462969602,TJ,462427382
TS,164228744,TJ,163927103
TS,170125235,TJ,169789784
TS,262979749,TJ,262475222
TS,171171853,TJ,170689580
TS,150522056,TJ,150171086
TS,266218732,TJ,265677981
TS,174073054,TJ,173690903
TS,181383176,TJ,181017386
TS,153320653,TJ,152968395
TS,163585952,TJ,163210012
TS,253246409,TJ,252819628
TS,181952175,TJ,181614130
TS,153679880,TJ,153358770
TS,265471105,TJ,264951910
TS,249188006,TJ,248721294
TS,165682045,TJ,165372228
TS,218695357,TJ,218409929
TS,150494403,TJ,150174916
TS,168914875,TJ,168584432
TS,165231402,TJ,164903132
TS,168037583,TJ,167682669
TS,168894176,TJ,168562708
TS,256559651,TJ,255686129
TS,175112798,TJ,174666774
TS,180181935,TJ,179872250
TS,151952262,TJ,150903901
TS,261054526,TJ,260154895
TS,151196696,TJ,150810487
TS,149052692,TJ,148707900
TS,248339214,TJ,247792568
TS,208498045,TJ,202720042
TS,266443203,TJ,264126592
TS,151028754,TJ,150652682
TS,154763958,TJ,154368884
TS,153048667,TJ,152655051
TS,276616002,TJ,276094730
TS,250080199,TJ,249520911
TS,170473029,TJ,170128920
TS,150523863,TJ,150177350
TS,151585752,TJ,151213497
TS,256558290,TJ,256048160
TS,269173034,TJ,268677313
TS,242320478,TJ,241788390
TS,167950132,TJ,167593236
TS,176891813,TJ,176521559
TS,252843461,TJ,252286938
TS,254337374,TJ,253487157
TS,169632209,TJ,169177799
TS,266740943,TJ,266135281
TS,146922703,TJ,146548518
TS,150898338,TJ,150518469
TS,161412322,TJ,161092403
TS,282065792,TJ,281439432
TS,145508197,TJ,145150407
TS,255526934,TJ,254961800
TS,258520667,TJ,257976027
TS,158592693,TJ,158225750
TS,152845705,TJ,152418240
TS,152594181,TJ,152218714
TS,170217147,TJ,169846865
TS,166160218,TJ,165774759
TS,239343364,TJ,238767082
TS,147541368,TJ,147164979
TS,170908099,TJ,170528959
TS,263204303,TJ,262620572
TS,275394548,TJ,265585597
TS,144346542,TJ,144024153
TS,241863136,TJ,241382937
TS,252154850,TJ,251580950
TS,147478955,TJ,147012994
TS,157602834,TJ,157249072
TS,290131936,TJ,289616791
TS,152872480,TJ,152527449
TS,260625627,TJ,260160775
TS,168594161,TJ,168238021
TS,169246760,TJ,168892524
TS,257591522,TJ,256681925
TS,172509535,TJ,172163284
TS,267470653,TJ,266764403
TS,182366074,TJ,180521948
TS,147163079,TJ,146825667
TS,169353351,TJ,168994884
TS,188307285,TJ,187981038
TS,173455406,TJ,172385346
TS,172976587,TJ,172667869
TS,164307984,TJ,163988985
TS,249634605,TJ,249159680
TS,167751150,TJ,165415095
TS,252137014,TJ,251594914
TS,151372357,TJ,151031380
TS,151024406,TJ,150634330
TS,271880660,TJ,271381242
TS,164907830,TJ,164588213
TS,166662188,TJ,166310608
TS,178297656,TJ,177978301
TS,272572323,TJ,272071599
TS,265575493,TJ,264984912
TS,164096818,TJ,163738278
TS,248912597,TJ,248336736
TS,153080128,TJ,152709963
TS,171759837,TJ,171388883
TS,259897175,TJ,258938933
TS,153492268,TJ,153131378
TS,176895737,TJ,176503416
TS,173021681,TJ,172628655
TS,156944985,TJ,156556608
TS,261143440,TJ,260652345
TS,175317961,TJ,174823544
TS,176429027,TJ,176085703
TS,254300094,TJ,253726209
TS,173235727,TJ,172911098
TS,170428287,TJ,170145702
TS,147625364,TJ,147282124
TS,152854207,TJ,152509726
TS,279236218,TJ,278699350
TS,173529255,TJ,173175152
TS,266195186,TJ,265748342
TS,172670535,TJ,172320836
TS,162802865,TJ,162502446
TS,269925004,TJ,269462055
TS,170537286,TJ,170210021
TS,148231175,TJ,147893501
TS,165220989,TJ,164887211
TS,175972541,TJ,175534029
TS,249337077,TJ,248811915
TS,271334338,TJ,270877636
TS,267805379,TJ,267307029
TS,174868770,TJ,174523404
TS,262157211,TJ,261640881
TS,179676842,TJ,179335332
TS,259023688,TJ,258530667
TS,183640540,TJ,183340469
TS,170983168,TJ,170660075
TS,266701661,TJ,266291162
TS,174026040,TJ,173691693
TS,171917751,TJ,171626369
TS,176501268,TJ,176197829
TS,174293362,TJ,173995820
TS,150773391,TJ,150439938
TS,178856813,TJ,178554583
TS,174623012,TJ,174320108
TS,172745074,TJ,172431820
TS,178559038,TJ,178246509
TS,154393528,TJ,154099029
TS,169657473,TJ,169293401
TS,273033928,TJ,272566590
TS,150752001,TJ,150380157
TS,171056323,TJ,170717548
TS,154441774,TJ,154114743
TS,169323034,TJ,169002243
TS,274127658,TJ,273662717
TS,259453152,TJ,258974594
TS,145582738,TJ,145228395
TS,147828402,TJ,147444559
TS,149444572,TJ,147295132
TS,148559595,TJ,148162376
TS,164782183,TJ,164357402
TS,151954678,TJ,151563285
TS,169400733,TJ,169083015
TS,152760417,TJ,152332286
TS,207388847,TJ,207050527
TS,244051747,TJ,243528303
TS,154732058,TJ,154402946
TS,175843154,TJ,175459775
TS,161252724,TJ,160832446
TS,271079664,TJ,270542611
TS,273130869,TJ,272632871
TS,165082530,TJ,164705059
TS,150171919,TJ,149848290
TS,158299282,TJ,157799174
TS,169777479,TJ,169416994
TS,275420721,TJ,274839641
TS,169775524,TJ,169442092
TS,172053892,TJ,171743735
TS,175050805,TJ,174741138
TS,266209204,TJ,265723574
TS,168697866,TJ,168356091
TS,151569399,TJ,151214682
TS,169195485,TJ,168874727
TS,159213546,TJ,158888326
TS,172849824,TJ,172505296
TS,274567125,TJ,273941282
TS,171786863,TJ,171445940
TS,142365580,TJ,142016220
TS,264498765,TJ,264009074
TS,173093686,TJ,172753981
TS,168344690,TJ,167993241
TS,175562933,TJ,175184278
TS,155263352,TJ,154912361
TS,178279742,TJ,177942377
TS,253483169,TJ,253025269
TS,174771662,TJ,174449489
TS,272449667,TJ,271953600
TS,157647420,TJ,157295336
TS,169829594,TJ,169525714
TS,249744351,TJ,249268750
TS,174166013,TJ,173835609
TS,166848818,TJ,166498815
TS,153873129,TJ,153473115
TS,152973489,TJ,152613386
TS,181753883,TJ,181429876
TS,170088861,TJ,169759468
TS,147867510,TJ,147508195
TS,164118703,TJ,163725013
TS,247251445,TJ,246738833
TS,155080621,TJ,154681054
TS,148041048,TJ,147659667
TS,179639450,TJ,179342120
TS,261572424,TJ,260977512
TS,170946257,TJ,170582480
TS,164885903,TJ,164523219
TS,245409976,TJ,244880972
TS,263789960,TJ,263230565
TS,265219764,TJ,264687063
TS,245261367,TJ,244777074
TS,155448125,TJ,155091960
TS,246690225,TJ,246147653
TS,173423724,TJ,173097800
TS,259738143,TJ,259241821
TS,170200535,TJ,169883804
TS,144342585,TJ,144014817
TS,151670884,TJ,151262184
TS,272352544,TJ,271842571
TS,270113560,TJ,269621144
TS,168890320,TJ,168525463
TS,169687200,TJ,169315617
TS,168057009,TJ,167648032
TS,276975086,TJ,276381811
TS,265562366,TJ,264992806
TS,169358004,TJ,168982292
TS,163032104,TJ,162666611
TS,153636160,TJ,153272088
TS,155280144,TJ,154893901
TS,274205530,TJ,273702086
TS,264600859,TJ,264026804
TS,187230304,TJ,182966506
TS,171176890,TJ,170824407
TS,177738826,TJ,173715352
TS,157958241,TJ,157602596
TS,253431856,TJ,252597803
TS,152147703,TJ,151765199
TS,171793481,TJ,171450240
TS,152434992,TJ,152071350
TS,187333144,TJ,187018884
TS,273870167,TJ,273359357
TS,153007000,TJ,152638724
TS,148584182,TJ,148210137
TS,153061636,TJ,152662747
TS,275840819,TJ,275384966
TS,247563648,TJ,247075747
TS,246617542,TJ,246040735
TS,163602170,TJ,163277084
TS,173874040,TJ,173530270
TS,275630717,TJ,275050689
TS,244008711,TJ,243469189
TS,172429759,TJ,172108009
TS,245856689,TJ,245384502
TS,162573231,TJ,162232677
TS,244971017,TJ,244416054
TS,148499250,TJ,148177557
TS,152619911,TJ,152292331
TS,174839259,TJ,174531969
TS,250267641,TJ,249751693
TS,153390219,TJ,153071129
TS,243236517,TJ,242765930
TS,271097128,TJ,270458438
TS,175181325,TJ,173110078
TS,246005655,TJ,245517977
TS,272802185,TJ,272304823
TS,145903396,TJ,145553293
TS,266765206,TJ,266108644
TS,144879485,TJ,144536438
TS,162098191,TJ,161722231
TS,260675906,TJ,260160460
TS,171868539,TJ,171533979
TS,267286685,TJ,266801724
TS,175401448,TJ,175033028
TS,167264276,TJ,166896320
TS,258162972,TJ,257624830
TS,260532636,TJ,259971689
TS,156675308,TJ,156183290
TS,144879488,TJ,144500051
TS,144594828,TJ,144212653
TS,148724341,TJ,144935043
TS,260426971,TJ,259877797
TS,272088981,TJ,271555304
TS,170716391,TJ,170378195
TS,165397190,TJ,164908276
TS,267683629,TJ,267105102
TS,153954084,TJ,153613191
TS,263001874,TJ,262499806
TS,289023382,TJ,288571261
TS,168295935,TJ,167991135
TS,171545195,TJ,171221461
TS,277706484,TJ,277243917
TS,173553650,TJ,173245029
TS,163862184,TJ,163512426
TS,186157075,TJ,181878636
TS,153969103,TJ,153572054
TS,167720955,TJ,167325377
TS,164540250,TJ,164163723
TS,271536662,TJ,270270101
TS,156703530,TJ,156379588
TS,149376578,TJ,149059411
TS,276297819,TJ,275832517
TS,172294867,TJ,171963804
TS,174790449,TJ,174474900
TS,271870788,TJ,271350997
TS,278347144,TJ,277791219
TS,173366356,TJ,172989178
TS,271093140,TJ,270613703
TS,153208959,TJ,152872319
TS,165974434,TJ,165652746
TS,260858302,TJ,259965709
TS,159752869,TJ,156080670
TS,266780826,TJ,266282683
TS,177905858,TJ,177596355
TS,152908911,TJ,152624183
TS,267321792,TJ,266816177
TS,174031256,TJ,173703807
TS,244426114,TJ,243943497
TS,181159668,TJ,180805215
TS,247382391,TJ,246839234
TS,151315911,TJ,150969697
TS,168035021,TJ,167675588
TS,267036999,TJ,266410154
TS,277321124,TJ,276786473
TS,155352804,TJ,155044556
TS,247619693,TJ,247122973
TS,177042764,TJ,176668330
TS,271187783,TJ,270658268
TS,267542918,TJ,266863088
TS,256512981,TJ,255887813
TS,255981635,TJ,255072122
TS,152757894,TJ,152284470
TS,169943478,TJ,169589575
TS,278848357,TJ,278350868
TS,165852828,TJ,165536555
TS,249027799,TJ,248148358
TS,249444613,TJ,248925838
TS,147724967,TJ,147379129
TS,152792903,TJ,152420655
TS,154929279,TJ,154584273
TS,155555920,TJ,155245758
TS,180503890,TJ,180194843
TS,250526093,TJ,250077661
TS,269860153,TJ,269353536
TS,164863138,TJ,164534521
TS,261703078,TJ,261155051
TS,255375594,TJ,254891402
TS,249109649,TJ,248271278
TS,172295167,TJ,171882487
TS,245107496,TJ,244608420
TS,151046348,TJ,150735506
TS,171059564,TJ,170728013
TS,264704415,TJ,264252649
TS,171464550,TJ,171169220
TS,150104183,TJ,149775972
TS,175282400,TJ,174914183
TS,267412984,TJ,266859355
TS,248811413,TJ,247994497
TS,174079622,TJ,173653372
TS,266854331,TJ,266282601
TS,247680050,TJ,247207041
TS,177573709,TJ,177258554
TS,274002607,TJ,273541666
TS,175610001,TJ,175282084
TS,263305970,TJ,262841209
TS,156539181,TJ,156219042
TS,153981603,TJ,153691719
TS,180058818,TJ,179762817
TS,263845772,TJ,263382829
TS,168200013,TJ,167877873
TS,169606729,TJ,169323005
TS,173002332,TJ,172716572
TS,172090707,TJ,171768597
TS,270618239,TJ,270163688
TS,153591311,TJ,153260750
TS,168304088,TJ,167982208
TS,276703856,TJ,276199248
TS,164554124,TJ,164241932
TS,171462628,TJ,171163833
TS,263932077,TJ,263485438
TS,177062926,TJ,176749739
TS,259066957,TJ,258635980
TS,269244479,TJ,268786649
TS,152580001,TJ,152242378
TS,276026406,TJ,273664111
TS,176520446,TJ,176187723
TS,247720685,TJ,247269981
TS,150089862,TJ,149731125
TS,169691628,TJ,169371883
TS,180058991,TJ,179753076
TS,182952832,TJ,182641260
TS,271825931,TJ,271346531
TS,169224610,TJ,168889542
TS,170142713,TJ,169807084
TS,175230111,TJ,174942389
TS,177294227,TJ,177014746
TS,275390381,TJ,274936082
TS,178205389,TJ,177900703
TS,266210047,TJ,265739784
TS,154476696,TJ,154164927
TS,170570746,TJ,170276564
TS,266769123,TJ,266372378
TS,176241539,TJ,175930536
TS,163022291,TJ,162695513
TS,183023484,TJ,182312113
TS,173767723,TJ,173444569
TS,172625751,TJ,172336882
TS,177239692,TJ,176944549
TS,268112409,TJ,267673241
TS,164270805,TJ,163933770
TS,171798628,TJ,171050568
TS,150456565,TJ,150122545
TS,179727157,TJ,179361443
TS,155467980,TJ,155137248
TS,175757185,TJ,175425671
TS,176757005,TJ,176473946
TS,174798975,TJ,174494877
TS,271985246,TJ,267003819
TS,248180805,TJ,247644390
TS,247579223,TJ,247037775
TS,179144853,TJ,178833974
TS,264943691,TJ,264446515
TS,266290289,TJ,265738958
TS,269793204,TJ,267554950
TS,172898572,TJ,172545633
TS,148932557,TJ,148621729
TS,148761915,TJ,148371476
TS,259341857,TJ,257163920
TS,248996733,TJ,248133783
TS,170272854,TJ,169986412
TS,170200388,TJ,169917788
TS,149669233,TJ,149334888
TS,183788553,TJ,183385424
TS,173133168,TJ,172791502
TS,165480886,TJ,165190013
TS,174290043,TJ,173952934
TS,261842965,TJ,261268317
TS,266820357,TJ,266302714
TS,175213452,TJ,174852463
TS,170787804,TJ,170448323
TS,247292988,TJ,246686702
TS,151698210,TJ,151344997
TS,170578402,TJ,170230364
TS,168683148,TJ,168357997
TS,288568284,TJ,281831780
TS,168324383,TJ,167998609
TS,162671427,TJ,162353320
TS,257765178,TJ,257234066
TS,150934791,TJ,150581798
TS,151167778,TJ,150816767
TS,272776354,TJ,272329991
TS,151837345,TJ,151478621
TS,244503104,TJ,243605911
TS,262097091,TJ,261615516
TS,249653363,TJ,249121684
TS,171660861,TJ,171366757
TS,170087004,TJ,169797620
TS,172369059,TJ,172068020
TS,245154706,TJ,244672378
TS,170917690,TJ,170574013
TS,153370503,TJ,153045893
TS,249659712,TJ,249112367
TS,175935354,TJ,175578270
TS,175396401,TJ,175092690
TS,167344559,TJ,167035347
TS,168419743,TJ,168051210
TS,175693288,TJ,175305854
TS,181961681,TJ,181652146
TS,262729191,TJ,262198934
TS,169145982,TJ,168779471
TS,154216912,TJ,153884904
TS,252009128,TJ,251552501
TS,268547247,TJ,268102684
TS,261992344,TJ,261321367
TS,245750540,TJ,244877235
TS,157459303,TJ,157006622
TS,244143697,TJ,243583961
TS,245540356,TJ,245037974
TS,259968983,TJ,259503451
TS,164910967,TJ,164559026
TS,166313422,TJ,165993087
TS,166700883,TJ,166401248
TS,171967651,TJ,171688957
TS,269480780,TJ,268991758
TS,175377995,TJ,175034068
TS,242704011,TJ,242253655
TS,174371362,TJ,174065372
TS,163234846,TJ,162942019
TS,149048620,TJ,148740279
TS,180933231,TJ,180623341
TS,247759637,TJ,247305795
TS,267602244,TJ,266974509
TS,165956821,TJ,165598647
TS,252577290,TJ,251667003
TS,155955433,TJ,155518342
TS,263185621,TJ,262727010
TS,171478069,TJ,171122551
TS,248158292,TJ,247700517
TS,268011642,TJ,267554683
TS,170920946,TJ,170594663
TS,169380248,TJ,169078740
TS,149137285,TJ,148841743
TS,178604853,TJ,178302354
TS,249081494,TJ,248634769
TS,173294709,TJ,172974338
TS,268634133,TJ,268166171
TS,151553907,TJ,151204891
TS,264317741,TJ,263836213
TS,266370293,TJ,265865483
TS,285423401,TJ,284869465
TS,256536679,TJ,255996497
TS,171214111,TJ,170867127
TS,246820591,TJ,246333527
TS,175121413,TJ,174802568
TS,157098170,TJ,156775424
TS,253715808,TJ,252817619
TS,151828027,TJ,151377829
TS,178588837,TJ,178229330
TS,236908131,TJ,236367723
TS,267154611,TJ,266694824
TS,280295007,TJ,279788695
TS,175995406,TJ,175643262
TS,262443841,TJ,261934101
TS,168395396,TJ,168044747
TS,246506500,TJ,245991848
TS,160866829,TJ,160507458
TS,270120147,TJ,269577507
TS,166563629,TJ,166218126
TS,150834811,TJ,150461302
TS,166800241,TJ,166497603
TS,156430866,TJ,156108477
TS,245659980,TJ,245139483
TS,175758525,TJ,175390103
TS,226874444,TJ,226508758
TS,248920425,TJ,247975759
TS,155589917,TJ,155266825
TS,164735456,TJ,164375579
TS,167739105,TJ,167376452
TS,150928912,TJ,150608966
TS,266320730,TJ,265853149
TS,237673893,TJ,237169227
TS,254681214,TJ,253610378
TS,178623094,TJ,178246241
TS,188246748,TJ,187845345
TS,170336023,TJ,170009032
TS,267805441,TJ,267315074
TS,147992401,TJ,147650425
TS,170380394,TJ,170006387
TS,249153596,TJ,248580914
TS,167915478,TJ,167560627
TS,165736934,TJ,165396755
TS,266313738,TJ,265780719
TS,170995906,TJ,170632406
TS,145762910,TJ,145381873
TS,239244942,TJ,238605713
TS,267544958,TJ,267056462
TS,265702350,TJ,260285575
TS,257560900,TJ,257019512
TS,270856971,TJ,270289509
TS,166298405,TJ,165910348
TS,178593406,TJ,174604121
TS,164190672,TJ,163876087
TS,266763396,TJ,261974923
TS,265222514,TJ,264426656
TS,253715354,TJ,253221100
TS,272169827,TJ,271697256
TS,164526930,TJ,164182160
TS,162153471,TJ,161820517
TS,166018850,TJ,165657812
TS,172941749,TJ,172604472
TS,283138511,TJ,282636852
TS,264798671,TJ,264353019
TS,150834913,TJ,150491833
TS,153992440,TJ,153699606
TS,272111860,TJ,271614980
TS,356137198,TJ,355615662
TS,269008834,TJ,268442688
TS,147268354,TJ,146910377
TS,246790771,TJ,246280002
TS,171496797,TJ,171159249
TS,151170901,TJ,150857581
TS,245876475,TJ,245417223
TS,270158736,TJ,269708151
TS,273704297,TJ,273175127
TS,271300295,TJ,270810871
TS,153931088,TJ,153617147
TS,149584200,TJ,149286229
TS,166575425,TJ,166244011
TS,174045653,TJ,173687870
TS,273295280,TJ,272825004
TS,168088514,TJ,165554490
TS,254528977,TJ,253955138
TS,150175713,TJ,149862815
TS,240404797,TJ,239849231
TS,150485108,TJ,147489993
TS,157159484,TJ,156812738
