TS,162268974,TJ,162034928
TS,183444949,TJ,180895626
TS,265908436,TJ,265600531
TS,158513065,TJ,158286021
TS,175480564,TJ,175264600
TS,164839903,TJ,164634160
TS,170498901,TJ,170255779
TS,150535340,TJ,150316529
TS,277408620,TJ,277132112
TS,167899765,TJ,167684083
TS,240668525,TJ,240371474
TS,164734863,TJ,164500027
TS,169530121,TJ,169313977
TS,146921292,TJ,146686617
TS,168698062,TJ,168478321
TS,168636585,TJ,168429937
TS,255277581,TJ,254931830
TS,243920220,TJ,243496735
TS,166768930,TJ,166540071
TS,244809321,TJ,244497983
TS,167361204,TJ,167148121
TS,169163582,TJ,168939942
TS,173694975,TJ,173490340
TS,165857509,TJ,165623109
TS,151398026,TJ,151165676
TS,149523648,TJ,149303802
TS,162973969,TJ,162747929
TS,141479239,TJ,141236260
TS,141327792,TJ,141063050
TS,168500012,TJ,168290047
TS,169021668,TJ,168685763
TS,167433206,TJ,167222866
TS,179964248,TJ,177834668
TS,166776081,TJ,166553396
TS,175840433,TJ,175644630
TS,260084757,TJ,259744643
TS,264385090,TJ,264069832
TS,143938682,TJ,143718180
TS,145518630,TJ,145258581
TS,256701486,TJ,256372845
TS,256795275,TJ,256423693
TS,242246321,TJ,241914488
TS,161710705,TJ,161304560
TS,166733468,TJ,166473064
TS,138377959,TJ,138120976
TS,164069364,TJ,163822328
TS,168793108,TJ,168588848
TS,258360870,TJ,258069833
TS,154821411,TJ,154595032
TS,151377496,TJ,151022117
TS,170465734,TJ,170258174
TS,157649527,TJ,157445197
TS,168341324,TJ,168132710
TS,250778443,TJ,250454598
TS,163262802,TJ,163040275
TS,166513115,TJ,161090705
TS,169762381,TJ,169413035
TS,244207543,TJ,243893936
TS,141654898,TJ,141425979
TS,167070359,TJ,166832309
TS,264691091,TJ,264314153
TS,167669807,TJ,167463513
TS,246383709,TJ,246056572
TS,142883526,TJ,142670938
TS,257017189,TJ,256669293
TS,146020419,TJ,145782968
TS,171481467,TJ,171267574
TS,151886560,TJ,151686851
TS,246776938,TJ,246417175
TS,243523752,TJ,243213295
TS,174251105,TJ,170912722
TS,253100130,TJ,252733473
TS,249293367,TJ,248991220
TS,254766765,TJ,254477873
TS,261299411,TJ,260966545
TS,162242761,TJ,162018914
TS,242341561,TJ,241944713
TS,167821385,TJ,167590589
TS,146844367,TJ,146597088
TS,168788565,TJ,168590385
TS,256434225,TJ,255971048
TS,167949642,TJ,167730419
TS,146307301,TJ,146091101
TS,168827718,TJ,168621875
TS,167667353,TJ,167436614
TS,257766937,TJ,257453082
TS,155166212,TJ,154942503
TS,145063842,TJ,144846803
TS,144766337,TJ,144550989
TS,176715396,TJ,176499160
TS,262066553,TJ,261729755
TS,142718922,TJ,142506195
TS,146600483,TJ,146400589
TS,168029536,TJ,167823759
TS,239698732,TJ,239389700
TS,164149828,TJ,163932242
TS,151130159,TJ,150896753
TS,143367532,TJ,143140932
TS,169935324,TJ,169706268
TS,173230610,TJ,170909928
TS,146943193,TJ,146722684
TS,151358836,TJ,151121670
TS,148908065,TJ,148685613
TS,144247763,TJ,144028038
TS,257528558,TJ,257251115
TS,257546406,TJ,257062481
TS,260234837,TJ,259920703
TS,160308304,TJ,160087301
TS,168914846,TJ,168668214
TS,257358961,TJ,257052509
TS,243012305,TJ,242625744
TS,167999442,TJ,167061687
TS,145864623,TJ,144864674
TS,267038118,TJ,266235523
TS,165643740,TJ,165404324
TS,173182342,TJ,172952683
TS,164628539,TJ,164421470
TS,146999986,TJ,146782507
TS,158859531,TJ,158627520
TS,179254686,TJ,179013834
TS,280194157,TJ,279871937
TS,240748961,TJ,240133531
TS,254968589,TJ,254639508
TS,269132675,TJ,268786404
TS,160534254,TJ,160308199
TS,147662938,TJ,147429762
TS,164936210,TJ,164703711
TS,146808910,TJ,146544036
TS,240987387,TJ,240688868
TS,138787891,TJ,138567061
TS,150011199,TJ,149774381
TS,173212427,TJ,172956054
TS,169433697,TJ,169098782
TS,257577113,TJ,257273407
TS,164202170,TJ,163921100
TS,149334916,TJ,145762412
TS,170296753,TJ,170067933
TS,266596193,TJ,266301438
TS,241045771,TJ,240730987
TS,166988386,TJ,166773953
TS,162586159,TJ,162374212
TS,157339812,TJ,157106165
TS,176583093,TJ,176333648
TS,173898414,TJ,173682186
TS,165611489,TJ,165391810
TS,171065465,TJ,170828209
TS,168110225,TJ,167893936
TS,158992517,TJ,158783598
TS,254622797,TJ,254310846
TS,143836100,TJ,143608307
TS,148119445,TJ,147881496
TS,242616359,TJ,242248795
TS,147729648,TJ,147502220
TS,178556156,TJ,178332694
TS,168766304,TJ,168552529
TS,240509781,TJ,240232489
TS,235477380,TJ,234892413
TS,262045777,TJ,261658381
TS,253845546,TJ,253493892
TS,261166542,TJ,260855173
TS,160986530,TJ,160763352
TS,148759720,TJ,148512355
TS,250066494,TJ,249451023
TS,156516218,TJ,156298321
TS,163697902,TJ,163460177
TS,172663749,TJ,172475263
TS,147644010,TJ,147436788
TS,150425264,TJ,150167578
TS,274272280,TJ,273960928
TS,165155510,TJ,164926261
TS,269042827,TJ,268677681
TS,264166692,TJ,263862040
TS,152634510,TJ,152409862
TS,175580803,TJ,175347111
TS,144619848,TJ,144409902
TS,245151080,TJ,244820810
TS,161578334,TJ,161369492
TS,170424180,TJ,170197576
TS,244642245,TJ,244326669
TS,236355573,TJ,234370170
TS,144148301,TJ,143911225
TS,156720598,TJ,156505420
TS,143338990,TJ,143119811
TS,170976050,TJ,170740856
TS,255690454,TJ,255346304
TS,174277300,TJ,174063505
TS,148231650,TJ,148002542
TS,177006310,TJ,176815137
TS,167530019,TJ,167310923
TS,158309002,TJ,158092864
TS,264970887,TJ,264664832
TS,242419839,TJ,242081564
TS,149565371,TJ,149330519
TS,172470043,TJ,172262016
TS,145578539,TJ,145375280
TS,150636385,TJ,150414220
TS,174682651,TJ,174480124
TS,236498705,TJ,236188841
TS,156277402,TJ,156049611
TS,251691069,TJ,251093742
TS,257872977,TJ,257529749
TS,167444858,TJ,167235110
TS,149757390,TJ,149449358
TS,149492036,TJ,149261198
TS,241834143,TJ,241509966
TS,245233895,TJ,244629856
TS,169677506,TJ,169450601
TS,143219381,TJ,143003753
TS,164588463,TJ,164344459
TS,160615161,TJ,160385007
TS,259443587,TJ,259144164
TS,184141972,TJ,179877204
TS,146378835,TJ,146159504
TS,173087153,TJ,172828108
TS,149279888,TJ,149050447
TS,165636178,TJ,165446958
TS,169481710,TJ,169265234
TS,146057051,TJ,145853620
TS,169141920,TJ,168872153
TS,157283668,TJ,157065403
TS,147115674,TJ,146895890
TS,147760188,TJ,147526498
TS,267141218,TJ,266825982
TS,165015218,TJ,164796321
TS,153502038,TJ,153299114
TS,147137735,TJ,146915313
TS,266595727,TJ,266142098
TS,144020151,TJ,143777321
TS,149680022,TJ,149450587
TS,172480791,TJ,172280655
TS,144338136,TJ,144120593
TS,264055345,TJ,263739402
TS,165098557,TJ,164877589
TS,168966854,TJ,168741296
TS,243590970,TJ,243222720
TS,261475996,TJ,261165479
TS,164014533,TJ,163798961
TS,270023954,TJ,269735702
TS,146373278,TJ,146165628
TS,176417920,TJ,172312139
TS,170868900,TJ,170654443
TS,263972244,TJ,263686127
TS,260759807,TJ,260462959
TS,141692472,TJ,141185111
TS,167511894,TJ,167321308
TS,174020182,TJ,173813347
TS,159570002,TJ,159367877
TS,167423884,TJ,167203279
TS,143846480,TJ,143650252
TS,267020142,TJ,266715537
TS,265234154,TJ,264855260
TS,261251041,TJ,260782967
TS,139795820,TJ,139567943
TS,264817102,TJ,264529298
TS,236563917,TJ,236274919
TS,167748979,TJ,167522028
TS,237681547,TJ,237339468
TS,262996997,TJ,262647171
TS,141688034,TJ,141471117
TS,172175805,TJ,171919492
TS,144049592,TJ,143823842
TS,261600288,TJ,261280331
TS,144306012,TJ,144092660
TS,261934388,TJ,261609671
TS,164089279,TJ,163864400
TS,174180919,TJ,173980940
TS,168906645,TJ,168724999
TS,164816929,TJ,164612822
TS,159522057,TJ,159277489
TS,166215185,TJ,166009020
TS,265729090,TJ,265424188
TS,166291393,TJ,166062093
TS,147956378,TJ,147732796
TS,242601843,TJ,242275467
TS,167028379,TJ,166819222
TS,164232107,TJ,164019655
TS,254611109,TJ,254265275
TS,174854114,TJ,174641915
TS,166457778,TJ,166254867
TS,246303108,TJ,242573187
TS,144844983,TJ,144614345
TS,257694305,TJ,257392296
TS,264266460,TJ,263989895
TS,264749937,TJ,264448421
TS,162080311,TJ,161851402
TS,172279745,TJ,172028369
TS,168166679,TJ,167960940
TS,144075320,TJ,143826445
TS,152227514,TJ,151996171
TS,242459463,TJ,242124113
TS,149034730,TJ,148832437
TS,246550133,TJ,246248856
TS,143672193,TJ,143454669
TS,167593840,TJ,167361009
TS,244498719,TJ,244200433
TS,154597460,TJ,154377541
TS,243299504,TJ,242939183
TS,142604837,TJ,142407569
TS,169405115,TJ,169167015
TS,241508962,TJ,240911903
TS,258382078,TJ,258067944
TS,151226508,TJ,151001924
TS,166805344,TJ,166585523
TS,266402838,TJ,266070845
TS,145872124,TJ,145655482
TS,262624500,TJ,262306543
TS,168729655,TJ,168525658
TS,243602415,TJ,242818559
TS,161844534,TJ,161597106
TS,155284571,TJ,155069803
TS,170037734,TJ,169825551
TS,145351944,TJ,145152047
TS,237305342,TJ,237020964
TS,266363120,TJ,266074935
TS,162601491,TJ,162360561
TS,264305436,TJ,263991901
TS,161894442,TJ,161682004
TS,258153472,TJ,257793741
TS,164428511,TJ,164201993
TS,173137119,TJ,172937308
TS,158288011,TJ,158080447
TS,277810881,TJ,277525705
TS,160601530,TJ,160372046
TS,143655514,TJ,143416541
TS,174420571,TJ,174204121
TS,149170518,TJ,148961625
TS,159450440,TJ,159247204
TS,171765899,TJ,171539107
TS,249384494,TJ,249042353
TS,140806361,TJ,140593021
TS,244164800,TJ,243858267
TS,141946046,TJ,141736174
TS,206788965,TJ,206575343
TS,184519809,TJ,180507863
TS,256357156,TJ,256059550
TS,259924283,TJ,259623138
TS,230839647,TJ,230528720
TS,260807226,TJ,260472451
TS,141930394,TJ,141718624
TS,165383563,TJ,165131627
TS,147841931,TJ,147614207
TS,246488098,TJ,246224344
TS,261860454,TJ,261544144
TS,141067252,TJ,140870989
TS,258197657,TJ,257882044
TS,161928514,TJ,161722532
TS,151547888,TJ,151346013
TS,169110038,TJ,168886820
TS,143900403,TJ,143682478
TS,262458653,TJ,262121650
TS,164822271,TJ,164591354
TS,145754492,TJ,145504496
TS,173282935,TJ,173061620
TS,157277648,TJ,157057625
TS,267800567,TJ,267500522
TS,158373177,TJ,158153675
TS,174571440,TJ,174329185
TS,245187956,TJ,244589205
TS,145070043,TJ,144838887
TS,251046842,TJ,250425486
TS,258241337,TJ,257854403
TS,170827926,TJ,170607582
TS,165180332,TJ,164958603
TS,247945961,TJ,247598173
TS,173660903,TJ,173459095
TS,237940773,TJ,237649499
TS,166779804,TJ,166565285
TS,160119442,TJ,159926379
TS,170961009,TJ,170755347
TS,250698793,TJ,250358704
TS,162381396,TJ,162168262
TS,271096068,TJ,270773323
TS,256838154,TJ,256501266
TS,164273303,TJ,164045946
TS,146370686,TJ,146131590
TS,245556406,TJ,245148994
TS,238341377,TJ,237989540
TS,237836586,TJ,237525688
TS,143331211,TJ,143099874
TS,170945284,TJ,170735066
TS,253174493,TJ,252869155
TS,144860518,TJ,144643151
TS,164833767,TJ,164634241
TS,169860098,TJ,169626709
TS,170664680,TJ,170458525
TS,246977125,TJ,246382872
TS,166492959,TJ,166266435
TS,239898292,TJ,239279823
TS,254280292,TJ,253874326
TS,244349832,TJ,244045222
TS,168146867,TJ,167914898
TS,167437551,TJ,167230921
TS,150681358,TJ,150456950
TS,243626508,TJ,243297583
TS,174734776,TJ,174539312
TS,174377602,TJ,174172431
TS,147395344,TJ,147175837
TS,251394496,TJ,250738813
TS,239901438,TJ,239565070
TS,169324375,TJ,169100515
TS,246744915,TJ,246431980
TS,267588872,TJ,267249705
TS,167240426,TJ,167011985
TS,167198806,TJ,166951867
TS,178553012,TJ,178362047
TS,167953518,TJ,167765040
TS,169331724,TJ,169124984
TS,244782673,TJ,244488282
TS,144948385,TJ,144720616
TS,150235922,TJ,150003509
TS,254759230,TJ,254453961
TS,167379557,TJ,167173299
TS,268190505,TJ,267881581
TS,172440058,TJ,172235938
TS,154520554,TJ,154303643
TS,256123684,TJ,255787306
TS,167339069,TJ,167141045
TS,173978630,TJ,173781380
TS,143115296,TJ,142911467
TS,153666886,TJ,153417743
TS,173536273,TJ,173312028
TS,260441017,TJ,260141187
TS,248448611,TJ,248146952
TS,161738707,TJ,161530212
TS,167581130,TJ,167392987
TS,161436632,TJ,161222390
TS,258309050,TJ,257983506
TS,156829988,TJ,156620629
TS,148987559,TJ,148731311
TS,168950687,TJ,168740539
TS,296355297,TJ,295967818
TS,249130133,TJ,248810953
TS,163194235,TJ,162836781
TS,165006040,TJ,164770046
TS,164514345,TJ,164288365
TS,169789986,TJ,164962237
TS,246867975,TJ,246253526
TS,161415791,TJ,161172367
TS,300287326,TJ,300001709
TS,364004752,TJ,363758266
TS,330718901,TJ,330493030
TS,550622248,TJ,550281096
TS,270454136,TJ,270228874
TS,149830033,TJ,149617620
TS,252536086,TJ,252106562
TS,170718561,TJ,170498335
TS,151843044,TJ,151618287
TS,255134057,TJ,254922941
TS,179555221,TJ,179345617
TS,164707744,TJ,164449437
TS,156955169,TJ,156741114
TS,174553638,TJ,174348319
TS,146027586,TJ,145812396
TS,367086360,TJ,366766609
TS,463120135,TJ,462786215
TS,358074914,TJ,357777927
TS,410858502,TJ,410512979
TS,341275663,TJ,341059561
TS,296795956,TJ,296575836
TS,157310136,TJ,157092692
TS,173534732,TJ,173299123
TS,242807914,TJ,242395229
TS,167529722,TJ,167290564
TS,244872145,TJ,244555435
TS,246317114,TJ,246028417
TS,317817973,TJ,317220099
TS,165640690,TJ,165378408
TS,266763028,TJ,266431148
TS,250281964,TJ,249953073
TS,235997193,TJ,235632649
TS,162157513,TJ,161933034
TS,144537275,TJ,144302224
TS,174417054,TJ,174217266
TS,142695384,TJ,142465412
TS,150005416,TJ,149784221
TS,145666049,TJ,145453476
TS,258523643,TJ,258187618
TS,260769261,TJ,257900187
TS,139997166,TJ,139793501
TS,265754545,TJ,265473074
TS,239038544,TJ,238750343
TS,139323841,TJ,139113612
TS,157295294,TJ,157049925
TS,247842531,TJ,247268362
TS,234194518,TJ,233905229
TS,162999973,TJ,162793691
TS,154906611,TJ,154689847
TS,145437846,TJ,145222177
TS,144444697,TJ,144235200
TS,145076443,TJ,144842108
TS,159424644,TJ,159218931
TS,166457886,TJ,166263546
TS,145498485,TJ,145294981
TS,147373710,TJ,147157507
TS,170938616,TJ,170727728
TS,259762132,TJ,259449693
TS,260774006,TJ,260384944
TS,140949072,TJ,140721569
TS,162610016,TJ,162364893
TS,171673776,TJ,171449337
TS,144509924,TJ,144269388
TS,148666067,TJ,148442783
TS,249961270,TJ,249371175
TS,142439191,TJ,142212991
TS,165503525,TJ,165259300
TS,245019610,TJ,244573869
TS,143917633,TJ,143613190
TS,146103877,TJ,145901164
TS,145767737,TJ,145551434
TS,236285997,TJ,235987395
TS,239342661,TJ,239048925
TS,239970116,TJ,239388439
TS,146373576,TJ,146133005
TS,165387754,TJ,165175149
TS,273536083,TJ,273252175
TS,160524793,TJ,160335709
TS,246203763,TJ,245500961
TS,259822281,TJ,259483914
TS,176471761,TJ,176270811
TS,172878971,TJ,172676508
TS,170880430,TJ,170680617
TS,167253793,TJ,167069851
TS,144022935,TJ,143805248
TS,177734406,TJ,177510667
TS,145750072,TJ,145532335
TS,251321995,TJ,250726781
TS,152345544,TJ,152130927
TS,242303802,TJ,241999596
TS,150029726,TJ,149815622
TS,146919403,TJ,146687553
TS,245414501,TJ,244820665
TS,162784395,TJ,162549694
TS,168202079,TJ,167981436
TS,246126593,TJ,243356174
TS,165849266,TJ,165584478
TS,161533882,TJ,161182962
TS,178096917,TJ,177874393
TS,148698009,TJ,148490353
TS,146976366,TJ,146754789
TS,256313356,TJ,255972444
TS,151117659,TJ,150907674
TS,263365858,TJ,263051401
TS,258852887,TJ,258462246
TS,163076131,TJ,162836867
TS,261331892,TJ,261007770
TS,162742302,TJ,162523071
TS,257170620,TJ,256796432
TS,151423664,TJ,151147071
TS,174049256,TJ,173806380
TS,241313623,TJ,240999935
TS,163188418,TJ,162969451
TS,263648093,TJ,263353997
TS,240663091,TJ,240351787
TS,166555772,TJ,166335381
TS,270837934,TJ,270544737
TS,161321999,TJ,161111606
TS,245849265,TJ,245248108
TS,235450957,TJ,235139905
TS,164733986,TJ,164518910
TS,171788025,TJ,167800888
TS,150667563,TJ,150465145
TS,155390678,TJ,155153503
TS,178560687,TJ,178341562
TS,236663567,TJ,236361614
TS,260866679,TJ,260582094
TS,241239053,TJ,240656107
TS,260430472,TJ,260097983
TS,260877078,TJ,260573819
TS,254229630,TJ,253874700
TS,160811140,TJ,160600315
TS,147375515,TJ,147157543
TS,275039807,TJ,274709568
TS,240692962,TJ,240396377
TS,239373082,TJ,239077137
TS,263072635,TJ,261020665
TS,167968147,TJ,167766581
TS,142860630,TJ,142647885
TS,246290109,TJ,246000549
TS,236720242,TJ,236430253
TS,144985785,TJ,144767634
TS,286051046,TJ,285653076
TS,197446441,TJ,192149390
TS,258898578,TJ,258508209
TS,169904054,TJ,169690918
TS,268815330,TJ,268494641
TS,141323922,TJ,141091106
TS,244461088,TJ,244131108
TS,166483177,TJ,166273616
TS,265294740,TJ,264969543
TS,243009816,TJ,242686181
TS,164813387,TJ,164618306
TS,170752912,TJ,170547435
TS,147784572,TJ,147580357
TS,159545860,TJ,159301094
TS,169855878,TJ,169652078
TS,249805539,TJ,249516357
TS,167225610,TJ,167023549
TS,263668397,TJ,263358622
TS,150656337,TJ,150459982
TS,271145730,TJ,270772757
TS,154129731,TJ,153924472
TS,148840358,TJ,148604679
TS,153223186,TJ,153011378
TS,174179748,TJ,173969887
TS,167688437,TJ,167476541
TS,170607618,TJ,170412354
TS,270730021,TJ,270397231
TS,237964798,TJ,237588723
TS,144169475,TJ,143953068
TS,165098958,TJ,164849056
TS,242425420,TJ,242125316
TS,240575514,TJ,240274913
TS,145144118,TJ,144936128
TS,253177511,TJ,252908005
TS,161649379,TJ,161436252
TS,262203851,TJ,261869951
TS,261773509,TJ,261457561
TS,265909318,TJ,265611360
TS,142723822,TJ,142493064
TS,148072249,TJ,147830945
TS,169806733,TJ,169595264
TS,260299574,TJ,259980821
TS,261236663,TJ,260941617
TS,245359777,TJ,244751035
TS,233195225,TJ,232874017
TS,250161147,TJ,249821435
TS,265860467,TJ,265569866
TS,142743436,TJ,142528734
TS,255266150,TJ,254985799
TS,164922636,TJ,164740774
TS,236324253,TJ,235985779
TS,164616110,TJ,164411681
TS,238352337,TJ,238041658
TS,242035282,TJ,241721736
TS,258241011,TJ,257921583
TS,166030740,TJ,165801524
TS,267190955,TJ,266903555
TS,259301099,TJ,259021527
TS,163872300,TJ,163671931
TS,266279325,TJ,265998105
TS,161067385,TJ,160848902
TS,252100396,TJ,251742320
TS,242684758,TJ,242380354
TS,247719126,TJ,247425743
TS,260361484,TJ,260091288
TS,164976981,TJ,164751003
TS,171121389,TJ,170876417
TS,164591829,TJ,164379584
TS,258048753,TJ,257677510
TS,165711619,TJ,165505703
TS,244464740,TJ,244146963
TS,256736529,TJ,256421747
TS,141951458,TJ,141735602
TS,172016052,TJ,171789859
TS,171162090,TJ,170952281
TS,142259804,TJ,142043933
TS,248680681,TJ,248348125
TS,169337018,TJ,169139614
TS,164697188,TJ,164487109
TS,173759875,TJ,173532908
TS,266474148,TJ,266176356
TS,165809687,TJ,165594799
TS,169593569,TJ,169379269
TS,271540786,TJ,271274297
TS,259533409,TJ,259239130
TS,260607234,TJ,260264264
TS,160776122,TJ,160563188
TS,241158868,TJ,240764415
TS,166021673,TJ,165805784
TS,143898387,TJ,143656327
TS,245473670,TJ,245161729
TS,163427022,TJ,163184147
TS,167209434,TJ,166972183
TS,161967573,TJ,161749475
TS,161011219,TJ,157980374
TS,243754980,TJ,243452144
TS,250361214,TJ,250054040
TS,154086154,TJ,153876546
TS,262301467,TJ,262009545
TS,143132515,TJ,142913839
TS,170755314,TJ,170520497
TS,256227866,TJ,255934807
TS,144041743,TJ,143823078
TS,146641212,TJ,146441985
TS,176546178,TJ,176295561
TS,163254653,TJ,163033183
TS,252812217,TJ,252488174
TS,257053558,TJ,256747544
TS,173777331,TJ,173568093
TS,157780922,TJ,157574293
TS,151755274,TJ,151524375
TS,240834149,TJ,240534219
TS,169662249,TJ,169447151
TS,167168125,TJ,166939963
TS,167870820,TJ,167632740
TS,264609067,TJ,264215370
TS,143917127,TJ,143678838
TS,165479465,TJ,165250427
TS,166789216,TJ,166579121
TS,166356381,TJ,166133405
TS,177782330,TJ,177570068
TS,253323080,TJ,253020927
TS,170408643,TJ,170191461
TS,142035150,TJ,141832127
TS,169844044,TJ,169628572
TS,155089697,TJ,154862307
TS,169836682,TJ,169596411
TS,264377969,TJ,264047127
TS,268790454,TJ,268475635
TS,154227384,TJ,154016781
TS,271937692,TJ,271604096
TS,143424268,TJ,143217303
TS,266014768,TJ,265710806
TS,243360367,TJ,242969597
TS,143770012,TJ,143539558
TS,149104405,TJ,148855274
TS,151876320,TJ,151657895
TS,258414356,TJ,258120876
TS,160159121,TJ,159943171
TS,146103343,TJ,145895950
TS,259368872,TJ,259071414
TS,166311993,TJ,166104847
TS,163360238,TJ,163164720
TS,186977447,TJ,186692838
TS,241164804,TJ,240867195
TS,161570030,TJ,161340485
TS,241878134,TJ,241561192
TS,161655425,TJ,161437064
TS,170109889,TJ,169787571
TS,237372179,TJ,237067366
TS,168603822,TJ,168378528
TS,167570447,TJ,167356587
TS,167813771,TJ,167598001
TS,139594759,TJ,139369254
TS,243607566,TJ,243267114
TS,235911038,TJ,235293813
TS,142947366,TJ,142603451
TS,160470720,TJ,160227198
TS,160343371,TJ,160110213
TS,249300205,TJ,248962074
TS,151463744,TJ,151219457
TS,160337852,TJ,160097978
TS,142660819,TJ,142439041
TS,264463458,TJ,264064775
TS,139933357,TJ,139716450
TS,172655675,TJ,172422446
TS,268197938,TJ,267895017
TS,146400839,TJ,146188251
TS,173341597,TJ,173104908
TS,241747791,TJ,241453296
TS,166827363,TJ,166631662
TS,162860483,TJ,162637672
TS,246165006,TJ,245831468
TS,282313713,TJ,282013718
TS,260234728,TJ,259927616
TS,148195310,TJ,147967657
TS,257343097,TJ,256747182
TS,239993157,TJ,239704346
TS,235358832,TJ,235047444
TS,164087688,TJ,163856148
TS,265153233,TJ,264813168
TS,161786977,TJ,161571888
TS,159620866,TJ,159430590
TS,177510579,TJ,177301261
TS,142852290,TJ,142646784
TS,149382724,TJ,149174827
TS,150434357,TJ,150216478
TS,249627067,TJ,249351458
TS,162371513,TJ,162155830
TS,244392314,TJ,244058928
TS,145434865,TJ,145210192
TS,161110832,TJ,160910888
TS,172668047,TJ,172490917
TS,171288245,TJ,171117366
TS,259863400,TJ,259575774
TS,143589657,TJ,143379402
TS,246962795,TJ,246665026
TS,166211808,TJ,166012028
TS,240892464,TJ,240574829
TS,145669597,TJ,145452145
TS,247196100,TJ,246899076
TS,166082252,TJ,165877147
TS,171055497,TJ,170845413
TS,263396617,TJ,263107818
TS,140743009,TJ,140235268
TS,158380358,TJ,158155337
TS,148984773,TJ,148764975
TS,241138958,TJ,240816257
TS,145991242,TJ,145777550
TS,172391383,TJ,172206429
TS,258513125,TJ,258235004
TS,237563608,TJ,237243793
TS,238713343,TJ,238382399
TS,239440214,TJ,239144110
TS,254924163,TJ,254587212
TS,155017750,TJ,154786814
TS,242332175,TJ,241841505
TS,264045552,TJ,263749735
TS,264022537,TJ,263738708
TS,164385640,TJ,164137004
TS,146737401,TJ,146504471
TS,170563893,TJ,170354114
TS,243112264,TJ,242830686
TS,165055154,TJ,164841982
TS,253491088,TJ,253146765
TS,142198733,TJ,141978797
TS,159602618,TJ,159386241
TS,143228540,TJ,143023784
TS,170500654,TJ,170297420
TS,240269526,TJ,239973002
TS,235958796,TJ,235675424
TS,238553648,TJ,238201725
TS,165646250,TJ,165448807
TS,241661475,TJ,238605325
TS,240583389,TJ,239991055
TS,162897804,TJ,162687285
TS,140810211,TJ,140578349
TS,174799138,TJ,174564305
TS,269303408,TJ,268981232
TS,254381457,TJ,254057454
TS,243011599,TJ,242711103
TS,143685354,TJ,143458747
TS,148802380,TJ,148583231
TS,173143455,TJ,172936632
TS,238793656,TJ,238497153
TS,142940544,TJ,142721972
TS,249372967,TJ,249071315
TS,166713809,TJ,166490567
TS,142900295,TJ,142691353
TS,172217527,TJ,172015025
TS,257077252,TJ,256777218
TS,155170093,TJ,154931211
TS,170271603,TJ,170048316
TS,147489910,TJ,147281262
TS,178150710,TJ,177932306
TS,240835944,TJ,240524631
TS,172970791,TJ,172768139
TS,260463865,TJ,260055881
TS,242900784,TJ,242581596
TS,145229947,TJ,145020362
TS,171305972,TJ,171095742
TS,257531967,TJ,257228080
TS,141839617,TJ,141613657
TS,253800849,TJ,253484243
TS,141811009,TJ,141598785
TS,169768638,TJ,169525848
TS,143626481,TJ,143418284
TS,172254123,TJ,172035219
TS,144477195,TJ,144256380
TS,262030414,TJ,261691480
TS,256960502,TJ,256658113
TS,140448474,TJ,140229700
TS,257410693,TJ,257082523
TS,140610694,TJ,140396202
TS,171451434,TJ,171213055
TS,160978098,TJ,160779290
TS,163720183,TJ,163477086
TS,171067267,TJ,170822928
TS,141949883,TJ,141720328
TS,245027330,TJ,244699823
TS,238592658,TJ,238299822
TS,142845735,TJ,142642680
TS,158381144,TJ,158181039
TS,163399011,TJ,163179591
TS,172357313,TJ,172130296
TS,141389842,TJ,141181833
TS,255797288,TJ,255484810
TS,238229718,TJ,237932696
TS,154470670,TJ,154248482
TS,166850511,TJ,166636028
TS,240331785,TJ,240005446
TS,145060110,TJ,144844509
TS,250462975,TJ,250105746
TS,171277452,TJ,171067164
TS,158942780,TJ,158732968
TS,165782783,TJ,165560274
TS,173096905,TJ,172896944
TS,261476955,TJ,261092315
TS,141067142,TJ,140837817
TS,164571354,TJ,164326689
TS,164697979,TJ,161334454
TS,165837945,TJ,165628360
TS,254615226,TJ,254294583
TS,258858178,TJ,258555325
TS,257576616,TJ,257238478
TS,171722330,TJ,171468756
TS,251368814,TJ,251018646
TS,145386435,TJ,145158377
TS,270439203,TJ,270113166
TS,161408314,TJ,161204051
TS,147540104,TJ,147288691
TS,249088007,TJ,248492438
TS,161553627,TJ,161332717
TS,251361821,TJ,250740778
TS,140694131,TJ,140104818
TS,253636567,TJ,253280243
TS,264377010,TJ,264083589
TS,158930235,TJ,158724845
TS,262088120,TJ,261805172
TS,141472036,TJ,141258999
TS,242229569,TJ,241906118
TS,239910657,TJ,239586487
TS,145095788,TJ,144893304
TS,168389632,TJ,168148621
TS,171840922,TJ,171624869
TS,260977973,TJ,260680924
TS,165091346,TJ,164880290
TS,141346352,TJ,141154189
TS,240282516,TJ,239950460
TS,265791063,TJ,265476993
TS,164197786,TJ,163975806
TS,245298038,TJ,244982162
TS,174020261,TJ,173769335
TS,156243524,TJ,156011279
TS,166134449,TJ,165918682
TS,245756397,TJ,245122338
TS,143876462,TJ,143643823
TS,164110023,TJ,160855788
TS,169320700,TJ,169039838
TS,236967176,TJ,236656889
TS,145366559,TJ,145138749
TS,250378184,TJ,249757044
TS,263275007,TJ,262803630
TS,147560316,TJ,147318077
TS,172771380,TJ,172529489
TS,154656694,TJ,154447521
TS,148866066,TJ,148632989
TS,159858005,TJ,159649726
TS,166180314,TJ,165962599
TS,255698094,TJ,255416789
TS,256868686,TJ,256573612
TS,163994370,TJ,163782101
TS,269023851,TJ,268631465
TS,142371671,TJ,142122373
TS,169909036,TJ,169691621
TS,142867442,TJ,142666325
TS,149041828,TJ,148800252
TS,268017676,TJ,267636823
TS,258219283,TJ,257937823
TS,168224619,TJ,167999268
TS,171036070,TJ,170799990
TS,237517304,TJ,237231868
TS,163188153,TJ,162972851
TS,148926237,TJ,148702647
TS,169481585,TJ,169283211
TS,262910203,TJ,262622680
TS,237913843,TJ,237554474
TS,145285625,TJ,145077758
TS,171732799,TJ,171540075
TS,142099644,TJ,141887366
TS,146744973,TJ,146522470
TS,173763019,TJ,173560940
TS,254763541,TJ,254484253
TS,164322532,TJ,164133679
TS,166736627,TJ,166544056
TS,242636217,TJ,242051666
TS,237740317,TJ,237122861
TS,147212760,TJ,146972945
TS,143400771,TJ,143176460
TS,245637017,TJ,245223070
TS,258783083,TJ,258477118
TS,159460441,TJ,159255065
TS,145258151,TJ,145026767
TS,164544443,TJ,164321002
TS,161095061,TJ,160873946
TS,162773066,TJ,162558002
TS,165501832,TJ,165268973
TS,258308299,TJ,257953896
TS,238513956,TJ,238171630
TS,255211241,TJ,254856395
TS,164306619,TJ,164103936
TS,234289522,TJ,233992120
TS,146398013,TJ,146176009
TS,173769232,TJ,173536647
TS,144603385,TJ,144390776
TS,172125114,TJ,171878488
TS,261406000,TJ,261043003
TS,160690373,TJ,160465337
TS,168631900,TJ,168376705
TS,148400918,TJ,148177427
TS,257889566,TJ,257583599
TS,141828105,TJ,141615330
TS,248772420,TJ,248154922
TS,164710970,TJ,164499000
TS,164393336,TJ,164169666
TS,163236753,TJ,163008808
TS,164219455,TJ,164003577
TS,170956448,TJ,170748437
TS,246703116,TJ,246411545
TS,141666699,TJ,141401227
TS,174511450,TJ,174303137
TS,164334997,TJ,164131790
TS,243779352,TJ,243418282
TS,144998178,TJ,144787658
TS,262286543,TJ,261969158
TS,162257247,TJ,162038760
TS,166556502,TJ,166328755
TS,166509941,TJ,166313765
TS,142806415,TJ,142592538
TS,251212103,TJ,250891483
TS,172060621,TJ,171861849
TS,172545705,TJ,172324551
TS,148074499,TJ,147877865
TS,145365204,TJ,145142318
TS,264386291,TJ,264095816
TS,238031147,TJ,237648804
TS,145320279,TJ,145097032
TS,147406039,TJ,147196779
TS,242964518,TJ,242653372
TS,262372223,TJ,262046126
TS,166213161,TJ,166017960
TS,153862338,TJ,153665437
TS,247667238,TJ,247366362
TS,245809461,TJ,245517261
TS,151125426,TJ,149747545
TS,203806935,TJ,200330005
TS,165525977,TJ,165298865
TS,242544777,TJ,242230132
TS,163222254,TJ,163015147
TS,214498820,TJ,209150925
TS,153231198,TJ,153003751
TS,145621128,TJ,145376303
TS,243843495,TJ,243525722
TS,166019615,TJ,165827765
TS,163240189,TJ,163041538
TS,142706198,TJ,142502217
TS,172406329,TJ,172186236
TS,265989999,TJ,265641610
TS,162951315,TJ,162735107
TS,146783161,TJ,146553254
TS,150618698,TJ,150396219
TS,151579550,TJ,151378786
TS,172142601,TJ,171924037
TS,145488988,TJ,145270694
TS,161154089,TJ,160961966
TS,164860161,TJ,164633349
TS,242230511,TJ,241918178
TS,240263845,TJ,239944507
TS,167369500,TJ,167157827
TS,141997279,TJ,141737588
TS,240586811,TJ,240262848
TS,165793772,TJ,165582961
TS,141781731,TJ,141572299
TS,241902329,TJ,241568989
TS,263541533,TJ,263242672
TS,258785871,TJ,258446095
TS,141556805,TJ,141339062
TS,172312605,TJ,172104160
TS,264991358,TJ,264696598
TS,245147971,TJ,244527434
TS,164843096,TJ,164594421
TS,139541154,TJ,139309581
TS,262734311,TJ,262380030
TS,145592072,TJ,145361767
TS,266271206,TJ,265990970
TS,141478896,TJ,141263620
TS,142744261,TJ,142402814
TS,174394332,TJ,174192499
TS,169284563,TJ,169101079
TS,142699629,TJ,142488422
TS,268039840,TJ,267703281
TS,161359067,TJ,161135915
TS,265666908,TJ,265348432
TS,242180642,TJ,241864888
TS,156769367,TJ,156548247
TS,150174280,TJ,149947004
TS,267292871,TJ,266833541
TS,164904786,TJ,164690789
TS,166613953,TJ,166383485
TS,261055905,TJ,260746433
TS,143107339,TJ,142883705
TS,150706109,TJ,150476830
TS,245303004,TJ,244986427
TS,168544333,TJ,168335625
TS,248683325,TJ,248400162
TS,145746596,TJ,145529494
TS,268456532,TJ,268063074
TS,140626948,TJ,140406249
TS,145264831,TJ,145041796
TS,268535502,TJ,268226812
TS,163394917,TJ,163173565
TS,147090961,TJ,146825412
TS,155000725,TJ,154780045
TS,246123376,TJ,245826845
TS,234895017,TJ,234580218
TS,240417787,TJ,240126537
TS,146512473,TJ,146278890
TS,170808448,TJ,170589669
TS,142740801,TJ,142525207
TS,145031679,TJ,144790698
TS,175912768,TJ,175697731
TS,145957450,TJ,145752374
TS,241832720,TJ,241517540
TS,260310050,TJ,260030741
TS,164860448,TJ,164639501
TS,268112342,TJ,267718654
TS,168434181,TJ,168218032
TS,261388414,TJ,261045892
TS,142999740,TJ,142790094
TS,149021586,TJ,148763764
TS,167190796,TJ,166950010
TS,242697904,TJ,242356604
TS,266552825,TJ,266172214
TS,143364401,TJ,143142178
TS,250132586,TJ,249515193
TS,160965498,TJ,160732200
TS,167461745,TJ,167225694
TS,171796791,TJ,171595774
TS,164435644,TJ,164251482
TS,148733915,TJ,148446953
TS,243190050,TJ,242860404
TS,165941425,TJ,165733910
TS,161972116,TJ,161763271
TS,166336671,TJ,166087293
TS,176043040,TJ,175833831
TS,167475503,TJ,167290110
TS,167263513,TJ,166984205
TS,252303718,TJ,252017805
TS,165268196,TJ,165067433
TS,158487806,TJ,158276383
TS,165720518,TJ,162146866
TS,261209640,TJ,260909053
TS,144577061,TJ,144362161
TS,148050997,TJ,147817307
TS,171842059,TJ,171641946
TS,237554269,TJ,237205765
TS,168099467,TJ,167874302
TS,266275051,TJ,265939863
TS,143584184,TJ,141566279
TS,173716267,TJ,173497156
TS,263864667,TJ,263521591
TS,154796309,TJ,154576438
TS,168491168,TJ,168266964
TS,172641592,TJ,172420008
TS,240917557,TJ,240620365
TS,237663848,TJ,237342979
TS,141604014,TJ,141381711
TS,265415877,TJ,265090870
TS,242676719,TJ,242068889
TS,168803640,TJ,168573762
TS,165730502,TJ,165515890
TS,159666923,TJ,159440004
TS,245308233,TJ,244943661
TS,253213645,TJ,252900129
TS,242544821,TJ,241903045
TS,153215171,TJ,152965731
TS,170112477,TJ,169907809
TS,238166980,TJ,237875561
TS,261655639,TJ,261361147
TS,159362980,TJ,159139894
TS,256649429,TJ,256345136
TS,235028124,TJ,234714590
TS,264293635,TJ,263968625
TS,169854953,TJ,169649599
TS,233998957,TJ,233695867
TS,169260664,TJ,169034821
TS,148810444,TJ,148593997
TS,172100834,TJ,171879211
TS,168306091,TJ,168102911
TS,150744492,TJ,150527370
TS,164030157,TJ,163826786
TS,155262233,TJ,155038748
TS,241251540,TJ,240917893
TS,142891415,TJ,142672358
TS,159796587,TJ,159588747
TS,263630881,TJ,263324984
TS,147212937,TJ,146980228
TS,265375042,TJ,265045915
TS,241294239,TJ,240670808
TS,141299327,TJ,141065106
TS,268134225,TJ,267844602
TS,264778175,TJ,264466449
TS,164376267,TJ,164180461
TS,237369952,TJ,237067188
TS,146265767,TJ,146045259
TS,169716535,TJ,169490478
TS,238936624,TJ,238649639
TS,173816466,TJ,173624207
TS,172481915,TJ,172276790
TS,167057935,TJ,166866319
TS,160302390,TJ,160092187
TS,145356236,TJ,145117477
TS,252212139,TJ,251885792
TS,166846051,TJ,166603973
TS,163320236,TJ,163075921
TS,266474946,TJ,266109226
TS,142155392,TJ,141936512
TS,263438799,TJ,263141558
TS,256299444,TJ,256004201
TS,162584143,TJ,162365294
TS,168886296,TJ,168638502
TS,263706355,TJ,263394643
TS,233923626,TJ,233597054
TS,264538757,TJ,264218365
TS,257445086,TJ,257111665
TS,166756695,TJ,166540433
TS,162342093,TJ,161894052
TS,170441758,TJ,170231335
TS,162979840,TJ,162766539
TS,265383547,TJ,265072434
TS,261016699,TJ,260707692
TS,141181347,TJ,140975681
TS,247024740,TJ,246391454
TS,241850081,TJ,241447768
TS,140187820,TJ,139947487
TS,143648751,TJ,143403053
TS,249695725,TJ,249370408
TS,268136725,TJ,267757739
TS,139031470,TJ,138813870
TS,144237151,TJ,143992251
TS,244436932,TJ,244081186
TS,144598540,TJ,144347224
TS,242674716,TJ,242376023
TS,238565495,TJ,238260813
TS,249945901,TJ,249625794
TS,261614775,TJ,261264568
TS,153641834,TJ,153427365
TS,172635479,TJ,172412266
TS,168317715,TJ,168109266
TS,257022271,TJ,256726837
TS,239655591,TJ,239341092
TS,236112315,TJ,235802261
TS,167837994,TJ,167627946
TS,170296692,TJ,170073636
TS,239145356,TJ,238851946
TS,144942802,TJ,144728851
TS,142489852,TJ,142273105
TS,172280850,TJ,172054543
TS,165304083,TJ,165107222
TS,140257429,TJ,140057563
TS,154183896,TJ,153966565
TS,170163105,TJ,169975663
TS,167703315,TJ,167500478
TS,143817972,TJ,143599818
TS,146093242,TJ,145891208
TS,149542659,TJ,149330937
TS,147052582,TJ,146835814
TS,256590074,TJ,256314536
TS,140879893,TJ,140659400
TS,173525625,TJ,173289011
TS,144758458,TJ,144547383
TS,170917375,TJ,170701154
TS,153871526,TJ,153669128
TS,145356886,TJ,145127011
TS,242850350,TJ,242520992
TS,239556131,TJ,239256286
TS,238636093,TJ,238337882
TS,265329550,TJ,265036404
TS,239190781,TJ,238897665
TS,167711616,TJ,167512438
TS,144137679,TJ,143916290
TS,166282298,TJ,166044661
TS,173185540,TJ,172974872
TS,169359743,TJ,169184138
TS,253829462,TJ,253548719
TS,144016343,TJ,143802857
TS,169703905,TJ,169448508
TS,169701675,TJ,166072085
TS,156040638,TJ,155806330
TS,148355948,TJ,148129205
TS,249313750,TJ,247251735
TS,271163704,TJ,270796205
TS,242700921,TJ,242096540
TS,146437736,TJ,146200482
TS,265473068,TJ,265172825
TS,260032625,TJ,259730934
TS,140356638,TJ,140141932
TS,171310310,TJ,171116998
TS,165974335,TJ,165770223
TS,162286457,TJ,162092330
TS,247592440,TJ,247280768
TS,249410908,TJ,249113795
TS,163074485,TJ,162852436
TS,265178644,TJ,264878161
TS,145735245,TJ,145526731
TS,166437445,TJ,166207547
TS,160702455,TJ,160496204
TS,248441961,TJ,247812063
TS,142220371,TJ,141988326
TS,263531935,TJ,263096621
TS,152678170,TJ,152441030
TS,240506454,TJ,240118727
TS,162811798,TJ,162590409
TS,138429598,TJ,138203220
TS,170344675,TJ,170146606
TS,178723351,TJ,178496740
TS,258230526,TJ,257941238
TS,162314097,TJ,162104103
TS,157009176,TJ,156783908
TS,172316498,TJ,172107580
TS,262974248,TJ,262574284
TS,165227359,TJ,165002520
TS,262685481,TJ,262409534
TS,257163791,TJ,256869734
TS,250018860,TJ,249698051
TS,143424677,TJ,143201968
TS,241462914,TJ,241151159
TS,154526356,TJ,154315121
TS,147395725,TJ,147181446
TS,163499678,TJ,163278851
TS,244739898,TJ,244395154
TS,240277773,TJ,239976144
TS,162724449,TJ,162498871
TS,139548697,TJ,139315522
TS,247824814,TJ,247469930
TS,162010246,TJ,161804220
TS,163227836,TJ,163032223
TS,168807905,TJ,168600509
TS,258005840,TJ,257668886
TS,270472092,TJ,270142118
TS,162153374,TJ,161940339
TS,147579830,TJ,147361029
TS,254785022,TJ,254463346
TS,144118534,TJ,143910434
TS,265453314,TJ,265049221
TS,144333771,TJ,144093535
TS,165495950,TJ,165241600
TS,241459782,TJ,241168864
TS,161975828,TJ,161749327
TS,165099277,TJ,164875606
TS,239545344,TJ,239226336
TS,266909761,TJ,266570424
TS,166757013,TJ,166537551
TS,240146929,TJ,239476457
TS,152019708,TJ,151779877
TS,160146625,TJ,159906081
TS,142931748,TJ,142690185
TS,151414756,TJ,151195405
TS,149551958,TJ,149338194
TS,263251007,TJ,262934346
TS,236051072,TJ,235714293
TS,161987753,TJ,161761390
TS,167394709,TJ,167177012
TS,145660978,TJ,145460671
TS,256439958,TJ,256118677
TS,168829870,TJ,168612978
TS,156804200,TJ,156590067
TS,168567012,TJ,168356272
TS,262212130,TJ,261882739
TS,168594609,TJ,168383525
TS,147851120,TJ,147645896
TS,149114872,TJ,148902929
TS,240258982,TJ,239951876
TS,162721040,TJ,162492083
TS,165573036,TJ,165346258
TS,263564806,TJ,263241171
TS,148791659,TJ,148582260
TS,145097882,TJ,144868151
TS,167913089,TJ,167701715
TS,254478531,TJ,254202967
TS,261844496,TJ,261576530
TS,139986041,TJ,139768139
TS,246544614,TJ,245910130
TS,142457112,TJ,142219922
TS,165055944,TJ,164839030
TS,243688480,TJ,243393436
TS,162919449,TJ,162685891
TS,163328252,TJ,163120960
TS,144056307,TJ,143815128
TS,154215748,TJ,154005328
TS,250921854,TJ,250298008
TS,166457517,TJ,166218004
TS,255160690,TJ,254829503
TS,266822202,TJ,266527170
TS,141678131,TJ,141460055
TS,143119761,TJ,142858008
TS,272567636,TJ,272249006
TS,166227118,TJ,166018506
TS,175933252,TJ,175702132
TS,169330095,TJ,169101268
TS,168544475,TJ,168325348
TS,273748231,TJ,273454752
TS,141914607,TJ,141705287
TS,244185718,TJ,243857218
TS,156715120,TJ,156500505
TS,148135005,TJ,147934183
TS,264785286,TJ,264491811
TS,162693170,TJ,162478597
TS,167548087,TJ,167304609
TS,148838543,TJ,148624465
TS,258812586,TJ,258517276
TS,261296010,TJ,261015604
TS,160893205,TJ,160686622
TS,246321834,TJ,246041718
TS,141847702,TJ,141638987
TS,264757232,TJ,264351342
TS,163461286,TJ,163232727
TS,157199322,TJ,156958925
TS,253317579,TJ,252700541
TS,256528273,TJ,256201677
TS,171701557,TJ,171504353
TS,167339156,TJ,167152750
TS,252468199,TJ,252129411
TS,239670084,TJ,239328935
TS,256742803,TJ,256427216
TS,168817058,TJ,168589259
TS,146601374,TJ,146398156
TS,163314664,TJ,163119152
TS,243218898,TJ,242621230
TS,239166645,TJ,238760737
TS,147568144,TJ,147241662
TS,166604691,TJ,166369975
TS,182788428,TJ,182569081
TS,148370566,TJ,148146564
TS,171523806,TJ,171327634
TS,242382696,TJ,241748469
TS,165489529,TJ,165275708
TS,257026166,TJ,256629166
TS,161548813,TJ,161315686
TS,261726214,TJ,261438373
TS,168241850,TJ,168047819
TS,142231668,TJ,142022504
TS,165651795,TJ,165432536
TS,166259361,TJ,166048323
TS,240218324,TJ,239913662
TS,163195179,TJ,162997714
TS,148193054,TJ,147986002
TS,166109305,TJ,165885327
TS,165441637,TJ,165228940
TS,166947052,TJ,166726572
TS,263352730,TJ,263029973
TS,256357483,TJ,256067389
TS,174306676,TJ,174105359
TS,143283986,TJ,143084853
TS,174616987,TJ,174400627
TS,149455414,TJ,149229106
TS,173257979,TJ,173051337
TS,244720449,TJ,244135638
TS,262055239,TJ,261719304
TS,245764970,TJ,245466937
TS,163472883,TJ,163262144
TS,259122544,TJ,258788337
TS,162037492,TJ,161834023
TS,147581585,TJ,147343748
TS,171331849,TJ,171128299
TS,172587378,TJ,172382401
TS,249507152,TJ,249177829
TS,153954825,TJ,153739910
TS,139321820,TJ,139101456
TS,247709338,TJ,247390692
TS,239433850,TJ,238813982
TS,143898028,TJ,143668213
TS,264004755,TJ,263725882
TS,140663721,TJ,140444751
TS,268167948,TJ,267830507
TS,169115352,TJ,168906596
TS,167037257,TJ,166839003
TS,166873596,TJ,166662495
TS,260417879,TJ,260055671
TS,164891851,TJ,164698115
TS,238396762,TJ,238113052
TS,260037815,TJ,259708045
TS,264738935,TJ,264421202
TS,267141248,TJ,266830955
TS,170013926,TJ,169822005
TS,167506342,TJ,167314336
TS,243781509,TJ,243147286
TS,166411287,TJ,166186156
TS,242010792,TJ,241614788
TS,263061707,TJ,262709345
TS,142187628,TJ,141959880
TS,164465279,TJ,164233014
TS,162873261,TJ,162676700
TS,177079085,TJ,176840606
TS,169500925,TJ,169292766
TS,146072016,TJ,145859360
TS,159502448,TJ,159250694
TS,256930933,TJ,256560463
TS,258577011,TJ,258281268
TS,150575998,TJ,150365221
TS,267372840,TJ,267053329
TS,164701788,TJ,164498592
TS,169286081,TJ,169086749
TS,158953683,TJ,158761527
TS,240244600,TJ,239938980
TS,169986204,TJ,169762726
TS,145836807,TJ,145620225
TS,250531000,TJ,249945930
TS,144550107,TJ,144328500
TS,249677324,TJ,249350560
TS,167629272,TJ,167407072
TS,166568507,TJ,166368239
TS,246239824,TJ,245925752
TS,170233497,TJ,170018076
TS,242201584,TJ,241906145
TS,160036454,TJ,159833798
TS,159329358,TJ,158965292
TS,255060394,TJ,254753121
TS,161017613,TJ,160817469
TS,268007738,TJ,267683751
TS,169387504,TJ,169186950
TS,155760655,TJ,155546846
TS,173934933,TJ,173723580
TS,165036474,TJ,164810627
TS,169562806,TJ,169326225
TS,274859765,TJ,271550456
TS,140453072,TJ,140192836
TS,206267999,TJ,206051869
TS,250213504,TJ,250021824
TS,163999707,TJ,163811574
TS,236187753,TJ,235877164
TS,259092889,TJ,258705669
TS,159728902,TJ,159501038
TS,241209059,TJ,240835460
TS,161777388,TJ,161575142
TS,146152168,TJ,142769117
TS,246428510,TJ,246031661
TS,170679081,TJ,170489393
TS,163290357,TJ,163071756
TS,165780654,TJ,165564403
TS,260516712,TJ,260207678
TS,261045225,TJ,260599929
TS,160717503,TJ,160467227
TS,157167869,TJ,156935911
TS,168411705,TJ,168199065
TS,173034414,TJ,172838525
TS,247181581,TJ,246566544
TS,235927453,TJ,235585226
TS,172530497,TJ,172281085
TS,252039385,TJ,251688437
TS,251840711,TJ,251556109
TS,158481180,TJ,158262245
TS,160464723,TJ,160272029
TS,174444803,TJ,174244061
TS,156597856,TJ,156388976
TS,162435095,TJ,162218159
TS,243423883,TJ,243128639
TS,142104083,TJ,141896507
TS,170199105,TJ,169990751
TS,143789793,TJ,143592608
TS,166834262,TJ,166620256
TS,264974074,TJ,264659458
TS,263856822,TJ,263571008
TS,165869530,TJ,165676648
TS,238845901,TJ,238538481
TS,167427543,TJ,167226997
TS,166776530,TJ,166562210
TS,167179297,TJ,166982243
TS,166173321,TJ,165970044
TS,233595145,TJ,233299775
TS,168859858,TJ,168665049
TS,257909829,TJ,257619030
TS,167729377,TJ,167528297
TS,168358972,TJ,168165004
TS,143938716,TJ,143726416
TS,247735065,TJ,247383414
TS,165601569,TJ,165403232
TS,141666644,TJ,141458610
TS,170784586,TJ,170572106
TS,174612316,TJ,171500513
TS,143177707,TJ,142971045
TS,158627429,TJ,158416808
TS,171254615,TJ,171051697
TS,243175510,TJ,242580000
TS,144354019,TJ,144114609
TS,157168740,TJ,156953752
TS,150400306,TJ,150188031
TS,244528877,TJ,244220156
TS,262227052,TJ,261906741
TS,142301849,TJ,142083327
TS,168474638,TJ,168231149
TS,141263703,TJ,141055807
TS,148243948,TJ,148014489
TS,261993998,TJ,261655612
TS,153190597,TJ,152977251
TS,159233085,TJ,159026004
TS,261463724,TJ,261102410
TS,143552226,TJ,143322167
TS,145709909,TJ,145460565
TS,174844112,TJ,174621306
TS,262565218,TJ,262252849
TS,258862082,TJ,258478989
TS,140975934,TJ,140748898
TS,171860400,TJ,171635849
TS,143810161,TJ,143585857
TS,149830511,TJ,146532698
TS,169145685,TJ,168885555
TS,166722444,TJ,166514831
TS,142445097,TJ,142223821
TS,146971414,TJ,146757745
TS,172584378,TJ,172357828
TS,149367645,TJ,149126533
TS,169539981,TJ,169347403
TS,165258417,TJ,165067949
TS,161425953,TJ,161215538
TS,169864529,TJ,169644158
TS,168832554,TJ,168616781
TS,147989423,TJ,147776700
TS,257010510,TJ,256714571
TS,165732725,TJ,165529490
TS,159204954,TJ,158974422
TS,148812602,TJ,148601831
TS,170282222,TJ,170074796
TS,267376780,TJ,267077408
TS,250056539,TJ,249737089
TS,139808101,TJ,139607805
TS,171817221,TJ,171569955
TS,162024267,TJ,161824026
TS,169949897,TJ,169710106
TS,148856723,TJ,148625839
TS,255601747,TJ,255268558
TS,171321154,TJ,171128862
TS,144061421,TJ,143839908
TS,250839427,TJ,250495013
TS,144828495,TJ,144625395
TS,159539263,TJ,159332595
TS,172781436,TJ,172572181
TS,169059844,TJ,168861909
TS,168639287,TJ,168449047
TS,145455336,TJ,145216057
TS,165800764,TJ,165577166
TS,146435572,TJ,146208693
TS,159933819,TJ,159709710
TS,256915615,TJ,256609228
TS,147566443,TJ,147347624
TS,244846297,TJ,244534386
TS,166878989,TJ,166663423
TS,143370472,TJ,143165314
TS,170862577,TJ,170659559
TS,244358880,TJ,243960383
TS,142908950,TJ,142692023
TS,244590535,TJ,244286368
TS,251532063,TJ,251189249
TS,166581965,TJ,166345659
TS,176240454,TJ,176018583
TS,170257189,TJ,170040631
TS,166216301,TJ,166030301
TS,145271459,TJ,145038617
TS,240172192,TJ,239817685
TS,144054858,TJ,143853554
TS,169481470,TJ,169273739
TS,169930680,TJ,169718166
TS,168592469,TJ,168380464
TS,152326536,TJ,152125531
TS,170959269,TJ,170761347
TS,168375582,TJ,168170233
TS,262333015,TJ,261963633
TS,143183628,TJ,142916562
TS,172443665,TJ,172211432
TS,142692498,TJ,142486260
TS,277568174,TJ,277258487
TS,161705773,TJ,161486697
TS,171271490,TJ,171046403
TS,147343659,TJ,147128510
TS,150026238,TJ,149816170
TS,148463481,TJ,148235130
TS,170867201,TJ,170654987
TS,258261948,TJ,257981094
TS,142842390,TJ,142636529
TS,171192388,TJ,170946524
TS,171835790,TJ,171626903
TS,252026697,TJ,251725523
TS,171511935,TJ,171277488
TS,144095626,TJ,143867972
TS,173822309,TJ,173598984
TS,260676930,TJ,260317237
TS,240476151,TJ,240133710
TS,171356796,TJ,171138567
TS,259158067,TJ,258872330
TS,247155641,TJ,246559610
TS,142534895,TJ,142318226
TS,263421397,TJ,263093454
TS,238005464,TJ,237669018
TS,258111190,TJ,257813247
TS,166297072,TJ,166103826
TS,154160500,TJ,153944663
TS,260157645,TJ,259832704
TS,146609700,TJ,146390481
TS,171376852,TJ,171160244
TS,251415950,TJ,251080616
TS,141302700,TJ,141062455
TS,169820787,TJ,169590494
TS,167172432,TJ,166977933
TS,166718295,TJ,166519342
TS,142448424,TJ,142184063
TS,168751744,TJ,168537894
TS,147809226,TJ,147617845
TS,145053403,TJ,144848155
TS,145388140,TJ,145193277
TS,172154746,TJ,171941019
TS,162945330,TJ,162747603
TS,165274501,TJ,165032793
TS,166237240,TJ,166006921
TS,162978353,TJ,162782728
TS,174053513,TJ,173843672
TS,163464476,TJ,163232571
TS,171198075,TJ,170956250
TS,161014541,TJ,160802208
TS,151632345,TJ,151402508
TS,242249335,TJ,241915715
TS,257516097,TJ,257212829
TS,144717667,TJ,144484842
TS,266707239,TJ,266409936
TS,162710317,TJ,162494991
TS,265756431,TJ,265457343
TS,236311311,TJ,236023999
TS,164566088,TJ,164345259
TS,281459975,TJ,281121722
TS,261351015,TJ,261019387
TS,231440912,TJ,231214435
TS,173054895,TJ,171537971
TS,148404762,TJ,148165953
TS,150599575,TJ,150379904
TS,162382177,TJ,162138919
TS,140717148,TJ,140479792
TS,244231960,TJ,243885831
TS,168771926,TJ,168558059
TS,166250825,TJ,166038085
TS,157664547,TJ,157447324
TS,252172349,TJ,251821553
TS,261293502,TJ,260738018
TS,268592551,TJ,268281947
TS,236715709,TJ,236361008
TS,146786502,TJ,146571295
TS,267852808,TJ,267507519
TS,167541047,TJ,167325899
TS,164681835,TJ,164099726
TS,146289188,TJ,146077799
TS,163446764,TJ,163215682
TS,145144190,TJ,144932652
TS,277348379,TJ,277010946
TS,164417138,TJ,164188930
TS,170497904,TJ,170267565
TS,159083451,TJ,158856962
TS,168200146,TJ,167971913
TS,154078802,TJ,153867822
TS,161128899,TJ,160905793
TS,143909838,TJ,143659082
TS,178405356,TJ,178137548
TS,157169396,TJ,156957226
TS,236616192,TJ,236295476
TS,157654400,TJ,157400235
TS,140953990,TJ,140756656
TS,148814267,TJ,148597908
TS,161095329,TJ,160816341
TS,241690791,TJ,241385175
TS,168578393,TJ,168352982
TS,148794022,TJ,148589843
TS,171694816,TJ,171493141
TS,260020383,TJ,259691726
TS,162161304,TJ,161945920
TS,167849537,TJ,167647751
TS,148228853,TJ,148015947
TS,144694968,TJ,144485272
TS,167469973,TJ,167255294
TS,248907167,TJ,248609865
TS,142611618,TJ,142391974
TS,168960756,TJ,168766962
TS,166572905,TJ,166367986
TS,147120658,TJ,146896775
TS,147119480,TJ,146888419
TS,168246396,TJ,168024843
TS,175003657,TJ,174786812
TS,166583016,TJ,166359722
TS,264496350,TJ,264168698
TS,161565618,TJ,161357244
TS,160053849,TJ,159804069
TS,142884781,TJ,142686359
TS,142193306,TJ,141875644
TS,146023065,TJ,145781011
TS,163920755,TJ,163685350
TS,173807860,TJ,173589259
TS,176869028,TJ,176648885
TS,252320927,TJ,252009940
TS,176671785,TJ,176457283
TS,155897798,TJ,155689278
TS,238821392,TJ,235123643
TS,165486156,TJ,165193356
TS,173627468,TJ,173422109
TS,240385909,TJ,240102529
TS,150162822,TJ,149942881
TS,144636492,TJ,144419068
TS,163841932,TJ,163617744
TS,162150760,TJ,161950864
TS,264843599,TJ,264551889
TS,256674374,TJ,256366970
TS,139343249,TJ,139079781
TS,267276316,TJ,266940553
TS,145028563,TJ,144805734
TS,142982397,TJ,142761613
TS,241321080,TJ,240944482
TS,253080475,TJ,252488055
TS,155224167,TJ,155014805
TS,159464139,TJ,159255208
TS,142485481,TJ,142175896
TS,166495202,TJ,166193699
TS,160703023,TJ,160456028
TS,140351139,TJ,140099962
TS,161861151,TJ,161604072
TS,169799393,TJ,169530648
TS,146862127,TJ,146642973
TS,257519722,TJ,257159295
TS,164560845,TJ,164330002
TS,139424206,TJ,139249527
TS,138308212,TJ,138046489
TS,157814921,TJ,157619313
TS,153221688,TJ,152994202
TS,137934387,TJ,137701117
TS,164128086,TJ,163890359
TS,163508756,TJ,163278427
TS,145433568,TJ,145212180
TS,245846749,TJ,245209897
TS,164392060,TJ,164151428
TS,141972443,TJ,141769755
TS,255221982,TJ,254900668
TS,168079779,TJ,167877579
TS,150539169,TJ,150232453
TS,161936496,TJ,161712560
TS,270063780,TJ,269729842
TS,155843724,TJ,155633850
TS,162267061,TJ,162047884
TS,265013594,TJ,264655741
TS,260384690,TJ,260076732
TS,155807387,TJ,155572122
TS,164743290,TJ,164504057
TS,172383280,TJ,172167043
TS,141907563,TJ,141682370
TS,167677990,TJ,167442199
TS,252758610,TJ,252454509
TS,145280203,TJ,145086350
TS,164847729,TJ,164639718
TS,255905808,TJ,255572633
TS,143144853,TJ,142914329
TS,143254566,TJ,143040696
TS,148008430,TJ,147805082
TS,149263309,TJ,149065892
TS,166367370,TJ,166178898
TS,166866310,TJ,166653857
TS,142180692,TJ,141969083
TS,145313259,TJ,145104717
TS,266072318,TJ,265782990
TS,168210765,TJ,168005796
TS,167425325,TJ,167195651
TS,266048897,TJ,265737160
TS,239116337,TJ,234794159
TS,167962429,TJ,167736298
TS,263964230,TJ,263672734
TS,240626218,TJ,240028505
TS,259128965,TJ,258833350
TS,260298868,TJ,259945334
TS,240007731,TJ,239699108
TS,240068985,TJ,239757283
TS,154450132,TJ,154241288
TS,267417177,TJ,267136700
TS,241193555,TJ,240877855
TS,145785650,TJ,145578602
TS,171094799,TJ,170893766
TS,259481456,TJ,259201589
TS,143280937,TJ,143062181
TS,157143767,TJ,156913431
TS,264228327,TJ,263781732
TS,165875445,TJ,165658616
TS,173136823,TJ,172933675
TS,141512905,TJ,141291515
TS,264001771,TJ,263686253
TS,256153523,TJ,255798664
TS,268230748,TJ,267868549
TS,168234635,TJ,168035376
TS,240425791,TJ,240162043
TS,165335602,TJ,165139660
TS,149377431,TJ,149151594
TS,177700510,TJ,177474852
TS,168676658,TJ,168483350
TS,262294210,TJ,261950105
TS,237781942,TJ,237476107
TS,158501049,TJ,158298928
TS,143846261,TJ,143621798
TS,148395790,TJ,148154882
TS,166355350,TJ,166148464
TS,258682338,TJ,258389809
TS,150165727,TJ,149934461
TS,253837643,TJ,253545627
TS,143583114,TJ,143373976
TS,243261502,TJ,242831977
TS,142975921,TJ,142762216
TS,166651767,TJ,166440860
TS,264557887,TJ,264244333
TS,156000582,TJ,155795588
TS,243024542,TJ,242724357
TS,165707652,TJ,165504182
TS,166013505,TJ,165808165
TS,147099875,TJ,146855975
TS,169581223,TJ,169363968
TS,166766932,TJ,166545597
TS,245292465,TJ,244962333
TS,254535522,TJ,254207587
TS,255627702,TJ,255325908
TS,163847159,TJ,163633499
TS,169000295,TJ,168766519
TS,260994330,TJ,260578025
TS,164065711,TJ,163842404
TS,263106918,TJ,262812284
TS,139772964,TJ,139256618
TS,155256278,TJ,155012540
TS,145904779,TJ,145685049
TS,163979643,TJ,163769086
TS,259143722,TJ,258847462
TS,141672923,TJ,141458600
TS,149520328,TJ,149315237
TS,143823587,TJ,143609730
TS,156700706,TJ,156474742
TS,149055984,TJ,148809247
TS,148580257,TJ,148360201
TS,170759176,TJ,170549506
TS,259607833,TJ,259325317
TS,166429005,TJ,166206185
TS,157496202,TJ,157268628
TS,146309068,TJ,146090781
TS,161318490,TJ,161117376
TS,167298966,TJ,167081685
TS,161231741,TJ,161053179
TS,263521294,TJ,263224724
TS,143667708,TJ,143427021
TS,255713605,TJ,255349279
TS,151172340,TJ,150950405
TS,158943651,TJ,158726308
TS,250738788,TJ,250398004
TS,158300545,TJ,158091506
TS,155965864,TJ,155750172
TS,169683717,TJ,169471774
TS,144877420,TJ,144644403
TS,259317997,TJ,258945001
TS,260726027,TJ,260416822
TS,163238503,TJ,163022210
TS,248914032,TJ,248564473
TS,152538698,TJ,152317459
TS,266635170,TJ,266330782
TS,143446351,TJ,143235396
TS,173367339,TJ,173130843
TS,167921900,TJ,167726268
TS,240659586,TJ,240363124
TS,144430015,TJ,144219197
TS,147485208,TJ,147265859
TS,171603200,TJ,171392003
TS,166173606,TJ,165978630
TS,261759240,TJ,261469425
TS,236245964,TJ,235951877
TS,163976393,TJ,163749176
TS,145392016,TJ,145174392
TS,173681005,TJ,173469933
TS,271546434,TJ,270928818
TS,161528058,TJ,161271100
TS,164169009,TJ,163960420
TS,257894938,TJ,257603083
TS,141813198,TJ,141600773
TS,168102848,TJ,167855877
TS,171215541,TJ,171001677
TS,256307101,TJ,252734651
TS,239656192,TJ,239030271
TS,161780290,TJ,161549043
TS,164752830,TJ,164516496
TS,258575170,TJ,257942085
TS,145198582,TJ,144941434
TS,264506609,TJ,264144748
TS,253281911,TJ,252977472
TS,245987013,TJ,245663017
TS,161356468,TJ,161142551
TS,171417000,TJ,171227393
TS,259769727,TJ,259461186
TS,162116730,TJ,161903554
TS,171116817,TJ,170908604
TS,166628069,TJ,166418893
TS,170812305,TJ,170622730
TS,166057839,TJ,165860738
TS,262062917,TJ,261693700
TS,262840065,TJ,262533623
TS,143864450,TJ,143629183
TS,261125881,TJ,260824180
TS,160279587,TJ,160068594
TS,146112430,TJ,145838986
TS,261479483,TJ,261180283
TS,262005365,TJ,261631696
TS,139911492,TJ,139691885
TS,146369396,TJ,146147954
TS,261437067,TJ,259398749
TS,149449204,TJ,149214545
TS,165243577,TJ,164984972
TS,243965530,TJ,243622122
TS,166516589,TJ,166300917
TS,260606855,TJ,260311905
TS,152713973,TJ,152494126
TS,241212257,TJ,240918101
TS,164109914,TJ,163871619
TS,167041389,TJ,166817988
TS,165783608,TJ,165558330
TS,147813153,TJ,147593370
TS,261093416,TJ,260782776
TS,248993931,TJ,248641635
TS,164160418,TJ,163938285
TS,165136495,TJ,164940099
TS,165570763,TJ,165365117
TS,144881401,TJ,144661956
TS,146129471,TJ,145924253
TS,252350819,TJ,252003249
TS,146596878,TJ,146390697
TS,146665516,TJ,146294121
TS,262644230,TJ,262337919
TS,163929015,TJ,163728098
TS,156823474,TJ,156615028
TS,169170596,TJ,168950251
TS,142852637,TJ,142629159
TS,160232081,TJ,159990541
TS,247045243,TJ,246751490
TS,140933160,TJ,140712447
TS,164169176,TJ,163957623
TS,172554473,TJ,172329276
TS,141061424,TJ,140852991
TS,241331407,TJ,240996579
TS,161102314,TJ,160872940
TS,144347325,TJ,144068715
TS,148378392,TJ,148158007
TS,171744841,TJ,171520877
TS,244273856,TJ,243694523
TS,138069239,TJ,137790878
TS,254598937,TJ,254248330
TS,239376436,TJ,239066467
TS,164331033,TJ,164112582
TS,261292365,TJ,260989533
TS,141970491,TJ,141748888
TS,261365060,TJ,261041991
TS,161425984,TJ,161201485
TS,171764522,TJ,171547112
TS,251469641,TJ,251184735
TS,151258638,TJ,151043086
TS,167521859,TJ,167308497
TS,163958918,TJ,163722051
TS,167272367,TJ,167057308
TS,157431039,TJ,157238064
TS,139789550,TJ,139476628
TS,173398912,TJ,173159102
TS,169931999,TJ,169716659
TS,144993988,TJ,142539587
TS,239603896,TJ,239303741
TS,262667300,TJ,262368398
TS,262201930,TJ,261898410
TS,161654872,TJ,161443634
TS,167205842,TJ,166955263
TS,160228528,TJ,160010564
TS,165116794,TJ,164900319
TS,162389078,TJ,162161765
TS,170000130,TJ,169777552
TS,264906111,TJ,264560954
TS,238115385,TJ,237807006
TS,163020033,TJ,162806164
TS,156396656,TJ,156180291
TS,158672497,TJ,158455208
TS,165733777,TJ,165526807
TS,172421416,TJ,172197913
TS,265325198,TJ,265029121
TS,142938473,TJ,142720485
TS,166549097,TJ,166318822
TS,254336217,TJ,253989712
TS,235878485,TJ,235568897
TS,152291976,TJ,152076735
TS,162432883,TJ,162201986
TS,164121561,TJ,163898318
TS,147201487,TJ,146974680
TS,150176249,TJ,149925492
TS,145266285,TJ,145040158
TS,247729848,TJ,247127950
TS,160743726,TJ,160518511
TS,169410429,TJ,169178087
TS,165874603,TJ,165659175
TS,168049410,TJ,167798421
TS,248572176,TJ,247978634
TS,142699116,TJ,142491629
TS,168155251,TJ,167928230
TS,146536535,TJ,146317108
TS,144943440,TJ,144721262
TS,244925397,TJ,244612244
TS,167851405,TJ,167638364
TS,260123759,TJ,259811867
TS,172284516,TJ,172071606
TS,241843641,TJ,241509446
TS,167616966,TJ,167397497
TS,167050932,TJ,166837706
TS,146331409,TJ,146121548
TS,148344864,TJ,148123299
TS,153450884,TJ,153218192
TS,263305358,TJ,263005506
TS,234985992,TJ,234684299
TS,240456467,TJ,239823344
TS,165791162,TJ,165512215
TS,271040822,TJ,270642112
TS,140393932,TJ,140175963
TS,146174125,TJ,145938163
TS,146382625,TJ,146166477
TS,245072554,TJ,244752640
TS,258116411,TJ,257811820
TS,141495379,TJ,141298102
TS,255411401,TJ,255093495
TS,144830732,TJ,144620671
TS,161238383,TJ,161031327
TS,260417135,TJ,260131355
TS,142356597,TJ,142130929
TS,242534334,TJ,242208145
TS,236527365,TJ,236141538
TS,237592270,TJ,237251445
TS,142394572,TJ,142178433
TS,171188644,TJ,170982010
TS,265577327,TJ,265231305
TS,144915128,TJ,144689060
TS,172946110,TJ,172718386
TS,235989664,TJ,235670801
TS,165193468,TJ,164981279
TS,166142187,TJ,165951272
TS,142700482,TJ,142401903
TS,250466294,TJ,250114258
TS,146877396,TJ,146659720
TS,246253004,TJ,242894304
TS,266030681,TJ,265667304
TS,140955148,TJ,140724615
TS,148258231,TJ,148023840
TS,158462849,TJ,158243075
TS,258109721,TJ,257788916
TS,154059870,TJ,153824513
TS,166836108,TJ,166626418
TS,241801365,TJ,241211018
TS,167455291,TJ,167236635
TS,266125389,TJ,265690912
TS,139775827,TJ,139542166
TS,146646125,TJ,146400838
TS,262863637,TJ,262564708
TS,141580751,TJ,141362724
TS,171537537,TJ,171304100
TS,164738859,TJ,164521414
TS,164149431,TJ,160717135
TS,168856950,TJ,168658897
TS,264206787,TJ,263930626
TS,257412631,TJ,257046674
TS,154071752,TJ,153599365
TS,242605986,TJ,242263210
TS,238782157,TJ,238480757
TS,154694041,TJ,154489983
TS,240796017,TJ,240163903
TS,143390981,TJ,143174503
TS,174396398,TJ,174165499
TS,167050393,TJ,166842593
TS,146348618,TJ,146128501
TS,157741980,TJ,157525886
TS,166472631,TJ,166239839
TS,174533585,TJ,174320609
TS,248590954,TJ,248307156
TS,165925004,TJ,165714150
TS,167316963,TJ,167104879
TS,235455020,TJ,235074022
TS,163058976,TJ,162836145
TS,144951997,TJ,144732559
TS,168701346,TJ,168481094
TS,242092654,TJ,241463028
TS,239674720,TJ,236619941
TS,172336139,TJ,172121104
TS,143344517,TJ,143140004
TS,145941087,TJ,145696566
TS,272074494,TJ,271730675
TS,165140229,TJ,164913730
TS,258573106,TJ,258278921
TS,166297540,TJ,166087213
TS,169300654,TJ,169079913
TS,260702168,TJ,260429885
TS,156408560,TJ,156188196
TS,267871214,TJ,267568683
TS,162734402,TJ,162518258
TS,147718601,TJ,147499086
TS,161364845,TJ,161141907
TS,173523026,TJ,173304620
TS,170413326,TJ,170207994
TS,170079390,TJ,169861717
TS,169201955,TJ,169002319
TS,262359003,TJ,262075313
TS,254342468,TJ,254035609
TS,168225714,TJ,168015546
TS,258353261,TJ,258040256
TS,163296439,TJ,163070121
TS,166672704,TJ,166374220
TS,146670705,TJ,146458036
TS,174331174,TJ,174113738
TS,169021548,TJ,168806968
TS,171066074,TJ,170838110
TS,259236830,TJ,258929324
TS,164432183,TJ,164200443
TS,147811860,TJ,147600240
TS,167406187,TJ,167183863
TS,146443029,TJ,146201531
TS,170907215,TJ,170701880
TS,253067401,TJ,252782609
TS,139844793,TJ,139624127
TS,164350596,TJ,164069366
TS,176154524,TJ,175941357
TS,145433555,TJ,145212873
TS,153074015,TJ,152856347
TS,149740254,TJ,149524227
TS,171110316,TJ,170912267
TS,148983604,TJ,148756055
TS,263996182,TJ,263678675
TS,267311905,TJ,267046257
TS,254211696,TJ,253935780
TS,165035989,TJ,164833939
TS,168457513,TJ,168221901
TS,166421057,TJ,166234109
TS,142715220,TJ,142492162
TS,149185213,TJ,148937306
TS,257276610,TJ,256969318
TS,258838916,TJ,258567951
TS,155444089,TJ,155223953
TS,167346561,TJ,167132582
TS,170237860,TJ,169961842
TS,241165264,TJ,240856904
TS,157275321,TJ,157032155
TS,149738688,TJ,149526169
TS,173423838,TJ,173211186
TS,165315721,TJ,165123670
TS,170145369,TJ,169947472
TS,142760503,TJ,142542717
TS,263682791,TJ,263369546
TS,147324151,TJ,147097596
TS,163923157,TJ,163712446
TS,173256200,TJ,170191127
TS,258292046,TJ,257983764
TS,168758294,TJ,168536607
TS,173840171,TJ,173457546
TS,164852388,TJ,164651622
TS,148964017,TJ,148765700
TS,267479155,TJ,267182783
TS,166700003,TJ,166500572
TS,141699426,TJ,141490778
TS,166117449,TJ,165876695
TS,242418478,TJ,242097431
TS,168674168,TJ,168479862
TS,264658372,TJ,264361077
TS,145788913,TJ,145557002
TS,168284164,TJ,168077343
TS,146473529,TJ,146274309
TS,165408476,TJ,165199076
TS,243918235,TJ,243625435
TS,169607422,TJ,169418603
TS,163111968,TJ,162915206
TS,146274374,TJ,146037867
TS,146832974,TJ,146628322
TS,170092595,TJ,169872327
TS,259332119,TJ,259032275
TS,166600446,TJ,166381648
TS,145134896,TJ,144927432
TS,161474385,TJ,161251572
TS,247481913,TJ,244063774
TS,143536789,TJ,143298849
TS,147796439,TJ,147583593
TS,146167946,TJ,145939410
TS,168378526,TJ,168171081
TS,259215700,TJ,258860742
TS,159516555,TJ,159309735
TS,165718939,TJ,165483245
TS,244415677,TJ,244110184
TS,245912785,TJ,245594682
TS,261653287,TJ,261368348
TS,241548881,TJ,241209591
TS,142505294,TJ,142296156
TS,255251479,TJ,254924876
TS,159249043,TJ,159025144
TS,252786881,TJ,252450535
TS,161449056,TJ,161230922
TS,146297923,TJ,146065429
TS,146121431,TJ,145901528
TS,261465746,TJ,261113816
TS,257150419,TJ,256831923
TS,283564127,TJ,283254796
TS,160519668,TJ,160299151
TS,169295752,TJ,169048798
TS,163714047,TJ,163507903
TS,147923656,TJ,147717629
TS,248221273,TJ,244300608
TS,143284653,TJ,143065914
TS,252236772,TJ,251899809
TS,163351701,TJ,163135398
TS,153905598,TJ,153683501
TS,145058315,TJ,144835258
TS,149942703,TJ,149711286
TS,147607323,TJ,147378522
TS,263811618,TJ,263508582
TS,162557822,TJ,162351468
TS,167575943,TJ,167369846
TS,162064750,TJ,161855288
TS,173065465,TJ,172859037
TS,258933083,TJ,258529845
TS,162766705,TJ,162533584
TS,150064329,TJ,149841528
TS,170161850,TJ,169947456
TS,269232808,TJ,268932004
TS,141983021,TJ,141755214
TS,157445323,TJ,157235915
TS,244979016,TJ,244651075
TS,144617300,TJ,144403603
TS,149716028,TJ,149473153
TS,264077555,TJ,263770113
TS,239631716,TJ,239328205
TS,238836658,TJ,238467376
TS,155104789,TJ,154881045
TS,245854496,TJ,245543777
TS,142361596,TJ,142121711
TS,242452906,TJ,242122837
TS,259869262,TJ,259441335
TS,161746643,TJ,161505404
TS,241881843,TJ,241580571
TS,163170574,TJ,162945564
TS,239584845,TJ,239282717
TS,238312822,TJ,238011041
TS,265827786,TJ,265545590
TS,142870162,TJ,142661085
TS,266627179,TJ,266215956
TS,143935338,TJ,143696218
TS,148157252,TJ,147913748
TS,265486585,TJ,265210333
TS,161271764,TJ,161079816
TS,158043309,TJ,157827029
TS,146094096,TJ,145870428
TS,149887609,TJ,149667839
TS,172761117,TJ,172551374
TS,263373059,TJ,263087829
TS,163899032,TJ,163629993
TS,161120918,TJ,160880812
TS,269176511,TJ,268838205
TS,261915894,TJ,261600188
TS,156197864,TJ,155994394
TS,148770492,TJ,148557461
TS,264978100,TJ,264667721
TS,243316495,TJ,243019135
TS,146042922,TJ,145834141
TS,267186393,TJ,266863894
TS,142298240,TJ,142087548
TS,272592247,TJ,272283231
TS,164155487,TJ,163923671
TS,172864320,TJ,172654318
TS,176202606,TJ,175960912
TS,264557459,TJ,264138269
TS,166898779,TJ,166631554
TS,169336870,TJ,169121889
TS,265277696,TJ,264977625
TS,162494079,TJ,162283251
TS,163922575,TJ,163706046
TS,145145920,TJ,144922131
TS,168407165,TJ,168195106
TS,168910739,TJ,168729617
TS,165081461,TJ,164891343
TS,261534366,TJ,261130073
TS,142286175,TJ,142053570
TS,271435305,TJ,271103787
TS,163474178,TJ,163268045
TS,173216529,TJ,172997968
TS,261242258,TJ,260937253
TS,264479658,TJ,264152159
TS,164380392,TJ,164182451
TS,264501422,TJ,264215062
TS,142574414,TJ,142371803
TS,263460291,TJ,263042049
TS,258420577,TJ,258086449
TS,244741393,TJ,244088443
TS,143940560,TJ,143717604
TS,262472237,TJ,262198518
TS,162546556,TJ,162337081
TS,143864116,TJ,143633225
TS,253074736,TJ,252714717
TS,236179987,TJ,235601476
TS,142776510,TJ,142481275
TS,247991992,TJ,247688846
TS,170189819,TJ,169977503
TS,240662503,TJ,240273937
TS,144630576,TJ,144397352
TS,166123379,TJ,165906222
TS,146154437,TJ,145908232
TS,139946738,TJ,139721127
TS,245101103,TJ,244787184
TS,165755556,TJ,165547036
TS,263525410,TJ,263163201
TS,263561793,TJ,263085751
TS,252943791,TJ,252566603
TS,266991484,TJ,266648475
TS,165648572,TJ,165431005
TS,159679172,TJ,159465790
TS,273234903,TJ,272890985
TS,244844791,TJ,244278364
TS,155374479,TJ,155151190
TS,241909191,TJ,241627410
TS,147943737,TJ,147712638
TS,243780593,TJ,243472101
TS,143256119,TJ,143037799
TS,169153261,TJ,168943044
TS,146158815,TJ,145947497
TS,146681924,TJ,146472323
TS,173002300,TJ,172786368
TS,244235866,TJ,243928007
TS,260609180,TJ,260303158
TS,242228450,TJ,241582974
TS,166607063,TJ,166373564
TS,244261206,TJ,243902747
TS,249698864,TJ,249358240
TS,240822697,TJ,240226700
TS,165710683,TJ,165498758
TS,164915201,TJ,164697102
TS,267597501,TJ,267201403
TS,143816271,TJ,143600758
TS,257271146,TJ,256970788
TS,161698495,TJ,161470099
TS,151908662,TJ,151694596
TS,163217796,TJ,163000761
TS,158072816,TJ,157863454
TS,165498120,TJ,165254906
TS,166367482,TJ,166143277
TS,260786842,TJ,260380800
TS,246184265,TJ,242540790
TS,167954690,TJ,167739085
TS,264139186,TJ,263706958
TS,154250388,TJ,154045592
TS,163725568,TJ,163499429
TS,262861179,TJ,262556652
TS,145818786,TJ,145602959
TS,165435588,TJ,165219385
TS,260295070,TJ,259947521
TS,154483327,TJ,154266709
TS,242617347,TJ,242295786
TS,263604437,TJ,263247521
TS,146769378,TJ,146564094
TS,166484527,TJ,166279468
TS,271735895,TJ,271380041
TS,161471771,TJ,161275537
TS,162819889,TJ,162620226
TS,256232851,TJ,255910397
TS,255597221,TJ,255286162
TS,144513494,TJ,144264280
TS,268993214,TJ,268699139
TS,162874017,TJ,162668076
TS,165359655,TJ,165176967
TS,142181227,TJ,141935819
TS,163492331,TJ,163283410
TS,174257527,TJ,174034474
TS,171211917,TJ,170969923
TS,263634923,TJ,263285900
TS,164593619,TJ,164375899
TS,168613398,TJ,168422448
TS,166356157,TJ,166159587
TS,171788142,TJ,171558777
TS,165151026,TJ,164926875
TS,271475718,TJ,271151069
TS,162501964,TJ,162257774
TS,259947136,TJ,259631170
TS,145918667,TJ,145678207
TS,169850673,TJ,169652423
TS,271794916,TJ,271475418
TS,163054527,TJ,162841610
TS,156975644,TJ,156745704
TS,175955128,TJ,175695768
TS,170517566,TJ,170297753
TS,158966767,TJ,158740553
TS,147152391,TJ,146945797
TS,170322495,TJ,170085698
TS,172577775,TJ,172341227
TS,147590521,TJ,147351520
TS,173966288,TJ,173747368
TS,248667171,TJ,248268873
TS,245538904,TJ,245212517
TS,236512172,TJ,236179415
TS,173930381,TJ,173684737
TS,271939470,TJ,271580721
TS,261667937,TJ,261373713
TS,263027477,TJ,262724322
TS,257728392,TJ,257424331
TS,165320528,TJ,165117185
TS,145929466,TJ,145711747
TS,145249079,TJ,145023830
TS,237828651,TJ,237230734
TS,240274266,TJ,239890922
TS,165978363,TJ,165762923
TS,175237575,TJ,175011981
TS,169294562,TJ,169074725
TS,153794419,TJ,153547019
TS,167777957,TJ,167519459
TS,251895428,TJ,251551107
TS,247159433,TJ,246769080
TS,174630388,TJ,170267508
TS,167383704,TJ,167160674
TS,166171640,TJ,165951496
TS,167182863,TJ,166968791
TS,167819602,TJ,167607390
TS,145039583,TJ,144824762
TS,156230631,TJ,156021766
TS,247612410,TJ,247303338
TS,144136453,TJ,143911927
TS,151306925,TJ,151029973
TS,265184935,TJ,264870651
TS,164418968,TJ,164208639
TS,167554073,TJ,167320537
TS,239005315,TJ,238610197
TS,256679391,TJ,256370724
TS,239760601,TJ,239452483
TS,167866324,TJ,167660863
TS,162983853,TJ,162784940
TS,258609557,TJ,258265458
TS,158943304,TJ,158712624
TS,152282027,TJ,152059988
TS,246870065,TJ,246556096
TS,162967484,TJ,162733034
TS,165361824,TJ,165123022
TS,257098004,TJ,256784712
TS,149917038,TJ,149707016
TS,172291585,TJ,172072644
TS,261297942,TJ,260965177
TS,162557693,TJ,162341362
TS,147171287,TJ,146914087
TS,165510543,TJ,165296513
TS,246489688,TJ,246184437
TS,164180736,TJ,163965131
TS,256701379,TJ,256417023
TS,264737092,TJ,264374795
TS,243317079,TJ,242698409
TS,152818317,TJ,152585864
TS,240702742,TJ,240392094
TS,158291517,TJ,158054524
TS,166362007,TJ,166100235
TS,167237016,TJ,167023363
TS,245853714,TJ,245544605
TS,238633333,TJ,238341090
TS,145507523,TJ,145294479
TS,159442619,TJ,159185212
TS,160787863,TJ,160567502
TS,242961504,TJ,242658730
TS,239254392,TJ,238641004
TS,169154744,TJ,168853319
TS,143619734,TJ,143406799
TS,176113797,TJ,175916120
TS,273889755,TJ,273626937
TS,239460674,TJ,239175642
TS,163442368,TJ,163183505
TS,154954340,TJ,154715883
TS,172500629,TJ,172281573
TS,148562919,TJ,148338510
TS,245646019,TJ,245329669
TS,169464603,TJ,169247884
TS,263429323,TJ,263013641
TS,168846674,TJ,168614539
TS,144222686,TJ,144032028
TS,260111583,TJ,259637117
TS,255654868,TJ,255361262
TS,152037465,TJ,151823262
TS,246743703,TJ,246425826
TS,253044014,TJ,252745006
TS,162309868,TJ,162092076
TS,168257818,TJ,168066519
TS,153273693,TJ,153058546
TS,149483382,TJ,149190124
TS,167316857,TJ,167106112
TS,239808800,TJ,239506305
TS,163221614,TJ,163022119
TS,264409719,TJ,264123531
TS,267812535,TJ,267480755
TS,171033112,TJ,170828500
TS,262679255,TJ,262348113
TS,254625115,TJ,254271094
TS,254476746,TJ,254146237
TS,164889439,TJ,164680787
TS,251047401,TJ,250751216
TS,157592952,TJ,157386821
TS,145442873,TJ,145218433
TS,278187148,TJ,277556883
TS,148564418,TJ,148307360
TS,166211069,TJ,165919089
TS,238940278,TJ,238602364
TS,258837760,TJ,258534750
TS,268437314,TJ,268161253
TS,162758407,TJ,161783660
TS,232963676,TJ,232645928
TS,158446582,TJ,158200624
TS,251034472,TJ,250721478
TS,236965527,TJ,236676432
TS,176825483,TJ,176614001
TS,165961012,TJ,165754726
TS,243338477,TJ,243034729
TS,146936941,TJ,146726198
TS,156296167,TJ,156099550
TS,166771000,TJ,166474540
TS,141152791,TJ,140939597
TS,241922068,TJ,241335206
TS,260723800,TJ,260410553
TS,242309352,TJ,241979869
TS,157178358,TJ,156950358
TS,148490889,TJ,148261586
TS,144883829,TJ,144653718
TS,260154933,TJ,259868207
TS,243049870,TJ,242718729
TS,162158513,TJ,161942534
TS,169871251,TJ,169620991
TS,161653166,TJ,161452309
TS,161664076,TJ,161444213
TS,268737864,TJ,266665678
TS,141768115,TJ,141552198
TS,233788239,TJ,233395701
TS,156072517,TJ,155839339
TS,151509882,TJ,151304158
TS,257610641,TJ,257286020
TS,159083659,TJ,158851772
TS,267090643,TJ,266768471
TS,267398881,TJ,267083838
TS,254476298,TJ,254181474
TS,233458670,TJ,233144809
TS,261680937,TJ,261395799
TS,264360805,TJ,264056607
TS,166952576,TJ,166731796
TS,167495878,TJ,167280713
TS,165748392,TJ,165532854
TS,169180628,TJ,168953208
TS,162570576,TJ,162349050
TS,156353186,TJ,156140710
TS,166898032,TJ,166685978
TS,266536445,TJ,266223323
TS,147847018,TJ,147624447
TS,266160288,TJ,265827237
TS,245922873,TJ,245325266
TS,254064977,TJ,253693846
TS,263440171,TJ,263047303
TS,141908911,TJ,141683133
TS,267221723,TJ,266859850
TS,260758655,TJ,260421533
TS,245352570,TJ,245035785
TS,144780591,TJ,144550572
TS,236824614,TJ,236512175
TS,265372047,TJ,265098655
TS,163187735,TJ,162970889
TS,254264029,TJ,253930295
TS,162525781,TJ,162310907
TS,246208691,TJ,245920539
TS,143217312,TJ,142992791
TS,257665397,TJ,257349701
TS,158107356,TJ,157892441
TS,248314358,TJ,247750177
TS,153285160,TJ,153066898
TS,140654410,TJ,140425458
TS,144513704,TJ,144267951
TS,165144670,TJ,164921632
TS,164895422,TJ,164647936
TS,237651250,TJ,237065187
TS,162940474,TJ,162612306
TS,142508397,TJ,142264265
TS,232278641,TJ,231931910
TS,138573988,TJ,138327878
