TS,269120888,TJ,268160511
TS,269938403,TJ,268263413
TS,448908621,TJ,447352574
TS,182922974,TJ,182127000
TS,170367295,TJ,165600959
TS,151761243,TJ,149721424
TS,227634564,TJ,226836778
TS,170666093,TJ,168235389
TS,169415860,TJ,165509454
TS,188913748,TJ,187300891
TS,206751625,TJ,203718811
TS,192021655,TJ,187321453
TS,190242847,TJ,188637219
TS,350202900,TJ,347355158
TS,235002225,TJ,233603803
TS,255077768,TJ,251915682
TS,167835178,TJ,166163415
TS,141922791,TJ,140629450
TS,176519594,TJ,174213361
TS,270566708,TJ,268175842
TS,314644647,TJ,309101072
TS,193701823,TJ,192881240
TS,246622447,TJ,244212633
TS,214195295,TJ,213065366
TS,325937317,TJ,322195078
TS,273178250,TJ,272172805
TS,157604851,TJ,155807078
TS,147580334,TJ,146180078
TS,177927251,TJ,176307255
TS,154089665,TJ,153104805
TS,281535006,TJ,279923492
TS,283443564,TJ,277995123
TS,188494019,TJ,187820921
TS,202195538,TJ,200545924
TS,212345561,TJ,210656608
TS,172734718,TJ,171495586
TS,159232590,TJ,156904815
TS,184784546,TJ,182614765
TS,179115505,TJ,177885197
TS,269211966,TJ,267859340
TS,394858215,TJ,392842477
TS,236794138,TJ,233393363
TS,152539091,TJ,151545742
TS,163979905,TJ,162936264
TS,275290314,TJ,273592533
TS,373862544,TJ,372709476
TS,168663003,TJ,166953553
TS,251319129,TJ,249733332
TS,173868494,TJ,169571752
TS,178009443,TJ,174958907
TS,167127347,TJ,165727622
TS,173182263,TJ,171806188
TS,165584799,TJ,164863230
TS,170786133,TJ,169212717
TS,219960828,TJ,216316823
TS,183259809,TJ,180547233
TS,303741856,TJ,301153207
TS,251079881,TJ,248423163
TS,173424413,TJ,171016963
TS,167897669,TJ,167212310
TS,251947606,TJ,250645099
TS,161309771,TJ,160136008
TS,154540658,TJ,152339177
TS,182445848,TJ,178932827
TS,183165293,TJ,182456423
TS,263928915,TJ,262742984
TS,173942597,TJ,170973694
TS,278026327,TJ,276398980
TS,257869476,TJ,254577659
TS,187651741,TJ,186897632
TS,149842990,TJ,147150152
TS,255048179,TJ,253752080
TS,278523673,TJ,277351289
TS,262648754,TJ,260036863
TS,182314244,TJ,177825749
TS,165722776,TJ,165010684
TS,182616178,TJ,178703416
TS,261930650,TJ,257134057
TS,265878402,TJ,264729680
TS,261224920,TJ,260218165
TS,272491290,TJ,271407826
TS,170719509,TJ,168866347
TS,273824231,TJ,271878375
TS,159894356,TJ,159251670
TS,159766851,TJ,155874266
TS,176798460,TJ,176139774
TS,272128741,TJ,270959731
TS,181942806,TJ,180363623
TS,144953483,TJ,144128808
TS,152889090,TJ,151866407
TS,167784696,TJ,164345442
TS,162561734,TJ,161003693
TS,159730608,TJ,158559306
TS,144522516,TJ,143390787
TS,158799453,TJ,157061784
TS,211176197,TJ,206950529
TS,265026004,TJ,263663484
TS,168001696,TJ,166249925
TS,184860576,TJ,184147872
TS,172628918,TJ,171975688
TS,256426079,TJ,252682514
TS,155902043,TJ,155184392
TS,162439941,TJ,161545863
TS,155788291,TJ,154813391
TS,156436701,TJ,155311961
TS,294219962,TJ,290653966
TS,169473816,TJ,168793670
TS,266793434,TJ,265889092
TS,257085396,TJ,255998974
TS,264826089,TJ,263507243
TS,176843135,TJ,173765813
TS,394416299,TJ,393423584
TS,164667707,TJ,164007153
TS,165059734,TJ,164444179
TS,141034204,TJ,140355211
TS,274312189,TJ,272577004
TS,169280051,TJ,167880312
TS,203140892,TJ,198263543
TS,180152636,TJ,178717454
TS,163672926,TJ,160027794
TS,189253998,TJ,188527456
TS,328804834,TJ,324372128
TS,293466031,TJ,290658935
TS,300041865,TJ,297669328
TS,265250579,TJ,264196236
TS,265471874,TJ,262608229
TS,190704089,TJ,189142288
TS,175932974,TJ,173015998
TS,148531025,TJ,147915341
TS,277274266,TJ,275803437
TS,216240530,TJ,214199585
TS,159263466,TJ,157975593
TS,208841044,TJ,207830067
TS,180804777,TJ,180219889
TS,263157390,TJ,260368944
TS,148695229,TJ,148092120
TS,180111123,TJ,179522065
TS,273134641,TJ,272278694
TS,255053158,TJ,254116622
TS,169201020,TJ,167726374
TS,157272215,TJ,156668430
TS,174840026,TJ,174192113
TS,190283895,TJ,188550967
TS,168343049,TJ,167745101
TS,168902350,TJ,168299731
TS,165150057,TJ,164528319
TS,153782923,TJ,152612095
TS,295523054,TJ,292059029
TS,176149321,TJ,175528606
TS,186616898,TJ,185992916
TS,160661619,TJ,159992231
TS,161874713,TJ,160351028
TS,320213523,TJ,317430897
TS,287846136,TJ,283120240
TS,146924884,TJ,142432493
TS,149505092,TJ,148796501
TS,274420629,TJ,271684921
TS,276992777,TJ,274647785
TS,298372940,TJ,297488116
TS,184743575,TJ,183294832
TS,148073408,TJ,147471284
TS,151987567,TJ,151409294
TS,151342698,TJ,150382052
TS,293259322,TJ,287299652
TS,173923895,TJ,171586401
TS,255842683,TJ,254950903
TS,320815470,TJ,318755985
TS,241149284,TJ,240254939
TS,244360287,TJ,243579301
TS,179134044,TJ,178570191
TS,175825424,TJ,175284740
TS,248898414,TJ,247977558
TS,158325433,TJ,157764455
TS,159792302,TJ,159205199
TS,167490302,TJ,166908783
TS,179402548,TJ,178833996
TS,167255545,TJ,166060595
TS,273354715,TJ,269262800
TS,166908847,TJ,164292163
TS,165714850,TJ,164210269
TS,155282706,TJ,153956537
TS,247863950,TJ,246951144
TS,152473908,TJ,151574074
TS,161628709,TJ,160627867
TS,153853300,TJ,153322503
TS,172061304,TJ,171280858
TS,265818451,TJ,263666050
TS,181455025,TJ,180905301
TS,176424485,TJ,174120955
TS,167252975,TJ,166147104
TS,288034830,TJ,284534810
TS,247795976,TJ,246907833
TS,148477786,TJ,146363299
TS,178515334,TJ,177939643
TS,147028798,TJ,146429309
TS,148475473,TJ,146300512
TS,175243617,TJ,171659560
TS,247647162,TJ,246743917
TS,179372935,TJ,178850676
TS,256796600,TJ,254722519
TS,261557536,TJ,260620111
TS,155542325,TJ,154397066
TS,255682309,TJ,252841379
TS,295439855,TJ,293662132
TS,173407350,TJ,172654223
TS,145362497,TJ,144790549
TS,169416307,TJ,167722967
TS,190959924,TJ,190447457
TS,149752214,TJ,148460735
TS,166336932,TJ,165562991
TS,160641882,TJ,159847999
TS,224217987,TJ,223619212
TS,149049002,TJ,148492816
TS,162357936,TJ,161841947
TS,153720592,TJ,153151870
TS,145253690,TJ,144671091
TS,159504019,TJ,156985555
TS,310792531,TJ,309876198
TS,269341730,TJ,268006584
TS,180709139,TJ,180087683
TS,140486441,TJ,139942092
TS,168710738,TJ,163955919
TS,199534517,TJ,198937081
TS,153487077,TJ,152929442
TS,197788559,TJ,194877541
TS,175966892,TJ,174921940
TS,237093700,TJ,235862613
TS,252440420,TJ,251494795
TS,253459359,TJ,252486368
TS,164515262,TJ,162772154
TS,153213150,TJ,152643938
TS,140233608,TJ,139650316
TS,160472401,TJ,159921349
TS,166188331,TJ,165557361
TS,261257611,TJ,260167009
TS,264048824,TJ,262521457
TS,144065518,TJ,143518998
TS,274767350,TJ,273975539
TS,158272509,TJ,157192770
TS,168136522,TJ,167560277
TS,262290840,TJ,261480179
TS,168113589,TJ,167388959
TS,170036619,TJ,169491059
TS,276091759,TJ,274069386
TS,160352575,TJ,156247706
TS,299336750,TJ,296981803
TS,288560750,TJ,288002711
TS,306562064,TJ,305781332
TS,174885997,TJ,174188384
TS,164225418,TJ,163665045
TS,150134854,TJ,149080477
TS,171431747,TJ,168831188
TS,144927741,TJ,143338583
TS,162511563,TJ,161126605
TS,258195340,TJ,253531238
TS,262527498,TJ,261770776
TS,167444687,TJ,165624991
TS,261174948,TJ,258121262
TS,259918477,TJ,259199010
TS,179043648,TJ,178393163
TS,166605592,TJ,166065113
TS,281029525,TJ,280239547
TS,181836841,TJ,181308305
TS,219458203,TJ,218071913
TS,465624101,TJ,462649684
TS,321684389,TJ,316932609
TS,282712113,TJ,280061470
TS,501768242,TJ,501066709
TS,277128080,TJ,275706134
TS,283831480,TJ,279903189
TS,156792422,TJ,156267846
TS,168651909,TJ,168144555
TS,255324832,TJ,254584738
TS,170659863,TJ,170024261
TS,147007661,TJ,144608113
TS,240500987,TJ,239737304
TS,173606339,TJ,171169909
TS,255434902,TJ,254685641
TS,279717012,TJ,278987617
TS,268343596,TJ,267610269
TS,146010127,TJ,145504413
TS,166153950,TJ,165591627
TS,252931842,TJ,252214550
TS,186039915,TJ,185543577
TS,169475197,TJ,165245162
TS,280032999,TJ,275911553
TS,169066146,TJ,168551637
TS,167672696,TJ,166427718
TS,184031693,TJ,183480861
TS,152754986,TJ,150876233
TS,172571271,TJ,172057983
TS,244325555,TJ,242624377
TS,147102966,TJ,146530919
TS,175944909,TJ,175470715
TS,240098791,TJ,238179171
TS,163689976,TJ,163112647
TS,248615062,TJ,247846544
TS,254536006,TJ,253329832
TS,276626718,TJ,271275707
TS,145484338,TJ,145031341
TS,159666262,TJ,159158078
TS,270922199,TJ,269972786
TS,165013308,TJ,163927253
TS,157094754,TJ,156570282
TS,164542199,TJ,163471803
TS,143299727,TJ,142706272
TS,153373751,TJ,152906011
TS,179981519,TJ,179517561
TS,173423657,TJ,172947802
TS,267228260,TJ,266552573
TS,166789482,TJ,166319791
TS,251234628,TJ,250069497
TS,165289653,TJ,164675809
TS,241149633,TJ,240379503
TS,268129758,TJ,265788352
TS,179694544,TJ,178306312
TS,259013005,TJ,258318864
TS,159277920,TJ,158171596
TS,265353105,TJ,264521763
TS,175090229,TJ,169259648
TS,161847319,TJ,159560727
TS,172896911,TJ,172387678
TS,150102686,TJ,149619651
TS,150613504,TJ,150152472
TS,169528440,TJ,169095478
TS,164166305,TJ,163695926
TS,176527528,TJ,176032034
TS,280439087,TJ,279741467
TS,160091811,TJ,159624168
TS,170986324,TJ,170523250
TS,170295111,TJ,168647037
TS,167664699,TJ,167179829
TS,257218044,TJ,256446606
TS,145216268,TJ,144712140
TS,249418067,TJ,248775971
TS,142980483,TJ,142419844
TS,165736267,TJ,165237758
TS,267305043,TJ,266620105
TS,270617302,TJ,267381201
TS,240330157,TJ,239593484
TS,265312072,TJ,264639423
TS,143437067,TJ,142592614
TS,260339072,TJ,259669391
TS,234651452,TJ,233791994
TS,268653614,TJ,267249343
TS,150840915,TJ,149594710
TS,254847591,TJ,254160230
TS,167076637,TJ,166527508
TS,148564518,TJ,148026954
TS,259165441,TJ,258484453
TS,230035160,TJ,228626190
TS,147968186,TJ,147431008
TS,190911185,TJ,189734716
TS,157561377,TJ,157129197
TS,149358767,TJ,148924215
TS,250270892,TJ,249118930
TS,269274599,TJ,268278581
TS,166568482,TJ,165980623
TS,172107932,TJ,171645464
TS,153805856,TJ,153315136
TS,173813089,TJ,173376862
TS,263297187,TJ,262562371
TS,160134496,TJ,158683354
TS,173791218,TJ,173323951
TS,256119274,TJ,255003272
TS,242086320,TJ,241330208
TS,236497526,TJ,235784798
TS,248489536,TJ,247713429
TS,184548823,TJ,184094677
TS,250561053,TJ,249910461
TS,167478063,TJ,163149901
TS,190287835,TJ,189835313
TS,166411874,TJ,165951456
TS,270458859,TJ,269240098
TS,269153052,TJ,268467683
TS,167034821,TJ,166560252
TS,168196528,TJ,167735723
TS,246394587,TJ,242522814
TS,256885608,TJ,256319665
TS,153010606,TJ,147793891
TS,173517476,TJ,169516273
TS,176881594,TJ,170110331
TS,169195122,TJ,167381681
TS,256167008,TJ,254920629
TS,170367693,TJ,169891418
TS,176521803,TJ,173004780
TS,143284850,TJ,142866543
TS,259543636,TJ,258743381
TS,198712839,TJ,194913596
TS,174378433,TJ,173669531
TS,168515786,TJ,168114057
TS,244593705,TJ,243992369
TS,264279288,TJ,263611157
TS,166747514,TJ,166308409
TS,260371129,TJ,259246642
TS,263789312,TJ,262210865
TS,240755295,TJ,239962352
TS,149250201,TJ,146795825
TS,145236346,TJ,144840090
TS,166042503,TJ,165631322
TS,171077213,TJ,170634946
TS,156868962,TJ,156454279
TS,250703969,TJ,249681891
TS,245667192,TJ,244869285
TS,171415630,TJ,170979158
TS,166372297,TJ,165946487
TS,173985729,TJ,173568172
TS,170852109,TJ,170420354
TS,174914157,TJ,174490764
TS,250285431,TJ,249683380
TS,259899721,TJ,259297119
TS,283432160,TJ,278217838
TS,260070198,TJ,259413208
TS,166949981,TJ,166539595
TS,153073512,TJ,152672309
TS,243526906,TJ,242895406
TS,169766807,TJ,169337490
TS,192308801,TJ,185966598
TS,265205596,TJ,264621862
TS,260243088,TJ,259671608
TS,166470906,TJ,166066231
TS,163312547,TJ,162880673
TS,147874524,TJ,146961986
TS,165458333,TJ,165018251
TS,282585570,TJ,281909674
TS,251294946,TJ,250730753
TS,173022824,TJ,172578734
TS,143726629,TJ,143321354
TS,152204389,TJ,151785842
TS,153103448,TJ,150147547
TS,182312964,TJ,181887492
TS,171088522,TJ,170659035
TS,167303076,TJ,166226540
TS,250086611,TJ,249470028
TS,177841963,TJ,177402050
TS,172553348,TJ,172132795
TS,165009577,TJ,164607196
TS,166908673,TJ,166494679
TS,167835176,TJ,167353750
TS,169552696,TJ,169094895
TS,301477628,TJ,300459133
TS,259262675,TJ,258464060
TS,166064608,TJ,165606371
TS,147912644,TJ,147475336
TS,240133339,TJ,239518226
TS,174766611,TJ,174335705
TS,151364502,TJ,150955868
TS,166336006,TJ,165909586
TS,161067083,TJ,156796847
TS,250336852,TJ,249737403
TS,238820419,TJ,238242966
TS,171387489,TJ,170968570
TS,245684173,TJ,244989165
TS,168733961,TJ,168301035
TS,237560098,TJ,236980324
TS,168782671,TJ,168378619
TS,164294856,TJ,163885093
TS,151130163,TJ,150700914
TS,264085643,TJ,263527285
TS,166454997,TJ,166070949
TS,161570657,TJ,161167545
TS,169048583,TJ,168650419
TS,166364250,TJ,165909517
TS,166681836,TJ,166273530
TS,259424597,TJ,258840332
TS,256293819,TJ,254863956
TS,240378434,TJ,239646060
TS,158543589,TJ,158052442
TS,140784453,TJ,140364279
TS,267408948,TJ,266829800
TS,148771187,TJ,148370110
TS,243572979,TJ,243000963
TS,253664080,TJ,252650572
TS,168527759,TJ,167956239
TS,158174505,TJ,157776450
TS,160132097,TJ,159734786
TS,185724545,TJ,181574450
TS,152967483,TJ,152516326
TS,152532010,TJ,152108302
TS,154915639,TJ,154486775
TS,260988471,TJ,260341269
TS,263689862,TJ,263113838
TS,239377372,TJ,238808273
TS,147654051,TJ,147251199
TS,169550056,TJ,169129109
TS,256802855,TJ,255807165
TS,240265891,TJ,239672834
TS,146172556,TJ,145759097
TS,144570284,TJ,144151277
TS,155930252,TJ,155511245
TS,164913768,TJ,164503096
TS,178409609,TJ,177857826
TS,150304207,TJ,149840124
TS,158407287,TJ,157964518
TS,167184300,TJ,166744530
TS,272722953,TJ,272130335
TS,281638050,TJ,280989492
TS,159899458,TJ,159452364
TS,165449221,TJ,164952593
TS,157054801,TJ,156592388
TS,148624987,TJ,148212777
TS,251147501,TJ,250171472
TS,153848946,TJ,153305607
TS,170950617,TJ,170531313
TS,243821189,TJ,240198761
TS,152283132,TJ,151803895
TS,244330518,TJ,243338121
TS,155211063,TJ,154672964
TS,166558755,TJ,163131776
TS,274392668,TJ,269667684
TS,145565417,TJ,144384198
TS,162758953,TJ,162390994
TS,147839084,TJ,147418914
TS,158826952,TJ,156860720
TS,219591985,TJ,219202881
TS,348834510,TJ,348272317
TS,242273573,TJ,238789380
TS,143873086,TJ,143512349
TS,153758476,TJ,153266686
TS,195360083,TJ,194953941
TS,265282553,TJ,260919768
TS,264715745,TJ,264085429
TS,166896760,TJ,166506713
TS,170740913,TJ,170361513
TS,169731016,TJ,169349006
TS,170623465,TJ,170216876
TS,174864611,TJ,174499490
TS,148343794,TJ,147967174
TS,248596234,TJ,247632811
TS,152329880,TJ,151911211
TS,248581365,TJ,248024476
TS,342476971,TJ,341834297
TS,238130635,TJ,237146704
TS,162768059,TJ,162257572
TS,160189264,TJ,159777102
TS,253949523,TJ,252896129
TS,175971183,TJ,175553960
TS,169775620,TJ,169317957
TS,253455972,TJ,252885772
TS,151188705,TJ,150790636
TS,165750132,TJ,165359761
TS,148086215,TJ,147647177
TS,264922569,TJ,262086853
TS,180310653,TJ,175967509
TS,256667085,TJ,256069187
TS,166016544,TJ,165669946
TS,165244366,TJ,164854968
TS,266950796,TJ,266406377
TS,169530260,TJ,169157276
TS,255032271,TJ,254478958
TS,153653260,TJ,153244013
TS,164470390,TJ,164025330
TS,269923612,TJ,269411475
TS,245688030,TJ,245162707
TS,168501839,TJ,168148180
TS,281998307,TJ,281448024
TS,167069177,TJ,166668515
TS,248703095,TJ,244513175
TS,237963275,TJ,237305299
TS,165487979,TJ,161424691
TS,157021426,TJ,156619281
TS,174522786,TJ,174147509
TS,244256636,TJ,243746522
TS,266331506,TJ,265804572
TS,246935071,TJ,245979311
TS,250454928,TJ,249792621
TS,162534089,TJ,162160292
TS,147564958,TJ,147153511
TS,350971150,TJ,350372956
TS,348069927,TJ,345649787
TS,273412647,TJ,272759598
TS,163979024,TJ,163591075
TS,243302955,TJ,242680692
TS,243218164,TJ,242690321
TS,147647631,TJ,147252072
TS,269981659,TJ,269312840
TS,169363360,TJ,168943221
TS,260053341,TJ,259500546
TS,263496783,TJ,262954241
TS,142746007,TJ,142374518
TS,240928821,TJ,240361889
TS,166553932,TJ,166181718
TS,259622135,TJ,259092980
TS,239880972,TJ,239315560
TS,261135791,TJ,260593293
TS,167005032,TJ,166612375
TS,139826158,TJ,139453729
TS,197960458,TJ,197558572
TS,264236689,TJ,263663881
TS,165999753,TJ,165588170
TS,264084561,TJ,263488805
TS,266927088,TJ,266060816
TS,175812134,TJ,174412119
TS,269383867,TJ,267216440
TS,170481447,TJ,169081629
TS,172866631,TJ,172435552
TS,272917324,TJ,271477585
TS,183259990,TJ,182855273
TS,163613236,TJ,163239325
TS,150546155,TJ,150167862
TS,162485120,TJ,162089339
TS,148329737,TJ,147946941
TS,161376799,TJ,160993852
TS,272238226,TJ,271736144
TS,160245952,TJ,159863035
TS,144957253,TJ,144543845
TS,150184886,TJ,149807613
TS,273739964,TJ,273223033
TS,241270731,TJ,240653192
TS,142719330,TJ,142350568
TS,163629163,TJ,163266005
TS,242695000,TJ,242140753
TS,245362581,TJ,244828866
TS,174558554,TJ,174175304
TS,263979525,TJ,263429510
TS,254916650,TJ,254371622
TS,255169135,TJ,253186335
TS,138269174,TJ,137851053
TS,139790330,TJ,139352868
TS,160076954,TJ,159650770
TS,253563656,TJ,253068967
TS,143414648,TJ,142889020
TS,264198806,TJ,263676298
TS,261338257,TJ,259563353
TS,245056365,TJ,241743222
TS,242713123,TJ,242184403
TS,243087869,TJ,242569865
TS,359882741,TJ,359328737
TS,434782809,TJ,431621245
TS,252189785,TJ,251646508
TS,164786270,TJ,164443458
TS,250376386,TJ,249874749
TS,277414188,TJ,276895279
TS,252751884,TJ,252185663
TS,165148642,TJ,164770005
TS,244737120,TJ,244150183
TS,171896485,TJ,171526389
TS,183035512,TJ,176525979
TS,267403329,TJ,266835709
TS,262473829,TJ,261890882
TS,168744219,TJ,168356339
TS,267857463,TJ,267350057
TS,273515489,TJ,272289481
TS,243259533,TJ,242760030
TS,261138744,TJ,260523263
TS,172106292,TJ,171747479
TS,164778574,TJ,164440702
TS,169009547,TJ,168620215
TS,249690745,TJ,249087841
TS,168799680,TJ,168418742
TS,238961635,TJ,238419293
TS,147147676,TJ,146786246
TS,163977968,TJ,163620147
TS,165862833,TJ,165453416
TS,149366885,TJ,149000843
TS,255945116,TJ,255403363
TS,170899156,TJ,170551267
TS,165196005,TJ,164828489
TS,171678377,TJ,171338688
TS,162706164,TJ,162372786
TS,163377371,TJ,163031983
TS,265720638,TJ,265214406
TS,276045505,TJ,275551818
TS,255994379,TJ,255460377
TS,252803856,TJ,252265472
TS,167746451,TJ,167380615
TS,141463291,TJ,140931263
TS,242520434,TJ,242019780
TS,172822777,TJ,172469958
TS,168038750,TJ,167699419
TS,156117938,TJ,155739520
TS,256166094,TJ,255662215
TS,270114869,TJ,269656623
TS,138260761,TJ,137877346
TS,199979044,TJ,199604940
TS,165882651,TJ,165544792
TS,244026027,TJ,242967914
TS,256387769,TJ,255839119
TS,261369279,TJ,260850550
TS,154652129,TJ,154292725
TS,236673800,TJ,236181053
TS,257468757,TJ,256940982
TS,154579917,TJ,154237582
TS,159691748,TJ,159341460
TS,264797716,TJ,264147827
TS,256251957,TJ,255747978
TS,149807389,TJ,149442994
TS,146218327,TJ,145854516
TS,264955788,TJ,264591927
TS,179254382,TJ,178927705
TS,176538889,TJ,174166078
TS,158305751,TJ,157964913
TS,147836933,TJ,147472078
TS,245918751,TJ,245389636
TS,177438752,TJ,177059801
TS,166051625,TJ,165691181
TS,144551477,TJ,144215087
TS,179081319,TJ,178711889
TS,167753426,TJ,167409942
TS,188357516,TJ,186352123
TS,177280537,TJ,176906541
TS,265558268,TJ,265022951
TS,175205042,TJ,174830397
TS,162753705,TJ,162394465
TS,154640974,TJ,154283154
TS,163912274,TJ,163545958
TS,271884752,TJ,271362154
TS,263989263,TJ,263456440
TS,156467663,TJ,156108924
TS,261789058,TJ,261224140
TS,246090061,TJ,245463414
TS,150268984,TJ,149780255
TS,145607252,TJ,145269037
TS,155117542,TJ,154771804
TS,253024790,TJ,252486606
TS,168484508,TJ,168097692
TS,150165415,TJ,149810018
TS,169359193,TJ,169012025
TS,245394153,TJ,244881096
TS,168882240,TJ,168540483
TS,249432951,TJ,244449232
TS,146096610,TJ,145724595
TS,258768388,TJ,258268863
TS,179482049,TJ,179127163
TS,140188622,TJ,139828779
TS,237260252,TJ,236755055
TS,141741756,TJ,141383770
TS,274166539,TJ,273679832
TS,172810112,TJ,172456546
TS,162760129,TJ,162406103
TS,167646003,TJ,167318099
TS,175222203,TJ,171896629
TS,171270596,TJ,170936927
TS,255004770,TJ,251042475
TS,165314397,TJ,164941749
TS,161858474,TJ,161494883
TS,243424515,TJ,242500842
TS,152848340,TJ,152329037
TS,168497358,TJ,168162015
TS,168472049,TJ,167659564
TS,275502845,TJ,274953824
TS,163929569,TJ,163547359
TS,156925630,TJ,156577709
TS,163320258,TJ,162939661
TS,145401826,TJ,145042462
TS,257605886,TJ,254296628
TS,171013098,TJ,170652487
TS,143599315,TJ,143241746
TS,276678162,TJ,276026116
TS,250293291,TJ,249787254
TS,164560768,TJ,164186976
TS,146515561,TJ,146140513
TS,169270009,TJ,168901699
TS,299316860,TJ,294020040
TS,181039376,TJ,179840699
TS,146288172,TJ,145902045
TS,260474510,TJ,259922278
TS,150716071,TJ,150354280
TS,302286365,TJ,301366428
TS,166349318,TJ,165983230
TS,236014582,TJ,234520572
TS,265983382,TJ,265448031
TS,175715076,TJ,175357193
TS,150454878,TJ,150112937
TS,164852931,TJ,164421801
TS,239804196,TJ,239282042
TS,293167564,TJ,292571551
TS,184876259,TJ,184527657
TS,247662359,TJ,243066582
TS,170296804,TJ,169964382
TS,253089067,TJ,252605745
TS,164070286,TJ,162759124
TS,144308322,TJ,143933497
TS,243834781,TJ,243328539
TS,267377693,TJ,266911852
TS,139510059,TJ,139127788
TS,263462434,TJ,262940491
TS,164051600,TJ,163660763
TS,238163279,TJ,237608367
TS,152921627,TJ,152573307
TS,158573490,TJ,157851587
TS,162005793,TJ,161616119
TS,145200991,TJ,144817784
TS,250143137,TJ,249624223
TS,149165641,TJ,148808998
TS,213374284,TJ,212976701
TS,160715355,TJ,160357204
TS,241878933,TJ,241371037
TS,171665261,TJ,171303687
TS,171985735,TJ,169392405
TS,270326456,TJ,269861659
TS,247451048,TJ,246922107
TS,162151916,TJ,161791005
TS,269346053,TJ,268762171
TS,244910353,TJ,244364461
TS,236174992,TJ,235624455
TS,241647140,TJ,241157419
TS,244186276,TJ,243637059
TS,324654142,TJ,324172862
TS,259743944,TJ,259236165
TS,163850239,TJ,163497030
TS,232354986,TJ,232011422
TS,164551798,TJ,164190122
TS,321798267,TJ,321231720
TS,167307379,TJ,166928671
TS,149508133,TJ,149176337
TS,145004439,TJ,144668561
TS,171541263,TJ,171180026
TS,238311229,TJ,237807790
TS,238443614,TJ,237914151
TS,251840390,TJ,251302764
TS,167601501,TJ,167228677
TS,161065210,TJ,160713370
TS,146291543,TJ,145918111
TS,168231993,TJ,167890191
TS,269830633,TJ,269307424
TS,254019621,TJ,253094914
TS,252788554,TJ,246034890
TS,144164657,TJ,143814362
TS,239454915,TJ,238955930
TS,146517635,TJ,146180538
TS,242141902,TJ,241604309
TS,167379067,TJ,167004551
TS,152736782,TJ,152342619
TS,242567925,TJ,241991347
TS,248549536,TJ,247612770
TS,165386709,TJ,164916727
TS,149970513,TJ,149576198
TS,170116291,TJ,169778586
TS,246588107,TJ,246100602
TS,147514215,TJ,147152550
TS,145267465,TJ,144895925
TS,169086327,TJ,168729655
TS,285280069,TJ,284767200
TS,142019478,TJ,141666527
TS,252933287,TJ,252366474
TS,170458526,TJ,170120790
TS,261369241,TJ,260877444
TS,158987611,TJ,158638692
TS,253384985,TJ,252885279
TS,150343642,TJ,148749618
TS,170115563,TJ,169738370
TS,271231496,TJ,270559907
TS,272831528,TJ,272302356
TS,142920654,TJ,142570846
TS,164604438,TJ,164236300
TS,238211330,TJ,237733654
TS,152057093,TJ,151696961
TS,162166895,TJ,161841665
TS,149262914,TJ,148932241
TS,190116646,TJ,189768373
TS,144449234,TJ,144115445
TS,262064069,TJ,261558808
TS,279071572,TJ,278450381
TS,200186110,TJ,199749135
TS,164347477,TJ,163964142
TS,155056898,TJ,154730891
TS,166587173,TJ,166222054
TS,167664575,TJ,167317735
TS,142986537,TJ,142638102
TS,182860553,TJ,182516378
TS,171105346,TJ,170794627
TS,144190735,TJ,143841863
TS,259107139,TJ,258571087
TS,243970650,TJ,243465713
TS,248600895,TJ,248089911
TS,249291653,TJ,244838406
TS,157289302,TJ,156937287
TS,166225091,TJ,165881084
TS,242856101,TJ,241038310
TS,146314630,TJ,145918086
TS,153620235,TJ,153236805
TS,250979037,TJ,250627215
TS,359155136,TJ,358653208
TS,156810229,TJ,156458946
TS,163078350,TJ,162721621
TS,243293670,TJ,242712315
TS,154329748,TJ,153931864
TS,164741148,TJ,164392049
TS,215305573,TJ,214940130
TS,169777870,TJ,169438152
TS,141792983,TJ,141474101
TS,266726372,TJ,263175704
TS,165734291,TJ,165355028
TS,171005965,TJ,167543679
TS,266670663,TJ,266207651
TS,261522270,TJ,261025284
TS,168840304,TJ,168507754
TS,251320798,TJ,250807511
TS,141894944,TJ,141548793
TS,267329334,TJ,266782762
TS,251798297,TJ,250956590
TS,166453936,TJ,166089398
TS,241825745,TJ,240925335
TS,148495372,TJ,148023396
TS,277992249,TJ,271226535
TS,279817105,TJ,279351902
TS,166444781,TJ,166108876
TS,141341352,TJ,141008526
TS,245194574,TJ,244671047
TS,154158264,TJ,150884140
TS,238001304,TJ,237419290
TS,167465027,TJ,167094853
TS,163582568,TJ,163242609
TS,263302965,TJ,262819639
TS,252088050,TJ,251565426
TS,263491672,TJ,263002903
TS,177861235,TJ,177515321
TS,238359327,TJ,237861419
TS,176120376,TJ,175759525
TS,162253305,TJ,161938249
TS,257015644,TJ,256515162
TS,146510703,TJ,146168155
TS,154773047,TJ,154449641
TS,167125374,TJ,166590135
TS,241831763,TJ,241328872
TS,146649215,TJ,146302013
TS,164986254,TJ,164631708
TS,145668181,TJ,145330104
TS,163974232,TJ,163653276
TS,154643466,TJ,154317091
TS,148560422,TJ,148219864
TS,161308557,TJ,160947222
TS,165059958,TJ,164709996
TS,254111975,TJ,249194771
TS,168043057,TJ,167691267
TS,263196084,TJ,262441556
TS,148922524,TJ,148591220
TS,162836489,TJ,162504425
TS,246908444,TJ,245977136
TS,269424375,TJ,263976717
TS,145912884,TJ,145561461
TS,264431808,TJ,263957819
TS,172625482,TJ,172272596
TS,164675099,TJ,164310456
TS,237297108,TJ,236773550
TS,172231115,TJ,171857758
TS,254649803,TJ,251946454
TS,262658048,TJ,262198831
TS,263026002,TJ,262583907
TS,238429099,TJ,237915874
TS,146664681,TJ,146326436
TS,164051135,TJ,163714180
TS,150715983,TJ,150409735
TS,147153073,TJ,145274095
TS,148214383,TJ,147879662
TS,265696357,TJ,265166852
TS,169265387,TJ,168944906
TS,245649736,TJ,244795714
TS,246216157,TJ,245315650
TS,161921450,TJ,161582002
TS,148689705,TJ,148320297
TS,158133628,TJ,157799094
TS,170376058,TJ,170048608
TS,159275538,TJ,158947179
TS,150089322,TJ,149742003
TS,175862870,TJ,175538121
TS,256151796,TJ,255548449
TS,167555329,TJ,167208450
TS,242961847,TJ,242499037
TS,143051580,TJ,142703708
TS,148375703,TJ,147995889
TS,250744067,TJ,250088908
TS,262081533,TJ,261615188
TS,163537867,TJ,163224252
TS,140578811,TJ,140256934
TS,169821065,TJ,169496094
TS,161177756,TJ,160873663
TS,164166414,TJ,163843157
TS,260624100,TJ,260129924
TS,243450302,TJ,243001492
TS,252195517,TJ,251685928
TS,178586569,TJ,178212600
TS,153363017,TJ,153016443
TS,149557600,TJ,149199181
TS,176228058,TJ,175899567
TS,144091833,TJ,143769353
TS,168559236,TJ,168237676
TS,267824067,TJ,263878498
TS,166679556,TJ,166328810
TS,236551037,TJ,236029338
TS,149625101,TJ,149266056
TS,251937126,TJ,251447479
TS,147200422,TJ,146860915
TS,243128957,TJ,242217840
TS,173454600,TJ,173092159
TS,160536274,TJ,160186567
TS,163344712,TJ,162991529
TS,179474688,TJ,179095465
TS,246696310,TJ,246204022
TS,145972350,TJ,145613209
TS,178277334,TJ,177935259
TS,161678765,TJ,161366003
TS,263980323,TJ,263522192
TS,169336465,TJ,168998185
TS,157736079,TJ,157365431
TS,162912219,TJ,162573048
TS,145255646,TJ,144923523
TS,260854088,TJ,260397095
TS,168469560,TJ,168114712
TS,154366456,TJ,154020702
TS,148901355,TJ,148550861
TS,264375226,TJ,263919177
TS,238551960,TJ,238005402
TS,145511139,TJ,145151643
TS,146049422,TJ,145700282
TS,263363617,TJ,262869654
TS,168076205,TJ,167745008
TS,155753946,TJ,155423854
TS,243073892,TJ,242580268
TS,253271606,TJ,252809225
TS,218026546,TJ,214810999
TS,161562480,TJ,161234259
TS,169852416,TJ,169506889
TS,154413115,TJ,154104156
TS,161372142,TJ,160677013
TS,245338704,TJ,242258618
TS,145357929,TJ,145022779
TS,243210577,TJ,242732131
TS,166075798,TJ,165729185
TS,144799162,TJ,144443091
TS,150665756,TJ,150305106
TS,171839164,TJ,171509269
TS,171590772,TJ,171264763
TS,238998678,TJ,238555523
TS,165161269,TJ,164842724
TS,233789895,TJ,233347492
TS,240620654,TJ,240147077
TS,163035451,TJ,162698311
TS,163303118,TJ,162939122
TS,144231765,TJ,143902973
TS,168030484,TJ,167683920
TS,268344032,TJ,267818268
TS,265286874,TJ,264852273
TS,256901051,TJ,255659143
TS,148273321,TJ,147940746
TS,166915854,TJ,166577184
TS,151444556,TJ,151078449
TS,156577630,TJ,156216588
TS,161528583,TJ,161174288
TS,151657253,TJ,151298215
TS,283659817,TJ,277129191
TS,171355483,TJ,171036926
TS,145403352,TJ,145107712
TS,238790075,TJ,238198140
TS,246126895,TJ,245243632
TS,163498042,TJ,163170052
TS,154693346,TJ,154332032
TS,262615810,TJ,262154619
TS,143810603,TJ,143483775
TS,169175081,TJ,168818386
TS,146456229,TJ,146112026
TS,265083982,TJ,264613372
TS,166966101,TJ,166611507
TS,144690018,TJ,144367847
TS,171068396,TJ,170722223
TS,379253392,TJ,378769382
TS,168563585,TJ,167125287
TS,157132964,TJ,153442428
TS,284253536,TJ,283749460
TS,361897883,TJ,361452087
TS,143746812,TJ,142801586
TS,141229564,TJ,140887870
TS,166032094,TJ,165681229
TS,163370873,TJ,160590451
TS,271110113,TJ,270581720
TS,249519573,TJ,249001176
TS,159340858,TJ,158987725
TS,142710732,TJ,142393692
TS,262404009,TJ,261672940
TS,149642931,TJ,148429513
TS,238593042,TJ,238009565
TS,170745731,TJ,167049890
TS,251077441,TJ,250626246
TS,239095351,TJ,232305715
TS,269034391,TJ,268428752
TS,144938784,TJ,144553914
TS,260708890,TJ,260253506
TS,185804301,TJ,185473351
TS,148779939,TJ,148445085
TS,156607704,TJ,156238409
TS,245028380,TJ,244527930
TS,248354410,TJ,247861059
TS,145631572,TJ,145278597
TS,165380040,TJ,165015487
TS,170576664,TJ,170246424
TS,151032162,TJ,147721552
TS,174867627,TJ,174520933
TS,152234351,TJ,151884467
TS,239676401,TJ,239175212
TS,143264123,TJ,142225721
TS,150605226,TJ,150218679
TS,151449525,TJ,151116246
TS,167901267,TJ,167580878
TS,247270519,TJ,244476973
TS,150691119,TJ,150332756
TS,164675666,TJ,164336775
TS,164898326,TJ,164556688
TS,269585193,TJ,269103644
TS,169742913,TJ,169393094
TS,261758248,TJ,261234064
TS,167643072,TJ,167306774
TS,257860955,TJ,257372025
TS,166014045,TJ,165680197
TS,170472129,TJ,170139850
TS,237730339,TJ,237206989
TS,263358218,TJ,262797815
TS,146249903,TJ,145690830
TS,244038605,TJ,243116700
TS,167104209,TJ,166672994
TS,259015127,TJ,258526297
TS,149892568,TJ,149527829
TS,196456294,TJ,196087636
TS,149135426,TJ,148736015
TS,238973636,TJ,238488016
TS,164196642,TJ,163707425
TS,161450267,TJ,161130530
TS,167019719,TJ,166676061
TS,172969718,TJ,172631936
TS,254450255,TJ,253932918
TS,167905169,TJ,167564043
TS,157464405,TJ,157122021
TS,165954051,TJ,165617264
TS,480289228,TJ,475173432
TS,338814991,TJ,335128418
TS,321958928,TJ,320533719
TS,143109729,TJ,142766477
TS,160405775,TJ,160069481
TS,268265583,TJ,267739556
TS,257770511,TJ,251179015
TS,142483682,TJ,142114746
TS,262176467,TJ,261527873
TS,244587108,TJ,242981292
TS,143404855,TJ,143019208
TS,163609865,TJ,163243306
TS,251477216,TJ,250552935
TS,166125289,TJ,165760722
TS,163874478,TJ,163511571
TS,152635755,TJ,152282961
TS,187971904,TJ,186331544
TS,172186886,TJ,171812927
TS,244845628,TJ,244342156
TS,275264780,TJ,271111424
TS,165810655,TJ,165453512
TS,172293264,TJ,171953879
TS,166714143,TJ,166384670
TS,153581966,TJ,153274860
TS,243939916,TJ,243342841
TS,253893495,TJ,253366750
TS,167670954,TJ,167343170
TS,155770187,TJ,155450399
TS,241718496,TJ,241238585
TS,264316773,TJ,263830715
TS,166283473,TJ,165915538
TS,249576561,TJ,249063692
TS,239677908,TJ,239192242
TS,247463100,TJ,246416983
TS,242576892,TJ,241975491
TS,164811512,TJ,164450521
TS,151723728,TJ,151374482
TS,166412543,TJ,166008092
TS,173189189,TJ,172554869
TS,159962491,TJ,159635977
TS,233874029,TJ,233434245
TS,242067879,TJ,241551496
TS,144314983,TJ,143979577
TS,154929169,TJ,154597266
TS,262641779,TJ,262159607
TS,145706164,TJ,145360486
TS,258948319,TJ,258472405
TS,147221498,TJ,146863836
TS,266140373,TJ,265670612
TS,279827046,TJ,275276554
TS,166992493,TJ,166660766
TS,235515588,TJ,235043441
TS,145972786,TJ,145628981
TS,161766666,TJ,161419427
TS,174157255,TJ,173829759
TS,171282013,TJ,170929941
TS,163696363,TJ,163357639
TS,146692340,TJ,146352512
TS,241235457,TJ,240770872
TS,166499942,TJ,166168103
TS,162841652,TJ,162515322
TS,145329574,TJ,145003563
TS,261765905,TJ,261272236
TS,260698529,TJ,260233229
TS,162728473,TJ,162392429
TS,163201302,TJ,161873629
TS,262929196,TJ,262386154
TS,183061064,TJ,182708158
TS,167799674,TJ,167474935
TS,168331214,TJ,167994969
TS,172075987,TJ,171749234
TS,170126990,TJ,165793465
TS,259543761,TJ,258772858
TS,275263326,TJ,273034267
TS,239707846,TJ,239118079
TS,145302145,TJ,144763850
TS,143531219,TJ,143180944
TS,244280915,TJ,243801882
TS,263971211,TJ,263387485
TS,239081633,TJ,238531831
TS,263659829,TJ,263168912
TS,263526687,TJ,262982433
TS,147883775,TJ,147568012
TS,265819966,TJ,265355721
TS,240974244,TJ,240507252
TS,351433050,TJ,350961659
TS,525781115,TJ,523721180
TS,287502245,TJ,284798152
TS,140010501,TJ,139664416
TS,238406072,TJ,237446300
TS,228769656,TJ,228167148
TS,165985550,TJ,165548725
TS,165696884,TJ,165312403
TS,142061279,TJ,141690327
TS,142089691,TJ,141705250
TS,241445508,TJ,240809434
TS,183968669,TJ,183660172
TS,273386205,TJ,270987631
TS,167627498,TJ,167311911
TS,137806439,TJ,137470291
TS,160650361,TJ,160309634
TS,156921108,TJ,156527964
TS,245047615,TJ,244559200
TS,166749343,TJ,166419707
TS,154311614,TJ,154006299
TS,152327338,TJ,152015893
TS,263743738,TJ,263255364
TS,147221730,TJ,145911622
TS,142891037,TJ,142513362
TS,247687896,TJ,247195907
TS,169264743,TJ,168874124
TS,167436682,TJ,166746766
TS,157005962,TJ,156662849
TS,236571373,TJ,236081116
TS,153054863,TJ,149858973
TS,144688987,TJ,144337242
TS,172560143,TJ,170490770
TS,148702632,TJ,148373960
TS,168854318,TJ,168521172
TS,157995223,TJ,157680961
TS,148027858,TJ,147629373
TS,244606661,TJ,244074150
TS,243944595,TJ,243452369
TS,162311246,TJ,161956763
TS,147876015,TJ,147513204
TS,167645558,TJ,167303198
TS,166540619,TJ,166195574
TS,167511564,TJ,167160162
TS,145444352,TJ,145114715
TS,155998687,TJ,155669773
TS,150012871,TJ,149671973
TS,240008989,TJ,239510129
TS,266550605,TJ,266021911
TS,246781246,TJ,246296583
TS,255493763,TJ,254987141
TS,163247167,TJ,162904580
TS,164476064,TJ,164077945
TS,166919585,TJ,166557746
TS,255436410,TJ,254951039
TS,151779312,TJ,151413661
TS,165238913,TJ,164892566
TS,164631321,TJ,164279752
TS,161704544,TJ,161356682
TS,255939900,TJ,255024577
TS,251062949,TJ,250680835
TS,275564505,TJ,270357806
TS,260745251,TJ,260212857
TS,144054413,TJ,143705572
TS,142754787,TJ,142431457
TS,244308085,TJ,243740630
TS,251236261,TJ,250749885
TS,166555925,TJ,166220112
TS,259104168,TJ,258595461
TS,149761244,TJ,149417015
TS,145551891,TJ,145163644
TS,263233453,TJ,262655438
TS,255015878,TJ,254107471
TS,145068421,TJ,144638906
TS,258213739,TJ,257579254
TS,163999910,TJ,163650422
TS,262688830,TJ,261509475
TS,168887341,TJ,168542875
TS,141673357,TJ,141329717
TS,168130861,TJ,167745953
TS,184574181,TJ,184226524
TS,253050793,TJ,252580118
TS,159538642,TJ,159193062
TS,146583333,TJ,146213967
TS,159385918,TJ,159024371
TS,139446753,TJ,139124165
TS,237611006,TJ,236976254
TS,149293315,TJ,148949155
TS,258814755,TJ,258309646
TS,178411664,TJ,178111104
TS,264673111,TJ,264192815
TS,167910764,TJ,167572450
TS,238921448,TJ,238410081
TS,252296169,TJ,251821592
TS,240102706,TJ,239613987
TS,144546655,TJ,144165837
TS,166161206,TJ,165801701
TS,170547414,TJ,170251174
TS,143256754,TJ,142934833
TS,259805821,TJ,259226829
TS,149020629,TJ,148661685
TS,163609766,TJ,163261477
TS,245937899,TJ,245470394
TS,165961794,TJ,165627565
TS,165496103,TJ,165167721
TS,264999114,TJ,264540200
TS,264179093,TJ,263707786
TS,263242369,TJ,262669871
TS,139993625,TJ,139645062
TS,167749212,TJ,167371651
TS,253903909,TJ,253419013
TS,167057020,TJ,166722789
TS,169350391,TJ,168998295
TS,268726836,TJ,267891652
TS,147665396,TJ,147301899
TS,165608079,TJ,165275050
TS,268145981,TJ,267675897
TS,151305615,TJ,150960261
TS,153652749,TJ,153312556
TS,268896508,TJ,268407784
TS,241163112,TJ,240642995
TS,165437087,TJ,165110601
TS,167895791,TJ,167573544
TS,275796504,TJ,275305167
TS,214360418,TJ,214028020
TS,140742916,TJ,140419475
TS,262735897,TJ,262246262
TS,182084978,TJ,181738199
TS,155744288,TJ,155422370
TS,168140183,TJ,167789655
TS,263260463,TJ,262758253
TS,172455252,TJ,170329893
TS,155563461,TJ,155195848
TS,144898285,TJ,144546030
TS,245738001,TJ,245240430
TS,173913876,TJ,173561153
TS,168503851,TJ,168153439
TS,266163865,TJ,265699374
TS,151610444,TJ,151252649
TS,142846520,TJ,142487911
TS,262922696,TJ,262488633
TS,265220283,TJ,264753141
TS,143371692,TJ,143024551
TS,254503813,TJ,253610699
TS,148410831,TJ,147996897
TS,165254353,TJ,164887293
TS,166917031,TJ,166562049
TS,191171362,TJ,189371693
TS,149269149,TJ,148916860
TS,148521337,TJ,148147045
TS,260249433,TJ,254434365
TS,173160632,TJ,172756783
TS,163777334,TJ,163402038
TS,144394163,TJ,144076964
TS,186871499,TJ,186519645
TS,287204913,TJ,286727753
TS,198994684,TJ,198649235
TS,171361960,TJ,171006992
TS,240710904,TJ,240241510
TS,161995602,TJ,161664623
TS,308948341,TJ,308476641
TS,147177293,TJ,146838629
TS,238561434,TJ,238088501
TS,157002220,TJ,156657814
TS,251758543,TJ,251244641
TS,268005357,TJ,267124117
TS,167129827,TJ,166817194
TS,164726584,TJ,164318338
TS,146150909,TJ,145787131
TS,254515113,TJ,254021101
TS,262073094,TJ,261598291
TS,167768572,TJ,167416519
TS,165242033,TJ,164904441
TS,168034143,TJ,167718509
TS,169896190,TJ,169577143
TS,153564435,TJ,153216271
TS,251887154,TJ,251012968
TS,260197711,TJ,259712277
TS,165145125,TJ,164806392
TS,146271075,TJ,145894572
TS,264749636,TJ,264255985
TS,175030004,TJ,174698694
TS,140152826,TJ,139821905
TS,160877929,TJ,160526384
TS,244566266,TJ,243725410
TS,246021705,TJ,245545943
TS,141748939,TJ,141383462
TS,264230708,TJ,263651513
TS,146945737,TJ,146634614
TS,161152504,TJ,160813081
TS,246898530,TJ,246037154
TS,180712874,TJ,180359465
TS,249521776,TJ,248960395
TS,244795215,TJ,244255393
TS,259276762,TJ,258776181
TS,143389028,TJ,143038092
TS,165385300,TJ,165043885
TS,167437405,TJ,167072834
TS,257429462,TJ,256799836
TS,145555494,TJ,145204239
TS,168107012,TJ,167732983
TS,163901757,TJ,163553053
TS,167688828,TJ,167360497
TS,166028123,TJ,164062260
TS,270154802,TJ,269600294
TS,155425972,TJ,155031156
TS,265767814,TJ,265235399
TS,170762606,TJ,170395925
TS,145550013,TJ,145179552
TS,167917292,TJ,167534972
TS,238088532,TJ,237553546
TS,163415065,TJ,163064263
TS,155880190,TJ,150498126
TS,169199315,TJ,168817743
TS,163448753,TJ,163045466
TS,147676764,TJ,146938577
TS,266269131,TJ,265726551
TS,257830280,TJ,257367692
TS,172265923,TJ,171899834
TS,152679585,TJ,152332012
TS,335726781,TJ,331872945
TS,323612474,TJ,319453145
TS,242940028,TJ,242064234
TS,245607067,TJ,241662024
TS,256810914,TJ,256253340
TS,242030117,TJ,241541548
TS,168363130,TJ,168017249
TS,248022697,TJ,247523869
TS,167402166,TJ,167047391
TS,163419385,TJ,163078689
TS,265999516,TJ,265517759
TS,166527214,TJ,166190050
TS,172006321,TJ,171664624
TS,245247010,TJ,244767518
TS,153572564,TJ,153247121
TS,143698969,TJ,143367546
TS,149231024,TJ,148867906
TS,266950117,TJ,266483562
TS,157696085,TJ,157340728
TS,258454490,TJ,257986116
TS,170017617,TJ,169681605
TS,163798782,TJ,163487798
TS,238821487,TJ,238357129
TS,263979008,TJ,263488563
TS,262923313,TJ,262386222
TS,263700382,TJ,263213922
TS,169584259,TJ,169233591
TS,165712534,TJ,165369145
TS,247719203,TJ,246836276
TS,258446803,TJ,257844734
TS,146161277,TJ,145839036
TS,154356782,TJ,154042856
TS,172454259,TJ,172129093
TS,173152904,TJ,172833680
TS,165182528,TJ,164876930
TS,167452993,TJ,167146382
TS,258969666,TJ,258549941
TS,153549623,TJ,153232010
TS,253800431,TJ,253328550
TS,165791592,TJ,165407857
TS,168985045,TJ,168639635
TS,174755809,TJ,174420712
TS,241985011,TJ,240801819
TS,252948371,TJ,252051220
TS,145782669,TJ,145331999
TS,236077981,TJ,235583202
TS,173098418,TJ,172775742
TS,140880664,TJ,140549488
TS,157149753,TJ,156785755
TS,253224511,TJ,252712296
TS,157325389,TJ,157001172
TS,251492470,TJ,250940810
TS,165955255,TJ,165621801
TS,174972284,TJ,174648014
TS,235973641,TJ,235509304
TS,174954368,TJ,174609792
TS,143116410,TJ,142526223
TS,184426121,TJ,184115030
TS,264762484,TJ,264264029
TS,165651101,TJ,165311975
TS,236027124,TJ,235569483
TS,167507236,TJ,167167306
TS,278191728,TJ,277671238
TS,165208474,TJ,164842448
TS,162510264,TJ,162195475
TS,244500698,TJ,243986826
TS,263832276,TJ,263317667
TS,166892946,TJ,166547219
TS,153763396,TJ,153440629
TS,172098319,TJ,171703207
TS,162529820,TJ,162205221
TS,146647507,TJ,146298641
TS,176698889,TJ,176362078
TS,169337880,TJ,169011434
TS,167451575,TJ,167125259
TS,238744943,TJ,238270655
TS,262285606,TJ,261702363
TS,166829475,TJ,166509415
TS,173323933,TJ,172956582
TS,243972212,TJ,243319117
TS,175472770,TJ,174743238
TS,166210053,TJ,165862055
TS,167934118,TJ,167601464
TS,265591981,TJ,265100161
TS,260264229,TJ,259599043
TS,166537882,TJ,166200758
TS,150698483,TJ,150308817
TS,177844354,TJ,176555560
TS,171079809,TJ,170756588
TS,242822871,TJ,241896487
TS,240138526,TJ,239558943
TS,161474029,TJ,161143409
TS,252747786,TJ,252209345
TS,159545880,TJ,159204584
TS,162327107,TJ,161687228
TS,156703404,TJ,156349119
TS,165581634,TJ,165249130
TS,242590140,TJ,242088304
TS,147921393,TJ,147582940
TS,165866261,TJ,165560549
TS,263982309,TJ,263448465
TS,262269990,TJ,261796003
TS,171648592,TJ,171300988
TS,240384620,TJ,239898465
TS,247256772,TJ,246729696
TS,161777732,TJ,161409427
TS,171042582,TJ,170376723
TS,241598679,TJ,238955750
TS,164910145,TJ,164553890
TS,258480858,TJ,257981710
TS,170516614,TJ,170152013
TS,162484302,TJ,162138801
TS,144348984,TJ,143975896
TS,169780301,TJ,169441456
TS,178849446,TJ,178514458
TS,142145952,TJ,141798394
TS,166837385,TJ,166511141
TS,168270578,TJ,167646476
TS,173162929,TJ,171132868
TS,143232744,TJ,142923398
TS,165395370,TJ,164962202
TS,150256301,TJ,149911771
TS,242967931,TJ,242431288
TS,169622469,TJ,169292668
TS,144246687,TJ,143899389
TS,156347016,TJ,156051612
TS,162300551,TJ,161956676
TS,163508457,TJ,163154139
TS,246852772,TJ,245947686
TS,162859308,TJ,158709190
TS,154770483,TJ,154404364
TS,244173979,TJ,243647654
TS,261860876,TJ,261357309
TS,146209058,TJ,145863642
TS,168298067,TJ,167921266
TS,148027414,TJ,147357983
TS,149466330,TJ,149110700
TS,265644974,TJ,265167535
TS,257452664,TJ,256944177
TS,148562417,TJ,148216348
TS,141615416,TJ,141252379
TS,170411627,TJ,170060231
TS,272361865,TJ,271829899
TS,282101445,TJ,281430485
TS,146617013,TJ,146265167
TS,142422984,TJ,142094505
TS,166128945,TJ,165786718
TS,165030516,TJ,164686224
TS,147016312,TJ,146659336
TS,145416887,TJ,145067039
TS,175218900,TJ,174886738
TS,156945293,TJ,156606188
TS,160675927,TJ,160367186
TS,168948403,TJ,168572997
TS,165492653,TJ,165141143
TS,144492730,TJ,144129796
TS,160636035,TJ,160308616
TS,140667471,TJ,140293379
TS,180475263,TJ,180128437
TS,176128806,TJ,175784957
TS,278943436,TJ,278490287
TS,249965584,TJ,249468552
TS,143001639,TJ,142669218
TS,178727459,TJ,178357295
TS,148409019,TJ,148072384
TS,259550793,TJ,259072533
TS,158690667,TJ,158344224
TS,163649355,TJ,163262406
TS,158857688,TJ,158491585
TS,193607620,TJ,189131701
TS,145137635,TJ,144787347
TS,161607984,TJ,161250159
TS,162942324,TJ,162582331
TS,182472526,TJ,182153777
TS,152117963,TJ,151784663
TS,255472667,TJ,254959698
TS,251693588,TJ,251116222
TS,162214787,TJ,161828685
TS,145898273,TJ,145551805
TS,166114774,TJ,165767818
TS,166046301,TJ,165718548
TS,166289062,TJ,165952140
TS,138684453,TJ,138338967
TS,159771675,TJ,159431243
TS,263931575,TJ,263466653
TS,150121831,TJ,149777974
TS,239943173,TJ,239466891
TS,167419745,TJ,167092351
TS,141517458,TJ,141190723
TS,242664430,TJ,242177524
TS,259326418,TJ,258793997
TS,165871259,TJ,165534940
TS,172294711,TJ,171956676
TS,162394613,TJ,162031964
TS,147543844,TJ,147204184
TS,147018152,TJ,146690508
TS,166383588,TJ,166041025
TS,170026728,TJ,169675736
TS,146874197,TJ,146564686
TS,163628938,TJ,163308582
TS,249310103,TJ,246337018
TS,151898545,TJ,151526721
TS,174403745,TJ,174048881
TS,180620370,TJ,178463623
TS,174719919,TJ,174376645
TS,143608861,TJ,143253975
TS,242978085,TJ,242392732
TS,148997403,TJ,148665416
TS,145030321,TJ,144695692
TS,168416882,TJ,168030698
TS,152221718,TJ,151878323
TS,171185355,TJ,170843248
TS,167144793,TJ,166751501
TS,265586083,TJ,264995008
TS,170126458,TJ,169769359
TS,138828515,TJ,138504894
TS,254554531,TJ,254051880
TS,254062956,TJ,253727206
TS,170187167,TJ,169844442
TS,145410602,TJ,145090474
TS,248960600,TJ,248085043
TS,165473219,TJ,165125277
TS,256752866,TJ,256258539
TS,148576119,TJ,148228258
TS,166891389,TJ,163548257
TS,184710411,TJ,184374177
TS,265807149,TJ,265275108
TS,152495874,TJ,152131834
TS,166979026,TJ,166651593
TS,260536743,TJ,260006357
TS,240505255,TJ,240008689
TS,170284857,TJ,169967941
TS,255632894,TJ,255201710
TS,257503981,TJ,257034808
TS,243089111,TJ,237342764
TS,513472302,TJ,510300242
TS,323350207,TJ,318148744
TS,304543310,TJ,303010365
TS,510425549,TJ,505566085
TS,290754098,TJ,290435408
TS,486222327,TJ,485705653
TS,283398015,TJ,278990897
TS,325626366,TJ,320985593
TS,261583053,TJ,261254894
TS,170765431,TJ,170328444
TS,141597687,TJ,141212020
TS,168319252,TJ,167926433
TS,148161576,TJ,147831736
TS,147607846,TJ,147171984
TS,167608871,TJ,167242599
TS,170830422,TJ,170470968
TS,167715033,TJ,167387587
TS,163238343,TJ,162891209
TS,167292029,TJ,166904528
TS,175642802,TJ,171863255
TS,164684852,TJ,164363075
TS,145343354,TJ,144978798
TS,243060004,TJ,242352223
TS,147011169,TJ,146663961
TS,143197967,TJ,142846790
TS,264735699,TJ,264263775
TS,241109988,TJ,240629577
TS,163703534,TJ,163364241
TS,258526058,TJ,258065175
TS,156537062,TJ,156197396
TS,168556600,TJ,168203056
TS,173445698,TJ,173099853
TS,142013212,TJ,141670389
TS,242139301,TJ,241649333
TS,262770607,TJ,262242718
TS,141964918,TJ,141570715
TS,264536252,TJ,264025758
TS,170129706,TJ,169785037
TS,266646639,TJ,266178139
TS,273155642,TJ,272644311
TS,179446913,TJ,179102070
TS,163707003,TJ,160903647
TS,142256468,TJ,141671828
TS,146533065,TJ,146141352
TS,311197467,TJ,310849081
TS,282445555,TJ,280419075
TS,319014267,TJ,315752698
TS,324151707,TJ,321183534
TS,324749660,TJ,322182649
TS,301150300,TJ,299677443
TS,486884905,TJ,482663453
TS,511410479,TJ,506403923
TS,324526370,TJ,323425744
TS,307599330,TJ,307249418
TS,196609455,TJ,194051719
TS,255010899,TJ,254529688
TS,147162761,TJ,146758157
TS,267206123,TJ,266752036
TS,166149939,TJ,165837229
TS,162356204,TJ,162003763
TS,149432662,TJ,149098203
TS,148035759,TJ,147726558
TS,178447328,TJ,178124167
TS,244012290,TJ,243567409
TS,156939903,TJ,156608735
TS,264162739,TJ,263716666
TS,166684288,TJ,166382701
TS,237256062,TJ,236822463
TS,146689157,TJ,146384288
TS,164396783,TJ,164112689
TS,145799711,TJ,145490439
TS,157330113,TJ,157018485
TS,176213810,TJ,175906519
TS,144833589,TJ,144480924
TS,168001020,TJ,167641559
TS,157928826,TJ,157607924
TS,146686973,TJ,146376694
TS,147302880,TJ,146986425
TS,147627136,TJ,147302324
TS,148162083,TJ,147829198
TS,146797270,TJ,146493301
TS,159577795,TJ,159260511
TS,172299951,TJ,171973372
TS,145965119,TJ,145664637
TS,178601450,TJ,178280948
TS,286611774,TJ,285454320
TS,169881385,TJ,169543100
TS,165507153,TJ,165188929
TS,264256968,TJ,263728221
TS,169868898,TJ,169553494
TS,168040919,TJ,167743886
TS,168458401,TJ,168164786
TS,248469626,TJ,248049026
TS,143789664,TJ,143472908
TS,147878388,TJ,147542429
TS,165394679,TJ,165078081
TS,171013940,TJ,170712230
TS,166410465,TJ,166111755
TS,142819803,TJ,142524425
TS,170022832,TJ,169703727
TS,167266212,TJ,166940381
TS,147142651,TJ,146821763
TS,166553524,TJ,166242425
TS,171713048,TJ,171410555
TS,244820221,TJ,244385266
TS,191157897,TJ,190854770
TS,261307708,TJ,260849821
TS,242291539,TJ,241828557
TS,140944892,TJ,140613239
TS,157594700,TJ,157259764
TS,155145703,TJ,154835857
TS,250144072,TJ,249310749
TS,169556762,TJ,169243209
TS,350702800,TJ,349673649
TS,237358698,TJ,236770642
TS,151026480,TJ,150667329
TS,264652171,TJ,264173985
TS,263073217,TJ,262630283
TS,145095581,TJ,144769898
TS,146292723,TJ,145966406
TS,167166715,TJ,166884687
TS,148774027,TJ,148350020
TS,171596760,TJ,171272222
TS,169953204,TJ,169616256
TS,143477730,TJ,143187713
TS,177326037,TJ,172874759
TS,148443366,TJ,148099771
TS,177950380,TJ,176611887
TS,141791332,TJ,141449705
TS,261783240,TJ,261218572
TS,172212785,TJ,169801906
TS,141627184,TJ,141279776
TS,165018051,TJ,164633703
TS,163441694,TJ,163107123
TS,148367615,TJ,148057136
TS,163835811,TJ,163517326
TS,171272685,TJ,170959906
TS,183182339,TJ,182847490
TS,145806623,TJ,145483421
TS,149085416,TJ,148748754
TS,267032431,TJ,266487504
TS,160567110,TJ,160245203
TS,241638790,TJ,240773569
TS,149699350,TJ,149368264
TS,180882591,TJ,174135025
TS,264274153,TJ,263849108
TS,157981875,TJ,157671151
TS,261420147,TJ,260894993
TS,181133646,TJ,180828700
TS,265087132,TJ,264595507
TS,167127440,TJ,166825794
TS,169216875,TJ,168920225
TS,141001931,TJ,140642077
TS,165273444,TJ,164958726
TS,244896211,TJ,244441342
TS,156499252,TJ,156175206
TS,257790108,TJ,257365240
TS,335889472,TJ,335610606
TS,323754041,TJ,323450638
TS,277864123,TJ,277549956
TS,290344505,TJ,285962914
TS,197777648,TJ,196006455
TS,166136080,TJ,165824609
TS,165374929,TJ,165076651
TS,145345782,TJ,145028939
TS,149000096,TJ,148685665
TS,171491762,TJ,171188807
TS,175199796,TJ,174893098
TS,166713805,TJ,166408904
TS,267581031,TJ,267108629
TS,241169006,TJ,240642151
TS,172945490,TJ,172609349
TS,141691702,TJ,141372212
TS,252132843,TJ,251283945
TS,262287334,TJ,261813977
TS,268042822,TJ,267550904
TS,239498156,TJ,239032506
TS,239266068,TJ,238810403
TS,159964175,TJ,159640792
TS,259959784,TJ,259528178
TS,147055039,TJ,146751959
TS,161792169,TJ,161489206
TS,266643055,TJ,266164621
TS,147316876,TJ,146987632
TS,150853290,TJ,150541703
TS,264379272,TJ,263687020
TS,266005503,TJ,265498054
TS,263352345,TJ,262923831
TS,258715490,TJ,258220866
TS,262594817,TJ,262054924
TS,173244800,TJ,172933300
TS,241187358,TJ,240762059
TS,262304757,TJ,261851379
TS,242420257,TJ,241930035
TS,258948846,TJ,258471471
TS,242237004,TJ,241759142
TS,155671402,TJ,155375850
TS,146148470,TJ,145829210
TS,172171584,TJ,171847226
TS,172395184,TJ,172067031
TS,142849133,TJ,142537281
TS,147782455,TJ,147451503
TS,244563448,TJ,243952429
TS,170519204,TJ,168462492
TS,143022638,TJ,142638249
TS,169811838,TJ,169502825
TS,169930986,TJ,169639747
TS,144081085,TJ,143775443
TS,148683703,TJ,148358646
TS,165867046,TJ,165552652
TS,266174755,TJ,265618922
TS,153046502,TJ,152726905
TS,245874545,TJ,242422371
TS,146792632,TJ,146492810
TS,163650006,TJ,163351212
TS,264610370,TJ,264118539
TS,160993787,TJ,160660612
TS,241231579,TJ,240771118
TS,170877645,TJ,170574472
TS,164645638,TJ,164339313
TS,172154272,TJ,171862830
TS,167703119,TJ,167423265
TS,239464037,TJ,239022752
TS,252111946,TJ,251620152
TS,257345174,TJ,256841051
TS,168198334,TJ,167901769
TS,163713825,TJ,163418918
TS,259763105,TJ,259196691
TS,167496376,TJ,167161864
TS,257284095,TJ,256849898
TS,142960520,TJ,142636720
TS,154579302,TJ,154254065
TS,148010522,TJ,147690012
TS,203263804,TJ,197303768
TS,142706231,TJ,142384942
TS,144607148,TJ,144267416
TS,146083390,TJ,145770896
TS,159242001,TJ,158930577
TS,148311643,TJ,148004746
TS,147815491,TJ,147484487
TS,180440719,TJ,180119597
TS,157925379,TJ,157627348
TS,145203602,TJ,142920086
TS,159287141,TJ,158994447
TS,168950395,TJ,168659271
TS,259961113,TJ,259564451
TS,253874400,TJ,253407912
TS,156182810,TJ,155789440
TS,152287926,TJ,151964017
TS,253893902,TJ,253396281
TS,159785875,TJ,159478936
TS,169261057,TJ,168952533
TS,266231532,TJ,265808437
TS,358580014,TJ,358131573
TS,170282996,TJ,169960951
TS,239122985,TJ,238624605
TS,158525001,TJ,158201818
TS,155604987,TJ,155283105
TS,266377982,TJ,265931325
TS,151117499,TJ,150806012
TS,142413597,TJ,142103796
TS,147176448,TJ,146818351
TS,168641799,TJ,168333162
TS,151194173,TJ,150887718
TS,173302967,TJ,172962265
TS,152026927,TJ,151712753
TS,258643736,TJ,258214657
TS,173357454,TJ,173048961
TS,245188289,TJ,244346452
TS,260131850,TJ,259665232
TS,289760446,TJ,289412031
TS,298462490,TJ,295205775
TS,167623569,TJ,167335519
TS,241334823,TJ,240901290
TS,251902123,TJ,251006116
TS,272946918,TJ,272096645
TS,183018257,TJ,182617224
TS,261497071,TJ,261002702
TS,242608585,TJ,242127487
TS,166216898,TJ,165920648
TS,142661604,TJ,142363100
TS,168447792,TJ,168167022
TS,172455075,TJ,172150072
TS,165177054,TJ,164883056
TS,252889922,TJ,252466577
TS,144828767,TJ,144513793
TS,167259590,TJ,166954571
TS,174639388,TJ,174352137
TS,169561320,TJ,169269660
TS,243577210,TJ,242757141
TS,152270968,TJ,151957810
TS,261465406,TJ,261000663
TS,259262033,TJ,258847693
TS,247912254,TJ,247426523
TS,163940354,TJ,163650578
TS,167735676,TJ,167404487
TS,168292390,TJ,168020498
TS,167794299,TJ,167466831
TS,169816008,TJ,169507125
TS,260716954,TJ,260249808
TS,168214327,TJ,167928799
TS,169162732,TJ,168877275
TS,143409905,TJ,143119232
TS,264374232,TJ,263943086
TS,261608893,TJ,261127197
TS,147205270,TJ,146910196
TS,160706638,TJ,160399354
TS,267557924,TJ,267138540
TS,237702291,TJ,237253369
TS,164968375,TJ,164683268
TS,255081004,TJ,254636063
TS,163519170,TJ,163206492
TS,273236066,TJ,272730691
TS,164918962,TJ,164627838
TS,269192667,TJ,264788549
TS,258732619,TJ,258327973
TS,252078174,TJ,251568831
TS,169630133,TJ,169331123
TS,147897187,TJ,147616250
TS,268033370,TJ,267598046
TS,148617735,TJ,148315409
TS,165302183,TJ,165001670
TS,147664226,TJ,147395048
TS,267834306,TJ,265873848
TS,243689583,TJ,243233451
TS,163590730,TJ,163291842
TS,169370024,TJ,169109969
TS,164693396,TJ,164420408
TS,164874618,TJ,164539704
TS,162420452,TJ,162063459
TS,172674997,TJ,172337967
TS,146812894,TJ,146534891
TS,147659027,TJ,147380947
TS,256854079,TJ,256318091
TS,155923455,TJ,155623229
TS,158741705,TJ,158424605
TS,171079904,TJ,170771989
TS,146557603,TJ,146243525
TS,183379947,TJ,183098988
TS,262973039,TJ,260645102
TS,146224383,TJ,145945015
TS,168243672,TJ,167956177
TS,147789572,TJ,147467374
TS,242422395,TJ,241920007
TS,174202424,TJ,169973847
TS,144976100,TJ,144687551
TS,147675824,TJ,147369186
TS,172954869,TJ,172649037
TS,171137850,TJ,170812864
TS,143509258,TJ,143209299
TS,256372204,TJ,255818829
TS,243079748,TJ,242633004
TS,168997289,TJ,168673382
TS,264365408,TJ,263907379
TS,149413395,TJ,149109919
TS,163084904,TJ,162809868
TS,178305886,TJ,178021486
TS,255044856,TJ,254623507
TS,155663122,TJ,155366440
TS,166530250,TJ,166255262
TS,165932096,TJ,165636271
TS,167664992,TJ,167390048
TS,246036032,TJ,245240199
TS,161699734,TJ,161403874
TS,170214663,TJ,169903696
TS,141350338,TJ,141051049
TS,249554096,TJ,249090890
TS,263109097,TJ,262696550
TS,262527723,TJ,262124406
TS,164223246,TJ,163932013
TS,154557679,TJ,154240544
TS,166597778,TJ,166286731
TS,171515168,TJ,171251930
TS,160590492,TJ,160319258
TS,261537473,TJ,261146793
TS,159425307,TJ,159146481
TS,140783341,TJ,140503750
TS,175572931,TJ,175273477
TS,183581602,TJ,179025105
TS,269508542,TJ,268895442
TS,145837367,TJ,145511183
TS,263587390,TJ,263032086
TS,167708592,TJ,167424659
TS,161743261,TJ,161439018
TS,166766731,TJ,166461218
TS,183832131,TJ,183520013
TS,147526304,TJ,147241848
TS,247157264,TJ,246727787
TS,169250667,TJ,168958169
TS,150434829,TJ,150148774
TS,150499195,TJ,150209866
TS,249434084,TJ,248574713
TS,173115373,TJ,172731705
TS,248827681,TJ,248382672
TS,244289335,TJ,243881695
TS,156327297,TJ,156033785
TS,162724641,TJ,162409632
TS,171655171,TJ,171382624
TS,146535070,TJ,146243986
TS,247709944,TJ,246897626
TS,183197566,TJ,182909455
TS,164807700,TJ,164524333
TS,165667442,TJ,165337851
TS,170998915,TJ,170703744
TS,149749013,TJ,149440801
TS,145242794,TJ,144952266
TS,237929865,TJ,237518797
TS,177372063,TJ,177078974
TS,263755726,TJ,263339532
TS,146681450,TJ,146404286
TS,145588318,TJ,145318298
TS,146434797,TJ,146140790
TS,261915979,TJ,261491761
TS,238996074,TJ,238579685
TS,144735738,TJ,144438896
TS,162779396,TJ,162494799
TS,146916698,TJ,146655996
TS,139924677,TJ,139637960
TS,256452315,TJ,253054644
TS,262921373,TJ,262518612
TS,237203954,TJ,236765975
TS,167321184,TJ,167026606
TS,169646667,TJ,169377146
TS,142705290,TJ,142430115
TS,244191101,TJ,243772846
TS,239109431,TJ,238603405
TS,243318731,TJ,242476597
TS,164421176,TJ,164004160
TS,261419616,TJ,260901242
TS,148010243,TJ,147664612
TS,162610290,TJ,162274314
TS,146809861,TJ,146508400
TS,256538602,TJ,256097785
TS,154944938,TJ,154637642
TS,155153406,TJ,154864912
TS,265332406,TJ,264925389
TS,244603434,TJ,241263976
TS,148079735,TJ,147728535
TS,169757787,TJ,169446964
TS,268344974,TJ,267870160
TS,139365710,TJ,139071100
TS,164528642,TJ,164221393
TS,237867310,TJ,237427942
TS,150362354,TJ,150079349
TS,248052948,TJ,247654789
TS,264655370,TJ,264220386
TS,146523472,TJ,146216194
TS,143742516,TJ,143417018
TS,166010272,TJ,165737139
TS,253609201,TJ,252790559
TS,176328412,TJ,176024616
TS,257255397,TJ,256661384
TS,146387019,TJ,146096221
TS,164880658,TJ,164570944
TS,256064386,TJ,255595261
TS,166781392,TJ,166518797
TS,168709170,TJ,168451745
TS,159359451,TJ,159100444
TS,164230216,TJ,163957455
TS,157432724,TJ,157141961
TS,403774238,TJ,403321374
TS,153382337,TJ,153088834
TS,233948664,TJ,233501100
TS,239955179,TJ,239442261
TS,154027672,TJ,153727008
TS,240219257,TJ,239725797
TS,148940849,TJ,148649319
TS,143561772,TJ,143251384
TS,263914633,TJ,263426982
TS,153035437,TJ,152741177
TS,153612946,TJ,153336273
TS,168896645,TJ,168583307
TS,171093490,TJ,170810896
TS,267643040,TJ,267217638
TS,258896073,TJ,258434259
TS,159285164,TJ,158987119
TS,140781663,TJ,140506130
TS,170831770,TJ,170524611
TS,251687056,TJ,250857476
TS,146133916,TJ,145822618
TS,163958066,TJ,163664635
TS,175648385,TJ,172614549
TS,145499625,TJ,145177126
TS,252500511,TJ,252067885
TS,169474865,TJ,169176482
TS,166595093,TJ,166320840
TS,240165600,TJ,239710047
TS,163017095,TJ,162727123
TS,179969484,TJ,179676648
TS,146655681,TJ,146359213
TS,143026744,TJ,142730151
TS,270707969,TJ,270243985
TS,326256295,TJ,323495428
TS,513318483,TJ,509037206
TS,329782414,TJ,329515058
TS,285972577,TJ,283310314
TS,189774532,TJ,189464963
TS,264320440,TJ,263895950
TS,168256688,TJ,167981550
TS,142345194,TJ,142041038
TS,164025361,TJ,160937735
TS,176082434,TJ,175763527
TS,243241520,TJ,242809856
TS,170216565,TJ,169937740
TS,168317691,TJ,168051736
TS,261522756,TJ,261137244
TS,259888475,TJ,259472174
TS,166489695,TJ,166198260
TS,258720882,TJ,258287065
TS,169867899,TJ,169584872
TS,140311650,TJ,140030916
TS,168438217,TJ,168147417
TS,177036867,TJ,176776359
TS,167684915,TJ,167331569
TS,261210721,TJ,260799870
TS,167086059,TJ,166806063
TS,161750978,TJ,161470240
TS,251094416,TJ,250715411
TS,146633250,TJ,146254963
TS,169489473,TJ,169185151
TS,167356096,TJ,167045496
TS,166416701,TJ,166128955
TS,167727738,TJ,167453688
TS,145773702,TJ,145484333
TS,261607483,TJ,261175136
TS,144413833,TJ,144138421
TS,161905053,TJ,161625698
TS,138906354,TJ,138595092
TS,169400752,TJ,169085550
TS,146112992,TJ,145859344
TS,147620827,TJ,147330049
TS,149472461,TJ,149180889
TS,148743670,TJ,148449452
TS,168460181,TJ,168143768
TS,256917048,TJ,256516672
TS,172056827,TJ,171757739
TS,165250098,TJ,164981718
TS,162060502,TJ,161778538
TS,144459122,TJ,144166687
TS,252151948,TJ,251742965
TS,177954469,TJ,177669122
TS,239392856,TJ,238953454
TS,160978013,TJ,160683697
TS,147281569,TJ,147002348
TS,170226354,TJ,169906356
TS,267089521,TJ,266619476
TS,270158658,TJ,269766177
TS,142732759,TJ,142464098
TS,154231285,TJ,153937855
TS,173139466,TJ,172863647
TS,264784825,TJ,264367433
TS,160964475,TJ,160677396
TS,164671780,TJ,164396125
TS,148577256,TJ,148310741
TS,261737290,TJ,261324487
TS,170371926,TJ,170075679
TS,147166905,TJ,146841361
TS,164923880,TJ,164618150
TS,178855398,TJ,177445251
TS,149725589,TJ,149433988
TS,169820087,TJ,169222043
TS,147607864,TJ,147306392
TS,270488237,TJ,270062874
TS,167521126,TJ,167232277
TS,169862622,TJ,169567324
TS,168185827,TJ,167793741
TS,170132066,TJ,169834533
TS,167811061,TJ,167510231
TS,241442165,TJ,241021256
TS,170430641,TJ,170130554
TS,263882809,TJ,263473655
TS,141479595,TJ,141177788
TS,168714602,TJ,168371368
TS,247537479,TJ,247109760
TS,169877009,TJ,169585840
TS,166949138,TJ,166685451
TS,143704488,TJ,142944927
TS,148736987,TJ,148433658
TS,171137758,TJ,170828129
TS,146222988,TJ,145896904
TS,156949033,TJ,153259308
TS,241426667,TJ,241009357
TS,146389216,TJ,146096316
TS,141873151,TJ,141561205
TS,170590805,TJ,170316192
TS,256653316,TJ,256236019
TS,167770739,TJ,167486651
TS,160326744,TJ,160036643
TS,242994002,TJ,242503763
TS,267136580,TJ,266633388
TS,254175084,TJ,253739530
TS,146934270,TJ,146657047
TS,246644093,TJ,246154885
TS,166800704,TJ,166527861
TS,263760463,TJ,263218627
TS,172743021,TJ,172410669
TS,141253091,TJ,140948897
TS,147768240,TJ,147459592
TS,262528602,TJ,262114171
TS,173690926,TJ,173381173
TS,169107029,TJ,168793046
TS,164325738,TJ,164047620
TS,260602161,TJ,260189957
TS,241204818,TJ,240777456
TS,143664386,TJ,143395192
TS,251536202,TJ,251069427
TS,169079500,TJ,168795850
TS,150107292,TJ,149820490
TS,142476012,TJ,142157416
TS,146722278,TJ,146429257
TS,261913224,TJ,261467658
TS,261856324,TJ,261430743
TS,144605440,TJ,144334805
TS,143353802,TJ,143047820
TS,263449419,TJ,263022152
TS,167285922,TJ,166996421
TS,162005541,TJ,161747124
TS,166199500,TJ,165948519
TS,146426007,TJ,146150751
TS,245671231,TJ,244864542
TS,172818769,TJ,172542160
TS,258954645,TJ,258446445
TS,169501488,TJ,169217442
TS,142645349,TJ,142372897
TS,167096343,TJ,166783645
TS,276311820,TJ,275838847
TS,153710933,TJ,153368985
TS,143273217,TJ,142962508
TS,145641225,TJ,145340156
TS,262908428,TJ,262475383
TS,240060195,TJ,239640313
TS,237110712,TJ,236629229
TS,154434557,TJ,154151246
TS,261374267,TJ,260830731
TS,167801443,TJ,167506570
TS,240340638,TJ,239892950
TS,169871747,TJ,169598826
TS,236276049,TJ,235858916
TS,156663066,TJ,156362772
TS,238909290,TJ,238442331
TS,148644614,TJ,148350818
TS,147640167,TJ,147349277
TS,265396431,TJ,264957222
TS,167761439,TJ,167456198
TS,240834230,TJ,240375419
TS,153676194,TJ,153395999
TS,239437818,TJ,238989234
TS,171629885,TJ,171346494
TS,163188421,TJ,162899207
TS,256365915,TJ,255939641
TS,243134216,TJ,242720968
TS,266921560,TJ,266514854
TS,143152332,TJ,142863870
TS,259885997,TJ,259308470
TS,145077790,TJ,144795332
TS,272370337,TJ,271935844
TS,158862737,TJ,158607829
TS,139016677,TJ,138730993
TS,146468455,TJ,146154698
TS,167618798,TJ,167335591
TS,265505038,TJ,265111988
TS,257464081,TJ,257015981
TS,257201138,TJ,256785348
TS,166451206,TJ,166197191
TS,150309295,TJ,150046550
TS,152076461,TJ,151753233
TS,264691618,TJ,264281689
TS,244059724,TJ,243599290
TS,169018673,TJ,168739820
TS,143261043,TJ,142979540
TS,172791724,TJ,172485868
TS,145167677,TJ,144486021
TS,269692627,TJ,269239346
TS,171959344,TJ,171683038
TS,173560996,TJ,173295193
TS,170758318,TJ,170492398
TS,265718372,TJ,265315444
TS,150108795,TJ,147846880
TS,264511561,TJ,264083288
TS,166389840,TJ,166110796
TS,260316145,TJ,259928340
TS,164500736,TJ,164191780
TS,260938690,TJ,260525274
TS,267701570,TJ,267251304
TS,166881564,TJ,166599409
TS,266290270,TJ,265869694
TS,147463318,TJ,147179879
TS,160366857,TJ,160085542
TS,177005930,TJ,176719229
TS,264309009,TJ,263514331
TS,163054378,TJ,162760613
TS,141843557,TJ,141548718
TS,254264758,TJ,253791563
TS,168239273,TJ,167965607
TS,167897457,TJ,167584165
TS,238317082,TJ,237849570
TS,146477744,TJ,146172372
TS,163631652,TJ,163353908
TS,263850821,TJ,263343280
TS,259389681,TJ,258914698
TS,245754151,TJ,244892040
TS,153189428,TJ,149304571
TS,261604639,TJ,261171785
TS,265773831,TJ,265109085
TS,259019511,TJ,252025504
TS,248251619,TJ,244273553
TS,148260590,TJ,147999992
TS,236757634,TJ,235813079
TS,174114112,TJ,173794825
TS,241113117,TJ,240702080
TS,146366668,TJ,146071335
TS,143446952,TJ,143167120
TS,151418704,TJ,151080811
TS,245238852,TJ,244778318
TS,168006149,TJ,167734638
TS,237490532,TJ,237070288
TS,262253919,TJ,261781068
TS,165551207,TJ,165276569
TS,165176280,TJ,164918798
TS,261448943,TJ,261055785
TS,162096268,TJ,161835558
TS,243043756,TJ,242273488
TS,167492803,TJ,167216700
TS,240050078,TJ,239627346
TS,146637474,TJ,146358540
TS,170232187,TJ,169971863
TS,152252976,TJ,151989203
TS,145790444,TJ,145504334
TS,173274141,TJ,172969653
TS,265018547,TJ,264599359
TS,242987484,TJ,242221971
TS,249258309,TJ,248807677
TS,162112246,TJ,161849631
TS,249426811,TJ,245708156
TS,243884141,TJ,243069199
TS,263085292,TJ,262694774
TS,166440481,TJ,166167815
TS,262269544,TJ,261891243
TS,153681662,TJ,153405722
TS,250916189,TJ,250511658
TS,166155484,TJ,165866395
TS,149824205,TJ,149564609
TS,169539957,TJ,169275378
TS,155924925,TJ,155691033
TS,156830028,TJ,156552081
TS,167338195,TJ,167039019
TS,170771647,TJ,167633535
TS,264477209,TJ,263967203
TS,237562487,TJ,237107514
TS,173521464,TJ,173007380
TS,267101281,TJ,266635950
TS,158998175,TJ,158714271
TS,165298590,TJ,165014417
TS,265620587,TJ,265216718
TS,156333404,TJ,156050924
TS,174850879,TJ,174555692
TS,267210588,TJ,266788245
TS,292126650,TJ,291805731
TS,304781975,TJ,304360526
TS,172141635,TJ,171835737
TS,241859017,TJ,241425815
TS,267226367,TJ,266776736
TS,148892701,TJ,148618899
TS,165313236,TJ,165049878
TS,178467802,TJ,178208076
TS,265380434,TJ,264953951
TS,166597379,TJ,166328074
TS,161130029,TJ,160811178
TS,171987718,TJ,171675769
TS,254900762,TJ,254465815
TS,261201672,TJ,260743856
TS,166026712,TJ,165721693
TS,265623220,TJ,265194030
TS,152177597,TJ,151896903
TS,169574529,TJ,169290816
TS,144538323,TJ,144271856
TS,169664636,TJ,169390264
TS,175147385,TJ,174871953
TS,173619293,TJ,173368681
TS,169982189,TJ,169732657
TS,170272241,TJ,170016447
TS,167408993,TJ,167142364
TS,168226058,TJ,167965716
TS,169838518,TJ,169594042
TS,267724363,TJ,267334444
TS,147460393,TJ,147143788
TS,165333565,TJ,163426223
TS,149662040,TJ,149338781
TS,176341104,TJ,176044159
TS,264271253,TJ,263857902
TS,166954467,TJ,166676716
TS,154083086,TJ,153491852
TS,246215782,TJ,245825375
TS,240076125,TJ,239669671
TS,170772619,TJ,170508304
TS,258108100,TJ,257759075
TS,258944801,TJ,258556704
TS,156172344,TJ,155869824
TS,165736083,TJ,165450531
TS,142017334,TJ,141741450
TS,275193367,TJ,272194605
TS,244002788,TJ,243568885
TS,163193473,TJ,162891165
TS,172032467,TJ,171716939
TS,240161839,TJ,239643402
TS,158338820,TJ,158040104
TS,169436280,TJ,169158647
TS,254975338,TJ,254534083
TS,259433149,TJ,259015116
TS,261001514,TJ,260529604
TS,170576615,TJ,169107418
TS,141694911,TJ,141397897
TS,169332613,TJ,169055573
TS,171644868,TJ,171361970
TS,170283239,TJ,169995956
TS,154102198,TJ,153801567
TS,146838619,TJ,146404675
TS,171211826,TJ,170909559
TS,167167004,TJ,166858680
TS,149895687,TJ,149629537
TS,273077679,TJ,270151902
TS,166556040,TJ,166277501
TS,165050720,TJ,164768636
TS,239849670,TJ,239333686
TS,142773393,TJ,142483276
TS,167057638,TJ,166802470
TS,268663095,TJ,268251125
TS,158411486,TJ,158126225
TS,151905052,TJ,151581958
TS,250618232,TJ,250140710
TS,149470620,TJ,149158001
TS,168128863,TJ,167839332
TS,260907424,TJ,260512886
TS,146274451,TJ,145976438
TS,239031922,TJ,238516204
TS,256234086,TJ,255820021
TS,246959447,TJ,246534219
TS,167448316,TJ,167148088
TS,147242316,TJ,146964371
TS,163198999,TJ,162886037
TS,248010335,TJ,247453541
TS,167575511,TJ,167316291
TS,144741552,TJ,144394559
TS,243746221,TJ,243316186
TS,168676532,TJ,168403738
TS,246523259,TJ,246060775
TS,157568142,TJ,157268657
TS,165558935,TJ,165247785
TS,172717371,TJ,172439377
TS,172802326,TJ,172510905
TS,257122392,TJ,256658357
TS,164836502,TJ,164522330
TS,157632316,TJ,157320779
TS,243343935,TJ,242924940
TS,262789513,TJ,262357890
TS,259826442,TJ,259376682
TS,243928270,TJ,243151021
TS,155093738,TJ,154704544
TS,235075528,TJ,234674717
TS,172750464,TJ,172474167
TS,152082446,TJ,151818493
TS,243269634,TJ,242854423
TS,240783937,TJ,240366986
TS,147137771,TJ,146851337
TS,167244771,TJ,166979680
TS,262128455,TJ,261594027
TS,163914294,TJ,163616235
TS,243169513,TJ,242378908
TS,150769164,TJ,150472833
TS,164924364,TJ,164649875
TS,176629915,TJ,176374580
TS,267990884,TJ,267608361
TS,241322866,TJ,240922303
TS,263719909,TJ,263313430
TS,161896565,TJ,161616184
TS,169610507,TJ,169331463
TS,162154520,TJ,161862095
TS,180050167,TJ,179774962
TS,252048532,TJ,251620189
TS,239226982,TJ,238821853
TS,165039705,TJ,164750750
TS,263232161,TJ,262848380
TS,145979231,TJ,145700712
TS,259729711,TJ,259300001
TS,260191536,TJ,259792914
TS,156306041,TJ,156026665
TS,252929368,TJ,252523864
TS,168989228,TJ,168732622
TS,245641117,TJ,245269601
TS,226497587,TJ,222224237
TS,160123455,TJ,159825190
TS,144751780,TJ,144477114
TS,167236041,TJ,166962608
TS,242553323,TJ,242161581
TS,263009911,TJ,262612012
TS,265785743,TJ,265343616
TS,174713706,TJ,174438632
TS,254765644,TJ,254326855
TS,251455105,TJ,250977992
TS,256941236,TJ,256513111
TS,163160507,TJ,162883648
TS,140644519,TJ,140354144
TS,252195144,TJ,251379587
TS,147712908,TJ,147423779
TS,170554254,TJ,170270508
TS,234114712,TJ,233713915
TS,145901230,TJ,145522926
TS,257330980,TJ,256893699
TS,161986519,TJ,161690667
TS,259011525,TJ,258572369
TS,169116938,TJ,168841290
TS,250388803,TJ,249627344
TS,153592516,TJ,153308677
TS,146723075,TJ,146436076
TS,242233988,TJ,241822193
TS,168398449,TJ,168116024
TS,166671590,TJ,166385751
TS,166734553,TJ,166474293
TS,165079672,TJ,164815437
TS,160485400,TJ,160186407
TS,165560836,TJ,165254284
TS,150808877,TJ,150508629
TS,267226835,TJ,266819545
TS,239866250,TJ,239437118
TS,265656644,TJ,265246475
TS,168397389,TJ,168112389
TS,141163865,TJ,140886399
TS,263124379,TJ,262682610
TS,169137027,TJ,168854055
TS,241528174,TJ,241119990
TS,176189396,TJ,175904321
TS,257847058,TJ,257438957
TS,258057672,TJ,257603060
TS,266768850,TJ,266345706
TS,213105625,TJ,212819429
TS,242742251,TJ,242257961
TS,158375474,TJ,158089682
TS,153907703,TJ,153622153
TS,271617316,TJ,271218177
TS,170591245,TJ,170303113
TS,252628458,TJ,252240522
TS,167856124,TJ,167596864
TS,171923976,TJ,171657361
TS,168189539,TJ,167932083
TS,261723318,TJ,261313538
TS,155986118,TJ,155699460
TS,162800960,TJ,162479948
TS,258677554,TJ,258262597
TS,254163302,TJ,253715526
TS,145913716,TJ,145592157
TS,246324741,TJ,245501641
TS,237601628,TJ,237171996
TS,346146893,TJ,340934497
TS,254834531,TJ,254381109
TS,149199614,TJ,148857386
TS,239220232,TJ,238823425
TS,168580103,TJ,168291866
TS,249052713,TJ,248670202
TS,262047373,TJ,261652926
TS,262530640,TJ,262049388
TS,267092455,TJ,266681349
TS,156331376,TJ,156036819
TS,259023986,TJ,258534901
TS,165674384,TJ,165365305
TS,402830374,TJ,402429999
TS,322225205,TJ,321948867
TS,456181565,TJ,455746768
TS,161233908,TJ,160934038
TS,141640768,TJ,141335905
TS,141248933,TJ,140982464
TS,164726135,TJ,164425043
TS,260978820,TJ,260184084
TS,152236422,TJ,151944003
TS,141801595,TJ,141521423
TS,139467003,TJ,139143154
TS,160997183,TJ,160688948
TS,236192222,TJ,235408668
TS,160273046,TJ,159872351
TS,140971175,TJ,140618058
TS,235716231,TJ,235271456
