TS,159321015,TJ,158997372
TS,162252507,TJ,161949823
TS,232994013,TJ,232544368
TS,139361005,TJ,139035529
TS,160490488,TJ,160174139
TS,159717086,TJ,159415831
TS,161154751,TJ,160850710
TS,145646880,TJ,145324552
TS,158606110,TJ,158305131
TS,140597204,TJ,140295459
TS,162037190,TJ,161729379
TS,159937235,TJ,159618198
TS,232110550,TJ,231660195
TS,160879082,TJ,160575171
TS,254549372,TJ,254095628
TS,160566442,TJ,160259611
TS,161059545,TJ,160773304
TS,232904777,TJ,232491963
TS,170191689,TJ,169870845
TS,233752974,TJ,233200635
TS,279207282,TJ,278699220
TS,161828651,TJ,161529489
TS,139837164,TJ,139547914
TS,139212983,TJ,138885904
TS,162140597,TJ,161827336
TS,141320372,TJ,141026539
TS,140494161,TJ,140196881
TS,161276597,TJ,160973689
TS,160634271,TJ,160325515
TS,150440638,TJ,150147381
TS,160820198,TJ,160503932
TS,159349117,TJ,159058018
TS,166728242,TJ,166411578
TS,159882216,TJ,159572153
TS,254392624,TJ,253942908
TS,262815867,TJ,262336675
TS,141964617,TJ,141625481
TS,138541867,TJ,138206754
TS,251039113,TJ,250598071
TS,241287002,TJ,240813657
TS,162283182,TJ,161985185
TS,159553389,TJ,159258855
TS,138890445,TJ,138561269
TS,165131191,TJ,164781502
TS,161786819,TJ,161448195
TS,242710718,TJ,242216884
TS,160668354,TJ,160366395
TS,233983562,TJ,233538059
TS,163622855,TJ,163317523
TS,149849946,TJ,149542066
TS,160678343,TJ,160378851
TS,161580762,TJ,161273554
TS,152078914,TJ,151755435
TS,144410844,TJ,144105690
TS,140809884,TJ,140499966
TS,230606355,TJ,230177436
TS,161526877,TJ,161217431
TS,160380392,TJ,160062691
TS,237875738,TJ,237432776
TS,241928586,TJ,241428614
TS,159087206,TJ,158785906
TS,258124181,TJ,257629387
TS,160300689,TJ,158998458
TS,243899249,TJ,243420461
TS,164375862,TJ,164076403
TS,144633424,TJ,144331088
TS,140085734,TJ,139777996
TS,140828788,TJ,140522844
TS,161896469,TJ,161597589
TS,241739232,TJ,241283913
TS,232981117,TJ,232542846
TS,233214401,TJ,232698926
TS,141578712,TJ,141275536
TS,164988148,TJ,164662501
TS,234999212,TJ,234453289
TS,163860200,TJ,163548104
TS,255754227,TJ,255299186
TS,245388421,TJ,244953631
TS,244553099,TJ,244104191
TS,244698978,TJ,244260318
TS,158897134,TJ,158607675
TS,160690413,TJ,160397208
TS,141356692,TJ,141016673
TS,159938612,TJ,159643752
TS,251922002,TJ,251406664
TS,160680869,TJ,160387533
TS,139006082,TJ,138707681
TS,138079454,TJ,137783938
TS,253743383,TJ,253278999
TS,160382179,TJ,160085688
TS,140872069,TJ,140543077
TS,138789055,TJ,138460619
TS,154786610,TJ,154467658
TS,162161112,TJ,161847993
TS,174954869,TJ,174663305
TS,143659469,TJ,143365322
TS,149154455,TJ,148849643
TS,158706511,TJ,158421380
TS,231589939,TJ,231168568
TS,163475479,TJ,163163480
TS,140941761,TJ,140633907
TS,140342137,TJ,140039957
TS,143483450,TJ,143177591
TS,138763461,TJ,138427886
TS,231524480,TJ,231003312
TS,161025678,TJ,160728229
TS,244695866,TJ,244258051
TS,160190195,TJ,159880700
TS,252250888,TJ,251788577
TS,244128322,TJ,243637628
TS,252243042,TJ,251784193
TS,151746130,TJ,151438757
TS,140912241,TJ,140616341
TS,159699965,TJ,159384018
TS,160233189,TJ,159925630
TS,161634570,TJ,161343497
TS,252114325,TJ,251666366
TS,140553185,TJ,140233670
TS,160199923,TJ,159894782
TS,140700132,TJ,140395736
TS,161418007,TJ,161099137
TS,256383086,TJ,255907800
TS,258351508,TJ,257917615
TS,238175460,TJ,237336808
TS,252020644,TJ,251590166
TS,161179218,TJ,160859278
TS,160686252,TJ,160382083
TS,160310553,TJ,159996296
TS,150788103,TJ,150479828
TS,141023616,TJ,140716538
TS,232135774,TJ,231700977
TS,140738607,TJ,140429685
TS,160091742,TJ,159759937
TS,161360002,TJ,161043150
TS,234546216,TJ,234079972
TS,253563230,TJ,253095011
TS,160164446,TJ,159823715
TS,142066162,TJ,141761761
TS,244694330,TJ,244275443
TS,159923559,TJ,159614473
TS,150480284,TJ,150183648
TS,160451163,TJ,160162745
TS,163289275,TJ,162999079
TS,161774210,TJ,161478915
TS,164881638,TJ,164577999
TS,211135589,TJ,210789269
TS,162577689,TJ,162268323
TS,158330927,TJ,158025607
TS,162133943,TJ,161826666
TS,162555910,TJ,162264716
TS,141381899,TJ,141071164
TS,232576039,TJ,231996820
TS,137629708,TJ,137297806
TS,139328047,TJ,139004092
TS,243690624,TJ,243245664
TS,238597727,TJ,237795809
TS,142059514,TJ,141763917
TS,158871593,TJ,158571708
TS,249769300,TJ,249329086
TS,244225955,TJ,243759209
TS,250112816,TJ,249655973
TS,234627752,TJ,233817326
TS,231475799,TJ,231030065
TS,254152475,TJ,253702941
TS,158643882,TJ,158349077
TS,257489465,TJ,257035708
TS,142660427,TJ,142341047
TS,143340717,TJ,143040713
TS,161106160,TJ,160804926
TS,156873680,TJ,156562750
TS,151858782,TJ,151535659
TS,232087178,TJ,231666853
TS,165029140,TJ,164717597
TS,148925140,TJ,148626359
TS,230744736,TJ,230308763
TS,140099549,TJ,139801864
TS,160285341,TJ,159986108
TS,149925033,TJ,149624166
TS,254024627,TJ,253574526
TS,141497913,TJ,141186811
TS,167590411,TJ,167278720
TS,245951115,TJ,245514871
TS,159534155,TJ,159241453
TS,144036968,TJ,143734295
TS,149544345,TJ,149235489
TS,141545178,TJ,141233065
TS,233420987,TJ,232982931
TS,158859403,TJ,158540417
TS,141187186,TJ,140897306
TS,229159784,TJ,228711075
TS,251816233,TJ,251386112
TS,152557250,TJ,152261989
TS,165588694,TJ,165289453
TS,162429262,TJ,162098044
TS,248609399,TJ,248152419
TS,234420017,TJ,233603515
TS,152300733,TJ,152012176
TS,232448853,TJ,232029590
TS,160531695,TJ,160238006
TS,139449999,TJ,139152545
TS,139256732,TJ,138958629
TS,159729795,TJ,159423981
TS,138546029,TJ,138245189
TS,158801663,TJ,158489205
TS,235221118,TJ,234424570
TS,233192141,TJ,232764136
TS,138631005,TJ,138334699
TS,140464328,TJ,140155742
TS,162401943,TJ,162093396
TS,144614948,TJ,144303352
TS,159561840,TJ,159257558
TS,139442313,TJ,139130937
TS,160859943,TJ,160545923
TS,242917716,TJ,242496702
TS,142950964,TJ,142630786
TS,140520602,TJ,140209449
TS,139207354,TJ,138906583
TS,151904582,TJ,151608195
TS,161667908,TJ,161327667
TS,139876853,TJ,139579552
TS,165016041,TJ,164687840
TS,150568119,TJ,150274119
TS,142454910,TJ,142143368
TS,142127593,TJ,141818539
TS,254406497,TJ,253763313
TS,139613807,TJ,139310023
TS,150373129,TJ,150087198
TS,160382405,TJ,160078689
TS,270305364,TJ,269872133
TS,253859573,TJ,253418533
TS,232862331,TJ,232357495
TS,161895509,TJ,161606243
TS,160721233,TJ,160407501
TS,251688761,TJ,251245796
TS,139097830,TJ,138804191
TS,159064110,TJ,158768749
TS,137209021,TJ,136909294
TS,248207050,TJ,247779953
TS,252111084,TJ,251669351
TS,160243021,TJ,159883201
TS,162436201,TJ,162128793
TS,143384036,TJ,143087043
TS,254271094,TJ,250985439
TS,158061511,TJ,157744538
TS,253394970,TJ,252738795
TS,259436659,TJ,258895754
TS,252402426,TJ,251942279
TS,141496470,TJ,141183592
TS,159457665,TJ,159158388
TS,152315820,TJ,152009133
TS,162801952,TJ,162499185
TS,158510571,TJ,158206779
TS,159227940,TJ,158927797
TS,140762659,TJ,140465036
TS,251861364,TJ,251366784
TS,231890846,TJ,231425643
TS,161601008,TJ,161293067
TS,231513407,TJ,231102437
TS,251607347,TJ,251160832
TS,140327306,TJ,140030763
TS,159502443,TJ,159201050
TS,162050266,TJ,161745201
TS,161281104,TJ,160988162
TS,252756814,TJ,252306402
TS,141572876,TJ,141247791
TS,249196285,TJ,248766306
TS,139027988,TJ,138734058
TS,160608006,TJ,160293923
TS,230370613,TJ,229952294
TS,140478688,TJ,140180402
TS,163959791,TJ,163649120
TS,252565496,TJ,252153333
TS,156545925,TJ,156248443
TS,149686867,TJ,149366801
TS,159988148,TJ,159693437
TS,254961344,TJ,254520866
TS,240820040,TJ,240396259
TS,142370888,TJ,142057350
TS,233226785,TJ,232778774
TS,161734776,TJ,161417484
TS,161347144,TJ,161043515
TS,244109589,TJ,243641694
TS,160684986,TJ,160381995
TS,141032180,TJ,140719916
TS,228929501,TJ,228462942
TS,140034812,TJ,139736214
TS,140477498,TJ,140166014
TS,165847942,TJ,165531504
TS,160759626,TJ,160428763
TS,158935421,TJ,158592990
TS,255468923,TJ,255029158
TS,233255194,TJ,232821258
TS,151107379,TJ,150798092
TS,232546288,TJ,232099161
TS,159069850,TJ,158768968
TS,139456300,TJ,139151138
TS,235359742,TJ,234911691
TS,143184383,TJ,142880536
TS,256714697,TJ,256219116
TS,157747437,TJ,157441877
TS,142907397,TJ,142598017
TS,256368497,TJ,255915952
TS,234494630,TJ,233664301
TS,159354960,TJ,159053893
TS,139698940,TJ,139397637
TS,140146121,TJ,139841021
TS,161670636,TJ,161367786
TS,152296949,TJ,151983159
TS,161403855,TJ,161093780
TS,236115123,TJ,235284188
TS,161255818,TJ,160927174
TS,251594686,TJ,251174318
TS,164427941,TJ,164116968
TS,245951383,TJ,245470061
TS,160833966,TJ,160514917
TS,253444782,TJ,253025387
TS,163370385,TJ,163063893
TS,256618893,TJ,256196078
TS,231357743,TJ,230935660
TS,150920147,TJ,150626175
TS,138350877,TJ,138044147
TS,165000774,TJ,164699089
TS,136683012,TJ,136375141
TS,161162845,TJ,160845322
TS,255268103,TJ,254834354
TS,153479227,TJ,153163909
TS,162154963,TJ,161861924
TS,160220025,TJ,159927612
TS,159634706,TJ,159335168
TS,138825770,TJ,138518492
TS,231371587,TJ,230925804
TS,139051083,TJ,138748961
TS,243905091,TJ,243425961
TS,161637974,TJ,161332257
TS,141565647,TJ,141245378
TS,157533260,TJ,157193225
TS,139732864,TJ,139432752
TS,256556021,TJ,256115501
TS,233866934,TJ,233434296
TS,275113150,TJ,274685710
TS,253941611,TJ,253506105
TS,162449036,TJ,162148040
TS,139394938,TJ,139093254
TS,157680835,TJ,157361065
TS,244312145,TJ,243870070
TS,139552894,TJ,139257578
TS,250943237,TJ,250496911
TS,233418067,TJ,232992594
TS,256081267,TJ,255656610
TS,150158293,TJ,149860989
TS,166999112,TJ,166694298
TS,140483457,TJ,140169345
TS,158786488,TJ,158481130
TS,251542348,TJ,251103186
TS,139461835,TJ,139160375
TS,160562144,TJ,160262093
TS,161762119,TJ,161466820
TS,253620260,TJ,253124280
TS,241548051,TJ,240728736
TS,142377432,TJ,142065851
TS,237812468,TJ,236989221
TS,165246593,TJ,164943330
TS,153372063,TJ,153058430
TS,241499215,TJ,241036645
TS,167122459,TJ,166829770
TS,152294588,TJ,151977570
TS,160479520,TJ,160182714
TS,232455119,TJ,232038058
TS,161581287,TJ,161264626
TS,242396059,TJ,241925420
TS,230121092,TJ,229684487
TS,230495940,TJ,230062169
TS,234586212,TJ,233983110
TS,140768456,TJ,140462903
TS,163102729,TJ,162810041
TS,254121355,TJ,253694347
TS,258451564,TJ,258032831
TS,159908067,TJ,159594057
TS,239478984,TJ,238677596
TS,158403255,TJ,158095561
TS,160363503,TJ,160037838
TS,158549700,TJ,158260205
TS,138546429,TJ,138236133
TS,244478560,TJ,244049066
TS,159616873,TJ,159320689
TS,137594556,TJ,137279445
TS,231694045,TJ,231204323
TS,140982321,TJ,140683466
TS,161894320,TJ,161585826
TS,160264595,TJ,159955915
TS,231371860,TJ,230937762
TS,268959101,TJ,268492350
TS,236271905,TJ,235462934
TS,175506163,TJ,175190483
TS,253863586,TJ,253386375
TS,234277193,TJ,233834290
TS,159533595,TJ,159225481
TS,230066337,TJ,229641272
TS,238464189,TJ,237636016
TS,141039372,TJ,140737603
TS,164917125,TJ,164611194
TS,160500225,TJ,160204169
TS,140672586,TJ,140360978
TS,140143280,TJ,139837660
TS,229528737,TJ,229097022
TS,162649366,TJ,162329071
TS,159630100,TJ,159325149
TS,166057648,TJ,165730146
TS,159999050,TJ,159708804
TS,164973657,TJ,164671298
TS,159908179,TJ,159595420
TS,242958478,TJ,242493634
TS,150178269,TJ,149870496
TS,160122982,TJ,159811646
TS,250318620,TJ,249892649
TS,161745827,TJ,161443135
TS,244397718,TJ,243977737
TS,160243116,TJ,159903959
TS,159395605,TJ,159104033
TS,241988232,TJ,241572757
TS,253293052,TJ,252885291
TS,165088577,TJ,164781008
TS,150191455,TJ,149873966
TS,143647552,TJ,143352174
TS,167480516,TJ,167183384
TS,242789487,TJ,242341347
TS,259444940,TJ,258589906
TS,162408611,TJ,162097494
TS,141539810,TJ,140965208
TS,153249153,TJ,152947051
TS,243765092,TJ,243282457
TS,159302230,TJ,159003656
TS,159402734,TJ,159093585
TS,160246049,TJ,159936307
TS,142310317,TJ,142015310
TS,235815645,TJ,235018750
TS,158979334,TJ,158694564
TS,160570681,TJ,160277546
TS,162021114,TJ,161697893
TS,160222757,TJ,159919796
TS,159727009,TJ,159425360
TS,173779378,TJ,173474682
TS,160559259,TJ,160248202
TS,231802198,TJ,231376514
TS,144407117,TJ,144080072
TS,158595513,TJ,158285180
TS,256028972,TJ,255565972
TS,161730872,TJ,161430783
TS,230922009,TJ,230490287
TS,234344320,TJ,233896478
TS,140978673,TJ,140645834
TS,158935711,TJ,158643435
TS,145219930,TJ,144909591
TS,154456984,TJ,154143068
TS,162797928,TJ,162502244
TS,230404009,TJ,229953361
TS,159495346,TJ,159158113
TS,232555832,TJ,232002418
TS,161139286,TJ,160835847
TS,154610424,TJ,154312043
TS,163098318,TJ,162794826
TS,153708402,TJ,153411217
TS,159092722,TJ,158773979
TS,253227437,TJ,252793035
TS,138919748,TJ,138610820
TS,157937807,TJ,157643676
TS,229924611,TJ,229416912
TS,242579966,TJ,242146005
TS,246134664,TJ,245704494
TS,165443200,TJ,165138748
TS,243957543,TJ,236572039
TS,229491911,TJ,228927482
TS,138721558,TJ,138407872
TS,252853307,TJ,252412688
TS,244169028,TJ,243670056
TS,139668993,TJ,139371159
TS,140628539,TJ,140314810
TS,138731211,TJ,138434972
TS,156913210,TJ,156611192
TS,152208688,TJ,151869089
TS,150087449,TJ,149780651
TS,230535067,TJ,230123145
TS,234962372,TJ,234209477
TS,153370622,TJ,153079103
TS,141069287,TJ,140756530
TS,234953819,TJ,234532742
TS,254887607,TJ,254449728
TS,144125457,TJ,143818004
TS,138995873,TJ,138688136
TS,162133926,TJ,161836479
TS,151524645,TJ,151220097
TS,140149320,TJ,139852183
TS,140521298,TJ,140216906
TS,138870818,TJ,138569516
TS,147740410,TJ,147429139
TS,153224456,TJ,152927295
TS,139612096,TJ,139276027
TS,249859578,TJ,249376046
TS,250798600,TJ,250351270
TS,162474140,TJ,162162723
TS,140483136,TJ,140179020
TS,233621085,TJ,233117009
TS,161455084,TJ,161152000
TS,141728815,TJ,141408568
TS,241347398,TJ,237595476
TS,140432719,TJ,140135878
TS,138803132,TJ,138503002
TS,256460495,TJ,256043285
TS,159909234,TJ,159614738
TS,150459562,TJ,145691645
TS,239467550,TJ,238679568
TS,231416845,TJ,230985372
TS,228355029,TJ,227933594
TS,142200434,TJ,141888263
TS,139952987,TJ,139648909
TS,138266219,TJ,137931403
TS,157143303,TJ,156825969
TS,159748844,TJ,159452453
TS,162146196,TJ,161833530
TS,167195310,TJ,166889472
TS,251515188,TJ,251087997
TS,237036612,TJ,236279106
TS,166712498,TJ,166415384
TS,138630620,TJ,138314427
TS,145857299,TJ,145556214
TS,233004734,TJ,232594791
TS,150838493,TJ,150549798
TS,237676206,TJ,236881085
TS,138984886,TJ,138683076
TS,162813338,TJ,162515353
TS,167016094,TJ,166725660
TS,162268550,TJ,161965478
TS,163157506,TJ,162861783
TS,236979095,TJ,236250925
TS,162480783,TJ,162135056
TS,162135972,TJ,161834582
TS,235870644,TJ,235146906
TS,252851688,TJ,252313787
TS,255357287,TJ,254925609
TS,152274319,TJ,151957355
TS,245155792,TJ,244672490
TS,140945011,TJ,140649808
TS,145399973,TJ,145068717
TS,161844355,TJ,161549778
TS,232434489,TJ,232022923
TS,163197074,TJ,162897940
TS,148451294,TJ,148159579
TS,243943363,TJ,243490166
TS,159088565,TJ,158793546
TS,252829238,TJ,252355264
TS,160316458,TJ,160009225
TS,161421054,TJ,161132315
TS,234693580,TJ,234244520
TS,236262684,TJ,235492923
TS,159822461,TJ,159529479
TS,255973138,TJ,255531662
TS,164271936,TJ,163965381
TS,232581507,TJ,232158705
TS,253029659,TJ,252609869
TS,235716631,TJ,234965039
TS,252639676,TJ,252209941
TS,231173489,TJ,230747480
TS,164763288,TJ,164462465
TS,152910340,TJ,152586427
TS,151429826,TJ,151127468
TS,152067417,TJ,151775895
TS,233283083,TJ,232864957
TS,234712929,TJ,234286708
TS,259880630,TJ,259411186
TS,143068312,TJ,142744519
TS,158921094,TJ,158621924
TS,242575281,TJ,242086476
TS,252432686,TJ,251997614
TS,253478887,TJ,253044716
TS,158306210,TJ,158001341
TS,252207187,TJ,251678651
TS,140676083,TJ,140362408
TS,233053831,TJ,232634230
TS,236531348,TJ,236082394
TS,140489534,TJ,140178561
TS,160117328,TJ,159818335
TS,252183041,TJ,251746431
TS,228367858,TJ,227926042
TS,252569925,TJ,252161095
TS,157390718,TJ,157097430
TS,231585992,TJ,231165410
TS,140338846,TJ,140033519
TS,256488349,TJ,255999929
TS,164872834,TJ,164562849
TS,251151897,TJ,250647164
TS,255112757,TJ,254630015
TS,160957869,TJ,160653714
TS,242235970,TJ,241809048
TS,160226818,TJ,159913851
TS,152691539,TJ,152385064
TS,141536059,TJ,141226260
TS,160178850,TJ,159882579
TS,162425342,TJ,162126738
TS,160090994,TJ,159807184
TS,159963414,TJ,159660040
TS,160753485,TJ,160440821
TS,143034209,TJ,142738318
TS,140840250,TJ,140531407
TS,155004189,TJ,151700420
TS,254966427,TJ,254551247
TS,151750429,TJ,151452974
TS,141783404,TJ,141485519
TS,232886250,TJ,232451512
TS,233702498,TJ,233256944
TS,161910336,TJ,161614840
TS,142105735,TJ,141815953
TS,231842070,TJ,231356421
TS,257646189,TJ,257211275
TS,161324404,TJ,161015534
TS,139804786,TJ,139500880
TS,138010088,TJ,137708059
TS,250946603,TJ,250520975
TS,250730601,TJ,250274752
TS,251581083,TJ,251152263
TS,161663465,TJ,161352415
TS,245084531,TJ,244658573
TS,138041521,TJ,137743103
TS,252766267,TJ,252320310
TS,243450138,TJ,243019738
TS,233906267,TJ,233475918
TS,237159647,TJ,236410921
TS,251098334,TJ,250669110
TS,252688799,TJ,252215191
TS,251172438,TJ,250743694
TS,228777500,TJ,228350250
TS,230489765,TJ,230055415
TS,162157752,TJ,161861844
TS,230360057,TJ,229908466
TS,160809551,TJ,160502198
TS,242209306,TJ,241788406
TS,234249766,TJ,233798741
TS,238444275,TJ,238016687
TS,161974817,TJ,161671577
TS,255364369,TJ,254940398
TS,161624817,TJ,161306564
TS,249923330,TJ,249497039
TS,249023380,TJ,248596204
TS,159714774,TJ,159410604
TS,228731143,TJ,228298846
TS,161284808,TJ,160975475
TS,242495020,TJ,242019348
TS,160470345,TJ,160173583
TS,173497290,TJ,173137870
TS,162381154,TJ,162068910
TS,250704471,TJ,250262096
TS,234013760,TJ,233553276
TS,161589107,TJ,161277752
TS,162503751,TJ,162164910
TS,232991268,TJ,232572542
TS,142592314,TJ,142263675
TS,162714146,TJ,162404416
TS,161365925,TJ,161061662
TS,141685613,TJ,141376456
TS,242767158,TJ,242272135
TS,251734023,TJ,251273007
TS,252857100,TJ,252430020
TS,257902773,TJ,257477226
TS,160821818,TJ,160520222
TS,162121285,TJ,161792370
TS,165836738,TJ,165537335
TS,253602483,TJ,253189028
TS,150813283,TJ,150517363
TS,162538194,TJ,162240011
TS,164199704,TJ,163895787
TS,234892743,TJ,234460574
TS,139267701,TJ,138970110
TS,162102953,TJ,161814879
TS,231976084,TJ,231478462
TS,160388818,TJ,160093764
TS,160434110,TJ,160113730
TS,139953130,TJ,139655569
TS,254999739,TJ,254592260
TS,149069283,TJ,148770589
TS,244855207,TJ,244439646
TS,234105187,TJ,233654479
TS,151133067,TJ,150822331
TS,253696736,TJ,253263023
TS,238520554,TJ,238007150
TS,159683655,TJ,159371934
TS,160949004,TJ,160641094
TS,138347148,TJ,138062359
TS,137994044,TJ,137692900
TS,241596970,TJ,241184636
TS,254418949,TJ,253851871
TS,158768738,TJ,158476464
TS,157589671,TJ,157291305
TS,161493423,TJ,161185003
TS,229475753,TJ,229021395
TS,143246836,TJ,142906205
TS,153352722,TJ,153048255
TS,166229501,TJ,165909439
TS,164371702,TJ,164070805
TS,244522702,TJ,244075030
TS,165712058,TJ,165411407
TS,161005165,TJ,160671660
TS,156909982,TJ,156613792
TS,160003042,TJ,159704552
TS,138541780,TJ,138252624
TS,254953561,TJ,254498475
TS,151131114,TJ,150828339
TS,254256605,TJ,253790937
TS,251655424,TJ,251215007
TS,160934875,TJ,160615040
TS,150190244,TJ,149878692
TS,158527395,TJ,158214623
TS,138936474,TJ,138633717
TS,156830397,TJ,156513082
TS,245342745,TJ,244930237
TS,144456890,TJ,144155356
TS,139136943,TJ,138834665
TS,138658799,TJ,138336475
TS,232073877,TJ,231537444
TS,252575109,TJ,252089817
TS,137863058,TJ,137558259
TS,232520167,TJ,232095799
TS,163418542,TJ,163102472
TS,235896508,TJ,235390439
TS,162357101,TJ,162048840
TS,160979714,TJ,160675795
TS,164846003,TJ,164557522
TS,244656902,TJ,244246313
TS,144041234,TJ,143757201
TS,236509395,TJ,236078508
TS,143625261,TJ,143343898
TS,164206895,TJ,163897711
TS,162929127,TJ,162597975
TS,162540771,TJ,162250480
TS,233594898,TJ,233181966
TS,160802556,TJ,160478197
TS,163071507,TJ,162761421
TS,166435701,TJ,166101698
TS,152512552,TJ,152191213
TS,251254960,TJ,250846239
TS,160157492,TJ,159839540
TS,159403663,TJ,159103318
TS,141113349,TJ,140804570
TS,235215568,TJ,234479042
TS,250811508,TJ,250287152
TS,139154602,TJ,138846889
TS,164322094,TJ,164010969
TS,230379347,TJ,229953719
TS,138758550,TJ,138465548
TS,159950895,TJ,159655245
TS,151275733,TJ,150985108
TS,140925102,TJ,140625773
TS,159825848,TJ,159534451
TS,256165509,TJ,255727920
TS,161313330,TJ,161017064
TS,138134470,TJ,137839780
TS,161177751,TJ,160880152
TS,237338261,TJ,236911914
TS,250550927,TJ,250138771
TS,231665032,TJ,231218104
TS,163747281,TJ,163437407
TS,236229795,TJ,235456413
TS,140148859,TJ,139861309
TS,252307699,TJ,251870932
TS,162264284,TJ,161974206
TS,255696927,TJ,255253974
TS,267560026,TJ,267146698
TS,147251898,TJ,146947576
TS,146824057,TJ,146539541
TS,167326049,TJ,167019103
TS,230782356,TJ,230374295
TS,140370278,TJ,140063575
TS,159106383,TJ,158797309
TS,231355985,TJ,230930444
TS,150916604,TJ,150616298
TS,236264277,TJ,235837364
TS,141413594,TJ,141090484
TS,230875101,TJ,230435418
TS,162075328,TJ,161766988
TS,231538438,TJ,231105590
TS,140521696,TJ,140213020
TS,253605818,TJ,253185374
TS,159574478,TJ,159273898
TS,144988911,TJ,144689681
TS,232337830,TJ,231909300
TS,138453734,TJ,138146069
TS,152449681,TJ,152139771
TS,142224478,TJ,141917664
TS,251948835,TJ,251545050
TS,159512766,TJ,159197040
TS,158240301,TJ,157923892
TS,230856594,TJ,230413874
TS,150921915,TJ,150606097
TS,242416625,TJ,241972916
TS,233464946,TJ,233016297
TS,230030217,TJ,229572425
TS,232787842,TJ,232381928
TS,252430579,TJ,251994247
TS,164162290,TJ,163839712
TS,240089377,TJ,239625188
TS,159476469,TJ,159151485
TS,232469583,TJ,232062791
TS,159860824,TJ,159567221
TS,142083160,TJ,141784747
TS,159021560,TJ,158705690
TS,253907789,TJ,253489065
TS,254486708,TJ,254079065
TS,164924770,TJ,164604438
TS,231086699,TJ,230647042
TS,234041351,TJ,233622535
TS,232820766,TJ,232383225
TS,161477530,TJ,161172768
TS,140597934,TJ,140304013
TS,149479381,TJ,149175422
TS,139522146,TJ,139229500
TS,235556884,TJ,235128637
TS,241590847,TJ,241150783
TS,255059604,TJ,254615580
TS,162735766,TJ,162436526
TS,141913331,TJ,141609809
TS,159085367,TJ,158776715
TS,236592358,TJ,235831046
TS,230775732,TJ,230342394
TS,141354724,TJ,141060663
TS,163302402,TJ,162987773
TS,236446614,TJ,236027075
TS,140692675,TJ,140394204
TS,232521509,TJ,232094707
TS,160435610,TJ,160132152
TS,142378465,TJ,142074685
TS,140879475,TJ,140582857
TS,230999315,TJ,230580766
TS,165281750,TJ,164977303
TS,143058247,TJ,142768929
TS,159022914,TJ,158703422
TS,151442832,TJ,151119764
TS,251787366,TJ,251359428
TS,162645322,TJ,162322438
TS,244849840,TJ,244424846
TS,139232628,TJ,138912552
TS,250784954,TJ,250265308
TS,163134856,TJ,162804787
TS,141342986,TJ,141037005
TS,233460122,TJ,233042599
TS,252764684,TJ,252207378
TS,165043825,TJ,164720999
TS,140527876,TJ,140219438
TS,244581225,TJ,244170126
TS,255038564,TJ,254604013
TS,142905989,TJ,142605094
TS,162722688,TJ,162423833
TS,141449553,TJ,141137539
TS,160435721,TJ,160139627
TS,140728469,TJ,140425876
TS,228205845,TJ,227795215
TS,137491659,TJ,137184004
TS,161307066,TJ,160995612
TS,160522594,TJ,160225718
TS,153579030,TJ,153268352
TS,163532869,TJ,163227661
TS,141547289,TJ,141250511
TS,246001685,TJ,245534977
TS,235905537,TJ,235475111
TS,244022510,TJ,243539068
TS,142184537,TJ,141855534
TS,161383620,TJ,161064588
TS,160415667,TJ,160067907
TS,150905118,TJ,150610255
TS,141367787,TJ,141060211
TS,231291179,TJ,230834461
TS,157378155,TJ,157055602
TS,152529615,TJ,152223973
TS,160356373,TJ,160044786
TS,243886278,TJ,243425394
TS,145024635,TJ,144724234
TS,229584871,TJ,229138344
TS,160868580,TJ,160566526
TS,153469295,TJ,153166994
TS,243200661,TJ,242738424
TS,161455926,TJ,161165000
TS,160470022,TJ,160165761
TS,160407734,TJ,160087107
TS,257217338,TJ,256660976
TS,144499946,TJ,144194673
TS,161976067,TJ,161673294
TS,143336113,TJ,143015425
TS,162452498,TJ,162138431
TS,258658369,TJ,258213814
TS,138975751,TJ,138669662
TS,243654312,TJ,243192186
TS,163369433,TJ,163057139
TS,251354349,TJ,250890596
TS,254113495,TJ,253677620
TS,158941043,TJ,158639956
TS,249343763,TJ,248936280
TS,250162641,TJ,249683310
TS,140053869,TJ,139752185
TS,239978657,TJ,239200636
TS,162324032,TJ,162032371
TS,235812278,TJ,235065407
TS,252147384,TJ,251733614
TS,159540485,TJ,159245924
TS,159598075,TJ,159291563
TS,143889733,TJ,143582629
TS,232080217,TJ,231620843
TS,232049928,TJ,231622784
TS,137134978,TJ,136837491
TS,253818913,TJ,253387747
TS,154944653,TJ,154646414
TS,164445547,TJ,164101163
TS,239590099,TJ,239148945
TS,165154576,TJ,164822974
TS,254721965,TJ,254290661
TS,231729219,TJ,231264597
TS,141012200,TJ,140714956
TS,162170490,TJ,161870236
TS,142711458,TJ,142413488
TS,233506391,TJ,233084341
TS,160297116,TJ,159977270
TS,153433076,TJ,153129549
TS,142611534,TJ,142288208
TS,232682611,TJ,231911516
TS,157975039,TJ,157656648
TS,154081267,TJ,153751415
TS,142550880,TJ,142241380
TS,149488325,TJ,149180310
TS,168490020,TJ,168171160
TS,142816214,TJ,142514572
TS,251972490,TJ,251401573
TS,234765498,TJ,233982501
TS,158549742,TJ,158248467
TS,142285673,TJ,141990148
TS,257327296,TJ,256844354
TS,161255362,TJ,160956300
TS,250845859,TJ,250429667
TS,243514681,TJ,243111395
TS,160039398,TJ,159746581
TS,231729479,TJ,231303719
TS,157478127,TJ,157194223
TS,166483446,TJ,166192209
TS,252847714,TJ,252449037
TS,253690626,TJ,253229512
TS,138842679,TJ,138541061
TS,137799340,TJ,137501560
TS,140885257,TJ,140575558
TS,160102166,TJ,159803678
TS,143855325,TJ,143548499
TS,233720904,TJ,233285243
TS,252682830,TJ,252249225
TS,152858563,TJ,152558174
TS,142703962,TJ,142377427
TS,159207515,TJ,158886212
TS,235008119,TJ,234222769
TS,239815144,TJ,239077539
TS,162449151,TJ,162143660
TS,162009626,TJ,161698049
TS,254469723,TJ,254044399
TS,166061975,TJ,165740416
TS,143278104,TJ,142989000
TS,151605844,TJ,151309957
TS,158670038,TJ,158376758
TS,138576135,TJ,138276543
TS,158653475,TJ,158357022
TS,246356583,TJ,245934528
TS,231252148,TJ,230726881
TS,137039417,TJ,136746370
TS,140292012,TJ,139988310
TS,231898747,TJ,231471994
TS,161416693,TJ,161116478
TS,242008003,TJ,241544973
TS,233731590,TJ,233323166
TS,242362835,TJ,241905167
TS,161684981,TJ,161382022
TS,151652879,TJ,151353018
TS,159124284,TJ,158808741
TS,158522966,TJ,158194038
TS,248919701,TJ,248443205
TS,158570945,TJ,158232895
TS,139367976,TJ,139010872
TS,161782882,TJ,161460378
TS,142073572,TJ,141765745
TS,153063084,TJ,152755502
TS,166097364,TJ,165790745
TS,167548110,TJ,167251401
TS,237242560,TJ,236506647
TS,139984355,TJ,139665400
TS,245950788,TJ,245507130
TS,140614004,TJ,140313884
TS,232534985,TJ,232083003
TS,160898785,TJ,160592223
TS,161883234,TJ,161563729
TS,138239334,TJ,137924735
TS,233127378,TJ,232699041
TS,165389746,TJ,165081826
TS,159775462,TJ,159475731
TS,244623762,TJ,244221999
TS,140062655,TJ,139749906
TS,162612632,TJ,162303416
TS,152021886,TJ,151728741
TS,161368553,TJ,161039638
TS,251965121,TJ,251549445
TS,140245803,TJ,139921845
TS,140748855,TJ,140430222
TS,235649203,TJ,235175259
TS,253009456,TJ,252580275
TS,142127727,TJ,141818876
TS,142193429,TJ,141898796
TS,167216492,TJ,166908501
TS,156225215,TJ,155931963
TS,146995438,TJ,146704294
TS,241924012,TJ,241492209
TS,232454470,TJ,232051896
TS,151232633,TJ,150934568
TS,161931122,TJ,161633991
TS,252311950,TJ,251887922
TS,231257784,TJ,230852436
TS,138724960,TJ,138432816
TS,231588655,TJ,231174461
TS,139047806,TJ,138748759
TS,148125255,TJ,147828546
TS,159960384,TJ,159667742
TS,159291752,TJ,158956125
TS,241192710,TJ,240721735
TS,161901908,TJ,160865696
TS,164746825,TJ,164441774
TS,144960534,TJ,144655241
TS,140045568,TJ,139733607
TS,160885701,TJ,160575014
TS,252427949,TJ,251970939
TS,162793814,TJ,162488953
TS,138571712,TJ,138269018
TS,160872345,TJ,160570509
TS,160000164,TJ,159670552
TS,233178776,TJ,232754985
TS,232686115,TJ,232258654
TS,161881391,TJ,161560815
TS,149058906,TJ,148734803
TS,142383840,TJ,142062932
TS,161801867,TJ,161505284
TS,143203324,TJ,142905194
TS,254021717,TJ,253597366
TS,254053278,TJ,253636568
TS,230270283,TJ,229841413
TS,136750536,TJ,136462019
TS,163005425,TJ,162715513
TS,231953565,TJ,231518089
TS,141017160,TJ,140714478
TS,164247157,TJ,163951054
TS,140771600,TJ,140440103
TS,250797449,TJ,250350502
TS,138466751,TJ,138172637
TS,159304358,TJ,158970935
TS,236531906,TJ,235777458
TS,253654817,TJ,253222334
TS,162111533,TJ,161816406
TS,139205927,TJ,138912083
TS,159102140,TJ,158802647
TS,250801481,TJ,250405245
TS,141339481,TJ,141035319
TS,160521831,TJ,160228825
TS,160561282,TJ,160268321
TS,136015516,TJ,135717428
TS,139452884,TJ,139135059
TS,253397119,TJ,252962999
TS,252481594,TJ,252040935
TS,152607489,TJ,152310418
TS,159571580,TJ,159278196
TS,253971128,TJ,253373676
TS,143044975,TJ,142733684
TS,153760048,TJ,153462131
TS,234728156,TJ,234305683
TS,248661565,TJ,248247333
TS,143085187,TJ,142778755
TS,248852621,TJ,248394407
TS,141657544,TJ,141366913
TS,245204731,TJ,244804740
TS,160306495,TJ,159993826
TS,234207109,TJ,233783782
TS,143323923,TJ,143036612
TS,140846816,TJ,140544297
TS,229600669,TJ,229180775
TS,231240990,TJ,230837822
TS,146968836,TJ,146662224
TS,144495061,TJ,144191473
TS,164194446,TJ,163866880
TS,254912393,TJ,254485214
TS,145218669,TJ,144893945
TS,235814252,TJ,235407346
TS,144631015,TJ,144294375
TS,169398404,TJ,169067314
TS,142431427,TJ,142129533
TS,141677077,TJ,141366782
TS,162346106,TJ,162046563
TS,143645920,TJ,143350467
TS,228997362,TJ,228566471
TS,160067487,TJ,159758140
TS,141728492,TJ,141427802
TS,383843834,TJ,383548865
TS,1054858160,TJ,1054369285
TS,564200139,TJ,563882382
TS,527202297,TJ,522579405
TS,310902954,TJ,310608443
TS,255498172,TJ,255083786
TS,163086437,TJ,162784664
TS,158394583,TJ,158086462
TS,155121038,TJ,154814422
TS,233390683,TJ,232643711
TS,141427456,TJ,141090362
TS,247803878,TJ,247335140
TS,231321252,TJ,230883219
TS,165904847,TJ,165595653
TS,161154530,TJ,160857489
TS,160934920,TJ,160644175
TS,158943356,TJ,158622701
TS,229970937,TJ,229569678
TS,142426133,TJ,142128100
TS,156872902,TJ,156578438
TS,142689481,TJ,142390240
TS,253322515,TJ,252890134
TS,154738657,TJ,154432795
TS,152076487,TJ,151733108
TS,163309617,TJ,163013133
TS,245424878,TJ,243881950
TS,162551304,TJ,162229454
TS,159627497,TJ,159308254
TS,256083503,TJ,255635466
TS,160807126,TJ,160498636
TS,138524001,TJ,138218107
TS,508587367,TJ,508172261
TS,332311870,TJ,332018778
TS,299860381,TJ,299414349
TS,161522470,TJ,161205927
TS,139057527,TJ,138754223
TS,237032775,TJ,236289431
TS,253615573,TJ,253196503
TS,139176014,TJ,138867056
TS,230371675,TJ,229906350
TS,230597433,TJ,230177532
TS,161807218,TJ,161511947
TS,162606673,TJ,162308583
TS,152432721,TJ,152111071
TS,162865457,TJ,162565615
TS,150823537,TJ,150529769
TS,235880809,TJ,235133166
TS,243597992,TJ,243148026
TS,229587854,TJ,229099130
TS,152317811,TJ,152023462
TS,159956509,TJ,159648694
TS,163289945,TJ,162980238
TS,162154277,TJ,161822132
TS,256596458,TJ,256186864
TS,230178767,TJ,229787523
TS,246306481,TJ,245862648
TS,162835177,TJ,162535609
TS,250181917,TJ,249767022
TS,234068214,TJ,233656999
TS,151478546,TJ,151174756
TS,163041864,TJ,162692700
TS,149024799,TJ,148728715
TS,161888635,TJ,161593645
TS,163282532,TJ,162970668
TS,144017881,TJ,143705866
TS,160356451,TJ,160044184
TS,231846362,TJ,231428932
TS,236090803,TJ,235345924
TS,253775330,TJ,253324674
TS,144277519,TJ,143977855
TS,253527876,TJ,253114467
TS,150620698,TJ,150311947
TS,141657439,TJ,141363858
TS,233551222,TJ,233100460
TS,233615979,TJ,233177230
TS,160336571,TJ,160001912
TS,140314854,TJ,139978503
TS,230546024,TJ,230109934
TS,162614133,TJ,162322483
TS,251465153,TJ,251033736
TS,256393811,TJ,255960302
TS,141667034,TJ,141372861
TS,160755953,TJ,160448022
TS,158323652,TJ,158002780
TS,230709869,TJ,230299717
TS,147029505,TJ,143725028
TS,159905848,TJ,159619443
TS,158012466,TJ,157713556
TS,162564812,TJ,162271181
TS,162189128,TJ,161864696
TS,259423444,TJ,258988743
TS,158053234,TJ,157755480
TS,159317534,TJ,159007157
TS,252105146,TJ,251681303
TS,251362065,TJ,250936112
TS,138524436,TJ,138226092
TS,255734168,TJ,255297977
TS,252959632,TJ,252521277
TS,160284753,TJ,159992001
TS,160211145,TJ,159917949
TS,160655678,TJ,160329268
TS,160403964,TJ,160078169
TS,252764123,TJ,252304278
TS,254582899,TJ,254131050
TS,231433743,TJ,230972610
TS,252292751,TJ,251785694
TS,233165729,TJ,232750557
TS,139488868,TJ,139172767
TS,140807577,TJ,140495110
TS,233876383,TJ,233336781
TS,237170785,TJ,236429688
TS,142047007,TJ,141747406
TS,249155995,TJ,248724468
TS,255955592,TJ,255489491
TS,246225628,TJ,245799117
TS,233652528,TJ,233235791
TS,232786356,TJ,232371467
TS,141210104,TJ,140907950
TS,230359233,TJ,229925989
TS,140158194,TJ,139843979
TS,139636007,TJ,139346665
TS,163963055,TJ,163662496
TS,168161890,TJ,167860304
TS,232279315,TJ,231875475
TS,232506837,TJ,232095501
TS,249312319,TJ,248906835
TS,161411091,TJ,161102914
TS,163295642,TJ,163002551
TS,152899856,TJ,152600237
TS,151529034,TJ,151219255
TS,137617051,TJ,137319587
TS,159117569,TJ,158831563
TS,161478151,TJ,161188617
TS,139569406,TJ,139245559
TS,142183798,TJ,141865088
TS,235996493,TJ,235549630
TS,243730576,TJ,243318505
TS,141107884,TJ,140787849
TS,140991868,TJ,140702753
TS,139558111,TJ,139245624
TS,145063445,TJ,144769333
TS,162148970,TJ,161862318
TS,161853123,TJ,161540633
TS,236620225,TJ,236196900
TS,234211288,TJ,233794640
TS,141757577,TJ,141449823
TS,148308619,TJ,148006529
TS,164961538,TJ,164655342
TS,140772238,TJ,140439136
TS,168593148,TJ,168296237
TS,140772625,TJ,140459561
TS,163172411,TJ,162870161
TS,162000917,TJ,161674185
TS,162695918,TJ,162394462
TS,141845985,TJ,141513042
TS,167096975,TJ,166797868
TS,230099638,TJ,229703940
TS,249746115,TJ,249329537
TS,231964396,TJ,231553777
TS,254800266,TJ,254322406
TS,232688123,TJ,232281394
TS,139320591,TJ,139001433
TS,151492310,TJ,151174875
TS,160080319,TJ,159779827
TS,161350985,TJ,161036811
TS,140141544,TJ,139848368
TS,245539712,TJ,245127247
TS,160186678,TJ,159886811
TS,163999839,TJ,163684239
TS,162715334,TJ,162386462
TS,142084794,TJ,141767027
TS,255448709,TJ,255026309
TS,257912736,TJ,257490342
TS,142013017,TJ,141703124
TS,236414429,TJ,235673137
TS,153243992,TJ,152909027
TS,140949950,TJ,140658346
TS,146627314,TJ,146323357
TS,253324498,TJ,252918414
TS,163029177,TJ,162700188
TS,244435166,TJ,244027071
TS,235357904,TJ,234886936
TS,140633825,TJ,140333119
TS,159543267,TJ,159249050
TS,228941448,TJ,228490936
TS,148706941,TJ,148399306
TS,253522758,TJ,252994510
TS,140396785,TJ,140082012
TS,240398811,TJ,239624422
TS,262787889,TJ,262213059
TS,163789658,TJ,163464156
TS,146851669,TJ,146534242
TS,159389140,TJ,159050883
TS,252019619,TJ,251627574
TS,166122029,TJ,165825729
TS,160912763,TJ,160620626
TS,141028420,TJ,140737372
TS,148429981,TJ,148124342
TS,231442404,TJ,231018687
TS,146630013,TJ,146344009
TS,242241448,TJ,241806156
TS,254190906,TJ,253751355
TS,252327504,TJ,251906075
TS,159332691,TJ,159043239
TS,159803032,TJ,159515261
TS,234708321,TJ,234290013
TS,140060377,TJ,139763244
TS,161006905,TJ,160725932
TS,233722517,TJ,233289712
TS,230030576,TJ,229575075
TS,161345154,TJ,161032823
TS,140773970,TJ,140460824
TS,245334643,TJ,244886597
TS,155324752,TJ,155029167
TS,162701295,TJ,162410213
TS,255891621,TJ,255461006
TS,259324158,TJ,258864609
TS,187168145,TJ,186803314
TS,165435149,TJ,164775011
TS,320213225,TJ,319542966
TS,160691883,TJ,160335377
TS,160527394,TJ,160201288
TS,230839237,TJ,230411613
TS,161453704,TJ,161168629
TS,141049408,TJ,140756904
TS,251881063,TJ,251365457
TS,140795130,TJ,140491289
TS,142053564,TJ,141765423
TS,161875017,TJ,161560517
TS,138967163,TJ,138677672
TS,244311616,TJ,236764007
TS,165554628,TJ,165269653
TS,254092490,TJ,253662504
TS,159958681,TJ,159676700
TS,161343735,TJ,161055566
TS,228353262,TJ,227897084
TS,249677832,TJ,249265023
TS,162572057,TJ,162288663
TS,161316847,TJ,161026649
TS,250710587,TJ,250270032
TS,164995611,TJ,164713725
TS,148918286,TJ,148622741
TS,161814798,TJ,161470182
TS,249114453,TJ,248706507
TS,138794206,TJ,138502922
TS,139224569,TJ,138941224
TS,150146997,TJ,149862568
TS,255585461,TJ,255191794
TS,157565056,TJ,157276675
TS,159666634,TJ,159369754
TS,231402521,TJ,230993058
TS,139684107,TJ,139404563
TS,138344277,TJ,138067728
TS,159812031,TJ,159515575
TS,141030498,TJ,140749108
TS,233353872,TJ,232602834
TS,139667892,TJ,139379800
TS,255771820,TJ,255380303
TS,244337226,TJ,243944591
TS,161907306,TJ,161622711
TS,164923093,TJ,164626473
TS,236784420,TJ,236054808
TS,143465221,TJ,143175150
TS,142024652,TJ,141741998
TS,162439929,TJ,162140138
TS,161081088,TJ,160796047
TS,229928612,TJ,229498778
TS,166291370,TJ,165989985
TS,162728850,TJ,162431168
TS,262441190,TJ,262064888
TS,144374762,TJ,144085145
TS,144710306,TJ,144439973
TS,258314435,TJ,257924274
TS,240846343,TJ,240384151
TS,152094717,TJ,151804606
TS,231331939,TJ,230929618
TS,138043115,TJ,137750694
TS,256168360,TJ,255774650
TS,157445990,TJ,157145769
TS,157967155,TJ,157672772
TS,160665869,TJ,160379771
TS,252561340,TJ,252181398
TS,242204461,TJ,241813974
TS,141593618,TJ,141294426
TS,159145886,TJ,158865464
TS,160537633,TJ,160239036
TS,254145174,TJ,253751509
TS,139151513,TJ,138869948
TS,162027018,TJ,161735162
TS,248358741,TJ,247970686
TS,239576609,TJ,238827118
TS,151288757,TJ,151012130
TS,159502589,TJ,159208449
TS,253469820,TJ,252966645
TS,141922337,TJ,141632346
TS,236117747,TJ,235724598
TS,238953745,TJ,238252809
TS,157119480,TJ,156822255
TS,139364497,TJ,139067037
TS,167725153,TJ,167440578
TS,250938184,TJ,250507581
TS,233915267,TJ,233513264
TS,244535126,TJ,244088589
TS,169029541,TJ,168743636
TS,237223848,TJ,236458518
TS,160413388,TJ,160138748
TS,156121193,TJ,155837116
TS,161741025,TJ,161455601
TS,159613431,TJ,159329530
TS,141106763,TJ,140814096
TS,236367099,TJ,232944729
TS,161726369,TJ,161444525
TS,163687160,TJ,160526677
TS,137460248,TJ,137155339
TS,159696274,TJ,159360145
TS,251818405,TJ,251442768
TS,149886179,TJ,149575253
TS,252317761,TJ,251929945
TS,157434699,TJ,157154180
TS,160275928,TJ,159970048
TS,154065655,TJ,153768435
TS,160053836,TJ,159718975
TS,144174739,TJ,143849973
TS,159513760,TJ,159206052
TS,229793515,TJ,229387387
TS,163380546,TJ,163064001
TS,141146182,TJ,140810097
TS,164538318,TJ,164168683
TS,140060208,TJ,139791135
TS,169809167,TJ,169520767
TS,241977830,TJ,241600218
TS,251992632,TJ,251550574
TS,141219251,TJ,140928563
TS,157349504,TJ,157058103
TS,242744124,TJ,242333236
TS,160231992,TJ,159943516
TS,236332029,TJ,235941101
TS,253243972,TJ,252833447
TS,236382905,TJ,235627858
TS,234353302,TJ,233647026
TS,234440577,TJ,234047874
TS,138937711,TJ,138655632
TS,150853498,TJ,150581888
TS,241418772,TJ,240989734
TS,165843489,TJ,165537232
TS,160196072,TJ,159920693
TS,252048863,TJ,251643804
TS,162021086,TJ,161748496
TS,161626879,TJ,161315629
TS,165582291,TJ,165299269
TS,256713408,TJ,256303832
TS,140325335,TJ,140041936
TS,251567448,TJ,251187910
TS,142628074,TJ,142345888
TS,236751281,TJ,236032506
TS,159984910,TJ,159707511
TS,160070634,TJ,159794719
TS,255897211,TJ,255496245
TS,255192356,TJ,254754296
TS,252198408,TJ,251793409
TS,233042066,TJ,232627819
TS,162812811,TJ,162521415
TS,158627196,TJ,158352263
TS,163026025,TJ,162737449
TS,161429275,TJ,161127860
TS,149584450,TJ,149300524
TS,141301400,TJ,141014700
TS,252163315,TJ,251759426
TS,233726171,TJ,233317188
TS,159602988,TJ,159312264
TS,162850493,TJ,162564652
TS,163601229,TJ,163276749
TS,254352082,TJ,253933437
TS,152201471,TJ,151887856
TS,254467854,TJ,254028159
TS,244003050,TJ,243542171
TS,182867928,TJ,182552759
TS,142338989,TJ,141924819
TS,158716842,TJ,158379608
TS,234475734,TJ,234027583
TS,142317498,TJ,142019635
TS,239637993,TJ,238844201
TS,141514927,TJ,141196060
TS,165358724,TJ,165037413
TS,234060638,TJ,233650416
TS,149830819,TJ,149516064
TS,157271011,TJ,156953987
TS,243620028,TJ,243185386
TS,152427504,TJ,152107448
TS,153611457,TJ,153279824
TS,230274903,TJ,229862568
TS,159892302,TJ,159578883
TS,233062529,TJ,232652289
TS,159570531,TJ,159231998
TS,255383747,TJ,254950384
TS,161164282,TJ,160822234
TS,156828295,TJ,156520027
TS,162066910,TJ,161734788
TS,151093011,TJ,150779117
TS,159754877,TJ,159438473
TS,255726947,TJ,252723642
TS,228905152,TJ,228433548
TS,158320810,TJ,157974675
TS,251197233,TJ,250688975
TS,259894350,TJ,259394513
TS,158371358,TJ,158026025
TS,167309573,TJ,166926780
TS,165974097,TJ,165613514
TS,138549866,TJ,138211918
TS,251358579,TJ,250744665
TS,250413505,TJ,249946999
TS,160724847,TJ,160401682
TS,158265123,TJ,157953389
TS,163595789,TJ,163308776
TS,229884344,TJ,229379130
TS,139998504,TJ,139708008
TS,158028895,TJ,157734909
TS,242709253,TJ,242266295
TS,160757176,TJ,160464374
TS,229778842,TJ,229358744
TS,233605355,TJ,232857665
TS,164025800,TJ,163698098
TS,159851966,TJ,159552523
TS,151168933,TJ,150867430
TS,158931208,TJ,158627108
TS,136910884,TJ,136616127
TS,231665462,TJ,231264751
TS,155646578,TJ,155339769
TS,148725121,TJ,148423372
TS,158295714,TJ,157970821
TS,146823102,TJ,146531541
TS,154892119,TJ,154584760
TS,239019446,TJ,238547779
TS,230581377,TJ,230176915
TS,159489973,TJ,159175586
TS,253294528,TJ,252903202
TS,251889379,TJ,251438632
TS,159595914,TJ,159293572
TS,138086880,TJ,137786865
TS,161232986,TJ,160935535
TS,161295963,TJ,160982807
TS,252952995,TJ,252516323
TS,159855320,TJ,159534784
TS,229136700,TJ,228748434
TS,161458427,TJ,161160169
TS,161309720,TJ,161008934
TS,162141848,TJ,161850882
TS,160785524,TJ,160480628
TS,137762471,TJ,137442764
TS,164654350,TJ,164368855
TS,161749241,TJ,161443180
TS,137961715,TJ,137669707
TS,158617351,TJ,158318330
TS,231701480,TJ,231218964
TS,138913603,TJ,138622007
TS,160297659,TJ,160008120
TS,230510590,TJ,230110860
TS,136201230,TJ,135868386
TS,151817488,TJ,151512245
TS,142572502,TJ,142265122
TS,235013210,TJ,234285754
TS,158210834,TJ,157917381
TS,151554410,TJ,151251490
TS,148503394,TJ,148209129
TS,258124641,TJ,257636633
TS,140589224,TJ,140268985
TS,140911429,TJ,140599766
TS,158173052,TJ,157841282
TS,154795855,TJ,154472751
TS,250554284,TJ,250137075
TS,141177075,TJ,140890789
TS,251997367,TJ,251493274
TS,252753866,TJ,252325626
TS,161457611,TJ,161153284
TS,138249440,TJ,137962331
TS,144884681,TJ,144585050
TS,252132736,TJ,251696095
TS,151635084,TJ,151333463
TS,166569724,TJ,166257645
TS,140670123,TJ,140367296
TS,142781921,TJ,142461689
TS,159393141,TJ,159105776
TS,159861909,TJ,159574246
TS,138504009,TJ,138179782
TS,141538933,TJ,141255715
TS,162716639,TJ,162391832
TS,139697686,TJ,139374195
TS,158888795,TJ,158583694
TS,158890929,TJ,158595493
TS,159539004,TJ,159249753
TS,157808684,TJ,157508167
TS,157165303,TJ,156871237
TS,138762214,TJ,138424036
TS,240430012,TJ,240015803
TS,253569313,TJ,253154345
TS,161384480,TJ,161074971
TS,137373055,TJ,137044087
TS,151964061,TJ,151638048
TS,159657770,TJ,159340598
TS,248454708,TJ,244234878
TS,138129157,TJ,137784061
TS,159178369,TJ,158850826
TS,241778853,TJ,241348116
TS,138105370,TJ,137807800
TS,160262805,TJ,159972961
TS,153835769,TJ,153529132
TS,162519249,TJ,162224005
TS,139253033,TJ,138914358
TS,138974687,TJ,138670083
TS,163346036,TJ,163019762
TS,160472230,TJ,160178245
TS,163344703,TJ,163041822
TS,151694498,TJ,151360062
TS,142281371,TJ,141973302
TS,228862663,TJ,228385807
TS,157303599,TJ,157013474
TS,234262362,TJ,233856243
TS,140960551,TJ,140663444
TS,242532278,TJ,242135434
TS,150256484,TJ,149937913
TS,138859852,TJ,138555707
TS,153719996,TJ,153415795
TS,161527002,TJ,161237784
TS,161231842,TJ,160939419
TS,243839726,TJ,243387883
TS,233491134,TJ,233093722
TS,137861117,TJ,137556249
TS,234170893,TJ,233678312
TS,158640548,TJ,158329507
TS,139201959,TJ,138898557
TS,160258628,TJ,159954521
TS,161473237,TJ,161176902
TS,141013621,TJ,140709366
TS,235440391,TJ,234954907
TS,140650112,TJ,140350141
TS,161648787,TJ,161330747
TS,159901712,TJ,159596927
TS,162969851,TJ,162676765
TS,141957595,TJ,141634182
TS,252774820,TJ,252257975
TS,163359061,TJ,163063226
TS,162239527,TJ,161936216
TS,146583023,TJ,146254026
TS,160539021,TJ,160244665
TS,144179857,TJ,143832933
TS,144483159,TJ,144174675
TS,141542281,TJ,141211328
TS,160524375,TJ,160230153
TS,161810936,TJ,161513750
TS,245784911,TJ,245375660
TS,139533037,TJ,139233968
TS,160639728,TJ,160331147
TS,248544385,TJ,248151906
TS,164522936,TJ,164213189
TS,158810720,TJ,158505372
TS,141408303,TJ,141118884
TS,249693874,TJ,249306086
TS,157976674,TJ,157677713
TS,238600997,TJ,234678184
TS,252170264,TJ,251763323
TS,164097317,TJ,163762575
TS,228721652,TJ,228287579
TS,251894589,TJ,251450899
TS,157998181,TJ,157708609
TS,139489250,TJ,139182432
TS,146675040,TJ,146347746
TS,254823574,TJ,254403762
TS,153682703,TJ,153386290
TS,162868897,TJ,162532330
TS,258599313,TJ,258217596
TS,236650794,TJ,236188081
TS,256245194,TJ,255873172
TS,137738444,TJ,137445250
TS,160112823,TJ,159817367
TS,138259791,TJ,137961632
TS,159961573,TJ,159655066
TS,158389289,TJ,158080260
TS,161982736,TJ,161663972
TS,138956386,TJ,138662942
TS,246474367,TJ,246019876
TS,162902905,TJ,162585947
TS,196567790,TJ,196248669
TS,160464010,TJ,160084142
TS,161425840,TJ,161107134
TS,161832768,TJ,161508812
TS,138470639,TJ,138178345
TS,141587441,TJ,141268863
TS,140631572,TJ,140327886
TS,233594229,TJ,233107718
TS,142710029,TJ,142406155
TS,160831589,TJ,160548613
TS,162915949,TJ,162616234
TS,162238733,TJ,161940165
TS,160001337,TJ,159718046
TS,149984305,TJ,149672917
TS,269121377,TJ,264444728
TS,163297367,TJ,162974346
TS,234128439,TJ,233747368
TS,250676549,TJ,250269060
TS,160436348,TJ,160136161
TS,257854054,TJ,257471982
TS,142378789,TJ,142103632
TS,251438744,TJ,251041428
TS,234181051,TJ,233734004
TS,141560588,TJ,141255433
TS,158550315,TJ,158234222
TS,142541133,TJ,142213697
TS,144500808,TJ,144164470
TS,142465447,TJ,142128889
TS,163386226,TJ,163050572
TS,252967537,TJ,252542701
TS,258830557,TJ,258440366
TS,261930355,TJ,256129438
TS,238193303,TJ,237724302
TS,155597007,TJ,155288732
TS,160224372,TJ,159901953
TS,161815542,TJ,161499265
TS,158972622,TJ,158647998
TS,137722580,TJ,137391422
TS,142114256,TJ,141821575
TS,160898418,TJ,160604977
TS,163031683,TJ,162740768
TS,257240194,TJ,256857032
TS,140203866,TJ,139918816
TS,233040684,TJ,232630951
TS,159331197,TJ,159036038
TS,149275477,TJ,148984004
TS,157191298,TJ,156901785
TS,160254689,TJ,159968930
TS,252156002,TJ,251747791
TS,149760468,TJ,149458020
TS,234956633,TJ,234557022
TS,161270574,TJ,160979397
TS,139248580,TJ,138949421
TS,138930005,TJ,138625456
TS,156709460,TJ,156417137
TS,147794919,TJ,147506766
TS,139544167,TJ,139253785
TS,163983794,TJ,163688738
TS,141554492,TJ,141259722
TS,233230070,TJ,232832756
TS,142698518,TJ,142394506
TS,142186360,TJ,141857924
TS,143268154,TJ,142969771
TS,138641288,TJ,138338001
TS,150447440,TJ,150154343
TS,164219727,TJ,163933317
TS,250156012,TJ,249752382
TS,161549831,TJ,161224815
TS,138555083,TJ,138265985
TS,161471813,TJ,161157572
TS,161929119,TJ,161625842
TS,140317363,TJ,140035036
TS,234866902,TJ,234476378
TS,157446726,TJ,157157680
TS,157509051,TJ,157215403
TS,159526274,TJ,159232320
TS,255781879,TJ,255348743
TS,162049310,TJ,161748699
TS,161548455,TJ,161236339
TS,159137188,TJ,158836442
TS,141505321,TJ,141208598
TS,160791877,TJ,160467166
TS,159499230,TJ,159210771
TS,161950515,TJ,161647079
TS,142947274,TJ,142653309
TS,139952997,TJ,139657662
TS,141008862,TJ,140718863
TS,231436750,TJ,231061398
TS,162339142,TJ,162036890
TS,159454036,TJ,159164135
TS,138505318,TJ,138218709
TS,159753442,TJ,159453399
TS,160097250,TJ,159149250
TS,236288458,TJ,235521536
TS,152622405,TJ,152307470
TS,154752352,TJ,154424776
TS,141536066,TJ,141199004
TS,234040152,TJ,233649722
TS,253799034,TJ,253382353
TS,140233606,TJ,139935450
TS,141710656,TJ,141432363
TS,253481814,TJ,253069798
TS,258535517,TJ,258135085
TS,153154427,TJ,152835989
TS,235865265,TJ,235397217
TS,239465604,TJ,238745076
TS,138791759,TJ,138503796
TS,163908347,TJ,163614730
TS,141065292,TJ,140771176
TS,162702313,TJ,162407287
TS,167498789,TJ,167187596
TS,141058070,TJ,140760230
TS,162007636,TJ,161718806
TS,161030203,TJ,160708823
TS,141572985,TJ,141262024
TS,163041737,TJ,162729720
TS,252502922,TJ,252065198
TS,142577875,TJ,142288449
TS,146418839,TJ,146127365
TS,139093883,TJ,138798390
TS,161238971,TJ,160936695
TS,161852594,TJ,161533752
TS,158776524,TJ,158491063
TS,139365614,TJ,139053527
TS,156265688,TJ,152701719
TS,138159767,TJ,137873102
TS,143745772,TJ,143457621
TS,235665643,TJ,234961113
TS,150539943,TJ,150251030
TS,256059383,TJ,255685478
TS,158292386,TJ,158004385
TS,141159077,TJ,140852488
TS,159054016,TJ,158736202
TS,254139662,TJ,253730656
TS,157708898,TJ,157410057
TS,257615393,TJ,257184876
TS,151753017,TJ,151437060
TS,250811928,TJ,250409624
TS,161198147,TJ,160903074
TS,160219452,TJ,159928632
TS,240306666,TJ,239926341
TS,137926070,TJ,137641933
TS,234703709,TJ,234313731
TS,158774152,TJ,158483576
TS,139207984,TJ,138900840
TS,161619880,TJ,161325828
TS,139241217,TJ,138931128
TS,138273635,TJ,137980388
TS,158061227,TJ,157769580
TS,158975651,TJ,158681481
TS,139235721,TJ,138936421
TS,137679139,TJ,137379724
TS,139124961,TJ,138818281
TS,138334154,TJ,138033545
TS,164111166,TJ,163819172
TS,230800931,TJ,230389894
TS,258768181,TJ,258346048
TS,161301834,TJ,161001815
TS,163131447,TJ,162815424
TS,252334055,TJ,251942655
TS,151787359,TJ,151484676
TS,233795932,TJ,233394781
TS,234162465,TJ,233760771
TS,254239017,TJ,253816106
TS,252672766,TJ,252280812
TS,238143771,TJ,234357857
TS,254523689,TJ,254146363
TS,250663533,TJ,250107360
TS,148853421,TJ,148569642
TS,140818079,TJ,140514892
TS,252314380,TJ,251943489
TS,159013772,TJ,158702721
TS,143595444,TJ,143299273
TS,233010111,TJ,232627591
TS,252342458,TJ,251949421
TS,232654087,TJ,232278300
TS,160051816,TJ,159726133
TS,253233542,TJ,252792626
TS,250187564,TJ,249729980
TS,251739500,TJ,251352485
TS,140789225,TJ,140491097
TS,162748233,TJ,162461213
TS,164149387,TJ,163827993
TS,143174570,TJ,142880343
TS,151562868,TJ,151238708
TS,233059590,TJ,232653996
TS,251555007,TJ,251147905
TS,160043014,TJ,159754901
TS,162071049,TJ,161763197
TS,141171131,TJ,140850416
TS,160541554,TJ,160241691
TS,231566639,TJ,231040578
TS,143827782,TJ,143530560
TS,237799307,TJ,237396892
TS,143106485,TJ,142814582
TS,253126492,TJ,252739427
TS,158176377,TJ,157867510
TS,139301669,TJ,139010920
TS,140315377,TJ,139998181
TS,159425646,TJ,159104747
TS,163476764,TJ,163196136
TS,231503882,TJ,231096011
TS,154006601,TJ,153708977
TS,250959684,TJ,250529664
TS,159274717,TJ,158989888
TS,137883358,TJ,137545826
TS,157461393,TJ,157164090
TS,159450369,TJ,159163557
TS,516965869,TJ,516561709
TS,244555490,TJ,244147180
TS,233876356,TJ,233483093
TS,159304092,TJ,159005593
TS,164450520,TJ,164135633
TS,158530826,TJ,158231752
TS,141156860,TJ,140855776
TS,149485141,TJ,149194916
TS,141058622,TJ,140755405
TS,253311588,TJ,252930470
TS,156893046,TJ,156605018
TS,251053767,TJ,250564740
TS,138595253,TJ,138306141
TS,139458079,TJ,139131918
TS,150199412,TJ,149906147
TS,141615782,TJ,141312411
TS,140819952,TJ,140512822
TS,140074203,TJ,139773848
TS,248441449,TJ,248037599
TS,158592900,TJ,158298257
TS,148937652,TJ,148647310
TS,139905403,TJ,139610580
TS,152755589,TJ,152465603
TS,165765104,TJ,165432164
TS,250369919,TJ,249990330
TS,158422215,TJ,158121513
TS,150826201,TJ,150533294
TS,241148273,TJ,240728622
TS,148958860,TJ,148665367
TS,147262551,TJ,146976916
TS,240891569,TJ,240455722
TS,140786450,TJ,140482235
TS,254779895,TJ,254384186
TS,153919387,TJ,153616889
TS,152474589,TJ,152184167
TS,234196810,TJ,233803425
TS,160690395,TJ,160388921
TS,251006908,TJ,250620720
TS,247235621,TJ,246853462
TS,142211006,TJ,141907872
TS,156669246,TJ,156383563
TS,148442956,TJ,148144136
TS,162525049,TJ,162237943
TS,139220255,TJ,138907435
TS,139343927,TJ,139030437
TS,232484133,TJ,232108169
TS,158779040,TJ,158490384
TS,161975415,TJ,161681085
TS,140397917,TJ,140104803
TS,251551080,TJ,251141147
TS,237039601,TJ,236322104
TS,163351643,TJ,163043128
TS,137733621,TJ,137444362
TS,159108522,TJ,158822497
TS,232997500,TJ,232612191
TS,250370609,TJ,249954636
TS,157629079,TJ,157323773
TS,232009108,TJ,231275780
TS,243583176,TJ,243194775
TS,167572212,TJ,167259964
TS,160848768,TJ,160546287
TS,140086890,TJ,139795540
TS,243359978,TJ,242967071
TS,157215131,TJ,156909643
TS,158436575,TJ,158132965
TS,159847818,TJ,159555643
TS,236798739,TJ,236401915
TS,241786339,TJ,241392413
TS,252144279,TJ,251718541
TS,141402668,TJ,141102206
TS,232947166,TJ,232236645
TS,160397436,TJ,160093579
TS,159288297,TJ,158995833
TS,250221976,TJ,249774153
TS,160831042,TJ,160528370
TS,162673059,TJ,162378793
TS,159754102,TJ,159460758
TS,161518689,TJ,161224745
TS,158309879,TJ,157989843
TS,286137595,TJ,284113189
TS,161967970,TJ,161649178
TS,140064564,TJ,139700089
TS,254347007,TJ,253864992
TS,251644548,TJ,251209961
TS,140401875,TJ,140075550
TS,157740761,TJ,157439072
TS,248957249,TJ,248588865
TS,141890363,TJ,141595906
TS,256490696,TJ,256114711
TS,153080831,TJ,152789111
TS,251235408,TJ,250851073
TS,159667383,TJ,159391389
TS,230843868,TJ,230425798
TS,162010845,TJ,161717637
TS,140622825,TJ,140333588
TS,249995367,TJ,249578962
TS,140019073,TJ,139735085
TS,161469076,TJ,161176364
TS,241335564,TJ,240916160
TS,250091282,TJ,249723655
TS,139821848,TJ,139537634
TS,159089699,TJ,158780558
TS,158239484,TJ,157968314
TS,157381960,TJ,157092812
TS,230935184,TJ,230553402
TS,250206538,TJ,249835947
TS,140236508,TJ,139952707
TS,140685146,TJ,140402415
TS,242378851,TJ,241938599
TS,140989302,TJ,140698381
TS,138363486,TJ,138082481
TS,158423600,TJ,158124523
TS,158569306,TJ,158280878
TS,157329050,TJ,157020085
TS,139711540,TJ,139430543
TS,232019006,TJ,231650110
TS,160184116,TJ,159893774
TS,140262750,TJ,139978526
TS,163697959,TJ,163388040
TS,151252297,TJ,150950210
TS,162381266,TJ,162089870
TS,158722095,TJ,158439646
TS,138605413,TJ,138327247
TS,140538382,TJ,140242056
TS,159079177,TJ,158780143
TS,230775564,TJ,230359433
TS,140056942,TJ,139778535
TS,157700159,TJ,157401763
TS,139197798,TJ,138898562
TS,249969192,TJ,249576081
TS,161094669,TJ,160817026
TS,228955903,TJ,228580454
TS,247836280,TJ,247419030
TS,137986425,TJ,137690972
TS,235884408,TJ,235185040
TS,160291626,TJ,159956825
TS,160359040,TJ,160067567
TS,162380737,TJ,162093539
TS,149953140,TJ,149637968
TS,243377782,TJ,242969398
TS,159124685,TJ,158813641
TS,157821100,TJ,157508577
TS,259149463,TJ,258770784
TS,250539426,TJ,250161963
TS,231572665,TJ,231199348
TS,137567559,TJ,137270012
TS,157152605,TJ,156864399
TS,161491777,TJ,161201498
TS,140998663,TJ,140706907
TS,150727907,TJ,150438731
TS,249918264,TJ,249526576
TS,153275067,TJ,152976912
TS,159618006,TJ,159311169
TS,159492559,TJ,159202039
TS,155645181,TJ,155350968
TS,161249807,TJ,160942490
TS,157674549,TJ,157379714
TS,256085703,TJ,255692950
TS,137243527,TJ,136916222
TS,255352633,TJ,254951116
TS,162492290,TJ,162185091
TS,160526074,TJ,160245310
TS,145652731,TJ,145376372
TS,147379044,TJ,147080441
TS,159612874,TJ,159321134
TS,232165453,TJ,231781232
TS,138869302,TJ,138546396
TS,141135177,TJ,140838571
TS,161328377,TJ,161036361
TS,160856002,TJ,160570775
TS,149238132,TJ,148933784
TS,238577388,TJ,238197323
TS,241062017,TJ,240676643
TS,162561658,TJ,162266263
TS,241631060,TJ,237151486
TS,161010960,TJ,160709819
TS,161038109,TJ,160739022
TS,160679991,TJ,160399818
TS,157587713,TJ,157292553
TS,235753477,TJ,235035785
TS,136434798,TJ,136147289
TS,158362499,TJ,158073558
TS,249017719,TJ,248644071
TS,164300730,TJ,164007077
TS,235128975,TJ,234740339
TS,139905199,TJ,139591615
TS,142768261,TJ,142448268
TS,158274970,TJ,157987473
TS,143851372,TJ,143521712
TS,229636060,TJ,229247997
TS,253515889,TJ,253115670
TS,138936233,TJ,138650004
TS,143148089,TJ,142864432
TS,140821981,TJ,140532060
TS,164366982,TJ,164062269
TS,160084006,TJ,159799560
TS,230437711,TJ,230071740
TS,251326755,TJ,250965629
TS,233785893,TJ,233392882
TS,138773746,TJ,138494090
TS,138107218,TJ,137808211
TS,138670122,TJ,138383938
TS,252540480,TJ,252045224
TS,158494368,TJ,158195316
TS,233867191,TJ,233163158
TS,231515844,TJ,231065887
TS,232820939,TJ,232448267
TS,140257810,TJ,139972512
TS,250868227,TJ,250450768
TS,150822069,TJ,150550847
TS,143689181,TJ,143403987
TS,243828702,TJ,243447831
TS,138087969,TJ,137808456
TS,159034518,TJ,158742126
TS,231246639,TJ,230860510
TS,158478947,TJ,158188014
TS,138752629,TJ,138453643
TS,257124601,TJ,256703674
TS,161772856,TJ,161479646
TS,138414353,TJ,138128367
TS,232784322,TJ,232388671
TS,141143191,TJ,140860864
TS,137264541,TJ,136964683
TS,253945862,TJ,253487707
TS,229737075,TJ,229316866
TS,136986917,TJ,136679609
TS,242087815,TJ,241660290
TS,138360459,TJ,138070436
TS,161581881,TJ,161276868
TS,253893101,TJ,253344699
TS,158444497,TJ,158155966
TS,237307989,TJ,236592892
TS,159119930,TJ,158822237
TS,150961939,TJ,150647136
TS,243736589,TJ,243347115
TS,152402497,TJ,152107417
TS,160733703,TJ,160437510
TS,152658367,TJ,152360543
TS,161884410,TJ,161597006
TS,159286217,TJ,158998405
TS,139319965,TJ,139031462
TS,252770117,TJ,252368108
TS,140301014,TJ,140009227
TS,139979322,TJ,139700275
TS,231903009,TJ,231494452
TS,154842229,TJ,154559059
TS,234549345,TJ,234154169
TS,232803359,TJ,232392426
TS,155030745,TJ,154731012
TS,248275217,TJ,247848511
TS,251596887,TJ,251204770
TS,163950012,TJ,163668041
TS,159820510,TJ,159546294
TS,149865087,TJ,149589936
TS,138953620,TJ,138661913
TS,165520473,TJ,165220478
TS,162964784,TJ,162628135
TS,140404804,TJ,140131421
TS,236417132,TJ,235731325
TS,159428309,TJ,159140222
TS,139542865,TJ,139259748
TS,161150391,TJ,160873866
TS,229980844,TJ,229537131
TS,161553811,TJ,161257203
TS,158976174,TJ,158617397
TS,241967082,TJ,241575592
TS,162146774,TJ,161853905
TS,247505880,TJ,247132460
TS,159097332,TJ,158819564
TS,255487600,TJ,255056181
TS,139772534,TJ,139487479
TS,138501745,TJ,138213053
TS,161365708,TJ,161093146
TS,230555429,TJ,230169962
TS,164491232,TJ,164204618
TS,149789473,TJ,149494295
TS,140029158,TJ,139727789
TS,162059315,TJ,161745937
TS,249548606,TJ,249161792
TS,153467120,TJ,153143347
TS,251599166,TJ,251234528
TS,157953275,TJ,157657671
TS,252650202,TJ,252237761
TS,163938965,TJ,163616135
TS,252185586,TJ,251776499
TS,252396251,TJ,252037209
TS,160804563,TJ,160519941
TS,159988018,TJ,159687574
TS,157841754,TJ,157559874
TS,157372876,TJ,157088032
TS,250281317,TJ,249914306
TS,161964106,TJ,161673159
TS,162213300,TJ,161943536
TS,160603657,TJ,160302834
TS,140647771,TJ,140362333
TS,160307119,TJ,160029873
TS,159228026,TJ,158926512
TS,160665048,TJ,160352615
TS,164507155,TJ,160543148
TS,138054355,TJ,137733463
TS,242532461,TJ,242132423
TS,161583654,TJ,161291860
TS,139674526,TJ,139395072
TS,160115665,TJ,159815633
TS,139800453,TJ,139503299
TS,250270195,TJ,249907281
TS,143502471,TJ,143220547
TS,159592742,TJ,159308633
TS,140689899,TJ,140376979
TS,139506073,TJ,139196507
TS,139197131,TJ,138916027
TS,137382899,TJ,137087522
TS,244671844,TJ,244307485
TS,139978117,TJ,139699036
TS,160709333,TJ,160409967
TS,161506708,TJ,161200732
TS,165330055,TJ,165051267
TS,243350250,TJ,242967362
TS,254686133,TJ,254324174
TS,167864171,TJ,167563625
TS,143629993,TJ,143351276
TS,154126338,TJ,153817523
TS,235594752,TJ,235219890
TS,161859839,TJ,161572592
TS,162585785,TJ,162289874
TS,156015207,TJ,155722234
TS,254650197,TJ,254244630
TS,164218674,TJ,163937850
TS,152879927,TJ,152572313
TS,139260574,TJ,138967153
TS,253756044,TJ,253364054
TS,140072116,TJ,139795082
TS,164929996,TJ,164631917
TS,159573376,TJ,159282685
TS,142549508,TJ,142276999
TS,161520584,TJ,161240895
TS,251428717,TJ,251055376
TS,139552374,TJ,139241355
TS,162075437,TJ,161796706
TS,163805631,TJ,163528073
TS,158224858,TJ,157938877
TS,250551909,TJ,250163374
TS,139908411,TJ,139628587
TS,157305621,TJ,157022786
TS,139701316,TJ,139405756
TS,256793533,TJ,256397474
TS,161046528,TJ,160737302
TS,230387196,TJ,230013731
TS,162856841,TJ,162568666
TS,159131091,TJ,158860811
TS,139005967,TJ,138722190
TS,140079690,TJ,139753446
TS,160766905,TJ,160487662
TS,159676308,TJ,159396390
TS,232610162,TJ,232181618
TS,161538273,TJ,161256786
TS,140781074,TJ,140490364
TS,144715180,TJ,144389570
TS,231759655,TJ,231374074
TS,153019938,TJ,152724433
TS,138645217,TJ,138353465
TS,162175279,TJ,161888827
TS,250985434,TJ,250603282
TS,242004592,TJ,241565312
TS,230384542,TJ,230014951
TS,159420371,TJ,159146273
TS,161355657,TJ,161073475
TS,243325130,TJ,242891330
TS,162378779,TJ,162090078
TS,138992215,TJ,138702346
TS,138244402,TJ,137968533
TS,159493807,TJ,159187268
TS,243453883,TJ,242997135
TS,159810115,TJ,159534649
TS,231645026,TJ,231234864
TS,141195837,TJ,140902473
TS,232144671,TJ,231758211
TS,256220273,TJ,255849226
TS,159800541,TJ,159466835
TS,162360294,TJ,162082511
TS,161717588,TJ,161429638
TS,256229760,TJ,255850191
TS,253831399,TJ,253467140
TS,251897229,TJ,251490273
TS,143898941,TJ,143588093
TS,143675886,TJ,143402078
TS,153658082,TJ,153368835
TS,160513540,TJ,160220060
TS,246602538,TJ,246163850
TS,140337512,TJ,140058283
TS,243161392,TJ,242478267
TS,144619731,TJ,144317646
TS,158772949,TJ,158487676
TS,158924996,TJ,158646662
TS,156963329,TJ,156670542
TS,253142586,TJ,252770588
TS,138671566,TJ,138384167
TS,141925656,TJ,141638946
TS,138505897,TJ,138195128
TS,252906053,TJ,252522749
TS,159800700,TJ,159510532
TS,142956353,TJ,142626202
TS,159775547,TJ,159490315
TS,252003502,TJ,251520576
TS,164119933,TJ,163839422
TS,149128939,TJ,148837128
TS,230533762,TJ,230083306
TS,236342240,TJ,235893320
TS,256357273,TJ,255969487
TS,142486828,TJ,142190807
TS,141889722,TJ,141589701
TS,232475250,TJ,232071925
TS,152988070,TJ,152657973
TS,233682683,TJ,233290755
TS,161103806,TJ,160804363
TS,232968163,TJ,232585862
TS,161439101,TJ,161141291
TS,252098323,TJ,251612188
TS,236769075,TJ,236391589
TS,141852738,TJ,141563089
TS,232586818,TJ,232180521
TS,159993118,TJ,159708587
TS,251307307,TJ,250912530
TS,139526152,TJ,139237207
TS,139324870,TJ,139035089
TS,252207191,TJ,251716196
TS,140816450,TJ,140535016
TS,254986150,TJ,254614448
TS,229120241,TJ,228748509
TS,249995008,TJ,249617890
TS,156823603,TJ,156542193
TS,160192351,TJ,159909192
TS,250178755,TJ,249769782
TS,159894225,TJ,159610959
TS,138935767,TJ,138647712
TS,137470264,TJ,137197073
TS,150807688,TJ,150517146
TS,257071690,TJ,256652760
TS,141047076,TJ,140760964
TS,229955393,TJ,229578153
TS,248339488,TJ,247953877
TS,136226429,TJ,135936518
TS,149260802,TJ,148981874
TS,157011652,TJ,156699636
TS,253373596,TJ,252947190
TS,248009774,TJ,247576615
TS,162015926,TJ,161724103
TS,161899743,TJ,161609209
TS,161603191,TJ,161316418
TS,258146409,TJ,257746469
TS,139415498,TJ,139078062
TS,161196932,TJ,160869054
TS,140936224,TJ,140632797
TS,160368810,TJ,160054927
TS,158878928,TJ,158605653
TS,253354433,TJ,252982792
TS,166064602,TJ,162787447
TS,257928742,TJ,257562389
TS,141055661,TJ,140770134
TS,251231793,TJ,250872062
TS,161344811,TJ,161029231
TS,160471092,TJ,160181508
TS,140033449,TJ,139745465
TS,255428625,TJ,255050935
TS,157673307,TJ,157391254
TS,261869715,TJ,261442570
TS,259727371,TJ,257286388
TS,162165952,TJ,161853509
TS,164067956,TJ,163759362
TS,247497853,TJ,247065515
TS,140344909,TJ,140063649
TS,158937075,TJ,158655620
TS,254002605,TJ,253629518
TS,140079593,TJ,139804209
TS,237864043,TJ,237172754
TS,251763629,TJ,251385943
TS,250829693,TJ,250362599
TS,159851084,TJ,159569976
TS,138944411,TJ,138656141
TS,234029200,TJ,233564261
TS,163406364,TJ,163117455
TS,229167460,TJ,228801897
TS,144631505,TJ,144355912
TS,237863915,TJ,237151669
TS,246481641,TJ,246065038
TS,254285367,TJ,253751578
TS,252088395,TJ,251658795
TS,161368717,TJ,161080865
TS,234005909,TJ,233639758
TS,140831415,TJ,140534408
TS,141103539,TJ,140797385
TS,140902479,TJ,140617703
TS,231583846,TJ,231233000
TS,238433001,TJ,237736528
TS,151866316,TJ,151542421
TS,257582844,TJ,254220542
TS,158767930,TJ,158463932
TS,162955643,TJ,162676423
TS,253977523,TJ,253568558
TS,232968716,TJ,232590655
TS,164773843,TJ,164480917
TS,141994128,TJ,141709307
TS,143138675,TJ,142858766
TS,164712140,TJ,164418791
TS,139287454,TJ,138998250
TS,233103269,TJ,232739884
TS,161976933,TJ,161649625
TS,236148930,TJ,235423050
TS,233927644,TJ,233512543
TS,245165351,TJ,244724236
TS,165371099,TJ,165092964
TS,235552849,TJ,234859764
TS,254314092,TJ,253910287
TS,161892036,TJ,161594544
TS,144461155,TJ,144140678
TS,161804246,TJ,161520196
TS,246180654,TJ,245791571
TS,144402545,TJ,144116262
TS,256846847,TJ,256434164
TS,160467061,TJ,160132667
TS,258716165,TJ,258326758
TS,163676169,TJ,163395309
TS,231874902,TJ,231499716
TS,254599226,TJ,254129216
TS,162380299,TJ,162096518
TS,160221696,TJ,159901297
TS,153201871,TJ,152913838
TS,150239341,TJ,149965363
TS,254081650,TJ,253679807
TS,165367742,TJ,165081200
TS,145611044,TJ,145305427
TS,252922644,TJ,252528080
TS,159766738,TJ,159485883
TS,152809093,TJ,152523821
TS,257104809,TJ,256680333
TS,162858421,TJ,162588571
TS,140628515,TJ,140343564
TS,256410637,TJ,255982781
TS,235228693,TJ,233711462
TS,161060935,TJ,160760554
TS,257530593,TJ,257125549
TS,139863884,TJ,139561819
TS,250279241,TJ,249933950
TS,248570852,TJ,248177262
TS,162384899,TJ,162084772
TS,164804026,TJ,164499239
TS,160662344,TJ,160374006
TS,257558951,TJ,257132884
TS,167922744,TJ,167608079
TS,163966060,TJ,163664429
TS,157980058,TJ,157697918
TS,142330150,TJ,142043050
TS,159214891,TJ,158931885
TS,141624565,TJ,141330588
TS,253046697,TJ,252669591
TS,161298551,TJ,161015176
TS,257645091,TJ,257276467
TS,159157829,TJ,158888741
TS,158933383,TJ,158640512
TS,160042194,TJ,159748867
TS,163735080,TJ,163415281
TS,158823423,TJ,158521458
TS,168979258,TJ,168670937
TS,153819734,TJ,153502169
TS,161302223,TJ,160954114
TS,249924903,TJ,249557179
TS,168007796,TJ,167720542
TS,143065453,TJ,142742511
TS,163245877,TJ,162952077
TS,144579513,TJ,144282064
TS,162284525,TJ,162000428
TS,148883782,TJ,148601160
TS,249430678,TJ,249076729
TS,254808454,TJ,254445016
TS,163345761,TJ,163068920
TS,230924336,TJ,230554632
TS,236611373,TJ,236226367
TS,235506475,TJ,235076099
TS,161196738,TJ,160892349
TS,158626128,TJ,158347772
TS,231438280,TJ,231062184
TS,236532419,TJ,235821451
TS,138955861,TJ,138661971
TS,139440041,TJ,139143097
TS,160391652,TJ,160071456
TS,250858974,TJ,250466809
TS,257892178,TJ,257521109
TS,244342717,TJ,243915024
TS,161881370,TJ,161593798
TS,151632609,TJ,151341505
TS,163534402,TJ,163172069
TS,165981131,TJ,165649737
TS,139611305,TJ,139328374
TS,149173955,TJ,148895434
TS,159868413,TJ,159593651
TS,158969406,TJ,158699524
TS,161002366,TJ,160721178
TS,140416853,TJ,140089665
TS,231992381,TJ,231518900
TS,161100353,TJ,160823876
TS,160924862,TJ,160623903
TS,254383002,TJ,254012928
TS,142169129,TJ,141866821
TS,139004628,TJ,138696337
TS,236662222,TJ,236288372
TS,148440841,TJ,148173965
TS,151958316,TJ,151684295
TS,255711027,TJ,255321857
TS,161685992,TJ,161386107
TS,158801830,TJ,158484506
TS,230998965,TJ,230589713
TS,244343996,TJ,243933787
TS,232457818,TJ,232008267
TS,138477139,TJ,138162225
TS,252250263,TJ,251860412
TS,164918338,TJ,164584324
TS,158261246,TJ,157987819
TS,260389246,TJ,259995959
TS,146932034,TJ,146598231
TS,158850189,TJ,158527635
TS,230734196,TJ,230359716
TS,161389716,TJ,161119037
TS,138560372,TJ,138286392
TS,158890127,TJ,158613688
TS,255074839,TJ,254683431
TS,165986874,TJ,165702975
TS,160731799,TJ,160463530
TS,159691471,TJ,159419106
TS,153574787,TJ,153281044
TS,233255628,TJ,232877191
TS,151619594,TJ,151332788
TS,237775986,TJ,237093259
TS,253052158,TJ,252609312
TS,252175771,TJ,251805730
TS,235493980,TJ,235109293
TS,152167475,TJ,151889117
TS,337279709,TJ,336974940
TS,144712139,TJ,144433086
TS,233218426,TJ,232822970
TS,234055129,TJ,233650983
TS,158468942,TJ,158143777
TS,160725664,TJ,160423404
TS,233669130,TJ,233306780
TS,255564454,TJ,255205537
TS,164343518,TJ,164065659
TS,157841578,TJ,157555863
TS,140913522,TJ,140627857
TS,235148261,TJ,234397699
TS,161018969,TJ,160737627
TS,255840809,TJ,255347051
TS,230060041,TJ,229699160
TS,167553738,TJ,167267126
TS,141674018,TJ,141370260
TS,160558498,TJ,160277766
TS,160085961,TJ,159813687
TS,253599322,TJ,253215184
TS,231577687,TJ,231217177
TS,149924443,TJ,149651550
TS,252918978,TJ,251962587
TS,254901080,TJ,251945913
TS,144617291,TJ,144341404
TS,278098397,TJ,277739392
TS,159606315,TJ,159331916
TS,232802223,TJ,232435377
TS,162172726,TJ,161884212
TS,140267571,TJ,139958428
TS,152679441,TJ,152364818
TS,164527819,TJ,164274101
TS,236455121,TJ,236086158
TS,159483307,TJ,159190954
TS,243733203,TJ,243370403
TS,242002041,TJ,241581302
TS,252991625,TJ,252617694
TS,163680529,TJ,163399969
TS,255798729,TJ,255410658
TS,250139208,TJ,249746491
TS,228204340,TJ,227795803
TS,163215974,TJ,162932675
TS,142145438,TJ,141871495
TS,236988952,TJ,236307808
TS,139332601,TJ,139059221
TS,151914798,TJ,151642210
TS,251992615,TJ,251622041
TS,152488418,TJ,152214761
TS,231427539,TJ,231067460
TS,161525499,TJ,161251039
TS,255033422,TJ,254641390
TS,142744352,TJ,142441751
TS,231950320,TJ,231576460
TS,168328608,TJ,168037117
TS,162116827,TJ,161841590
TS,230877881,TJ,230497425
TS,141822728,TJ,141548737
TS,148928506,TJ,148664261
TS,238040754,TJ,237383744
TS,231209399,TJ,230812249
TS,252671717,TJ,252324211
TS,140161147,TJ,139894579
TS,160960837,TJ,160642558
TS,151387553,TJ,151111145
TS,159376402,TJ,159112409
TS,159221671,TJ,158946854
TS,160634630,TJ,160365875
TS,231157219,TJ,230763198
TS,159499101,TJ,159227685
TS,255747311,TJ,255370106
TS,139183994,TJ,138912383
TS,158404879,TJ,158142852
TS,255958373,TJ,255578731
TS,151683776,TJ,151423278
TS,152534799,TJ,152260310
TS,230962123,TJ,230525328
TS,140435919,TJ,140165912
TS,254948797,TJ,254581267
TS,249987933,TJ,249624413
TS,252305079,TJ,251933482
TS,249055694,TJ,248702962
TS,160418649,TJ,160167809
TS,162901213,TJ,162632647
TS,159910597,TJ,159612650
TS,242655024,TJ,242273255
TS,159951285,TJ,159669021
TS,256944092,TJ,256590222
TS,232475780,TJ,232120873
TS,236572792,TJ,235918541
TS,143631384,TJ,143345748
TS,252006887,TJ,251633419
TS,255182620,TJ,254799593
TS,161830404,TJ,161565753
TS,152237078,TJ,151959813
TS,162388457,TJ,162113263
TS,233304723,TJ,232942523
TS,139283400,TJ,139019861
TS,241723273,TJ,241350764
TS,256517895,TJ,256104962
TS,252207155,TJ,251815198
TS,140596895,TJ,140334808
TS,258326260,TJ,257964435
TS,252194620,TJ,251766932
TS,254055200,TJ,253651793
TS,234496748,TJ,234130082
TS,143020112,TJ,142742219
TS,161254466,TJ,160990600
TS,241468808,TJ,241021326
TS,159091138,TJ,158773963
TS,250302218,TJ,249910125
TS,166662220,TJ,166374833
TS,162185055,TJ,161902043
TS,141202279,TJ,140881528
TS,142051467,TJ,141771193
TS,152729336,TJ,152441633
TS,238348263,TJ,237622302
TS,153111918,TJ,152819633
TS,138995209,TJ,138693424
TS,231792771,TJ,231441187
TS,140996428,TJ,140726577
TS,161352299,TJ,161062493
TS,234626471,TJ,233930768
